<?xml version="1.0" encoding="UTF-8" ?>
<testsuite tests="5" failures="0" name="com.americanbanksystems.wiki.dao.UserRoleDaoTestCase" time="2.545" errors="5" skipped="0">
  <properties>
    <property name="java.runtime.name" value="Java(TM) SE Runtime Environment"/>
    <property name="sun.boot.library.path" value="C:\Program Files (x86)\Java\jdk1.8.0_20\jre\bin"/>
    <property name="java.vm.version" value="25.20-b23"/>
    <property name="java.vm.vendor" value="Oracle Corporation"/>
    <property name="java.vendor.url" value="http://java.oracle.com/"/>
    <property name="path.separator" value=";"/>
    <property name="guice.disable.misplaced.annotation.check" value="true"/>
    <property name="java.vm.name" value="Java HotSpot(TM) Client VM"/>
    <property name="file.encoding.pkg" value="sun.io"/>
    <property name="user.script" value=""/>
    <property name="user.country" value="US"/>
    <property name="sun.java.launcher" value="SUN_STANDARD"/>
    <property name="sun.os.patch.level" value=""/>
    <property name="java.vm.specification.name" value="Java Virtual Machine Specification"/>
    <property name="user.dir" value="C:\Users\Boris\Documents\workspace-sts_x86\wikiABS"/>
    <property name="java.runtime.version" value="1.8.0_20-b26"/>
    <property name="java.awt.graphicsenv" value="sun.awt.Win32GraphicsEnvironment"/>
    <property name="java.endorsed.dirs" value="C:\Program Files (x86)\Java\jdk1.8.0_20\jre\lib\endorsed"/>
    <property name="os.arch" value="x86"/>
    <property name="java.io.tmpdir" value="C:\Users\Boris\AppData\Local\Temp\"/>
    <property name="line.separator" value="
"/>
    <property name="java.vm.specification.vendor" value="Oracle Corporation"/>
    <property name="user.variant" value=""/>
    <property name="os.name" value="Windows 8.1"/>
    <property name="classworlds.conf" value="C:\Users\Boris\Documents\workspace-sts_x86\.metadata\.plugins\org.eclipse.m2e.launching\launches\m2conf8326712511140375694.tmp"/>
    <property name="sun.jnu.encoding" value="Cp1252"/>
    <property name="java.library.path" value="C:\Program Files (x86)\Java\jdk1.8.0_20\bin;C:\windows\Sun\Java\bin;C:\windows\system32;C:\windows;C:/Program Files (x86)/Java/jdk1.8.0_20/bin/../jre/bin/client;C:/Program Files (x86)/Java/jdk1.8.0_20/bin/../jre/bin;C:/Program Files (x86)/Java/jdk1.8.0_20/bin/../jre/lib/i386;C:\ProgramData\Oracle\Java\javapath;C:\Program Files (x86)\NVIDIA Corporation\PhysX\Common;C:\Program Files (x86)\Intel\iCLS Client\;C:\Program Files\Intel\iCLS Client\;C:\windows\system32;C:\windows;C:\windows\System32\Wbem;C:\windows\System32\WindowsPowerShell\v1.0\;C:\Program Files\Intel\Intel(R) Management Engine Components\DAL;C:\Program Files\Intel\Intel(R) Management Engine Components\IPT;C:\Program Files (x86)\Intel\Intel(R) Management Engine Components\DAL;C:\Program Files (x86)\Intel\Intel(R) Management Engine Components\IPT;C:\Program Files\Intel\WiFi\bin\;C:\Program Files\Common Files\Intel\WirelessCommon\;C:\Program Files\Condusiv Technologies\ExpressCache\;C:\Program Files (x86)\Java\jdk1.8.0_20\bin;C:\Boris\Development\Source_Control\Git\bin;C:\Boris\Development\apache-maven-3.2.3\bin;C:\Program Files (x86)\MySQL\MySQL Utilities 1.4\;C:\Program Files (x86)\MySQL\MySQL Utilities 1.4\Doctrine extensions for PHP\;C:\Ruby193\bin;C:\Boris\Development\IDEz\sts-bundle_x86\sts-3.6.1.RELEASE;;."/>
    <property name="java.specification.name" value="Java Platform API Specification"/>
    <property name="java.class.version" value="52.0"/>
    <property name="sun.management.compiler" value="HotSpot Client Compiler"/>
    <property name="os.version" value="6.3"/>
    <property name="user.home" value="C:\Users\Boris"/>
    <property name="user.timezone" value="America/Chicago"/>
    <property name="java.awt.printerjob" value="sun.awt.windows.WPrinterJob"/>
    <property name="java.specification.version" value="1.8"/>
    <property name="file.encoding" value="Cp1252"/>
    <property name="user.name" value="Boris"/>
    <property name="java.class.path" value="/C:/Boris/Development/IDEz/sts-bundle_x86/sts-3.6.1.RELEASE/plugins/org.eclipse.m2e.maven.runtime_1.5.0.20140605-2032/jars/plexus-classworlds-2.5.1.jar"/>
    <property name="org.slf4j.simpleLogger.defaultLogLevel" value="info"/>
    <property name="java.vm.specification.version" value="1.8"/>
    <property name="sun.arch.data.model" value="32"/>
    <property name="java.home" value="C:\Program Files (x86)\Java\jdk1.8.0_20\jre"/>
    <property name="sun.java.command" value="org.codehaus.plexus.classworlds.launcher.Launcher -B test"/>
    <property name="java.specification.vendor" value="Oracle Corporation"/>
    <property name="user.language" value="en"/>
    <property name="awt.toolkit" value="sun.awt.windows.WToolkit"/>
    <property name="java.vm.info" value="mixed mode, sharing"/>
    <property name="java.version" value="1.8.0_20"/>
    <property name="java.ext.dirs" value="C:\Program Files (x86)\Java\jdk1.8.0_20\jre\lib\ext;C:\windows\Sun\Java\lib\ext"/>
    <property name="sun.boot.class.path" value="C:\Program Files (x86)\Java\jdk1.8.0_20\jre\lib\resources.jar;C:\Program Files (x86)\Java\jdk1.8.0_20\jre\lib\rt.jar;C:\Program Files (x86)\Java\jdk1.8.0_20\jre\lib\sunrsasign.jar;C:\Program Files (x86)\Java\jdk1.8.0_20\jre\lib\jsse.jar;C:\Program Files (x86)\Java\jdk1.8.0_20\jre\lib\jce.jar;C:\Program Files (x86)\Java\jdk1.8.0_20\jre\lib\charsets.jar;C:\Program Files (x86)\Java\jdk1.8.0_20\jre\lib\jfr.jar;C:\Program Files (x86)\Java\jdk1.8.0_20\jre\classes"/>
    <property name="java.vendor" value="Oracle Corporation"/>
    <property name="maven.home" value="C:\Users\Boris\Documents\workspace-sts_x86\wikiABS\EMBEDDED"/>
    <property name="file.separator" value="\"/>
    <property name="java.vendor.url.bug" value="http://bugreport.sun.com/bugreport/"/>
    <property name="sun.cpu.endian" value="little"/>
    <property name="sun.io.unicode.encoding" value="UnicodeLittle"/>
    <property name="sun.desktop" value="windows"/>
    <property name="sun.cpu.isalist" value="pentium_pro+mmx pentium_pro pentium+mmx pentium i486 i386 i86"/>
  </properties>
  <testcase classname="com.americanbanksystems.wiki.dao.UserRoleDaoTestCase" name="testAdd" time="0.001">
    <error message="Failed to load ApplicationContext" type="java.lang.IllegalStateException">java.lang.IllegalStateException: Failed to load ApplicationContext
	at org.springframework.test.context.TestContext.getApplicationContext(TestContext.java:157)
	at org.springframework.test.context.support.DependencyInjectionTestExecutionListener.injectDependencies(DependencyInjectionTestExecutionListener.java:109)
	at org.springframework.test.context.support.DependencyInjectionTestExecutionListener.prepareTestInstance(DependencyInjectionTestExecutionListener.java:75)
	at org.springframework.test.context.TestContextManager.prepareTestInstance(TestContextManager.java:321)
	at org.springframework.test.context.junit4.SpringJUnit4ClassRunner.createTest(SpringJUnit4ClassRunner.java:211)
	at org.springframework.test.context.junit4.SpringJUnit4ClassRunner$1.runReflectiveCall(SpringJUnit4ClassRunner.java:288)
	at org.junit.internal.runners.model.ReflectiveCallable.run(ReflectiveCallable.java:15)
	at org.springframework.test.context.junit4.SpringJUnit4ClassRunner.methodBlock(SpringJUnit4ClassRunner.java:290)
	at org.springframework.test.context.junit4.SpringJUnit4ClassRunner.runChild(SpringJUnit4ClassRunner.java:231)
	at org.junit.runners.BlockJUnit4ClassRunner.runChild(BlockJUnit4ClassRunner.java:47)
	at org.junit.runners.ParentRunner$3.run(ParentRunner.java:231)
	at org.junit.runners.ParentRunner$1.schedule(ParentRunner.java:60)
	at org.junit.runners.ParentRunner.runChildren(ParentRunner.java:229)
	at org.junit.runners.ParentRunner.access$000(ParentRunner.java:50)
	at org.junit.runners.ParentRunner$2.evaluate(ParentRunner.java:222)
	at org.springframework.test.context.junit4.statements.RunBeforeTestClassCallbacks.evaluate(RunBeforeTestClassCallbacks.java:61)
	at org.springframework.test.context.junit4.statements.RunAfterTestClassCallbacks.evaluate(RunAfterTestClassCallbacks.java:71)
	at org.junit.runners.ParentRunner.run(ParentRunner.java:300)
	at org.springframework.test.context.junit4.SpringJUnit4ClassRunner.run(SpringJUnit4ClassRunner.java:174)
	at org.apache.maven.surefire.junit4.JUnit4Provider.execute(JUnit4Provider.java:252)
	at org.apache.maven.surefire.junit4.JUnit4Provider.executeTestSet(JUnit4Provider.java:141)
	at org.apache.maven.surefire.junit4.JUnit4Provider.invoke(JUnit4Provider.java:112)
	at sun.reflect.NativeMethodAccessorImpl.invoke0(Native Method)
	at sun.reflect.NativeMethodAccessorImpl.invoke(NativeMethodAccessorImpl.java:62)
	at sun.reflect.DelegatingMethodAccessorImpl.invoke(DelegatingMethodAccessorImpl.java:43)
	at java.lang.reflect.Method.invoke(Method.java:483)
	at org.apache.maven.surefire.util.ReflectionUtils.invokeMethodWithArray(ReflectionUtils.java:189)
	at org.apache.maven.surefire.booter.ProviderFactory$ProviderProxy.invoke(ProviderFactory.java:165)
	at org.apache.maven.surefire.booter.ProviderFactory.invokeProvider(ProviderFactory.java:85)
	at org.apache.maven.surefire.booter.ForkedBooter.runSuitesInProcess(ForkedBooter.java:115)
	at org.apache.maven.surefire.booter.ForkedBooter.main(ForkedBooter.java:75)
Caused by: org.springframework.beans.factory.BeanCreationException: Error creating bean with name &apos;org.springframework.security.filterChainProxy&apos;: Invocation of init method failed; nested exception is java.lang.IllegalArgumentException: A universal match pattern (&apos;/**&apos;) is defined  before other patterns in the filter chain, causing them to be ignored. Please check the ordering in your &lt;security:http&gt; namespace or FilterChainProxy bean configuration
	at org.springframework.beans.factory.support.AbstractAutowireCapableBeanFactory.initializeBean(AbstractAutowireCapableBeanFactory.java:1455)
	at org.springframework.beans.factory.support.AbstractAutowireCapableBeanFactory.doCreateBean(AbstractAutowireCapableBeanFactory.java:519)
	at org.springframework.beans.factory.support.AbstractAutowireCapableBeanFactory.createBean(AbstractAutowireCapableBeanFactory.java:456)
	at org.springframework.beans.factory.support.AbstractBeanFactory$1.getObject(AbstractBeanFactory.java:294)
	at org.springframework.beans.factory.support.DefaultSingletonBeanRegistry.getSingleton(DefaultSingletonBeanRegistry.java:225)
	at org.springframework.beans.factory.support.AbstractBeanFactory.doGetBean(AbstractBeanFactory.java:291)
	at org.springframework.beans.factory.support.AbstractBeanFactory.getBean(AbstractBeanFactory.java:193)
	at org.springframework.beans.factory.support.DefaultListableBeanFactory.preInstantiateSingletons(DefaultListableBeanFactory.java:585)
	at org.springframework.context.support.AbstractApplicationContext.finishBeanFactoryInitialization(AbstractApplicationContext.java:913)
	at org.springframework.context.support.AbstractApplicationContext.refresh(AbstractApplicationContext.java:464)
	at org.springframework.test.context.support.AbstractGenericContextLoader.loadContext(AbstractGenericContextLoader.java:103)
	at org.springframework.test.context.support.AbstractGenericContextLoader.loadContext(AbstractGenericContextLoader.java:1)
	at org.springframework.test.context.support.DelegatingSmartContextLoader.loadContext(DelegatingSmartContextLoader.java:228)
	at org.springframework.test.context.TestContext.loadApplicationContext(TestContext.java:124)
	at org.springframework.test.context.TestContext.getApplicationContext(TestContext.java:148)
	... 30 more
Caused by: java.lang.IllegalArgumentException: A universal match pattern (&apos;/**&apos;) is defined  before other patterns in the filter chain, causing them to be ignored. Please check the ordering in your &lt;security:http&gt; namespace or FilterChainProxy bean configuration
	at org.springframework.security.config.http.DefaultFilterChainValidator.checkPathOrder(DefaultFilterChainValidator.java:49)
	at org.springframework.security.config.http.DefaultFilterChainValidator.validate(DefaultFilterChainValidator.java:39)
	at org.springframework.security.web.FilterChainProxy.afterPropertiesSet(FilterChainProxy.java:148)
	at org.springframework.beans.factory.support.AbstractAutowireCapableBeanFactory.invokeInitMethods(AbstractAutowireCapableBeanFactory.java:1514)
	at org.springframework.beans.factory.support.AbstractAutowireCapableBeanFactory.initializeBean(AbstractAutowireCapableBeanFactory.java:1452)
	... 44 more
</error>
    <system-err>Oct 29, 2014 5:17:06 PM org.springframework.beans.factory.xml.XmlBeanDefinitionReader loadBeanDefinitions
INFO: Loading XML bean definitions from class path resource [persistence-beans.xml]
Oct 29, 2014 5:17:06 PM org.springframework.security.config.SecurityNamespaceHandler &lt;init&gt;
INFO: Spring Security &apos;config&apos; module version is 3.1.0.RELEASE
Oct 29, 2014 5:17:06 PM org.springframework.security.config.http.HttpSecurityBeanDefinitionParser checkFilterChainOrder
INFO: Checking sorted filter chain: [Root bean: class [org.springframework.security.web.session.ConcurrentSessionFilter]; scope=; abstract=false; lazyInit=false; autowireMode=0; dependencyCheck=0; autowireCandidate=true; primary=false; factoryBeanName=null; factoryMethodName=null; initMethodName=null; destroyMethodName=null, order = 200, Root bean: class [org.springframework.security.web.context.SecurityContextPersistenceFilter]; scope=; abstract=false; lazyInit=false; autowireMode=0; dependencyCheck=0; autowireCandidate=true; primary=false; factoryBeanName=null; factoryMethodName=null; initMethodName=null; destroyMethodName=null, order = 300, Root bean: class [org.springframework.security.web.authentication.logout.LogoutFilter]; scope=; abstract=false; lazyInit=false; autowireMode=0; dependencyCheck=0; autowireCandidate=true; primary=false; factoryBeanName=null; factoryMethodName=null; initMethodName=null; destroyMethodName=null, order = 400, &lt;org.springframework.security.web.authentication.UsernamePasswordAuthenticationFilter#0&gt;, order = 800, Root bean: class [org.springframework.security.web.savedrequest.RequestCacheAwareFilter]; scope=; abstract=false; lazyInit=false; autowireMode=0; dependencyCheck=0; autowireCandidate=true; primary=false; factoryBeanName=null; factoryMethodName=null; initMethodName=null; destroyMethodName=null, order = 1300, Root bean: class [org.springframework.security.web.servletapi.SecurityContextHolderAwareRequestFilter]; scope=; abstract=false; lazyInit=false; autowireMode=0; dependencyCheck=0; autowireCandidate=true; primary=false; factoryBeanName=null; factoryMethodName=null; initMethodName=null; destroyMethodName=null, order = 1400, Root bean: class [org.springframework.security.web.authentication.AnonymousAuthenticationFilter]; scope=; abstract=false; lazyInit=false; autowireMode=0; dependencyCheck=0; autowireCandidate=true; primary=false; factoryBeanName=null; factoryMethodName=null; initMethodName=null; destroyMethodName=null, order = 1700, Root bean: class [org.springframework.security.web.session.SessionManagementFilter]; scope=; abstract=false; lazyInit=false; autowireMode=0; dependencyCheck=0; autowireCandidate=true; primary=false; factoryBeanName=null; factoryMethodName=null; initMethodName=null; destroyMethodName=null, order = 1800, Root bean: class [org.springframework.security.web.access.ExceptionTranslationFilter]; scope=; abstract=false; lazyInit=false; autowireMode=0; dependencyCheck=0; autowireCandidate=true; primary=false; factoryBeanName=null; factoryMethodName=null; initMethodName=null; destroyMethodName=null, order = 1900, &lt;org.springframework.security.web.access.intercept.FilterSecurityInterceptor#0&gt;, order = 2000]
Oct 29, 2014 5:17:06 PM org.springframework.beans.factory.xml.XmlBeanDefinitionReader loadBeanDefinitions
INFO: Loading XML bean definitions from class path resource [persistence-beans.xml]
Oct 29, 2014 5:17:06 PM org.springframework.beans.factory.support.DefaultListableBeanFactory registerBeanDefinition
INFO: Overriding bean definition for bean &apos;dataSource&apos;: replacing [Generic bean: class [org.springframework.jdbc.datasource.DriverManagerDataSource]; scope=; abstract=false; lazyInit=false; autowireMode=0; dependencyCheck=0; autowireCandidate=true; primary=false; factoryBeanName=null; factoryMethodName=null; initMethodName=null; destroyMethodName=null; defined in class path resource [persistence-beans.xml]] with [Generic bean: class [org.springframework.jdbc.datasource.DriverManagerDataSource]; scope=; abstract=false; lazyInit=false; autowireMode=0; dependencyCheck=0; autowireCandidate=true; primary=false; factoryBeanName=null; factoryMethodName=null; initMethodName=null; destroyMethodName=null; defined in class path resource [persistence-beans.xml]]
Oct 29, 2014 5:17:06 PM org.springframework.beans.factory.support.DefaultListableBeanFactory registerBeanDefinition
INFO: Overriding bean definition for bean &apos;sessionFactory&apos;: replacing [Generic bean: class [org.springframework.orm.hibernate3.annotation.AnnotationSessionFactoryBean]; scope=; abstract=false; lazyInit=false; autowireMode=0; dependencyCheck=0; autowireCandidate=true; primary=false; factoryBeanName=null; factoryMethodName=null; initMethodName=null; destroyMethodName=null; defined in class path resource [persistence-beans.xml]] with [Generic bean: class [org.springframework.orm.hibernate3.annotation.AnnotationSessionFactoryBean]; scope=; abstract=false; lazyInit=false; autowireMode=0; dependencyCheck=0; autowireCandidate=true; primary=false; factoryBeanName=null; factoryMethodName=null; initMethodName=null; destroyMethodName=null; defined in class path resource [persistence-beans.xml]]
Oct 29, 2014 5:17:06 PM org.springframework.beans.factory.support.DefaultListableBeanFactory registerBeanDefinition
INFO: Overriding bean definition for bean &apos;transactionManager&apos;: replacing [Generic bean: class [org.springframework.orm.hibernate3.HibernateTransactionManager]; scope=; abstract=false; lazyInit=false; autowireMode=0; dependencyCheck=0; autowireCandidate=true; primary=false; factoryBeanName=null; factoryMethodName=null; initMethodName=null; destroyMethodName=null; defined in class path resource [persistence-beans.xml]] with [Generic bean: class [org.springframework.orm.hibernate3.HibernateTransactionManager]; scope=; abstract=false; lazyInit=false; autowireMode=0; dependencyCheck=0; autowireCandidate=true; primary=false; factoryBeanName=null; factoryMethodName=null; initMethodName=null; destroyMethodName=null; defined in class path resource [persistence-beans.xml]]
Oct 29, 2014 5:17:06 PM org.springframework.beans.factory.support.DefaultListableBeanFactory registerBeanDefinition
INFO: Overriding bean definition for bean &apos;jdbcTemplate&apos;: replacing [Generic bean: class [org.springframework.jdbc.core.simple.SimpleJdbcTemplate]; scope=; abstract=false; lazyInit=false; autowireMode=0; dependencyCheck=0; autowireCandidate=true; primary=false; factoryBeanName=null; factoryMethodName=null; initMethodName=null; destroyMethodName=null; defined in class path resource [persistence-beans.xml]] with [Generic bean: class [org.springframework.jdbc.core.simple.SimpleJdbcTemplate]; scope=; abstract=false; lazyInit=false; autowireMode=0; dependencyCheck=0; autowireCandidate=true; primary=false; factoryBeanName=null; factoryMethodName=null; initMethodName=null; destroyMethodName=null; defined in class path resource [persistence-beans.xml]]
Oct 29, 2014 5:17:06 PM org.springframework.beans.factory.support.DefaultListableBeanFactory registerBeanDefinition
INFO: Overriding bean definition for bean &apos;roleVoter&apos;: replacing [Generic bean: class [org.springframework.security.access.vote.RoleVoter]; scope=; abstract=false; lazyInit=false; autowireMode=0; dependencyCheck=0; autowireCandidate=true; primary=false; factoryBeanName=null; factoryMethodName=null; initMethodName=null; destroyMethodName=null; defined in class path resource [persistence-beans.xml]] with [Generic bean: class [org.springframework.security.access.vote.RoleVoter]; scope=; abstract=false; lazyInit=false; autowireMode=0; dependencyCheck=0; autowireCandidate=true; primary=false; factoryBeanName=null; factoryMethodName=null; initMethodName=null; destroyMethodName=null; defined in class path resource [persistence-beans.xml]]
Oct 29, 2014 5:17:06 PM org.springframework.beans.factory.support.DefaultListableBeanFactory registerBeanDefinition
INFO: Overriding bean definition for bean &apos;accessDecisionManager&apos;: replacing [Generic bean: class [org.springframework.security.access.vote.AffirmativeBased]; scope=; abstract=false; lazyInit=false; autowireMode=0; dependencyCheck=0; autowireCandidate=true; primary=false; factoryBeanName=null; factoryMethodName=null; initMethodName=null; destroyMethodName=null; defined in class path resource [persistence-beans.xml]] with [Generic bean: class [org.springframework.security.access.vote.AffirmativeBased]; scope=; abstract=false; lazyInit=false; autowireMode=0; dependencyCheck=0; autowireCandidate=true; primary=false; factoryBeanName=null; factoryMethodName=null; initMethodName=null; destroyMethodName=null; defined in class path resource [persistence-beans.xml]]
Oct 29, 2014 5:17:06 PM org.springframework.security.config.http.HttpSecurityBeanDefinitionParser checkFilterChainOrder
INFO: Checking sorted filter chain: [Root bean: class [org.springframework.security.web.session.ConcurrentSessionFilter]; scope=; abstract=false; lazyInit=false; autowireMode=0; dependencyCheck=0; autowireCandidate=true; primary=false; factoryBeanName=null; factoryMethodName=null; initMethodName=null; destroyMethodName=null, order = 200, Root bean: class [org.springframework.security.web.context.SecurityContextPersistenceFilter]; scope=; abstract=false; lazyInit=false; autowireMode=0; dependencyCheck=0; autowireCandidate=true; primary=false; factoryBeanName=null; factoryMethodName=null; initMethodName=null; destroyMethodName=null, order = 300, Root bean: class [org.springframework.security.web.authentication.logout.LogoutFilter]; scope=; abstract=false; lazyInit=false; autowireMode=0; dependencyCheck=0; autowireCandidate=true; primary=false; factoryBeanName=null; factoryMethodName=null; initMethodName=null; destroyMethodName=null, order = 400, &lt;org.springframework.security.web.authentication.UsernamePasswordAuthenticationFilter#1&gt;, order = 800, Root bean: class [org.springframework.security.web.savedrequest.RequestCacheAwareFilter]; scope=; abstract=false; lazyInit=false; autowireMode=0; dependencyCheck=0; autowireCandidate=true; primary=false; factoryBeanName=null; factoryMethodName=null; initMethodName=null; destroyMethodName=null, order = 1300, Root bean: class [org.springframework.security.web.servletapi.SecurityContextHolderAwareRequestFilter]; scope=; abstract=false; lazyInit=false; autowireMode=0; dependencyCheck=0; autowireCandidate=true; primary=false; factoryBeanName=null; factoryMethodName=null; initMethodName=null; destroyMethodName=null, order = 1400, Root bean: class [org.springframework.security.web.authentication.AnonymousAuthenticationFilter]; scope=; abstract=false; lazyInit=false; autowireMode=0; dependencyCheck=0; autowireCandidate=true; primary=false; factoryBeanName=null; factoryMethodName=null; initMethodName=null; destroyMethodName=null, order = 1700, Root bean: class [org.springframework.security.web.session.SessionManagementFilter]; scope=; abstract=false; lazyInit=false; autowireMode=0; dependencyCheck=0; autowireCandidate=true; primary=false; factoryBeanName=null; factoryMethodName=null; initMethodName=null; destroyMethodName=null, order = 1800, Root bean: class [org.springframework.security.web.access.ExceptionTranslationFilter]; scope=; abstract=false; lazyInit=false; autowireMode=0; dependencyCheck=0; autowireCandidate=true; primary=false; factoryBeanName=null; factoryMethodName=null; initMethodName=null; destroyMethodName=null, order = 1900, &lt;org.springframework.security.web.access.intercept.FilterSecurityInterceptor#1&gt;, order = 2000]
Oct 29, 2014 5:17:06 PM org.springframework.beans.factory.support.DefaultListableBeanFactory registerBeanDefinition
INFO: Overriding bean definition for bean &apos;in-memory-auth&apos;: replacing [Root bean: class [org.springframework.security.authentication.ProviderManager]; scope=; abstract=false; lazyInit=false; autowireMode=0; dependencyCheck=0; autowireCandidate=true; primary=false; factoryBeanName=null; factoryMethodName=null; initMethodName=null; destroyMethodName=null] with [Root bean: class [org.springframework.security.authentication.ProviderManager]; scope=; abstract=false; lazyInit=false; autowireMode=0; dependencyCheck=0; autowireCandidate=true; primary=false; factoryBeanName=null; factoryMethodName=null; initMethodName=null; destroyMethodName=null]
Oct 29, 2014 5:17:06 PM org.springframework.beans.factory.support.DefaultListableBeanFactory registerBeanDefinition
INFO: Overriding bean definition for bean &apos;dao-auth&apos;: replacing [Root bean: class [org.springframework.security.authentication.ProviderManager]; scope=; abstract=false; lazyInit=false; autowireMode=0; dependencyCheck=0; autowireCandidate=true; primary=false; factoryBeanName=null; factoryMethodName=null; initMethodName=null; destroyMethodName=null] with [Root bean: class [org.springframework.security.authentication.ProviderManager]; scope=; abstract=false; lazyInit=false; autowireMode=0; dependencyCheck=0; autowireCandidate=true; primary=false; factoryBeanName=null; factoryMethodName=null; initMethodName=null; destroyMethodName=null]
Oct 29, 2014 5:17:06 PM org.springframework.beans.factory.support.DefaultListableBeanFactory registerBeanDefinition
INFO: Overriding bean definition for bean &apos;userDetailsService&apos;: replacing [Generic bean: class [com.americanbanksystems.wiki.security.dao.implementation.UserDetailsServiceImpl]; scope=; abstract=false; lazyInit=false; autowireMode=0; dependencyCheck=0; autowireCandidate=true; primary=false; factoryBeanName=null; factoryMethodName=null; initMethodName=null; destroyMethodName=null; defined in class path resource [persistence-beans.xml]] with [Generic bean: class [com.americanbanksystems.wiki.security.dao.implementation.UserDetailsServiceImpl]; scope=; abstract=false; lazyInit=false; autowireMode=0; dependencyCheck=0; autowireCandidate=true; primary=false; factoryBeanName=null; factoryMethodName=null; initMethodName=null; destroyMethodName=null; defined in class path resource [persistence-beans.xml]]
Oct 29, 2014 5:17:06 PM org.springframework.beans.factory.support.DefaultListableBeanFactory registerBeanDefinition
INFO: Overriding bean definition for bean &apos;jdbc-auth&apos;: replacing [Root bean: class [org.springframework.security.authentication.ProviderManager]; scope=; abstract=false; lazyInit=false; autowireMode=0; dependencyCheck=0; autowireCandidate=true; primary=false; factoryBeanName=null; factoryMethodName=null; initMethodName=null; destroyMethodName=null] with [Root bean: class [org.springframework.security.authentication.ProviderManager]; scope=; abstract=false; lazyInit=false; autowireMode=0; dependencyCheck=0; autowireCandidate=true; primary=false; factoryBeanName=null; factoryMethodName=null; initMethodName=null; destroyMethodName=null]
Oct 29, 2014 5:17:06 PM org.springframework.context.support.AbstractApplicationContext prepareRefresh
INFO: Refreshing org.springframework.context.support.GenericApplicationContext@113467c: startup date [Wed Oct 29 17:17:06 CDT 2014]; root of context hierarchy
Oct 29, 2014 5:17:06 PM org.springframework.beans.factory.support.DefaultListableBeanFactory preInstantiateSingletons
INFO: Pre-instantiating singletons in org.springframework.beans.factory.support.DefaultListableBeanFactory@1fee662: defining beans [org.springframework.context.annotation.internalConfigurationAnnotationProcessor,org.springframework.context.annotation.internalAutowiredAnnotationProcessor,org.springframework.context.annotation.internalRequiredAnnotationProcessor,org.springframework.context.annotation.internalCommonAnnotationProcessor,org.springframework.context.annotation.internalPersistenceAnnotationProcessor,articleDao,attachmentDao,productDao,userDao,userRoleDao,org.springframework.aop.config.internalAutoProxyCreator,org.springframework.transaction.annotation.AnnotationTransactionAttributeSource#0,org.springframework.transaction.interceptor.TransactionInterceptor#0,org.springframework.transaction.config.internalTransactionAdvisor,dataSource,sessionFactory,transactionManager,jdbcTemplate,roleVoter,accessDecisionManager,org.springframework.security.filterChains,org.springframework.security.filterChainProxy,org.springframework.security.web.PortMapperImpl#0,org.springframework.security.authentication.ProviderManager#0,org.springframework.security.web.context.HttpSessionSecurityContextRepository#0,org.springframework.security.core.session.SessionRegistryImpl#0,org.springframework.security.web.authentication.session.ConcurrentSessionControlStrategy#0,org.springframework.security.web.savedrequest.HttpSessionRequestCache#0,org.springframework.security.web.access.intercept.FilterSecurityInterceptor#0,org.springframework.security.web.access.DefaultWebInvocationPrivilegeEvaluator#0,org.springframework.security.authentication.AnonymousAuthenticationProvider#0,org.springframework.security.web.authentication.UsernamePasswordAuthenticationFilter#0,org.springframework.security.userDetailsServiceFactory,org.springframework.security.web.DefaultSecurityFilterChain#0,org.springframework.security.provisioning.InMemoryUserDetailsManager#0,org.springframework.security.authentication.dao.DaoAuthenticationProvider#0,org.springframework.security.authentication.DefaultAuthenticationEventPublisher#0,in-memory-auth,org.springframework.security.authentication.dao.DaoAuthenticationProvider#1,org.springframework.security.authentication.DefaultAuthenticationEventPublisher#1,dao-auth,userDetailsService,org.springframework.security.provisioning.JdbcUserDetailsManager#0,org.springframework.security.authentication.dao.DaoAuthenticationProvider#2,org.springframework.security.authentication.DefaultAuthenticationEventPublisher#2,jdbc-auth,org.springframework.security.web.PortMapperImpl#1,org.springframework.security.authentication.ProviderManager#1,org.springframework.security.web.context.HttpSessionSecurityContextRepository#1,org.springframework.security.core.session.SessionRegistryImpl#1,org.springframework.security.web.authentication.session.ConcurrentSessionControlStrategy#1,org.springframework.security.web.savedrequest.HttpSessionRequestCache#1,org.springframework.security.web.access.intercept.FilterSecurityInterceptor#1,org.springframework.security.web.access.DefaultWebInvocationPrivilegeEvaluator#1,org.springframework.security.authentication.AnonymousAuthenticationProvider#1,org.springframework.security.web.authentication.UsernamePasswordAuthenticationFilter#1,org.springframework.security.web.DefaultSecurityFilterChain#1,org.springframework.security.provisioning.InMemoryUserDetailsManager#1,org.springframework.security.authentication.dao.DaoAuthenticationProvider#3,org.springframework.security.authentication.DefaultAuthenticationEventPublisher#3,org.springframework.security.authentication.dao.DaoAuthenticationProvider#4,org.springframework.security.authentication.DefaultAuthenticationEventPublisher#4,org.springframework.security.provisioning.JdbcUserDetailsManager#1,org.springframework.security.authentication.dao.DaoAuthenticationProvider#5,org.springframework.security.authentication.DefaultAuthenticationEventPublisher#5,org.springframework.context.annotation.ConfigurationClassPostProcessor$ImportAwareBeanPostProcessor#0]; root of factory hierarchy
Oct 29, 2014 5:17:06 PM org.springframework.jdbc.datasource.DriverManagerDataSource setDriverClassName
INFO: Loaded JDBC driver: com.mysql.jdbc.jdbc2.optional.MysqlDataSource
Oct 29, 2014 5:17:06 PM org.springframework.orm.hibernate3.LocalSessionFactoryBean buildSessionFactory
INFO: Building new Hibernate SessionFactory
Oct 29, 2014 5:17:06 PM org.springframework.orm.hibernate3.HibernateTransactionManager afterPropertiesSet
INFO: Using DataSource [org.springframework.jdbc.datasource.DriverManagerDataSource@1eeedd] of Hibernate SessionFactory for HibernateTransactionManager
Oct 29, 2014 5:17:06 PM org.springframework.security.provisioning.JdbcUserDetailsManager initDao
INFO: No authentication manager set. Reauthentication of users when changing passwords will not be performed.
Oct 29, 2014 5:17:06 PM org.springframework.security.web.DefaultSecurityFilterChain &lt;init&gt;
INFO: Creating filter chain: org.springframework.security.web.util.AnyRequestMatcher@1, [org.springframework.security.web.session.ConcurrentSessionFilter@1f0b1cc, org.springframework.security.web.context.SecurityContextPersistenceFilter@155dd15, org.springframework.security.web.authentication.logout.LogoutFilter@13560d4, org.springframework.security.web.authentication.UsernamePasswordAuthenticationFilter@1a3d4b6, org.springframework.security.web.savedrequest.RequestCacheAwareFilter@1b77cdf, org.springframework.security.web.servletapi.SecurityContextHolderAwareRequestFilter@1fbe89, org.springframework.security.web.authentication.AnonymousAuthenticationFilter@88451e, org.springframework.security.web.session.SessionManagementFilter@1ab3bdd, org.springframework.security.web.access.ExceptionTranslationFilter@110f633, org.springframework.security.web.access.intercept.FilterSecurityInterceptor@42eeae]
Oct 29, 2014 5:17:06 PM org.springframework.security.web.DefaultSecurityFilterChain &lt;init&gt;
INFO: Creating filter chain: org.springframework.security.web.util.AnyRequestMatcher@1, [org.springframework.security.web.session.ConcurrentSessionFilter@280403, org.springframework.security.web.context.SecurityContextPersistenceFilter@f85fa4, org.springframework.security.web.authentication.logout.LogoutFilter@18dad3d, org.springframework.security.web.authentication.UsernamePasswordAuthenticationFilter@1abb6ca, org.springframework.security.web.savedrequest.RequestCacheAwareFilter@16db620, org.springframework.security.web.servletapi.SecurityContextHolderAwareRequestFilter@168c1d6, org.springframework.security.web.authentication.AnonymousAuthenticationFilter@1986d83, org.springframework.security.web.session.SessionManagementFilter@17f991c, org.springframework.security.web.access.ExceptionTranslationFilter@1a7e365, org.springframework.security.web.access.intercept.FilterSecurityInterceptor@eee4b6]
Oct 29, 2014 5:17:06 PM org.springframework.security.config.http.DefaultFilterChainValidator checkLoginPageIsntProtected
INFO: Checking whether login URL &apos;/login&apos; is accessible with your configuration
Oct 29, 2014 5:17:06 PM org.springframework.security.config.http.DefaultFilterChainValidator checkLoginPageIsntProtected
INFO: Checking whether login URL &apos;/login&apos; is accessible with your configuration
Oct 29, 2014 5:17:06 PM org.springframework.beans.factory.support.DefaultSingletonBeanRegistry destroySingletons
INFO: Destroying singletons in org.springframework.beans.factory.support.DefaultListableBeanFactory@1fee662: defining beans [org.springframework.context.annotation.internalConfigurationAnnotationProcessor,org.springframework.context.annotation.internalAutowiredAnnotationProcessor,org.springframework.context.annotation.internalRequiredAnnotationProcessor,org.springframework.context.annotation.internalCommonAnnotationProcessor,org.springframework.context.annotation.internalPersistenceAnnotationProcessor,articleDao,attachmentDao,productDao,userDao,userRoleDao,org.springframework.aop.config.internalAutoProxyCreator,org.springframework.transaction.annotation.AnnotationTransactionAttributeSource#0,org.springframework.transaction.interceptor.TransactionInterceptor#0,org.springframework.transaction.config.internalTransactionAdvisor,dataSource,sessionFactory,transactionManager,jdbcTemplate,roleVoter,accessDecisionManager,org.springframework.security.filterChains,org.springframework.security.filterChainProxy,org.springframework.security.web.PortMapperImpl#0,org.springframework.security.authentication.ProviderManager#0,org.springframework.security.web.context.HttpSessionSecurityContextRepository#0,org.springframework.security.core.session.SessionRegistryImpl#0,org.springframework.security.web.authentication.session.ConcurrentSessionControlStrategy#0,org.springframework.security.web.savedrequest.HttpSessionRequestCache#0,org.springframework.security.web.access.intercept.FilterSecurityInterceptor#0,org.springframework.security.web.access.DefaultWebInvocationPrivilegeEvaluator#0,org.springframework.security.authentication.AnonymousAuthenticationProvider#0,org.springframework.security.web.authentication.UsernamePasswordAuthenticationFilter#0,org.springframework.security.userDetailsServiceFactory,org.springframework.security.web.DefaultSecurityFilterChain#0,org.springframework.security.provisioning.InMemoryUserDetailsManager#0,org.springframework.security.authentication.dao.DaoAuthenticationProvider#0,org.springframework.security.authentication.DefaultAuthenticationEventPublisher#0,in-memory-auth,org.springframework.security.authentication.dao.DaoAuthenticationProvider#1,org.springframework.security.authentication.DefaultAuthenticationEventPublisher#1,dao-auth,userDetailsService,org.springframework.security.provisioning.JdbcUserDetailsManager#0,org.springframework.security.authentication.dao.DaoAuthenticationProvider#2,org.springframework.security.authentication.DefaultAuthenticationEventPublisher#2,jdbc-auth,org.springframework.security.web.PortMapperImpl#1,org.springframework.security.authentication.ProviderManager#1,org.springframework.security.web.context.HttpSessionSecurityContextRepository#1,org.springframework.security.core.session.SessionRegistryImpl#1,org.springframework.security.web.authentication.session.ConcurrentSessionControlStrategy#1,org.springframework.security.web.savedrequest.HttpSessionRequestCache#1,org.springframework.security.web.access.intercept.FilterSecurityInterceptor#1,org.springframework.security.web.access.DefaultWebInvocationPrivilegeEvaluator#1,org.springframework.security.authentication.AnonymousAuthenticationProvider#1,org.springframework.security.web.authentication.UsernamePasswordAuthenticationFilter#1,org.springframework.security.web.DefaultSecurityFilterChain#1,org.springframework.security.provisioning.InMemoryUserDetailsManager#1,org.springframework.security.authentication.dao.DaoAuthenticationProvider#3,org.springframework.security.authentication.DefaultAuthenticationEventPublisher#3,org.springframework.security.authentication.dao.DaoAuthenticationProvider#4,org.springframework.security.authentication.DefaultAuthenticationEventPublisher#4,org.springframework.security.provisioning.JdbcUserDetailsManager#1,org.springframework.security.authentication.dao.DaoAuthenticationProvider#5,org.springframework.security.authentication.DefaultAuthenticationEventPublisher#5,org.springframework.context.annotation.ConfigurationClassPostProcessor$ImportAwareBeanPostProcessor#0]; root of factory hierarchy
Oct 29, 2014 5:17:06 PM org.springframework.orm.hibernate3.AbstractSessionFactoryBean destroy
INFO: Closing Hibernate SessionFactory
Oct 29, 2014 5:17:06 PM org.springframework.test.context.TestContextManager prepareTestInstance
SEVERE: Caught exception while allowing TestExecutionListener [org.springframework.test.context.support.DependencyInjectionTestExecutionListener@dd39d2] to prepare test instance [com.americanbanksystems.wiki.dao.UserRoleDaoTestCase@44cfc0]
java.lang.IllegalStateException: Failed to load ApplicationContext
	at org.springframework.test.context.TestContext.getApplicationContext(TestContext.java:157)
	at org.springframework.test.context.support.DependencyInjectionTestExecutionListener.injectDependencies(DependencyInjectionTestExecutionListener.java:109)
	at org.springframework.test.context.support.DependencyInjectionTestExecutionListener.prepareTestInstance(DependencyInjectionTestExecutionListener.java:75)
	at org.springframework.test.context.TestContextManager.prepareTestInstance(TestContextManager.java:321)
	at org.springframework.test.context.junit4.SpringJUnit4ClassRunner.createTest(SpringJUnit4ClassRunner.java:211)
	at org.springframework.test.context.junit4.SpringJUnit4ClassRunner$1.runReflectiveCall(SpringJUnit4ClassRunner.java:288)
	at org.junit.internal.runners.model.ReflectiveCallable.run(ReflectiveCallable.java:15)
	at org.springframework.test.context.junit4.SpringJUnit4ClassRunner.methodBlock(SpringJUnit4ClassRunner.java:290)
	at org.springframework.test.context.junit4.SpringJUnit4ClassRunner.runChild(SpringJUnit4ClassRunner.java:231)
	at org.junit.runners.BlockJUnit4ClassRunner.runChild(BlockJUnit4ClassRunner.java:47)
	at org.junit.runners.ParentRunner$3.run(ParentRunner.java:231)
	at org.junit.runners.ParentRunner$1.schedule(ParentRunner.java:60)
	at org.junit.runners.ParentRunner.runChildren(ParentRunner.java:229)
	at org.junit.runners.ParentRunner.access$000(ParentRunner.java:50)
	at org.junit.runners.ParentRunner$2.evaluate(ParentRunner.java:222)
	at org.springframework.test.context.junit4.statements.RunBeforeTestClassCallbacks.evaluate(RunBeforeTestClassCallbacks.java:61)
	at org.springframework.test.context.junit4.statements.RunAfterTestClassCallbacks.evaluate(RunAfterTestClassCallbacks.java:71)
	at org.junit.runners.ParentRunner.run(ParentRunner.java:300)
	at org.springframework.test.context.junit4.SpringJUnit4ClassRunner.run(SpringJUnit4ClassRunner.java:174)
	at org.apache.maven.surefire.junit4.JUnit4Provider.execute(JUnit4Provider.java:252)
	at org.apache.maven.surefire.junit4.JUnit4Provider.executeTestSet(JUnit4Provider.java:141)
	at org.apache.maven.surefire.junit4.JUnit4Provider.invoke(JUnit4Provider.java:112)
	at sun.reflect.NativeMethodAccessorImpl.invoke0(Native Method)
	at sun.reflect.NativeMethodAccessorImpl.invoke(NativeMethodAccessorImpl.java:62)
	at sun.reflect.DelegatingMethodAccessorImpl.invoke(DelegatingMethodAccessorImpl.java:43)
	at java.lang.reflect.Method.invoke(Method.java:483)
	at org.apache.maven.surefire.util.ReflectionUtils.invokeMethodWithArray(ReflectionUtils.java:189)
	at org.apache.maven.surefire.booter.ProviderFactory$ProviderProxy.invoke(ProviderFactory.java:165)
	at org.apache.maven.surefire.booter.ProviderFactory.invokeProvider(ProviderFactory.java:85)
	at org.apache.maven.surefire.booter.ForkedBooter.runSuitesInProcess(ForkedBooter.java:115)
	at org.apache.maven.surefire.booter.ForkedBooter.main(ForkedBooter.java:75)
Caused by: org.springframework.beans.factory.BeanCreationException: Error creating bean with name &apos;org.springframework.security.filterChainProxy&apos;: Invocation of init method failed; nested exception is java.lang.IllegalArgumentException: A universal match pattern (&apos;/**&apos;) is defined  before other patterns in the filter chain, causing them to be ignored. Please check the ordering in your &lt;security:http&gt; namespace or FilterChainProxy bean configuration
	at org.springframework.beans.factory.support.AbstractAutowireCapableBeanFactory.initializeBean(AbstractAutowireCapableBeanFactory.java:1455)
	at org.springframework.beans.factory.support.AbstractAutowireCapableBeanFactory.doCreateBean(AbstractAutowireCapableBeanFactory.java:519)
	at org.springframework.beans.factory.support.AbstractAutowireCapableBeanFactory.createBean(AbstractAutowireCapableBeanFactory.java:456)
	at org.springframework.beans.factory.support.AbstractBeanFactory$1.getObject(AbstractBeanFactory.java:294)
	at org.springframework.beans.factory.support.DefaultSingletonBeanRegistry.getSingleton(DefaultSingletonBeanRegistry.java:225)
	at org.springframework.beans.factory.support.AbstractBeanFactory.doGetBean(AbstractBeanFactory.java:291)
	at org.springframework.beans.factory.support.AbstractBeanFactory.getBean(AbstractBeanFactory.java:193)
	at org.springframework.beans.factory.support.DefaultListableBeanFactory.preInstantiateSingletons(DefaultListableBeanFactory.java:585)
	at org.springframework.context.support.AbstractApplicationContext.finishBeanFactoryInitialization(AbstractApplicationContext.java:913)
	at org.springframework.context.support.AbstractApplicationContext.refresh(AbstractApplicationContext.java:464)
	at org.springframework.test.context.support.AbstractGenericContextLoader.loadContext(AbstractGenericContextLoader.java:103)
	at org.springframework.test.context.support.AbstractGenericContextLoader.loadContext(AbstractGenericContextLoader.java:1)
	at org.springframework.test.context.support.DelegatingSmartContextLoader.loadContext(DelegatingSmartContextLoader.java:228)
	at org.springframework.test.context.TestContext.loadApplicationContext(TestContext.java:124)
	at org.springframework.test.context.TestContext.getApplicationContext(TestContext.java:148)
	... 30 more
Caused by: java.lang.IllegalArgumentException: A universal match pattern (&apos;/**&apos;) is defined  before other patterns in the filter chain, causing them to be ignored. Please check the ordering in your &lt;security:http&gt; namespace or FilterChainProxy bean configuration
	at org.springframework.security.config.http.DefaultFilterChainValidator.checkPathOrder(DefaultFilterChainValidator.java:49)
	at org.springframework.security.config.http.DefaultFilterChainValidator.validate(DefaultFilterChainValidator.java:39)
	at org.springframework.security.web.FilterChainProxy.afterPropertiesSet(FilterChainProxy.java:148)
	at org.springframework.beans.factory.support.AbstractAutowireCapableBeanFactory.invokeInitMethods(AbstractAutowireCapableBeanFactory.java:1514)
	at org.springframework.beans.factory.support.AbstractAutowireCapableBeanFactory.initializeBean(AbstractAutowireCapableBeanFactory.java:1452)
	... 44 more

</system-err>
  </testcase>
  <testcase classname="com.americanbanksystems.wiki.dao.UserRoleDaoTestCase" name="testFind" time="0.001">
    <error message="Failed to load ApplicationContext" type="java.lang.IllegalStateException">java.lang.IllegalStateException: Failed to load ApplicationContext
	at org.springframework.test.context.TestContext.getApplicationContext(TestContext.java:157)
	at org.springframework.test.context.support.DependencyInjectionTestExecutionListener.injectDependencies(DependencyInjectionTestExecutionListener.java:109)
	at org.springframework.test.context.support.DependencyInjectionTestExecutionListener.prepareTestInstance(DependencyInjectionTestExecutionListener.java:75)
	at org.springframework.test.context.TestContextManager.prepareTestInstance(TestContextManager.java:321)
	at org.springframework.test.context.junit4.SpringJUnit4ClassRunner.createTest(SpringJUnit4ClassRunner.java:211)
	at org.springframework.test.context.junit4.SpringJUnit4ClassRunner$1.runReflectiveCall(SpringJUnit4ClassRunner.java:288)
	at org.junit.internal.runners.model.ReflectiveCallable.run(ReflectiveCallable.java:15)
	at org.springframework.test.context.junit4.SpringJUnit4ClassRunner.methodBlock(SpringJUnit4ClassRunner.java:290)
	at org.springframework.test.context.junit4.SpringJUnit4ClassRunner.runChild(SpringJUnit4ClassRunner.java:231)
	at org.junit.runners.BlockJUnit4ClassRunner.runChild(BlockJUnit4ClassRunner.java:47)
	at org.junit.runners.ParentRunner$3.run(ParentRunner.java:231)
	at org.junit.runners.ParentRunner$1.schedule(ParentRunner.java:60)
	at org.junit.runners.ParentRunner.runChildren(ParentRunner.java:229)
	at org.junit.runners.ParentRunner.access$000(ParentRunner.java:50)
	at org.junit.runners.ParentRunner$2.evaluate(ParentRunner.java:222)
	at org.springframework.test.context.junit4.statements.RunBeforeTestClassCallbacks.evaluate(RunBeforeTestClassCallbacks.java:61)
	at org.springframework.test.context.junit4.statements.RunAfterTestClassCallbacks.evaluate(RunAfterTestClassCallbacks.java:71)
	at org.junit.runners.ParentRunner.run(ParentRunner.java:300)
	at org.springframework.test.context.junit4.SpringJUnit4ClassRunner.run(SpringJUnit4ClassRunner.java:174)
	at org.apache.maven.surefire.junit4.JUnit4Provider.execute(JUnit4Provider.java:252)
	at org.apache.maven.surefire.junit4.JUnit4Provider.executeTestSet(JUnit4Provider.java:141)
	at org.apache.maven.surefire.junit4.JUnit4Provider.invoke(JUnit4Provider.java:112)
	at sun.reflect.NativeMethodAccessorImpl.invoke0(Native Method)
	at sun.reflect.NativeMethodAccessorImpl.invoke(NativeMethodAccessorImpl.java:62)
	at sun.reflect.DelegatingMethodAccessorImpl.invoke(DelegatingMethodAccessorImpl.java:43)
	at java.lang.reflect.Method.invoke(Method.java:483)
	at org.apache.maven.surefire.util.ReflectionUtils.invokeMethodWithArray(ReflectionUtils.java:189)
	at org.apache.maven.surefire.booter.ProviderFactory$ProviderProxy.invoke(ProviderFactory.java:165)
	at org.apache.maven.surefire.booter.ProviderFactory.invokeProvider(ProviderFactory.java:85)
	at org.apache.maven.surefire.booter.ForkedBooter.runSuitesInProcess(ForkedBooter.java:115)
	at org.apache.maven.surefire.booter.ForkedBooter.main(ForkedBooter.java:75)
Caused by: org.springframework.beans.factory.BeanCreationException: Error creating bean with name &apos;org.springframework.security.filterChainProxy&apos;: Invocation of init method failed; nested exception is java.lang.IllegalArgumentException: A universal match pattern (&apos;/**&apos;) is defined  before other patterns in the filter chain, causing them to be ignored. Please check the ordering in your &lt;security:http&gt; namespace or FilterChainProxy bean configuration
	at org.springframework.beans.factory.support.AbstractAutowireCapableBeanFactory.initializeBean(AbstractAutowireCapableBeanFactory.java:1455)
	at org.springframework.beans.factory.support.AbstractAutowireCapableBeanFactory.doCreateBean(AbstractAutowireCapableBeanFactory.java:519)
	at org.springframework.beans.factory.support.AbstractAutowireCapableBeanFactory.createBean(AbstractAutowireCapableBeanFactory.java:456)
	at org.springframework.beans.factory.support.AbstractBeanFactory$1.getObject(AbstractBeanFactory.java:294)
	at org.springframework.beans.factory.support.DefaultSingletonBeanRegistry.getSingleton(DefaultSingletonBeanRegistry.java:225)
	at org.springframework.beans.factory.support.AbstractBeanFactory.doGetBean(AbstractBeanFactory.java:291)
	at org.springframework.beans.factory.support.AbstractBeanFactory.getBean(AbstractBeanFactory.java:193)
	at org.springframework.beans.factory.support.DefaultListableBeanFactory.preInstantiateSingletons(DefaultListableBeanFactory.java:585)
	at org.springframework.context.support.AbstractApplicationContext.finishBeanFactoryInitialization(AbstractApplicationContext.java:913)
	at org.springframework.context.support.AbstractApplicationContext.refresh(AbstractApplicationContext.java:464)
	at org.springframework.test.context.support.AbstractGenericContextLoader.loadContext(AbstractGenericContextLoader.java:103)
	at org.springframework.test.context.support.AbstractGenericContextLoader.loadContext(AbstractGenericContextLoader.java:1)
	at org.springframework.test.context.support.DelegatingSmartContextLoader.loadContext(DelegatingSmartContextLoader.java:228)
	at org.springframework.test.context.TestContext.loadApplicationContext(TestContext.java:124)
	at org.springframework.test.context.TestContext.getApplicationContext(TestContext.java:148)
	... 30 more
Caused by: java.lang.IllegalArgumentException: A universal match pattern (&apos;/**&apos;) is defined  before other patterns in the filter chain, causing them to be ignored. Please check the ordering in your &lt;security:http&gt; namespace or FilterChainProxy bean configuration
	at org.springframework.security.config.http.DefaultFilterChainValidator.checkPathOrder(DefaultFilterChainValidator.java:49)
	at org.springframework.security.config.http.DefaultFilterChainValidator.validate(DefaultFilterChainValidator.java:39)
	at org.springframework.security.web.FilterChainProxy.afterPropertiesSet(FilterChainProxy.java:148)
	at org.springframework.beans.factory.support.AbstractAutowireCapableBeanFactory.invokeInitMethods(AbstractAutowireCapableBeanFactory.java:1514)
	at org.springframework.beans.factory.support.AbstractAutowireCapableBeanFactory.initializeBean(AbstractAutowireCapableBeanFactory.java:1452)
	... 44 more
</error>
    <system-err>Oct 29, 2014 5:17:06 PM org.springframework.beans.factory.xml.XmlBeanDefinitionReader loadBeanDefinitions
INFO: Loading XML bean definitions from class path resource [persistence-beans.xml]
Oct 29, 2014 5:17:06 PM org.springframework.security.config.SecurityNamespaceHandler &lt;init&gt;
INFO: Spring Security &apos;config&apos; module version is 3.1.0.RELEASE
Oct 29, 2014 5:17:06 PM org.springframework.security.config.http.HttpSecurityBeanDefinitionParser checkFilterChainOrder
INFO: Checking sorted filter chain: [Root bean: class [org.springframework.security.web.session.ConcurrentSessionFilter]; scope=; abstract=false; lazyInit=false; autowireMode=0; dependencyCheck=0; autowireCandidate=true; primary=false; factoryBeanName=null; factoryMethodName=null; initMethodName=null; destroyMethodName=null, order = 200, Root bean: class [org.springframework.security.web.context.SecurityContextPersistenceFilter]; scope=; abstract=false; lazyInit=false; autowireMode=0; dependencyCheck=0; autowireCandidate=true; primary=false; factoryBeanName=null; factoryMethodName=null; initMethodName=null; destroyMethodName=null, order = 300, Root bean: class [org.springframework.security.web.authentication.logout.LogoutFilter]; scope=; abstract=false; lazyInit=false; autowireMode=0; dependencyCheck=0; autowireCandidate=true; primary=false; factoryBeanName=null; factoryMethodName=null; initMethodName=null; destroyMethodName=null, order = 400, &lt;org.springframework.security.web.authentication.UsernamePasswordAuthenticationFilter#0&gt;, order = 800, Root bean: class [org.springframework.security.web.savedrequest.RequestCacheAwareFilter]; scope=; abstract=false; lazyInit=false; autowireMode=0; dependencyCheck=0; autowireCandidate=true; primary=false; factoryBeanName=null; factoryMethodName=null; initMethodName=null; destroyMethodName=null, order = 1300, Root bean: class [org.springframework.security.web.servletapi.SecurityContextHolderAwareRequestFilter]; scope=; abstract=false; lazyInit=false; autowireMode=0; dependencyCheck=0; autowireCandidate=true; primary=false; factoryBeanName=null; factoryMethodName=null; initMethodName=null; destroyMethodName=null, order = 1400, Root bean: class [org.springframework.security.web.authentication.AnonymousAuthenticationFilter]; scope=; abstract=false; lazyInit=false; autowireMode=0; dependencyCheck=0; autowireCandidate=true; primary=false; factoryBeanName=null; factoryMethodName=null; initMethodName=null; destroyMethodName=null, order = 1700, Root bean: class [org.springframework.security.web.session.SessionManagementFilter]; scope=; abstract=false; lazyInit=false; autowireMode=0; dependencyCheck=0; autowireCandidate=true; primary=false; factoryBeanName=null; factoryMethodName=null; initMethodName=null; destroyMethodName=null, order = 1800, Root bean: class [org.springframework.security.web.access.ExceptionTranslationFilter]; scope=; abstract=false; lazyInit=false; autowireMode=0; dependencyCheck=0; autowireCandidate=true; primary=false; factoryBeanName=null; factoryMethodName=null; initMethodName=null; destroyMethodName=null, order = 1900, &lt;org.springframework.security.web.access.intercept.FilterSecurityInterceptor#0&gt;, order = 2000]
Oct 29, 2014 5:17:06 PM org.springframework.beans.factory.xml.XmlBeanDefinitionReader loadBeanDefinitions
INFO: Loading XML bean definitions from class path resource [persistence-beans.xml]
Oct 29, 2014 5:17:06 PM org.springframework.beans.factory.support.DefaultListableBeanFactory registerBeanDefinition
INFO: Overriding bean definition for bean &apos;dataSource&apos;: replacing [Generic bean: class [org.springframework.jdbc.datasource.DriverManagerDataSource]; scope=; abstract=false; lazyInit=false; autowireMode=0; dependencyCheck=0; autowireCandidate=true; primary=false; factoryBeanName=null; factoryMethodName=null; initMethodName=null; destroyMethodName=null; defined in class path resource [persistence-beans.xml]] with [Generic bean: class [org.springframework.jdbc.datasource.DriverManagerDataSource]; scope=; abstract=false; lazyInit=false; autowireMode=0; dependencyCheck=0; autowireCandidate=true; primary=false; factoryBeanName=null; factoryMethodName=null; initMethodName=null; destroyMethodName=null; defined in class path resource [persistence-beans.xml]]
Oct 29, 2014 5:17:06 PM org.springframework.beans.factory.support.DefaultListableBeanFactory registerBeanDefinition
INFO: Overriding bean definition for bean &apos;sessionFactory&apos;: replacing [Generic bean: class [org.springframework.orm.hibernate3.annotation.AnnotationSessionFactoryBean]; scope=; abstract=false; lazyInit=false; autowireMode=0; dependencyCheck=0; autowireCandidate=true; primary=false; factoryBeanName=null; factoryMethodName=null; initMethodName=null; destroyMethodName=null; defined in class path resource [persistence-beans.xml]] with [Generic bean: class [org.springframework.orm.hibernate3.annotation.AnnotationSessionFactoryBean]; scope=; abstract=false; lazyInit=false; autowireMode=0; dependencyCheck=0; autowireCandidate=true; primary=false; factoryBeanName=null; factoryMethodName=null; initMethodName=null; destroyMethodName=null; defined in class path resource [persistence-beans.xml]]
Oct 29, 2014 5:17:06 PM org.springframework.beans.factory.support.DefaultListableBeanFactory registerBeanDefinition
INFO: Overriding bean definition for bean &apos;transactionManager&apos;: replacing [Generic bean: class [org.springframework.orm.hibernate3.HibernateTransactionManager]; scope=; abstract=false; lazyInit=false; autowireMode=0; dependencyCheck=0; autowireCandidate=true; primary=false; factoryBeanName=null; factoryMethodName=null; initMethodName=null; destroyMethodName=null; defined in class path resource [persistence-beans.xml]] with [Generic bean: class [org.springframework.orm.hibernate3.HibernateTransactionManager]; scope=; abstract=false; lazyInit=false; autowireMode=0; dependencyCheck=0; autowireCandidate=true; primary=false; factoryBeanName=null; factoryMethodName=null; initMethodName=null; destroyMethodName=null; defined in class path resource [persistence-beans.xml]]
Oct 29, 2014 5:17:06 PM org.springframework.beans.factory.support.DefaultListableBeanFactory registerBeanDefinition
INFO: Overriding bean definition for bean &apos;jdbcTemplate&apos;: replacing [Generic bean: class [org.springframework.jdbc.core.simple.SimpleJdbcTemplate]; scope=; abstract=false; lazyInit=false; autowireMode=0; dependencyCheck=0; autowireCandidate=true; primary=false; factoryBeanName=null; factoryMethodName=null; initMethodName=null; destroyMethodName=null; defined in class path resource [persistence-beans.xml]] with [Generic bean: class [org.springframework.jdbc.core.simple.SimpleJdbcTemplate]; scope=; abstract=false; lazyInit=false; autowireMode=0; dependencyCheck=0; autowireCandidate=true; primary=false; factoryBeanName=null; factoryMethodName=null; initMethodName=null; destroyMethodName=null; defined in class path resource [persistence-beans.xml]]
Oct 29, 2014 5:17:06 PM org.springframework.beans.factory.support.DefaultListableBeanFactory registerBeanDefinition
INFO: Overriding bean definition for bean &apos;roleVoter&apos;: replacing [Generic bean: class [org.springframework.security.access.vote.RoleVoter]; scope=; abstract=false; lazyInit=false; autowireMode=0; dependencyCheck=0; autowireCandidate=true; primary=false; factoryBeanName=null; factoryMethodName=null; initMethodName=null; destroyMethodName=null; defined in class path resource [persistence-beans.xml]] with [Generic bean: class [org.springframework.security.access.vote.RoleVoter]; scope=; abstract=false; lazyInit=false; autowireMode=0; dependencyCheck=0; autowireCandidate=true; primary=false; factoryBeanName=null; factoryMethodName=null; initMethodName=null; destroyMethodName=null; defined in class path resource [persistence-beans.xml]]
Oct 29, 2014 5:17:06 PM org.springframework.beans.factory.support.DefaultListableBeanFactory registerBeanDefinition
INFO: Overriding bean definition for bean &apos;accessDecisionManager&apos;: replacing [Generic bean: class [org.springframework.security.access.vote.AffirmativeBased]; scope=; abstract=false; lazyInit=false; autowireMode=0; dependencyCheck=0; autowireCandidate=true; primary=false; factoryBeanName=null; factoryMethodName=null; initMethodName=null; destroyMethodName=null; defined in class path resource [persistence-beans.xml]] with [Generic bean: class [org.springframework.security.access.vote.AffirmativeBased]; scope=; abstract=false; lazyInit=false; autowireMode=0; dependencyCheck=0; autowireCandidate=true; primary=false; factoryBeanName=null; factoryMethodName=null; initMethodName=null; destroyMethodName=null; defined in class path resource [persistence-beans.xml]]
Oct 29, 2014 5:17:06 PM org.springframework.security.config.http.HttpSecurityBeanDefinitionParser checkFilterChainOrder
INFO: Checking sorted filter chain: [Root bean: class [org.springframework.security.web.session.ConcurrentSessionFilter]; scope=; abstract=false; lazyInit=false; autowireMode=0; dependencyCheck=0; autowireCandidate=true; primary=false; factoryBeanName=null; factoryMethodName=null; initMethodName=null; destroyMethodName=null, order = 200, Root bean: class [org.springframework.security.web.context.SecurityContextPersistenceFilter]; scope=; abstract=false; lazyInit=false; autowireMode=0; dependencyCheck=0; autowireCandidate=true; primary=false; factoryBeanName=null; factoryMethodName=null; initMethodName=null; destroyMethodName=null, order = 300, Root bean: class [org.springframework.security.web.authentication.logout.LogoutFilter]; scope=; abstract=false; lazyInit=false; autowireMode=0; dependencyCheck=0; autowireCandidate=true; primary=false; factoryBeanName=null; factoryMethodName=null; initMethodName=null; destroyMethodName=null, order = 400, &lt;org.springframework.security.web.authentication.UsernamePasswordAuthenticationFilter#1&gt;, order = 800, Root bean: class [org.springframework.security.web.savedrequest.RequestCacheAwareFilter]; scope=; abstract=false; lazyInit=false; autowireMode=0; dependencyCheck=0; autowireCandidate=true; primary=false; factoryBeanName=null; factoryMethodName=null; initMethodName=null; destroyMethodName=null, order = 1300, Root bean: class [org.springframework.security.web.servletapi.SecurityContextHolderAwareRequestFilter]; scope=; abstract=false; lazyInit=false; autowireMode=0; dependencyCheck=0; autowireCandidate=true; primary=false; factoryBeanName=null; factoryMethodName=null; initMethodName=null; destroyMethodName=null, order = 1400, Root bean: class [org.springframework.security.web.authentication.AnonymousAuthenticationFilter]; scope=; abstract=false; lazyInit=false; autowireMode=0; dependencyCheck=0; autowireCandidate=true; primary=false; factoryBeanName=null; factoryMethodName=null; initMethodName=null; destroyMethodName=null, order = 1700, Root bean: class [org.springframework.security.web.session.SessionManagementFilter]; scope=; abstract=false; lazyInit=false; autowireMode=0; dependencyCheck=0; autowireCandidate=true; primary=false; factoryBeanName=null; factoryMethodName=null; initMethodName=null; destroyMethodName=null, order = 1800, Root bean: class [org.springframework.security.web.access.ExceptionTranslationFilter]; scope=; abstract=false; lazyInit=false; autowireMode=0; dependencyCheck=0; autowireCandidate=true; primary=false; factoryBeanName=null; factoryMethodName=null; initMethodName=null; destroyMethodName=null, order = 1900, &lt;org.springframework.security.web.access.intercept.FilterSecurityInterceptor#1&gt;, order = 2000]
Oct 29, 2014 5:17:06 PM org.springframework.beans.factory.support.DefaultListableBeanFactory registerBeanDefinition
INFO: Overriding bean definition for bean &apos;in-memory-auth&apos;: replacing [Root bean: class [org.springframework.security.authentication.ProviderManager]; scope=; abstract=false; lazyInit=false; autowireMode=0; dependencyCheck=0; autowireCandidate=true; primary=false; factoryBeanName=null; factoryMethodName=null; initMethodName=null; destroyMethodName=null] with [Root bean: class [org.springframework.security.authentication.ProviderManager]; scope=; abstract=false; lazyInit=false; autowireMode=0; dependencyCheck=0; autowireCandidate=true; primary=false; factoryBeanName=null; factoryMethodName=null; initMethodName=null; destroyMethodName=null]
Oct 29, 2014 5:17:06 PM org.springframework.beans.factory.support.DefaultListableBeanFactory registerBeanDefinition
INFO: Overriding bean definition for bean &apos;dao-auth&apos;: replacing [Root bean: class [org.springframework.security.authentication.ProviderManager]; scope=; abstract=false; lazyInit=false; autowireMode=0; dependencyCheck=0; autowireCandidate=true; primary=false; factoryBeanName=null; factoryMethodName=null; initMethodName=null; destroyMethodName=null] with [Root bean: class [org.springframework.security.authentication.ProviderManager]; scope=; abstract=false; lazyInit=false; autowireMode=0; dependencyCheck=0; autowireCandidate=true; primary=false; factoryBeanName=null; factoryMethodName=null; initMethodName=null; destroyMethodName=null]
Oct 29, 2014 5:17:06 PM org.springframework.beans.factory.support.DefaultListableBeanFactory registerBeanDefinition
INFO: Overriding bean definition for bean &apos;userDetailsService&apos;: replacing [Generic bean: class [com.americanbanksystems.wiki.security.dao.implementation.UserDetailsServiceImpl]; scope=; abstract=false; lazyInit=false; autowireMode=0; dependencyCheck=0; autowireCandidate=true; primary=false; factoryBeanName=null; factoryMethodName=null; initMethodName=null; destroyMethodName=null; defined in class path resource [persistence-beans.xml]] with [Generic bean: class [com.americanbanksystems.wiki.security.dao.implementation.UserDetailsServiceImpl]; scope=; abstract=false; lazyInit=false; autowireMode=0; dependencyCheck=0; autowireCandidate=true; primary=false; factoryBeanName=null; factoryMethodName=null; initMethodName=null; destroyMethodName=null; defined in class path resource [persistence-beans.xml]]
Oct 29, 2014 5:17:06 PM org.springframework.beans.factory.support.DefaultListableBeanFactory registerBeanDefinition
INFO: Overriding bean definition for bean &apos;jdbc-auth&apos;: replacing [Root bean: class [org.springframework.security.authentication.ProviderManager]; scope=; abstract=false; lazyInit=false; autowireMode=0; dependencyCheck=0; autowireCandidate=true; primary=false; factoryBeanName=null; factoryMethodName=null; initMethodName=null; destroyMethodName=null] with [Root bean: class [org.springframework.security.authentication.ProviderManager]; scope=; abstract=false; lazyInit=false; autowireMode=0; dependencyCheck=0; autowireCandidate=true; primary=false; factoryBeanName=null; factoryMethodName=null; initMethodName=null; destroyMethodName=null]
Oct 29, 2014 5:17:06 PM org.springframework.context.support.AbstractApplicationContext prepareRefresh
INFO: Refreshing org.springframework.context.support.GenericApplicationContext@1cf4d6d: startup date [Wed Oct 29 17:17:06 CDT 2014]; root of context hierarchy
Oct 29, 2014 5:17:06 PM org.springframework.beans.factory.support.DefaultListableBeanFactory preInstantiateSingletons
INFO: Pre-instantiating singletons in org.springframework.beans.factory.support.DefaultListableBeanFactory@1ef439e: defining beans [org.springframework.context.annotation.internalConfigurationAnnotationProcessor,org.springframework.context.annotation.internalAutowiredAnnotationProcessor,org.springframework.context.annotation.internalRequiredAnnotationProcessor,org.springframework.context.annotation.internalCommonAnnotationProcessor,org.springframework.context.annotation.internalPersistenceAnnotationProcessor,articleDao,attachmentDao,productDao,userDao,userRoleDao,org.springframework.aop.config.internalAutoProxyCreator,org.springframework.transaction.annotation.AnnotationTransactionAttributeSource#0,org.springframework.transaction.interceptor.TransactionInterceptor#0,org.springframework.transaction.config.internalTransactionAdvisor,dataSource,sessionFactory,transactionManager,jdbcTemplate,roleVoter,accessDecisionManager,org.springframework.security.filterChains,org.springframework.security.filterChainProxy,org.springframework.security.web.PortMapperImpl#0,org.springframework.security.authentication.ProviderManager#0,org.springframework.security.web.context.HttpSessionSecurityContextRepository#0,org.springframework.security.core.session.SessionRegistryImpl#0,org.springframework.security.web.authentication.session.ConcurrentSessionControlStrategy#0,org.springframework.security.web.savedrequest.HttpSessionRequestCache#0,org.springframework.security.web.access.intercept.FilterSecurityInterceptor#0,org.springframework.security.web.access.DefaultWebInvocationPrivilegeEvaluator#0,org.springframework.security.authentication.AnonymousAuthenticationProvider#0,org.springframework.security.web.authentication.UsernamePasswordAuthenticationFilter#0,org.springframework.security.userDetailsServiceFactory,org.springframework.security.web.DefaultSecurityFilterChain#0,org.springframework.security.provisioning.InMemoryUserDetailsManager#0,org.springframework.security.authentication.dao.DaoAuthenticationProvider#0,org.springframework.security.authentication.DefaultAuthenticationEventPublisher#0,in-memory-auth,org.springframework.security.authentication.dao.DaoAuthenticationProvider#1,org.springframework.security.authentication.DefaultAuthenticationEventPublisher#1,dao-auth,userDetailsService,org.springframework.security.provisioning.JdbcUserDetailsManager#0,org.springframework.security.authentication.dao.DaoAuthenticationProvider#2,org.springframework.security.authentication.DefaultAuthenticationEventPublisher#2,jdbc-auth,org.springframework.security.web.PortMapperImpl#1,org.springframework.security.authentication.ProviderManager#1,org.springframework.security.web.context.HttpSessionSecurityContextRepository#1,org.springframework.security.core.session.SessionRegistryImpl#1,org.springframework.security.web.authentication.session.ConcurrentSessionControlStrategy#1,org.springframework.security.web.savedrequest.HttpSessionRequestCache#1,org.springframework.security.web.access.intercept.FilterSecurityInterceptor#1,org.springframework.security.web.access.DefaultWebInvocationPrivilegeEvaluator#1,org.springframework.security.authentication.AnonymousAuthenticationProvider#1,org.springframework.security.web.authentication.UsernamePasswordAuthenticationFilter#1,org.springframework.security.web.DefaultSecurityFilterChain#1,org.springframework.security.provisioning.InMemoryUserDetailsManager#1,org.springframework.security.authentication.dao.DaoAuthenticationProvider#3,org.springframework.security.authentication.DefaultAuthenticationEventPublisher#3,org.springframework.security.authentication.dao.DaoAuthenticationProvider#4,org.springframework.security.authentication.DefaultAuthenticationEventPublisher#4,org.springframework.security.provisioning.JdbcUserDetailsManager#1,org.springframework.security.authentication.dao.DaoAuthenticationProvider#5,org.springframework.security.authentication.DefaultAuthenticationEventPublisher#5,org.springframework.context.annotation.ConfigurationClassPostProcessor$ImportAwareBeanPostProcessor#0]; root of factory hierarchy
Oct 29, 2014 5:17:06 PM org.springframework.jdbc.datasource.DriverManagerDataSource setDriverClassName
INFO: Loaded JDBC driver: com.mysql.jdbc.jdbc2.optional.MysqlDataSource
Oct 29, 2014 5:17:06 PM org.springframework.orm.hibernate3.LocalSessionFactoryBean buildSessionFactory
INFO: Building new Hibernate SessionFactory
Oct 29, 2014 5:17:06 PM org.springframework.orm.hibernate3.HibernateTransactionManager afterPropertiesSet
INFO: Using DataSource [org.springframework.jdbc.datasource.DriverManagerDataSource@9c5b75] of Hibernate SessionFactory for HibernateTransactionManager
Oct 29, 2014 5:17:06 PM org.springframework.security.provisioning.JdbcUserDetailsManager initDao
INFO: No authentication manager set. Reauthentication of users when changing passwords will not be performed.
Oct 29, 2014 5:17:06 PM org.springframework.security.web.DefaultSecurityFilterChain &lt;init&gt;
INFO: Creating filter chain: org.springframework.security.web.util.AnyRequestMatcher@1, [org.springframework.security.web.session.ConcurrentSessionFilter@90ed28, org.springframework.security.web.context.SecurityContextPersistenceFilter@3269f5, org.springframework.security.web.authentication.logout.LogoutFilter@887052, org.springframework.security.web.authentication.UsernamePasswordAuthenticationFilter@1fdf7f9, org.springframework.security.web.savedrequest.RequestCacheAwareFilter@91b9c3, org.springframework.security.web.servletapi.SecurityContextHolderAwareRequestFilter@1050de5, org.springframework.security.web.authentication.AnonymousAuthenticationFilter@10f277, org.springframework.security.web.session.SessionManagementFilter@689973, org.springframework.security.web.access.ExceptionTranslationFilter@1fa769c, org.springframework.security.web.access.intercept.FilterSecurityInterceptor@113163]
Oct 29, 2014 5:17:06 PM org.springframework.security.web.DefaultSecurityFilterChain &lt;init&gt;
INFO: Creating filter chain: org.springframework.security.web.util.AnyRequestMatcher@1, [org.springframework.security.web.session.ConcurrentSessionFilter@78be7b, org.springframework.security.web.context.SecurityContextPersistenceFilter@1df28f1, org.springframework.security.web.authentication.logout.LogoutFilter@87c7fc, org.springframework.security.web.authentication.UsernamePasswordAuthenticationFilter@18c68d5, org.springframework.security.web.savedrequest.RequestCacheAwareFilter@fa83f9, org.springframework.security.web.servletapi.SecurityContextHolderAwareRequestFilter@1ca237, org.springframework.security.web.authentication.AnonymousAuthenticationFilter@5a2baf, org.springframework.security.web.session.SessionManagementFilter@c22831, org.springframework.security.web.access.ExceptionTranslationFilter@3f855b, org.springframework.security.web.access.intercept.FilterSecurityInterceptor@16592b1]
Oct 29, 2014 5:17:06 PM org.springframework.security.config.http.DefaultFilterChainValidator checkLoginPageIsntProtected
INFO: Checking whether login URL &apos;/login&apos; is accessible with your configuration
Oct 29, 2014 5:17:06 PM org.springframework.security.config.http.DefaultFilterChainValidator checkLoginPageIsntProtected
INFO: Checking whether login URL &apos;/login&apos; is accessible with your configuration
Oct 29, 2014 5:17:06 PM org.springframework.beans.factory.support.DefaultSingletonBeanRegistry destroySingletons
INFO: Destroying singletons in org.springframework.beans.factory.support.DefaultListableBeanFactory@1ef439e: defining beans [org.springframework.context.annotation.internalConfigurationAnnotationProcessor,org.springframework.context.annotation.internalAutowiredAnnotationProcessor,org.springframework.context.annotation.internalRequiredAnnotationProcessor,org.springframework.context.annotation.internalCommonAnnotationProcessor,org.springframework.context.annotation.internalPersistenceAnnotationProcessor,articleDao,attachmentDao,productDao,userDao,userRoleDao,org.springframework.aop.config.internalAutoProxyCreator,org.springframework.transaction.annotation.AnnotationTransactionAttributeSource#0,org.springframework.transaction.interceptor.TransactionInterceptor#0,org.springframework.transaction.config.internalTransactionAdvisor,dataSource,sessionFactory,transactionManager,jdbcTemplate,roleVoter,accessDecisionManager,org.springframework.security.filterChains,org.springframework.security.filterChainProxy,org.springframework.security.web.PortMapperImpl#0,org.springframework.security.authentication.ProviderManager#0,org.springframework.security.web.context.HttpSessionSecurityContextRepository#0,org.springframework.security.core.session.SessionRegistryImpl#0,org.springframework.security.web.authentication.session.ConcurrentSessionControlStrategy#0,org.springframework.security.web.savedrequest.HttpSessionRequestCache#0,org.springframework.security.web.access.intercept.FilterSecurityInterceptor#0,org.springframework.security.web.access.DefaultWebInvocationPrivilegeEvaluator#0,org.springframework.security.authentication.AnonymousAuthenticationProvider#0,org.springframework.security.web.authentication.UsernamePasswordAuthenticationFilter#0,org.springframework.security.userDetailsServiceFactory,org.springframework.security.web.DefaultSecurityFilterChain#0,org.springframework.security.provisioning.InMemoryUserDetailsManager#0,org.springframework.security.authentication.dao.DaoAuthenticationProvider#0,org.springframework.security.authentication.DefaultAuthenticationEventPublisher#0,in-memory-auth,org.springframework.security.authentication.dao.DaoAuthenticationProvider#1,org.springframework.security.authentication.DefaultAuthenticationEventPublisher#1,dao-auth,userDetailsService,org.springframework.security.provisioning.JdbcUserDetailsManager#0,org.springframework.security.authentication.dao.DaoAuthenticationProvider#2,org.springframework.security.authentication.DefaultAuthenticationEventPublisher#2,jdbc-auth,org.springframework.security.web.PortMapperImpl#1,org.springframework.security.authentication.ProviderManager#1,org.springframework.security.web.context.HttpSessionSecurityContextRepository#1,org.springframework.security.core.session.SessionRegistryImpl#1,org.springframework.security.web.authentication.session.ConcurrentSessionControlStrategy#1,org.springframework.security.web.savedrequest.HttpSessionRequestCache#1,org.springframework.security.web.access.intercept.FilterSecurityInterceptor#1,org.springframework.security.web.access.DefaultWebInvocationPrivilegeEvaluator#1,org.springframework.security.authentication.AnonymousAuthenticationProvider#1,org.springframework.security.web.authentication.UsernamePasswordAuthenticationFilter#1,org.springframework.security.web.DefaultSecurityFilterChain#1,org.springframework.security.provisioning.InMemoryUserDetailsManager#1,org.springframework.security.authentication.dao.DaoAuthenticationProvider#3,org.springframework.security.authentication.DefaultAuthenticationEventPublisher#3,org.springframework.security.authentication.dao.DaoAuthenticationProvider#4,org.springframework.security.authentication.DefaultAuthenticationEventPublisher#4,org.springframework.security.provisioning.JdbcUserDetailsManager#1,org.springframework.security.authentication.dao.DaoAuthenticationProvider#5,org.springframework.security.authentication.DefaultAuthenticationEventPublisher#5,org.springframework.context.annotation.ConfigurationClassPostProcessor$ImportAwareBeanPostProcessor#0]; root of factory hierarchy
Oct 29, 2014 5:17:06 PM org.springframework.orm.hibernate3.AbstractSessionFactoryBean destroy
INFO: Closing Hibernate SessionFactory
Oct 29, 2014 5:17:06 PM org.springframework.test.context.TestContextManager prepareTestInstance
SEVERE: Caught exception while allowing TestExecutionListener [org.springframework.test.context.support.DependencyInjectionTestExecutionListener@dd39d2] to prepare test instance [com.americanbanksystems.wiki.dao.UserRoleDaoTestCase@53acd2]
java.lang.IllegalStateException: Failed to load ApplicationContext
	at org.springframework.test.context.TestContext.getApplicationContext(TestContext.java:157)
	at org.springframework.test.context.support.DependencyInjectionTestExecutionListener.injectDependencies(DependencyInjectionTestExecutionListener.java:109)
	at org.springframework.test.context.support.DependencyInjectionTestExecutionListener.prepareTestInstance(DependencyInjectionTestExecutionListener.java:75)
	at org.springframework.test.context.TestContextManager.prepareTestInstance(TestContextManager.java:321)
	at org.springframework.test.context.junit4.SpringJUnit4ClassRunner.createTest(SpringJUnit4ClassRunner.java:211)
	at org.springframework.test.context.junit4.SpringJUnit4ClassRunner$1.runReflectiveCall(SpringJUnit4ClassRunner.java:288)
	at org.junit.internal.runners.model.ReflectiveCallable.run(ReflectiveCallable.java:15)
	at org.springframework.test.context.junit4.SpringJUnit4ClassRunner.methodBlock(SpringJUnit4ClassRunner.java:290)
	at org.springframework.test.context.junit4.SpringJUnit4ClassRunner.runChild(SpringJUnit4ClassRunner.java:231)
	at org.junit.runners.BlockJUnit4ClassRunner.runChild(BlockJUnit4ClassRunner.java:47)
	at org.junit.runners.ParentRunner$3.run(ParentRunner.java:231)
	at org.junit.runners.ParentRunner$1.schedule(ParentRunner.java:60)
	at org.junit.runners.ParentRunner.runChildren(ParentRunner.java:229)
	at org.junit.runners.ParentRunner.access$000(ParentRunner.java:50)
	at org.junit.runners.ParentRunner$2.evaluate(ParentRunner.java:222)
	at org.springframework.test.context.junit4.statements.RunBeforeTestClassCallbacks.evaluate(RunBeforeTestClassCallbacks.java:61)
	at org.springframework.test.context.junit4.statements.RunAfterTestClassCallbacks.evaluate(RunAfterTestClassCallbacks.java:71)
	at org.junit.runners.ParentRunner.run(ParentRunner.java:300)
	at org.springframework.test.context.junit4.SpringJUnit4ClassRunner.run(SpringJUnit4ClassRunner.java:174)
	at org.apache.maven.surefire.junit4.JUnit4Provider.execute(JUnit4Provider.java:252)
	at org.apache.maven.surefire.junit4.JUnit4Provider.executeTestSet(JUnit4Provider.java:141)
	at org.apache.maven.surefire.junit4.JUnit4Provider.invoke(JUnit4Provider.java:112)
	at sun.reflect.NativeMethodAccessorImpl.invoke0(Native Method)
	at sun.reflect.NativeMethodAccessorImpl.invoke(NativeMethodAccessorImpl.java:62)
	at sun.reflect.DelegatingMethodAccessorImpl.invoke(DelegatingMethodAccessorImpl.java:43)
	at java.lang.reflect.Method.invoke(Method.java:483)
	at org.apache.maven.surefire.util.ReflectionUtils.invokeMethodWithArray(ReflectionUtils.java:189)
	at org.apache.maven.surefire.booter.ProviderFactory$ProviderProxy.invoke(ProviderFactory.java:165)
	at org.apache.maven.surefire.booter.ProviderFactory.invokeProvider(ProviderFactory.java:85)
	at org.apache.maven.surefire.booter.ForkedBooter.runSuitesInProcess(ForkedBooter.java:115)
	at org.apache.maven.surefire.booter.ForkedBooter.main(ForkedBooter.java:75)
Caused by: org.springframework.beans.factory.BeanCreationException: Error creating bean with name &apos;org.springframework.security.filterChainProxy&apos;: Invocation of init method failed; nested exception is java.lang.IllegalArgumentException: A universal match pattern (&apos;/**&apos;) is defined  before other patterns in the filter chain, causing them to be ignored. Please check the ordering in your &lt;security:http&gt; namespace or FilterChainProxy bean configuration
	at org.springframework.beans.factory.support.AbstractAutowireCapableBeanFactory.initializeBean(AbstractAutowireCapableBeanFactory.java:1455)
	at org.springframework.beans.factory.support.AbstractAutowireCapableBeanFactory.doCreateBean(AbstractAutowireCapableBeanFactory.java:519)
	at org.springframework.beans.factory.support.AbstractAutowireCapableBeanFactory.createBean(AbstractAutowireCapableBeanFactory.java:456)
	at org.springframework.beans.factory.support.AbstractBeanFactory$1.getObject(AbstractBeanFactory.java:294)
	at org.springframework.beans.factory.support.DefaultSingletonBeanRegistry.getSingleton(DefaultSingletonBeanRegistry.java:225)
	at org.springframework.beans.factory.support.AbstractBeanFactory.doGetBean(AbstractBeanFactory.java:291)
	at org.springframework.beans.factory.support.AbstractBeanFactory.getBean(AbstractBeanFactory.java:193)
	at org.springframework.beans.factory.support.DefaultListableBeanFactory.preInstantiateSingletons(DefaultListableBeanFactory.java:585)
	at org.springframework.context.support.AbstractApplicationContext.finishBeanFactoryInitialization(AbstractApplicationContext.java:913)
	at org.springframework.context.support.AbstractApplicationContext.refresh(AbstractApplicationContext.java:464)
	at org.springframework.test.context.support.AbstractGenericContextLoader.loadContext(AbstractGenericContextLoader.java:103)
	at org.springframework.test.context.support.AbstractGenericContextLoader.loadContext(AbstractGenericContextLoader.java:1)
	at org.springframework.test.context.support.DelegatingSmartContextLoader.loadContext(DelegatingSmartContextLoader.java:228)
	at org.springframework.test.context.TestContext.loadApplicationContext(TestContext.java:124)
	at org.springframework.test.context.TestContext.getApplicationContext(TestContext.java:148)
	... 30 more
Caused by: java.lang.IllegalArgumentException: A universal match pattern (&apos;/**&apos;) is defined  before other patterns in the filter chain, causing them to be ignored. Please check the ordering in your &lt;security:http&gt; namespace or FilterChainProxy bean configuration
	at org.springframework.security.config.http.DefaultFilterChainValidator.checkPathOrder(DefaultFilterChainValidator.java:49)
	at org.springframework.security.config.http.DefaultFilterChainValidator.validate(DefaultFilterChainValidator.java:39)
	at org.springframework.security.web.FilterChainProxy.afterPropertiesSet(FilterChainProxy.java:148)
	at org.springframework.beans.factory.support.AbstractAutowireCapableBeanFactory.invokeInitMethods(AbstractAutowireCapableBeanFactory.java:1514)
	at org.springframework.beans.factory.support.AbstractAutowireCapableBeanFactory.initializeBean(AbstractAutowireCapableBeanFactory.java:1452)
	... 44 more

</system-err>
  </testcase>
  <testcase classname="com.americanbanksystems.wiki.dao.UserRoleDaoTestCase" name="testList" time="0.001">
    <error message="Failed to load ApplicationContext" type="java.lang.IllegalStateException">java.lang.IllegalStateException: Failed to load ApplicationContext
	at org.springframework.test.context.TestContext.getApplicationContext(TestContext.java:157)
	at org.springframework.test.context.support.DependencyInjectionTestExecutionListener.injectDependencies(DependencyInjectionTestExecutionListener.java:109)
	at org.springframework.test.context.support.DependencyInjectionTestExecutionListener.prepareTestInstance(DependencyInjectionTestExecutionListener.java:75)
	at org.springframework.test.context.TestContextManager.prepareTestInstance(TestContextManager.java:321)
	at org.springframework.test.context.junit4.SpringJUnit4ClassRunner.createTest(SpringJUnit4ClassRunner.java:211)
	at org.springframework.test.context.junit4.SpringJUnit4ClassRunner$1.runReflectiveCall(SpringJUnit4ClassRunner.java:288)
	at org.junit.internal.runners.model.ReflectiveCallable.run(ReflectiveCallable.java:15)
	at org.springframework.test.context.junit4.SpringJUnit4ClassRunner.methodBlock(SpringJUnit4ClassRunner.java:290)
	at org.springframework.test.context.junit4.SpringJUnit4ClassRunner.runChild(SpringJUnit4ClassRunner.java:231)
	at org.junit.runners.BlockJUnit4ClassRunner.runChild(BlockJUnit4ClassRunner.java:47)
	at org.junit.runners.ParentRunner$3.run(ParentRunner.java:231)
	at org.junit.runners.ParentRunner$1.schedule(ParentRunner.java:60)
	at org.junit.runners.ParentRunner.runChildren(ParentRunner.java:229)
	at org.junit.runners.ParentRunner.access$000(ParentRunner.java:50)
	at org.junit.runners.ParentRunner$2.evaluate(ParentRunner.java:222)
	at org.springframework.test.context.junit4.statements.RunBeforeTestClassCallbacks.evaluate(RunBeforeTestClassCallbacks.java:61)
	at org.springframework.test.context.junit4.statements.RunAfterTestClassCallbacks.evaluate(RunAfterTestClassCallbacks.java:71)
	at org.junit.runners.ParentRunner.run(ParentRunner.java:300)
	at org.springframework.test.context.junit4.SpringJUnit4ClassRunner.run(SpringJUnit4ClassRunner.java:174)
	at org.apache.maven.surefire.junit4.JUnit4Provider.execute(JUnit4Provider.java:252)
	at org.apache.maven.surefire.junit4.JUnit4Provider.executeTestSet(JUnit4Provider.java:141)
	at org.apache.maven.surefire.junit4.JUnit4Provider.invoke(JUnit4Provider.java:112)
	at sun.reflect.NativeMethodAccessorImpl.invoke0(Native Method)
	at sun.reflect.NativeMethodAccessorImpl.invoke(NativeMethodAccessorImpl.java:62)
	at sun.reflect.DelegatingMethodAccessorImpl.invoke(DelegatingMethodAccessorImpl.java:43)
	at java.lang.reflect.Method.invoke(Method.java:483)
	at org.apache.maven.surefire.util.ReflectionUtils.invokeMethodWithArray(ReflectionUtils.java:189)
	at org.apache.maven.surefire.booter.ProviderFactory$ProviderProxy.invoke(ProviderFactory.java:165)
	at org.apache.maven.surefire.booter.ProviderFactory.invokeProvider(ProviderFactory.java:85)
	at org.apache.maven.surefire.booter.ForkedBooter.runSuitesInProcess(ForkedBooter.java:115)
	at org.apache.maven.surefire.booter.ForkedBooter.main(ForkedBooter.java:75)
Caused by: org.springframework.beans.factory.BeanCreationException: Error creating bean with name &apos;org.springframework.security.filterChainProxy&apos;: Invocation of init method failed; nested exception is java.lang.IllegalArgumentException: A universal match pattern (&apos;/**&apos;) is defined  before other patterns in the filter chain, causing them to be ignored. Please check the ordering in your &lt;security:http&gt; namespace or FilterChainProxy bean configuration
	at org.springframework.beans.factory.support.AbstractAutowireCapableBeanFactory.initializeBean(AbstractAutowireCapableBeanFactory.java:1455)
	at org.springframework.beans.factory.support.AbstractAutowireCapableBeanFactory.doCreateBean(AbstractAutowireCapableBeanFactory.java:519)
	at org.springframework.beans.factory.support.AbstractAutowireCapableBeanFactory.createBean(AbstractAutowireCapableBeanFactory.java:456)
	at org.springframework.beans.factory.support.AbstractBeanFactory$1.getObject(AbstractBeanFactory.java:294)
	at org.springframework.beans.factory.support.DefaultSingletonBeanRegistry.getSingleton(DefaultSingletonBeanRegistry.java:225)
	at org.springframework.beans.factory.support.AbstractBeanFactory.doGetBean(AbstractBeanFactory.java:291)
	at org.springframework.beans.factory.support.AbstractBeanFactory.getBean(AbstractBeanFactory.java:193)
	at org.springframework.beans.factory.support.DefaultListableBeanFactory.preInstantiateSingletons(DefaultListableBeanFactory.java:585)
	at org.springframework.context.support.AbstractApplicationContext.finishBeanFactoryInitialization(AbstractApplicationContext.java:913)
	at org.springframework.context.support.AbstractApplicationContext.refresh(AbstractApplicationContext.java:464)
	at org.springframework.test.context.support.AbstractGenericContextLoader.loadContext(AbstractGenericContextLoader.java:103)
	at org.springframework.test.context.support.AbstractGenericContextLoader.loadContext(AbstractGenericContextLoader.java:1)
	at org.springframework.test.context.support.DelegatingSmartContextLoader.loadContext(DelegatingSmartContextLoader.java:228)
	at org.springframework.test.context.TestContext.loadApplicationContext(TestContext.java:124)
	at org.springframework.test.context.TestContext.getApplicationContext(TestContext.java:148)
	... 30 more
Caused by: java.lang.IllegalArgumentException: A universal match pattern (&apos;/**&apos;) is defined  before other patterns in the filter chain, causing them to be ignored. Please check the ordering in your &lt;security:http&gt; namespace or FilterChainProxy bean configuration
	at org.springframework.security.config.http.DefaultFilterChainValidator.checkPathOrder(DefaultFilterChainValidator.java:49)
	at org.springframework.security.config.http.DefaultFilterChainValidator.validate(DefaultFilterChainValidator.java:39)
	at org.springframework.security.web.FilterChainProxy.afterPropertiesSet(FilterChainProxy.java:148)
	at org.springframework.beans.factory.support.AbstractAutowireCapableBeanFactory.invokeInitMethods(AbstractAutowireCapableBeanFactory.java:1514)
	at org.springframework.beans.factory.support.AbstractAutowireCapableBeanFactory.initializeBean(AbstractAutowireCapableBeanFactory.java:1452)
	... 44 more
</error>
    <system-err>Oct 29, 2014 5:17:06 PM org.springframework.beans.factory.xml.XmlBeanDefinitionReader loadBeanDefinitions
INFO: Loading XML bean definitions from class path resource [persistence-beans.xml]
Oct 29, 2014 5:17:06 PM org.springframework.security.config.SecurityNamespaceHandler &lt;init&gt;
INFO: Spring Security &apos;config&apos; module version is 3.1.0.RELEASE
Oct 29, 2014 5:17:06 PM org.springframework.security.config.http.HttpSecurityBeanDefinitionParser checkFilterChainOrder
INFO: Checking sorted filter chain: [Root bean: class [org.springframework.security.web.session.ConcurrentSessionFilter]; scope=; abstract=false; lazyInit=false; autowireMode=0; dependencyCheck=0; autowireCandidate=true; primary=false; factoryBeanName=null; factoryMethodName=null; initMethodName=null; destroyMethodName=null, order = 200, Root bean: class [org.springframework.security.web.context.SecurityContextPersistenceFilter]; scope=; abstract=false; lazyInit=false; autowireMode=0; dependencyCheck=0; autowireCandidate=true; primary=false; factoryBeanName=null; factoryMethodName=null; initMethodName=null; destroyMethodName=null, order = 300, Root bean: class [org.springframework.security.web.authentication.logout.LogoutFilter]; scope=; abstract=false; lazyInit=false; autowireMode=0; dependencyCheck=0; autowireCandidate=true; primary=false; factoryBeanName=null; factoryMethodName=null; initMethodName=null; destroyMethodName=null, order = 400, &lt;org.springframework.security.web.authentication.UsernamePasswordAuthenticationFilter#0&gt;, order = 800, Root bean: class [org.springframework.security.web.savedrequest.RequestCacheAwareFilter]; scope=; abstract=false; lazyInit=false; autowireMode=0; dependencyCheck=0; autowireCandidate=true; primary=false; factoryBeanName=null; factoryMethodName=null; initMethodName=null; destroyMethodName=null, order = 1300, Root bean: class [org.springframework.security.web.servletapi.SecurityContextHolderAwareRequestFilter]; scope=; abstract=false; lazyInit=false; autowireMode=0; dependencyCheck=0; autowireCandidate=true; primary=false; factoryBeanName=null; factoryMethodName=null; initMethodName=null; destroyMethodName=null, order = 1400, Root bean: class [org.springframework.security.web.authentication.AnonymousAuthenticationFilter]; scope=; abstract=false; lazyInit=false; autowireMode=0; dependencyCheck=0; autowireCandidate=true; primary=false; factoryBeanName=null; factoryMethodName=null; initMethodName=null; destroyMethodName=null, order = 1700, Root bean: class [org.springframework.security.web.session.SessionManagementFilter]; scope=; abstract=false; lazyInit=false; autowireMode=0; dependencyCheck=0; autowireCandidate=true; primary=false; factoryBeanName=null; factoryMethodName=null; initMethodName=null; destroyMethodName=null, order = 1800, Root bean: class [org.springframework.security.web.access.ExceptionTranslationFilter]; scope=; abstract=false; lazyInit=false; autowireMode=0; dependencyCheck=0; autowireCandidate=true; primary=false; factoryBeanName=null; factoryMethodName=null; initMethodName=null; destroyMethodName=null, order = 1900, &lt;org.springframework.security.web.access.intercept.FilterSecurityInterceptor#0&gt;, order = 2000]
Oct 29, 2014 5:17:06 PM org.springframework.beans.factory.xml.XmlBeanDefinitionReader loadBeanDefinitions
INFO: Loading XML bean definitions from class path resource [persistence-beans.xml]
Oct 29, 2014 5:17:06 PM org.springframework.beans.factory.support.DefaultListableBeanFactory registerBeanDefinition
INFO: Overriding bean definition for bean &apos;dataSource&apos;: replacing [Generic bean: class [org.springframework.jdbc.datasource.DriverManagerDataSource]; scope=; abstract=false; lazyInit=false; autowireMode=0; dependencyCheck=0; autowireCandidate=true; primary=false; factoryBeanName=null; factoryMethodName=null; initMethodName=null; destroyMethodName=null; defined in class path resource [persistence-beans.xml]] with [Generic bean: class [org.springframework.jdbc.datasource.DriverManagerDataSource]; scope=; abstract=false; lazyInit=false; autowireMode=0; dependencyCheck=0; autowireCandidate=true; primary=false; factoryBeanName=null; factoryMethodName=null; initMethodName=null; destroyMethodName=null; defined in class path resource [persistence-beans.xml]]
Oct 29, 2014 5:17:06 PM org.springframework.beans.factory.support.DefaultListableBeanFactory registerBeanDefinition
INFO: Overriding bean definition for bean &apos;sessionFactory&apos;: replacing [Generic bean: class [org.springframework.orm.hibernate3.annotation.AnnotationSessionFactoryBean]; scope=; abstract=false; lazyInit=false; autowireMode=0; dependencyCheck=0; autowireCandidate=true; primary=false; factoryBeanName=null; factoryMethodName=null; initMethodName=null; destroyMethodName=null; defined in class path resource [persistence-beans.xml]] with [Generic bean: class [org.springframework.orm.hibernate3.annotation.AnnotationSessionFactoryBean]; scope=; abstract=false; lazyInit=false; autowireMode=0; dependencyCheck=0; autowireCandidate=true; primary=false; factoryBeanName=null; factoryMethodName=null; initMethodName=null; destroyMethodName=null; defined in class path resource [persistence-beans.xml]]
Oct 29, 2014 5:17:06 PM org.springframework.beans.factory.support.DefaultListableBeanFactory registerBeanDefinition
INFO: Overriding bean definition for bean &apos;transactionManager&apos;: replacing [Generic bean: class [org.springframework.orm.hibernate3.HibernateTransactionManager]; scope=; abstract=false; lazyInit=false; autowireMode=0; dependencyCheck=0; autowireCandidate=true; primary=false; factoryBeanName=null; factoryMethodName=null; initMethodName=null; destroyMethodName=null; defined in class path resource [persistence-beans.xml]] with [Generic bean: class [org.springframework.orm.hibernate3.HibernateTransactionManager]; scope=; abstract=false; lazyInit=false; autowireMode=0; dependencyCheck=0; autowireCandidate=true; primary=false; factoryBeanName=null; factoryMethodName=null; initMethodName=null; destroyMethodName=null; defined in class path resource [persistence-beans.xml]]
Oct 29, 2014 5:17:06 PM org.springframework.beans.factory.support.DefaultListableBeanFactory registerBeanDefinition
INFO: Overriding bean definition for bean &apos;jdbcTemplate&apos;: replacing [Generic bean: class [org.springframework.jdbc.core.simple.SimpleJdbcTemplate]; scope=; abstract=false; lazyInit=false; autowireMode=0; dependencyCheck=0; autowireCandidate=true; primary=false; factoryBeanName=null; factoryMethodName=null; initMethodName=null; destroyMethodName=null; defined in class path resource [persistence-beans.xml]] with [Generic bean: class [org.springframework.jdbc.core.simple.SimpleJdbcTemplate]; scope=; abstract=false; lazyInit=false; autowireMode=0; dependencyCheck=0; autowireCandidate=true; primary=false; factoryBeanName=null; factoryMethodName=null; initMethodName=null; destroyMethodName=null; defined in class path resource [persistence-beans.xml]]
Oct 29, 2014 5:17:06 PM org.springframework.beans.factory.support.DefaultListableBeanFactory registerBeanDefinition
INFO: Overriding bean definition for bean &apos;roleVoter&apos;: replacing [Generic bean: class [org.springframework.security.access.vote.RoleVoter]; scope=; abstract=false; lazyInit=false; autowireMode=0; dependencyCheck=0; autowireCandidate=true; primary=false; factoryBeanName=null; factoryMethodName=null; initMethodName=null; destroyMethodName=null; defined in class path resource [persistence-beans.xml]] with [Generic bean: class [org.springframework.security.access.vote.RoleVoter]; scope=; abstract=false; lazyInit=false; autowireMode=0; dependencyCheck=0; autowireCandidate=true; primary=false; factoryBeanName=null; factoryMethodName=null; initMethodName=null; destroyMethodName=null; defined in class path resource [persistence-beans.xml]]
Oct 29, 2014 5:17:06 PM org.springframework.beans.factory.support.DefaultListableBeanFactory registerBeanDefinition
INFO: Overriding bean definition for bean &apos;accessDecisionManager&apos;: replacing [Generic bean: class [org.springframework.security.access.vote.AffirmativeBased]; scope=; abstract=false; lazyInit=false; autowireMode=0; dependencyCheck=0; autowireCandidate=true; primary=false; factoryBeanName=null; factoryMethodName=null; initMethodName=null; destroyMethodName=null; defined in class path resource [persistence-beans.xml]] with [Generic bean: class [org.springframework.security.access.vote.AffirmativeBased]; scope=; abstract=false; lazyInit=false; autowireMode=0; dependencyCheck=0; autowireCandidate=true; primary=false; factoryBeanName=null; factoryMethodName=null; initMethodName=null; destroyMethodName=null; defined in class path resource [persistence-beans.xml]]
Oct 29, 2014 5:17:06 PM org.springframework.security.config.http.HttpSecurityBeanDefinitionParser checkFilterChainOrder
INFO: Checking sorted filter chain: [Root bean: class [org.springframework.security.web.session.ConcurrentSessionFilter]; scope=; abstract=false; lazyInit=false; autowireMode=0; dependencyCheck=0; autowireCandidate=true; primary=false; factoryBeanName=null; factoryMethodName=null; initMethodName=null; destroyMethodName=null, order = 200, Root bean: class [org.springframework.security.web.context.SecurityContextPersistenceFilter]; scope=; abstract=false; lazyInit=false; autowireMode=0; dependencyCheck=0; autowireCandidate=true; primary=false; factoryBeanName=null; factoryMethodName=null; initMethodName=null; destroyMethodName=null, order = 300, Root bean: class [org.springframework.security.web.authentication.logout.LogoutFilter]; scope=; abstract=false; lazyInit=false; autowireMode=0; dependencyCheck=0; autowireCandidate=true; primary=false; factoryBeanName=null; factoryMethodName=null; initMethodName=null; destroyMethodName=null, order = 400, &lt;org.springframework.security.web.authentication.UsernamePasswordAuthenticationFilter#1&gt;, order = 800, Root bean: class [org.springframework.security.web.savedrequest.RequestCacheAwareFilter]; scope=; abstract=false; lazyInit=false; autowireMode=0; dependencyCheck=0; autowireCandidate=true; primary=false; factoryBeanName=null; factoryMethodName=null; initMethodName=null; destroyMethodName=null, order = 1300, Root bean: class [org.springframework.security.web.servletapi.SecurityContextHolderAwareRequestFilter]; scope=; abstract=false; lazyInit=false; autowireMode=0; dependencyCheck=0; autowireCandidate=true; primary=false; factoryBeanName=null; factoryMethodName=null; initMethodName=null; destroyMethodName=null, order = 1400, Root bean: class [org.springframework.security.web.authentication.AnonymousAuthenticationFilter]; scope=; abstract=false; lazyInit=false; autowireMode=0; dependencyCheck=0; autowireCandidate=true; primary=false; factoryBeanName=null; factoryMethodName=null; initMethodName=null; destroyMethodName=null, order = 1700, Root bean: class [org.springframework.security.web.session.SessionManagementFilter]; scope=; abstract=false; lazyInit=false; autowireMode=0; dependencyCheck=0; autowireCandidate=true; primary=false; factoryBeanName=null; factoryMethodName=null; initMethodName=null; destroyMethodName=null, order = 1800, Root bean: class [org.springframework.security.web.access.ExceptionTranslationFilter]; scope=; abstract=false; lazyInit=false; autowireMode=0; dependencyCheck=0; autowireCandidate=true; primary=false; factoryBeanName=null; factoryMethodName=null; initMethodName=null; destroyMethodName=null, order = 1900, &lt;org.springframework.security.web.access.intercept.FilterSecurityInterceptor#1&gt;, order = 2000]
Oct 29, 2014 5:17:06 PM org.springframework.beans.factory.support.DefaultListableBeanFactory registerBeanDefinition
INFO: Overriding bean definition for bean &apos;in-memory-auth&apos;: replacing [Root bean: class [org.springframework.security.authentication.ProviderManager]; scope=; abstract=false; lazyInit=false; autowireMode=0; dependencyCheck=0; autowireCandidate=true; primary=false; factoryBeanName=null; factoryMethodName=null; initMethodName=null; destroyMethodName=null] with [Root bean: class [org.springframework.security.authentication.ProviderManager]; scope=; abstract=false; lazyInit=false; autowireMode=0; dependencyCheck=0; autowireCandidate=true; primary=false; factoryBeanName=null; factoryMethodName=null; initMethodName=null; destroyMethodName=null]
Oct 29, 2014 5:17:06 PM org.springframework.beans.factory.support.DefaultListableBeanFactory registerBeanDefinition
INFO: Overriding bean definition for bean &apos;dao-auth&apos;: replacing [Root bean: class [org.springframework.security.authentication.ProviderManager]; scope=; abstract=false; lazyInit=false; autowireMode=0; dependencyCheck=0; autowireCandidate=true; primary=false; factoryBeanName=null; factoryMethodName=null; initMethodName=null; destroyMethodName=null] with [Root bean: class [org.springframework.security.authentication.ProviderManager]; scope=; abstract=false; lazyInit=false; autowireMode=0; dependencyCheck=0; autowireCandidate=true; primary=false; factoryBeanName=null; factoryMethodName=null; initMethodName=null; destroyMethodName=null]
Oct 29, 2014 5:17:06 PM org.springframework.beans.factory.support.DefaultListableBeanFactory registerBeanDefinition
INFO: Overriding bean definition for bean &apos;userDetailsService&apos;: replacing [Generic bean: class [com.americanbanksystems.wiki.security.dao.implementation.UserDetailsServiceImpl]; scope=; abstract=false; lazyInit=false; autowireMode=0; dependencyCheck=0; autowireCandidate=true; primary=false; factoryBeanName=null; factoryMethodName=null; initMethodName=null; destroyMethodName=null; defined in class path resource [persistence-beans.xml]] with [Generic bean: class [com.americanbanksystems.wiki.security.dao.implementation.UserDetailsServiceImpl]; scope=; abstract=false; lazyInit=false; autowireMode=0; dependencyCheck=0; autowireCandidate=true; primary=false; factoryBeanName=null; factoryMethodName=null; initMethodName=null; destroyMethodName=null; defined in class path resource [persistence-beans.xml]]
Oct 29, 2014 5:17:06 PM org.springframework.beans.factory.support.DefaultListableBeanFactory registerBeanDefinition
INFO: Overriding bean definition for bean &apos;jdbc-auth&apos;: replacing [Root bean: class [org.springframework.security.authentication.ProviderManager]; scope=; abstract=false; lazyInit=false; autowireMode=0; dependencyCheck=0; autowireCandidate=true; primary=false; factoryBeanName=null; factoryMethodName=null; initMethodName=null; destroyMethodName=null] with [Root bean: class [org.springframework.security.authentication.ProviderManager]; scope=; abstract=false; lazyInit=false; autowireMode=0; dependencyCheck=0; autowireCandidate=true; primary=false; factoryBeanName=null; factoryMethodName=null; initMethodName=null; destroyMethodName=null]
Oct 29, 2014 5:17:06 PM org.springframework.context.support.AbstractApplicationContext prepareRefresh
INFO: Refreshing org.springframework.context.support.GenericApplicationContext@aa10f4: startup date [Wed Oct 29 17:17:06 CDT 2014]; root of context hierarchy
Oct 29, 2014 5:17:06 PM org.springframework.beans.factory.support.DefaultListableBeanFactory preInstantiateSingletons
INFO: Pre-instantiating singletons in org.springframework.beans.factory.support.DefaultListableBeanFactory@12ac7e6: defining beans [org.springframework.context.annotation.internalConfigurationAnnotationProcessor,org.springframework.context.annotation.internalAutowiredAnnotationProcessor,org.springframework.context.annotation.internalRequiredAnnotationProcessor,org.springframework.context.annotation.internalCommonAnnotationProcessor,org.springframework.context.annotation.internalPersistenceAnnotationProcessor,articleDao,attachmentDao,productDao,userDao,userRoleDao,org.springframework.aop.config.internalAutoProxyCreator,org.springframework.transaction.annotation.AnnotationTransactionAttributeSource#0,org.springframework.transaction.interceptor.TransactionInterceptor#0,org.springframework.transaction.config.internalTransactionAdvisor,dataSource,sessionFactory,transactionManager,jdbcTemplate,roleVoter,accessDecisionManager,org.springframework.security.filterChains,org.springframework.security.filterChainProxy,org.springframework.security.web.PortMapperImpl#0,org.springframework.security.authentication.ProviderManager#0,org.springframework.security.web.context.HttpSessionSecurityContextRepository#0,org.springframework.security.core.session.SessionRegistryImpl#0,org.springframework.security.web.authentication.session.ConcurrentSessionControlStrategy#0,org.springframework.security.web.savedrequest.HttpSessionRequestCache#0,org.springframework.security.web.access.intercept.FilterSecurityInterceptor#0,org.springframework.security.web.access.DefaultWebInvocationPrivilegeEvaluator#0,org.springframework.security.authentication.AnonymousAuthenticationProvider#0,org.springframework.security.web.authentication.UsernamePasswordAuthenticationFilter#0,org.springframework.security.userDetailsServiceFactory,org.springframework.security.web.DefaultSecurityFilterChain#0,org.springframework.security.provisioning.InMemoryUserDetailsManager#0,org.springframework.security.authentication.dao.DaoAuthenticationProvider#0,org.springframework.security.authentication.DefaultAuthenticationEventPublisher#0,in-memory-auth,org.springframework.security.authentication.dao.DaoAuthenticationProvider#1,org.springframework.security.authentication.DefaultAuthenticationEventPublisher#1,dao-auth,userDetailsService,org.springframework.security.provisioning.JdbcUserDetailsManager#0,org.springframework.security.authentication.dao.DaoAuthenticationProvider#2,org.springframework.security.authentication.DefaultAuthenticationEventPublisher#2,jdbc-auth,org.springframework.security.web.PortMapperImpl#1,org.springframework.security.authentication.ProviderManager#1,org.springframework.security.web.context.HttpSessionSecurityContextRepository#1,org.springframework.security.core.session.SessionRegistryImpl#1,org.springframework.security.web.authentication.session.ConcurrentSessionControlStrategy#1,org.springframework.security.web.savedrequest.HttpSessionRequestCache#1,org.springframework.security.web.access.intercept.FilterSecurityInterceptor#1,org.springframework.security.web.access.DefaultWebInvocationPrivilegeEvaluator#1,org.springframework.security.authentication.AnonymousAuthenticationProvider#1,org.springframework.security.web.authentication.UsernamePasswordAuthenticationFilter#1,org.springframework.security.web.DefaultSecurityFilterChain#1,org.springframework.security.provisioning.InMemoryUserDetailsManager#1,org.springframework.security.authentication.dao.DaoAuthenticationProvider#3,org.springframework.security.authentication.DefaultAuthenticationEventPublisher#3,org.springframework.security.authentication.dao.DaoAuthenticationProvider#4,org.springframework.security.authentication.DefaultAuthenticationEventPublisher#4,org.springframework.security.provisioning.JdbcUserDetailsManager#1,org.springframework.security.authentication.dao.DaoAuthenticationProvider#5,org.springframework.security.authentication.DefaultAuthenticationEventPublisher#5,org.springframework.context.annotation.ConfigurationClassPostProcessor$ImportAwareBeanPostProcessor#0]; root of factory hierarchy
Oct 29, 2014 5:17:06 PM org.springframework.jdbc.datasource.DriverManagerDataSource setDriverClassName
INFO: Loaded JDBC driver: com.mysql.jdbc.jdbc2.optional.MysqlDataSource
Oct 29, 2014 5:17:06 PM org.springframework.orm.hibernate3.LocalSessionFactoryBean buildSessionFactory
INFO: Building new Hibernate SessionFactory
Oct 29, 2014 5:17:06 PM org.springframework.orm.hibernate3.HibernateTransactionManager afterPropertiesSet
INFO: Using DataSource [org.springframework.jdbc.datasource.DriverManagerDataSource@829999] of Hibernate SessionFactory for HibernateTransactionManager
Oct 29, 2014 5:17:06 PM org.springframework.security.provisioning.JdbcUserDetailsManager initDao
INFO: No authentication manager set. Reauthentication of users when changing passwords will not be performed.
Oct 29, 2014 5:17:06 PM org.springframework.security.web.DefaultSecurityFilterChain &lt;init&gt;
INFO: Creating filter chain: org.springframework.security.web.util.AnyRequestMatcher@1, [org.springframework.security.web.session.ConcurrentSessionFilter@a8ef3a, org.springframework.security.web.context.SecurityContextPersistenceFilter@1043b04, org.springframework.security.web.authentication.logout.LogoutFilter@11f5b1d, org.springframework.security.web.authentication.UsernamePasswordAuthenticationFilter@1f295b6, org.springframework.security.web.savedrequest.RequestCacheAwareFilter@687d8d, org.springframework.security.web.servletapi.SecurityContextHolderAwareRequestFilter@82b5df, org.springframework.security.web.authentication.AnonymousAuthenticationFilter@1eec8e1, org.springframework.security.web.session.SessionManagementFilter@14ae8f, org.springframework.security.web.access.ExceptionTranslationFilter@1a93755, org.springframework.security.web.access.intercept.FilterSecurityInterceptor@dc59b2]
Oct 29, 2014 5:17:06 PM org.springframework.security.web.DefaultSecurityFilterChain &lt;init&gt;
INFO: Creating filter chain: org.springframework.security.web.util.AnyRequestMatcher@1, [org.springframework.security.web.session.ConcurrentSessionFilter@1287b98, org.springframework.security.web.context.SecurityContextPersistenceFilter@84240f, org.springframework.security.web.authentication.logout.LogoutFilter@120956, org.springframework.security.web.authentication.UsernamePasswordAuthenticationFilter@175fb1c, org.springframework.security.web.savedrequest.RequestCacheAwareFilter@13da911, org.springframework.security.web.servletapi.SecurityContextHolderAwareRequestFilter@7e5be5, org.springframework.security.web.authentication.AnonymousAuthenticationFilter@84ac45, org.springframework.security.web.session.SessionManagementFilter@6f1852, org.springframework.security.web.access.ExceptionTranslationFilter@a246af, org.springframework.security.web.access.intercept.FilterSecurityInterceptor@4389ed]
Oct 29, 2014 5:17:06 PM org.springframework.security.config.http.DefaultFilterChainValidator checkLoginPageIsntProtected
INFO: Checking whether login URL &apos;/login&apos; is accessible with your configuration
Oct 29, 2014 5:17:06 PM org.springframework.security.config.http.DefaultFilterChainValidator checkLoginPageIsntProtected
INFO: Checking whether login URL &apos;/login&apos; is accessible with your configuration
Oct 29, 2014 5:17:06 PM org.springframework.beans.factory.support.DefaultSingletonBeanRegistry destroySingletons
INFO: Destroying singletons in org.springframework.beans.factory.support.DefaultListableBeanFactory@12ac7e6: defining beans [org.springframework.context.annotation.internalConfigurationAnnotationProcessor,org.springframework.context.annotation.internalAutowiredAnnotationProcessor,org.springframework.context.annotation.internalRequiredAnnotationProcessor,org.springframework.context.annotation.internalCommonAnnotationProcessor,org.springframework.context.annotation.internalPersistenceAnnotationProcessor,articleDao,attachmentDao,productDao,userDao,userRoleDao,org.springframework.aop.config.internalAutoProxyCreator,org.springframework.transaction.annotation.AnnotationTransactionAttributeSource#0,org.springframework.transaction.interceptor.TransactionInterceptor#0,org.springframework.transaction.config.internalTransactionAdvisor,dataSource,sessionFactory,transactionManager,jdbcTemplate,roleVoter,accessDecisionManager,org.springframework.security.filterChains,org.springframework.security.filterChainProxy,org.springframework.security.web.PortMapperImpl#0,org.springframework.security.authentication.ProviderManager#0,org.springframework.security.web.context.HttpSessionSecurityContextRepository#0,org.springframework.security.core.session.SessionRegistryImpl#0,org.springframework.security.web.authentication.session.ConcurrentSessionControlStrategy#0,org.springframework.security.web.savedrequest.HttpSessionRequestCache#0,org.springframework.security.web.access.intercept.FilterSecurityInterceptor#0,org.springframework.security.web.access.DefaultWebInvocationPrivilegeEvaluator#0,org.springframework.security.authentication.AnonymousAuthenticationProvider#0,org.springframework.security.web.authentication.UsernamePasswordAuthenticationFilter#0,org.springframework.security.userDetailsServiceFactory,org.springframework.security.web.DefaultSecurityFilterChain#0,org.springframework.security.provisioning.InMemoryUserDetailsManager#0,org.springframework.security.authentication.dao.DaoAuthenticationProvider#0,org.springframework.security.authentication.DefaultAuthenticationEventPublisher#0,in-memory-auth,org.springframework.security.authentication.dao.DaoAuthenticationProvider#1,org.springframework.security.authentication.DefaultAuthenticationEventPublisher#1,dao-auth,userDetailsService,org.springframework.security.provisioning.JdbcUserDetailsManager#0,org.springframework.security.authentication.dao.DaoAuthenticationProvider#2,org.springframework.security.authentication.DefaultAuthenticationEventPublisher#2,jdbc-auth,org.springframework.security.web.PortMapperImpl#1,org.springframework.security.authentication.ProviderManager#1,org.springframework.security.web.context.HttpSessionSecurityContextRepository#1,org.springframework.security.core.session.SessionRegistryImpl#1,org.springframework.security.web.authentication.session.ConcurrentSessionControlStrategy#1,org.springframework.security.web.savedrequest.HttpSessionRequestCache#1,org.springframework.security.web.access.intercept.FilterSecurityInterceptor#1,org.springframework.security.web.access.DefaultWebInvocationPrivilegeEvaluator#1,org.springframework.security.authentication.AnonymousAuthenticationProvider#1,org.springframework.security.web.authentication.UsernamePasswordAuthenticationFilter#1,org.springframework.security.web.DefaultSecurityFilterChain#1,org.springframework.security.provisioning.InMemoryUserDetailsManager#1,org.springframework.security.authentication.dao.DaoAuthenticationProvider#3,org.springframework.security.authentication.DefaultAuthenticationEventPublisher#3,org.springframework.security.authentication.dao.DaoAuthenticationProvider#4,org.springframework.security.authentication.DefaultAuthenticationEventPublisher#4,org.springframework.security.provisioning.JdbcUserDetailsManager#1,org.springframework.security.authentication.dao.DaoAuthenticationProvider#5,org.springframework.security.authentication.DefaultAuthenticationEventPublisher#5,org.springframework.context.annotation.ConfigurationClassPostProcessor$ImportAwareBeanPostProcessor#0]; root of factory hierarchy
Oct 29, 2014 5:17:06 PM org.springframework.orm.hibernate3.AbstractSessionFactoryBean destroy
INFO: Closing Hibernate SessionFactory
Oct 29, 2014 5:17:06 PM org.springframework.test.context.TestContextManager prepareTestInstance
SEVERE: Caught exception while allowing TestExecutionListener [org.springframework.test.context.support.DependencyInjectionTestExecutionListener@dd39d2] to prepare test instance [com.americanbanksystems.wiki.dao.UserRoleDaoTestCase@17c420c]
java.lang.IllegalStateException: Failed to load ApplicationContext
	at org.springframework.test.context.TestContext.getApplicationContext(TestContext.java:157)
	at org.springframework.test.context.support.DependencyInjectionTestExecutionListener.injectDependencies(DependencyInjectionTestExecutionListener.java:109)
	at org.springframework.test.context.support.DependencyInjectionTestExecutionListener.prepareTestInstance(DependencyInjectionTestExecutionListener.java:75)
	at org.springframework.test.context.TestContextManager.prepareTestInstance(TestContextManager.java:321)
	at org.springframework.test.context.junit4.SpringJUnit4ClassRunner.createTest(SpringJUnit4ClassRunner.java:211)
	at org.springframework.test.context.junit4.SpringJUnit4ClassRunner$1.runReflectiveCall(SpringJUnit4ClassRunner.java:288)
	at org.junit.internal.runners.model.ReflectiveCallable.run(ReflectiveCallable.java:15)
	at org.springframework.test.context.junit4.SpringJUnit4ClassRunner.methodBlock(SpringJUnit4ClassRunner.java:290)
	at org.springframework.test.context.junit4.SpringJUnit4ClassRunner.runChild(SpringJUnit4ClassRunner.java:231)
	at org.junit.runners.BlockJUnit4ClassRunner.runChild(BlockJUnit4ClassRunner.java:47)
	at org.junit.runners.ParentRunner$3.run(ParentRunner.java:231)
	at org.junit.runners.ParentRunner$1.schedule(ParentRunner.java:60)
	at org.junit.runners.ParentRunner.runChildren(ParentRunner.java:229)
	at org.junit.runners.ParentRunner.access$000(ParentRunner.java:50)
	at org.junit.runners.ParentRunner$2.evaluate(ParentRunner.java:222)
	at org.springframework.test.context.junit4.statements.RunBeforeTestClassCallbacks.evaluate(RunBeforeTestClassCallbacks.java:61)
	at org.springframework.test.context.junit4.statements.RunAfterTestClassCallbacks.evaluate(RunAfterTestClassCallbacks.java:71)
	at org.junit.runners.ParentRunner.run(ParentRunner.java:300)
	at org.springframework.test.context.junit4.SpringJUnit4ClassRunner.run(SpringJUnit4ClassRunner.java:174)
	at org.apache.maven.surefire.junit4.JUnit4Provider.execute(JUnit4Provider.java:252)
	at org.apache.maven.surefire.junit4.JUnit4Provider.executeTestSet(JUnit4Provider.java:141)
	at org.apache.maven.surefire.junit4.JUnit4Provider.invoke(JUnit4Provider.java:112)
	at sun.reflect.NativeMethodAccessorImpl.invoke0(Native Method)
	at sun.reflect.NativeMethodAccessorImpl.invoke(NativeMethodAccessorImpl.java:62)
	at sun.reflect.DelegatingMethodAccessorImpl.invoke(DelegatingMethodAccessorImpl.java:43)
	at java.lang.reflect.Method.invoke(Method.java:483)
	at org.apache.maven.surefire.util.ReflectionUtils.invokeMethodWithArray(ReflectionUtils.java:189)
	at org.apache.maven.surefire.booter.ProviderFactory$ProviderProxy.invoke(ProviderFactory.java:165)
	at org.apache.maven.surefire.booter.ProviderFactory.invokeProvider(ProviderFactory.java:85)
	at org.apache.maven.surefire.booter.ForkedBooter.runSuitesInProcess(ForkedBooter.java:115)
	at org.apache.maven.surefire.booter.ForkedBooter.main(ForkedBooter.java:75)
Caused by: org.springframework.beans.factory.BeanCreationException: Error creating bean with name &apos;org.springframework.security.filterChainProxy&apos;: Invocation of init method failed; nested exception is java.lang.IllegalArgumentException: A universal match pattern (&apos;/**&apos;) is defined  before other patterns in the filter chain, causing them to be ignored. Please check the ordering in your &lt;security:http&gt; namespace or FilterChainProxy bean configuration
	at org.springframework.beans.factory.support.AbstractAutowireCapableBeanFactory.initializeBean(AbstractAutowireCapableBeanFactory.java:1455)
	at org.springframework.beans.factory.support.AbstractAutowireCapableBeanFactory.doCreateBean(AbstractAutowireCapableBeanFactory.java:519)
	at org.springframework.beans.factory.support.AbstractAutowireCapableBeanFactory.createBean(AbstractAutowireCapableBeanFactory.java:456)
	at org.springframework.beans.factory.support.AbstractBeanFactory$1.getObject(AbstractBeanFactory.java:294)
	at org.springframework.beans.factory.support.DefaultSingletonBeanRegistry.getSingleton(DefaultSingletonBeanRegistry.java:225)
	at org.springframework.beans.factory.support.AbstractBeanFactory.doGetBean(AbstractBeanFactory.java:291)
	at org.springframework.beans.factory.support.AbstractBeanFactory.getBean(AbstractBeanFactory.java:193)
	at org.springframework.beans.factory.support.DefaultListableBeanFactory.preInstantiateSingletons(DefaultListableBeanFactory.java:585)
	at org.springframework.context.support.AbstractApplicationContext.finishBeanFactoryInitialization(AbstractApplicationContext.java:913)
	at org.springframework.context.support.AbstractApplicationContext.refresh(AbstractApplicationContext.java:464)
	at org.springframework.test.context.support.AbstractGenericContextLoader.loadContext(AbstractGenericContextLoader.java:103)
	at org.springframework.test.context.support.AbstractGenericContextLoader.loadContext(AbstractGenericContextLoader.java:1)
	at org.springframework.test.context.support.DelegatingSmartContextLoader.loadContext(DelegatingSmartContextLoader.java:228)
	at org.springframework.test.context.TestContext.loadApplicationContext(TestContext.java:124)
	at org.springframework.test.context.TestContext.getApplicationContext(TestContext.java:148)
	... 30 more
Caused by: java.lang.IllegalArgumentException: A universal match pattern (&apos;/**&apos;) is defined  before other patterns in the filter chain, causing them to be ignored. Please check the ordering in your &lt;security:http&gt; namespace or FilterChainProxy bean configuration
	at org.springframework.security.config.http.DefaultFilterChainValidator.checkPathOrder(DefaultFilterChainValidator.java:49)
	at org.springframework.security.config.http.DefaultFilterChainValidator.validate(DefaultFilterChainValidator.java:39)
	at org.springframework.security.web.FilterChainProxy.afterPropertiesSet(FilterChainProxy.java:148)
	at org.springframework.beans.factory.support.AbstractAutowireCapableBeanFactory.invokeInitMethods(AbstractAutowireCapableBeanFactory.java:1514)
	at org.springframework.beans.factory.support.AbstractAutowireCapableBeanFactory.initializeBean(AbstractAutowireCapableBeanFactory.java:1452)
	... 44 more

</system-err>
  </testcase>
  <testcase classname="com.americanbanksystems.wiki.dao.UserRoleDaoTestCase" name="testRemove" time="0.001">
    <error message="Failed to load ApplicationContext" type="java.lang.IllegalStateException">java.lang.IllegalStateException: Failed to load ApplicationContext
	at org.springframework.test.context.TestContext.getApplicationContext(TestContext.java:157)
	at org.springframework.test.context.support.DependencyInjectionTestExecutionListener.injectDependencies(DependencyInjectionTestExecutionListener.java:109)
	at org.springframework.test.context.support.DependencyInjectionTestExecutionListener.prepareTestInstance(DependencyInjectionTestExecutionListener.java:75)
	at org.springframework.test.context.TestContextManager.prepareTestInstance(TestContextManager.java:321)
	at org.springframework.test.context.junit4.SpringJUnit4ClassRunner.createTest(SpringJUnit4ClassRunner.java:211)
	at org.springframework.test.context.junit4.SpringJUnit4ClassRunner$1.runReflectiveCall(SpringJUnit4ClassRunner.java:288)
	at org.junit.internal.runners.model.ReflectiveCallable.run(ReflectiveCallable.java:15)
	at org.springframework.test.context.junit4.SpringJUnit4ClassRunner.methodBlock(SpringJUnit4ClassRunner.java:290)
	at org.springframework.test.context.junit4.SpringJUnit4ClassRunner.runChild(SpringJUnit4ClassRunner.java:231)
	at org.junit.runners.BlockJUnit4ClassRunner.runChild(BlockJUnit4ClassRunner.java:47)
	at org.junit.runners.ParentRunner$3.run(ParentRunner.java:231)
	at org.junit.runners.ParentRunner$1.schedule(ParentRunner.java:60)
	at org.junit.runners.ParentRunner.runChildren(ParentRunner.java:229)
	at org.junit.runners.ParentRunner.access$000(ParentRunner.java:50)
	at org.junit.runners.ParentRunner$2.evaluate(ParentRunner.java:222)
	at org.springframework.test.context.junit4.statements.RunBeforeTestClassCallbacks.evaluate(RunBeforeTestClassCallbacks.java:61)
	at org.springframework.test.context.junit4.statements.RunAfterTestClassCallbacks.evaluate(RunAfterTestClassCallbacks.java:71)
	at org.junit.runners.ParentRunner.run(ParentRunner.java:300)
	at org.springframework.test.context.junit4.SpringJUnit4ClassRunner.run(SpringJUnit4ClassRunner.java:174)
	at org.apache.maven.surefire.junit4.JUnit4Provider.execute(JUnit4Provider.java:252)
	at org.apache.maven.surefire.junit4.JUnit4Provider.executeTestSet(JUnit4Provider.java:141)
	at org.apache.maven.surefire.junit4.JUnit4Provider.invoke(JUnit4Provider.java:112)
	at sun.reflect.NativeMethodAccessorImpl.invoke0(Native Method)
	at sun.reflect.NativeMethodAccessorImpl.invoke(NativeMethodAccessorImpl.java:62)
	at sun.reflect.DelegatingMethodAccessorImpl.invoke(DelegatingMethodAccessorImpl.java:43)
	at java.lang.reflect.Method.invoke(Method.java:483)
	at org.apache.maven.surefire.util.ReflectionUtils.invokeMethodWithArray(ReflectionUtils.java:189)
	at org.apache.maven.surefire.booter.ProviderFactory$ProviderProxy.invoke(ProviderFactory.java:165)
	at org.apache.maven.surefire.booter.ProviderFactory.invokeProvider(ProviderFactory.java:85)
	at org.apache.maven.surefire.booter.ForkedBooter.runSuitesInProcess(ForkedBooter.java:115)
	at org.apache.maven.surefire.booter.ForkedBooter.main(ForkedBooter.java:75)
Caused by: org.springframework.beans.factory.BeanCreationException: Error creating bean with name &apos;org.springframework.security.filterChainProxy&apos;: Invocation of init method failed; nested exception is java.lang.IllegalArgumentException: A universal match pattern (&apos;/**&apos;) is defined  before other patterns in the filter chain, causing them to be ignored. Please check the ordering in your &lt;security:http&gt; namespace or FilterChainProxy bean configuration
	at org.springframework.beans.factory.support.AbstractAutowireCapableBeanFactory.initializeBean(AbstractAutowireCapableBeanFactory.java:1455)
	at org.springframework.beans.factory.support.AbstractAutowireCapableBeanFactory.doCreateBean(AbstractAutowireCapableBeanFactory.java:519)
	at org.springframework.beans.factory.support.AbstractAutowireCapableBeanFactory.createBean(AbstractAutowireCapableBeanFactory.java:456)
	at org.springframework.beans.factory.support.AbstractBeanFactory$1.getObject(AbstractBeanFactory.java:294)
	at org.springframework.beans.factory.support.DefaultSingletonBeanRegistry.getSingleton(DefaultSingletonBeanRegistry.java:225)
	at org.springframework.beans.factory.support.AbstractBeanFactory.doGetBean(AbstractBeanFactory.java:291)
	at org.springframework.beans.factory.support.AbstractBeanFactory.getBean(AbstractBeanFactory.java:193)
	at org.springframework.beans.factory.support.DefaultListableBeanFactory.preInstantiateSingletons(DefaultListableBeanFactory.java:585)
	at org.springframework.context.support.AbstractApplicationContext.finishBeanFactoryInitialization(AbstractApplicationContext.java:913)
	at org.springframework.context.support.AbstractApplicationContext.refresh(AbstractApplicationContext.java:464)
	at org.springframework.test.context.support.AbstractGenericContextLoader.loadContext(AbstractGenericContextLoader.java:103)
	at org.springframework.test.context.support.AbstractGenericContextLoader.loadContext(AbstractGenericContextLoader.java:1)
	at org.springframework.test.context.support.DelegatingSmartContextLoader.loadContext(DelegatingSmartContextLoader.java:228)
	at org.springframework.test.context.TestContext.loadApplicationContext(TestContext.java:124)
	at org.springframework.test.context.TestContext.getApplicationContext(TestContext.java:148)
	... 30 more
Caused by: java.lang.IllegalArgumentException: A universal match pattern (&apos;/**&apos;) is defined  before other patterns in the filter chain, causing them to be ignored. Please check the ordering in your &lt;security:http&gt; namespace or FilterChainProxy bean configuration
	at org.springframework.security.config.http.DefaultFilterChainValidator.checkPathOrder(DefaultFilterChainValidator.java:49)
	at org.springframework.security.config.http.DefaultFilterChainValidator.validate(DefaultFilterChainValidator.java:39)
	at org.springframework.security.web.FilterChainProxy.afterPropertiesSet(FilterChainProxy.java:148)
	at org.springframework.beans.factory.support.AbstractAutowireCapableBeanFactory.invokeInitMethods(AbstractAutowireCapableBeanFactory.java:1514)
	at org.springframework.beans.factory.support.AbstractAutowireCapableBeanFactory.initializeBean(AbstractAutowireCapableBeanFactory.java:1452)
	... 44 more
</error>
    <system-err>Oct 29, 2014 5:17:06 PM org.springframework.beans.factory.xml.XmlBeanDefinitionReader loadBeanDefinitions
INFO: Loading XML bean definitions from class path resource [persistence-beans.xml]
Oct 29, 2014 5:17:06 PM org.springframework.security.config.SecurityNamespaceHandler &lt;init&gt;
INFO: Spring Security &apos;config&apos; module version is 3.1.0.RELEASE
Oct 29, 2014 5:17:06 PM org.springframework.security.config.http.HttpSecurityBeanDefinitionParser checkFilterChainOrder
INFO: Checking sorted filter chain: [Root bean: class [org.springframework.security.web.session.ConcurrentSessionFilter]; scope=; abstract=false; lazyInit=false; autowireMode=0; dependencyCheck=0; autowireCandidate=true; primary=false; factoryBeanName=null; factoryMethodName=null; initMethodName=null; destroyMethodName=null, order = 200, Root bean: class [org.springframework.security.web.context.SecurityContextPersistenceFilter]; scope=; abstract=false; lazyInit=false; autowireMode=0; dependencyCheck=0; autowireCandidate=true; primary=false; factoryBeanName=null; factoryMethodName=null; initMethodName=null; destroyMethodName=null, order = 300, Root bean: class [org.springframework.security.web.authentication.logout.LogoutFilter]; scope=; abstract=false; lazyInit=false; autowireMode=0; dependencyCheck=0; autowireCandidate=true; primary=false; factoryBeanName=null; factoryMethodName=null; initMethodName=null; destroyMethodName=null, order = 400, &lt;org.springframework.security.web.authentication.UsernamePasswordAuthenticationFilter#0&gt;, order = 800, Root bean: class [org.springframework.security.web.savedrequest.RequestCacheAwareFilter]; scope=; abstract=false; lazyInit=false; autowireMode=0; dependencyCheck=0; autowireCandidate=true; primary=false; factoryBeanName=null; factoryMethodName=null; initMethodName=null; destroyMethodName=null, order = 1300, Root bean: class [org.springframework.security.web.servletapi.SecurityContextHolderAwareRequestFilter]; scope=; abstract=false; lazyInit=false; autowireMode=0; dependencyCheck=0; autowireCandidate=true; primary=false; factoryBeanName=null; factoryMethodName=null; initMethodName=null; destroyMethodName=null, order = 1400, Root bean: class [org.springframework.security.web.authentication.AnonymousAuthenticationFilter]; scope=; abstract=false; lazyInit=false; autowireMode=0; dependencyCheck=0; autowireCandidate=true; primary=false; factoryBeanName=null; factoryMethodName=null; initMethodName=null; destroyMethodName=null, order = 1700, Root bean: class [org.springframework.security.web.session.SessionManagementFilter]; scope=; abstract=false; lazyInit=false; autowireMode=0; dependencyCheck=0; autowireCandidate=true; primary=false; factoryBeanName=null; factoryMethodName=null; initMethodName=null; destroyMethodName=null, order = 1800, Root bean: class [org.springframework.security.web.access.ExceptionTranslationFilter]; scope=; abstract=false; lazyInit=false; autowireMode=0; dependencyCheck=0; autowireCandidate=true; primary=false; factoryBeanName=null; factoryMethodName=null; initMethodName=null; destroyMethodName=null, order = 1900, &lt;org.springframework.security.web.access.intercept.FilterSecurityInterceptor#0&gt;, order = 2000]
Oct 29, 2014 5:17:06 PM org.springframework.beans.factory.xml.XmlBeanDefinitionReader loadBeanDefinitions
INFO: Loading XML bean definitions from class path resource [persistence-beans.xml]
Oct 29, 2014 5:17:06 PM org.springframework.beans.factory.support.DefaultListableBeanFactory registerBeanDefinition
INFO: Overriding bean definition for bean &apos;dataSource&apos;: replacing [Generic bean: class [org.springframework.jdbc.datasource.DriverManagerDataSource]; scope=; abstract=false; lazyInit=false; autowireMode=0; dependencyCheck=0; autowireCandidate=true; primary=false; factoryBeanName=null; factoryMethodName=null; initMethodName=null; destroyMethodName=null; defined in class path resource [persistence-beans.xml]] with [Generic bean: class [org.springframework.jdbc.datasource.DriverManagerDataSource]; scope=; abstract=false; lazyInit=false; autowireMode=0; dependencyCheck=0; autowireCandidate=true; primary=false; factoryBeanName=null; factoryMethodName=null; initMethodName=null; destroyMethodName=null; defined in class path resource [persistence-beans.xml]]
Oct 29, 2014 5:17:06 PM org.springframework.beans.factory.support.DefaultListableBeanFactory registerBeanDefinition
INFO: Overriding bean definition for bean &apos;sessionFactory&apos;: replacing [Generic bean: class [org.springframework.orm.hibernate3.annotation.AnnotationSessionFactoryBean]; scope=; abstract=false; lazyInit=false; autowireMode=0; dependencyCheck=0; autowireCandidate=true; primary=false; factoryBeanName=null; factoryMethodName=null; initMethodName=null; destroyMethodName=null; defined in class path resource [persistence-beans.xml]] with [Generic bean: class [org.springframework.orm.hibernate3.annotation.AnnotationSessionFactoryBean]; scope=; abstract=false; lazyInit=false; autowireMode=0; dependencyCheck=0; autowireCandidate=true; primary=false; factoryBeanName=null; factoryMethodName=null; initMethodName=null; destroyMethodName=null; defined in class path resource [persistence-beans.xml]]
Oct 29, 2014 5:17:06 PM org.springframework.beans.factory.support.DefaultListableBeanFactory registerBeanDefinition
INFO: Overriding bean definition for bean &apos;transactionManager&apos;: replacing [Generic bean: class [org.springframework.orm.hibernate3.HibernateTransactionManager]; scope=; abstract=false; lazyInit=false; autowireMode=0; dependencyCheck=0; autowireCandidate=true; primary=false; factoryBeanName=null; factoryMethodName=null; initMethodName=null; destroyMethodName=null; defined in class path resource [persistence-beans.xml]] with [Generic bean: class [org.springframework.orm.hibernate3.HibernateTransactionManager]; scope=; abstract=false; lazyInit=false; autowireMode=0; dependencyCheck=0; autowireCandidate=true; primary=false; factoryBeanName=null; factoryMethodName=null; initMethodName=null; destroyMethodName=null; defined in class path resource [persistence-beans.xml]]
Oct 29, 2014 5:17:06 PM org.springframework.beans.factory.support.DefaultListableBeanFactory registerBeanDefinition
INFO: Overriding bean definition for bean &apos;jdbcTemplate&apos;: replacing [Generic bean: class [org.springframework.jdbc.core.simple.SimpleJdbcTemplate]; scope=; abstract=false; lazyInit=false; autowireMode=0; dependencyCheck=0; autowireCandidate=true; primary=false; factoryBeanName=null; factoryMethodName=null; initMethodName=null; destroyMethodName=null; defined in class path resource [persistence-beans.xml]] with [Generic bean: class [org.springframework.jdbc.core.simple.SimpleJdbcTemplate]; scope=; abstract=false; lazyInit=false; autowireMode=0; dependencyCheck=0; autowireCandidate=true; primary=false; factoryBeanName=null; factoryMethodName=null; initMethodName=null; destroyMethodName=null; defined in class path resource [persistence-beans.xml]]
Oct 29, 2014 5:17:06 PM org.springframework.beans.factory.support.DefaultListableBeanFactory registerBeanDefinition
INFO: Overriding bean definition for bean &apos;roleVoter&apos;: replacing [Generic bean: class [org.springframework.security.access.vote.RoleVoter]; scope=; abstract=false; lazyInit=false; autowireMode=0; dependencyCheck=0; autowireCandidate=true; primary=false; factoryBeanName=null; factoryMethodName=null; initMethodName=null; destroyMethodName=null; defined in class path resource [persistence-beans.xml]] with [Generic bean: class [org.springframework.security.access.vote.RoleVoter]; scope=; abstract=false; lazyInit=false; autowireMode=0; dependencyCheck=0; autowireCandidate=true; primary=false; factoryBeanName=null; factoryMethodName=null; initMethodName=null; destroyMethodName=null; defined in class path resource [persistence-beans.xml]]
Oct 29, 2014 5:17:06 PM org.springframework.beans.factory.support.DefaultListableBeanFactory registerBeanDefinition
INFO: Overriding bean definition for bean &apos;accessDecisionManager&apos;: replacing [Generic bean: class [org.springframework.security.access.vote.AffirmativeBased]; scope=; abstract=false; lazyInit=false; autowireMode=0; dependencyCheck=0; autowireCandidate=true; primary=false; factoryBeanName=null; factoryMethodName=null; initMethodName=null; destroyMethodName=null; defined in class path resource [persistence-beans.xml]] with [Generic bean: class [org.springframework.security.access.vote.AffirmativeBased]; scope=; abstract=false; lazyInit=false; autowireMode=0; dependencyCheck=0; autowireCandidate=true; primary=false; factoryBeanName=null; factoryMethodName=null; initMethodName=null; destroyMethodName=null; defined in class path resource [persistence-beans.xml]]
Oct 29, 2014 5:17:06 PM org.springframework.security.config.http.HttpSecurityBeanDefinitionParser checkFilterChainOrder
INFO: Checking sorted filter chain: [Root bean: class [org.springframework.security.web.session.ConcurrentSessionFilter]; scope=; abstract=false; lazyInit=false; autowireMode=0; dependencyCheck=0; autowireCandidate=true; primary=false; factoryBeanName=null; factoryMethodName=null; initMethodName=null; destroyMethodName=null, order = 200, Root bean: class [org.springframework.security.web.context.SecurityContextPersistenceFilter]; scope=; abstract=false; lazyInit=false; autowireMode=0; dependencyCheck=0; autowireCandidate=true; primary=false; factoryBeanName=null; factoryMethodName=null; initMethodName=null; destroyMethodName=null, order = 300, Root bean: class [org.springframework.security.web.authentication.logout.LogoutFilter]; scope=; abstract=false; lazyInit=false; autowireMode=0; dependencyCheck=0; autowireCandidate=true; primary=false; factoryBeanName=null; factoryMethodName=null; initMethodName=null; destroyMethodName=null, order = 400, &lt;org.springframework.security.web.authentication.UsernamePasswordAuthenticationFilter#1&gt;, order = 800, Root bean: class [org.springframework.security.web.savedrequest.RequestCacheAwareFilter]; scope=; abstract=false; lazyInit=false; autowireMode=0; dependencyCheck=0; autowireCandidate=true; primary=false; factoryBeanName=null; factoryMethodName=null; initMethodName=null; destroyMethodName=null, order = 1300, Root bean: class [org.springframework.security.web.servletapi.SecurityContextHolderAwareRequestFilter]; scope=; abstract=false; lazyInit=false; autowireMode=0; dependencyCheck=0; autowireCandidate=true; primary=false; factoryBeanName=null; factoryMethodName=null; initMethodName=null; destroyMethodName=null, order = 1400, Root bean: class [org.springframework.security.web.authentication.AnonymousAuthenticationFilter]; scope=; abstract=false; lazyInit=false; autowireMode=0; dependencyCheck=0; autowireCandidate=true; primary=false; factoryBeanName=null; factoryMethodName=null; initMethodName=null; destroyMethodName=null, order = 1700, Root bean: class [org.springframework.security.web.session.SessionManagementFilter]; scope=; abstract=false; lazyInit=false; autowireMode=0; dependencyCheck=0; autowireCandidate=true; primary=false; factoryBeanName=null; factoryMethodName=null; initMethodName=null; destroyMethodName=null, order = 1800, Root bean: class [org.springframework.security.web.access.ExceptionTranslationFilter]; scope=; abstract=false; lazyInit=false; autowireMode=0; dependencyCheck=0; autowireCandidate=true; primary=false; factoryBeanName=null; factoryMethodName=null; initMethodName=null; destroyMethodName=null, order = 1900, &lt;org.springframework.security.web.access.intercept.FilterSecurityInterceptor#1&gt;, order = 2000]
Oct 29, 2014 5:17:06 PM org.springframework.beans.factory.support.DefaultListableBeanFactory registerBeanDefinition
INFO: Overriding bean definition for bean &apos;in-memory-auth&apos;: replacing [Root bean: class [org.springframework.security.authentication.ProviderManager]; scope=; abstract=false; lazyInit=false; autowireMode=0; dependencyCheck=0; autowireCandidate=true; primary=false; factoryBeanName=null; factoryMethodName=null; initMethodName=null; destroyMethodName=null] with [Root bean: class [org.springframework.security.authentication.ProviderManager]; scope=; abstract=false; lazyInit=false; autowireMode=0; dependencyCheck=0; autowireCandidate=true; primary=false; factoryBeanName=null; factoryMethodName=null; initMethodName=null; destroyMethodName=null]
Oct 29, 2014 5:17:06 PM org.springframework.beans.factory.support.DefaultListableBeanFactory registerBeanDefinition
INFO: Overriding bean definition for bean &apos;dao-auth&apos;: replacing [Root bean: class [org.springframework.security.authentication.ProviderManager]; scope=; abstract=false; lazyInit=false; autowireMode=0; dependencyCheck=0; autowireCandidate=true; primary=false; factoryBeanName=null; factoryMethodName=null; initMethodName=null; destroyMethodName=null] with [Root bean: class [org.springframework.security.authentication.ProviderManager]; scope=; abstract=false; lazyInit=false; autowireMode=0; dependencyCheck=0; autowireCandidate=true; primary=false; factoryBeanName=null; factoryMethodName=null; initMethodName=null; destroyMethodName=null]
Oct 29, 2014 5:17:06 PM org.springframework.beans.factory.support.DefaultListableBeanFactory registerBeanDefinition
INFO: Overriding bean definition for bean &apos;userDetailsService&apos;: replacing [Generic bean: class [com.americanbanksystems.wiki.security.dao.implementation.UserDetailsServiceImpl]; scope=; abstract=false; lazyInit=false; autowireMode=0; dependencyCheck=0; autowireCandidate=true; primary=false; factoryBeanName=null; factoryMethodName=null; initMethodName=null; destroyMethodName=null; defined in class path resource [persistence-beans.xml]] with [Generic bean: class [com.americanbanksystems.wiki.security.dao.implementation.UserDetailsServiceImpl]; scope=; abstract=false; lazyInit=false; autowireMode=0; dependencyCheck=0; autowireCandidate=true; primary=false; factoryBeanName=null; factoryMethodName=null; initMethodName=null; destroyMethodName=null; defined in class path resource [persistence-beans.xml]]
Oct 29, 2014 5:17:06 PM org.springframework.beans.factory.support.DefaultListableBeanFactory registerBeanDefinition
INFO: Overriding bean definition for bean &apos;jdbc-auth&apos;: replacing [Root bean: class [org.springframework.security.authentication.ProviderManager]; scope=; abstract=false; lazyInit=false; autowireMode=0; dependencyCheck=0; autowireCandidate=true; primary=false; factoryBeanName=null; factoryMethodName=null; initMethodName=null; destroyMethodName=null] with [Root bean: class [org.springframework.security.authentication.ProviderManager]; scope=; abstract=false; lazyInit=false; autowireMode=0; dependencyCheck=0; autowireCandidate=true; primary=false; factoryBeanName=null; factoryMethodName=null; initMethodName=null; destroyMethodName=null]
Oct 29, 2014 5:17:06 PM org.springframework.context.support.AbstractApplicationContext prepareRefresh
INFO: Refreshing org.springframework.context.support.GenericApplicationContext@144b8b4: startup date [Wed Oct 29 17:17:06 CDT 2014]; root of context hierarchy
Oct 29, 2014 5:17:06 PM org.springframework.beans.factory.support.DefaultListableBeanFactory preInstantiateSingletons
INFO: Pre-instantiating singletons in org.springframework.beans.factory.support.DefaultListableBeanFactory@14059d5: defining beans [org.springframework.context.annotation.internalConfigurationAnnotationProcessor,org.springframework.context.annotation.internalAutowiredAnnotationProcessor,org.springframework.context.annotation.internalRequiredAnnotationProcessor,org.springframework.context.annotation.internalCommonAnnotationProcessor,org.springframework.context.annotation.internalPersistenceAnnotationProcessor,articleDao,attachmentDao,productDao,userDao,userRoleDao,org.springframework.aop.config.internalAutoProxyCreator,org.springframework.transaction.annotation.AnnotationTransactionAttributeSource#0,org.springframework.transaction.interceptor.TransactionInterceptor#0,org.springframework.transaction.config.internalTransactionAdvisor,dataSource,sessionFactory,transactionManager,jdbcTemplate,roleVoter,accessDecisionManager,org.springframework.security.filterChains,org.springframework.security.filterChainProxy,org.springframework.security.web.PortMapperImpl#0,org.springframework.security.authentication.ProviderManager#0,org.springframework.security.web.context.HttpSessionSecurityContextRepository#0,org.springframework.security.core.session.SessionRegistryImpl#0,org.springframework.security.web.authentication.session.ConcurrentSessionControlStrategy#0,org.springframework.security.web.savedrequest.HttpSessionRequestCache#0,org.springframework.security.web.access.intercept.FilterSecurityInterceptor#0,org.springframework.security.web.access.DefaultWebInvocationPrivilegeEvaluator#0,org.springframework.security.authentication.AnonymousAuthenticationProvider#0,org.springframework.security.web.authentication.UsernamePasswordAuthenticationFilter#0,org.springframework.security.userDetailsServiceFactory,org.springframework.security.web.DefaultSecurityFilterChain#0,org.springframework.security.provisioning.InMemoryUserDetailsManager#0,org.springframework.security.authentication.dao.DaoAuthenticationProvider#0,org.springframework.security.authentication.DefaultAuthenticationEventPublisher#0,in-memory-auth,org.springframework.security.authentication.dao.DaoAuthenticationProvider#1,org.springframework.security.authentication.DefaultAuthenticationEventPublisher#1,dao-auth,userDetailsService,org.springframework.security.provisioning.JdbcUserDetailsManager#0,org.springframework.security.authentication.dao.DaoAuthenticationProvider#2,org.springframework.security.authentication.DefaultAuthenticationEventPublisher#2,jdbc-auth,org.springframework.security.web.PortMapperImpl#1,org.springframework.security.authentication.ProviderManager#1,org.springframework.security.web.context.HttpSessionSecurityContextRepository#1,org.springframework.security.core.session.SessionRegistryImpl#1,org.springframework.security.web.authentication.session.ConcurrentSessionControlStrategy#1,org.springframework.security.web.savedrequest.HttpSessionRequestCache#1,org.springframework.security.web.access.intercept.FilterSecurityInterceptor#1,org.springframework.security.web.access.DefaultWebInvocationPrivilegeEvaluator#1,org.springframework.security.authentication.AnonymousAuthenticationProvider#1,org.springframework.security.web.authentication.UsernamePasswordAuthenticationFilter#1,org.springframework.security.web.DefaultSecurityFilterChain#1,org.springframework.security.provisioning.InMemoryUserDetailsManager#1,org.springframework.security.authentication.dao.DaoAuthenticationProvider#3,org.springframework.security.authentication.DefaultAuthenticationEventPublisher#3,org.springframework.security.authentication.dao.DaoAuthenticationProvider#4,org.springframework.security.authentication.DefaultAuthenticationEventPublisher#4,org.springframework.security.provisioning.JdbcUserDetailsManager#1,org.springframework.security.authentication.dao.DaoAuthenticationProvider#5,org.springframework.security.authentication.DefaultAuthenticationEventPublisher#5,org.springframework.context.annotation.ConfigurationClassPostProcessor$ImportAwareBeanPostProcessor#0]; root of factory hierarchy
Oct 29, 2014 5:17:06 PM org.springframework.jdbc.datasource.DriverManagerDataSource setDriverClassName
INFO: Loaded JDBC driver: com.mysql.jdbc.jdbc2.optional.MysqlDataSource
Oct 29, 2014 5:17:07 PM org.springframework.orm.hibernate3.LocalSessionFactoryBean buildSessionFactory
INFO: Building new Hibernate SessionFactory
Oct 29, 2014 5:17:07 PM org.springframework.orm.hibernate3.HibernateTransactionManager afterPropertiesSet
INFO: Using DataSource [org.springframework.jdbc.datasource.DriverManagerDataSource@a84a12] of Hibernate SessionFactory for HibernateTransactionManager
Oct 29, 2014 5:17:07 PM org.springframework.security.provisioning.JdbcUserDetailsManager initDao
INFO: No authentication manager set. Reauthentication of users when changing passwords will not be performed.
Oct 29, 2014 5:17:07 PM org.springframework.security.web.DefaultSecurityFilterChain &lt;init&gt;
INFO: Creating filter chain: org.springframework.security.web.util.AnyRequestMatcher@1, [org.springframework.security.web.session.ConcurrentSessionFilter@34e986, org.springframework.security.web.context.SecurityContextPersistenceFilter@ae2e4d, org.springframework.security.web.authentication.logout.LogoutFilter@4d23fa, org.springframework.security.web.authentication.UsernamePasswordAuthenticationFilter@c8416a, org.springframework.security.web.savedrequest.RequestCacheAwareFilter@11ff3ac, org.springframework.security.web.servletapi.SecurityContextHolderAwareRequestFilter@5e6fc4, org.springframework.security.web.authentication.AnonymousAuthenticationFilter@185db06, org.springframework.security.web.session.SessionManagementFilter@1980d8d, org.springframework.security.web.access.ExceptionTranslationFilter@1d60381, org.springframework.security.web.access.intercept.FilterSecurityInterceptor@ab6ab0]
Oct 29, 2014 5:17:07 PM org.springframework.security.web.DefaultSecurityFilterChain &lt;init&gt;
INFO: Creating filter chain: org.springframework.security.web.util.AnyRequestMatcher@1, [org.springframework.security.web.session.ConcurrentSessionFilter@a47597, org.springframework.security.web.context.SecurityContextPersistenceFilter@f279b5, org.springframework.security.web.authentication.logout.LogoutFilter@1f6dd3c, org.springframework.security.web.authentication.UsernamePasswordAuthenticationFilter@1cd1f0a, org.springframework.security.web.savedrequest.RequestCacheAwareFilter@64c1a9, org.springframework.security.web.servletapi.SecurityContextHolderAwareRequestFilter@1da2001, org.springframework.security.web.authentication.AnonymousAuthenticationFilter@2c1dfb, org.springframework.security.web.session.SessionManagementFilter@1ae657b, org.springframework.security.web.access.ExceptionTranslationFilter@19f916e, org.springframework.security.web.access.intercept.FilterSecurityInterceptor@16b7c74]
Oct 29, 2014 5:17:07 PM org.springframework.security.config.http.DefaultFilterChainValidator checkLoginPageIsntProtected
INFO: Checking whether login URL &apos;/login&apos; is accessible with your configuration
Oct 29, 2014 5:17:07 PM org.springframework.security.config.http.DefaultFilterChainValidator checkLoginPageIsntProtected
INFO: Checking whether login URL &apos;/login&apos; is accessible with your configuration
Oct 29, 2014 5:17:07 PM org.springframework.beans.factory.support.DefaultSingletonBeanRegistry destroySingletons
INFO: Destroying singletons in org.springframework.beans.factory.support.DefaultListableBeanFactory@14059d5: defining beans [org.springframework.context.annotation.internalConfigurationAnnotationProcessor,org.springframework.context.annotation.internalAutowiredAnnotationProcessor,org.springframework.context.annotation.internalRequiredAnnotationProcessor,org.springframework.context.annotation.internalCommonAnnotationProcessor,org.springframework.context.annotation.internalPersistenceAnnotationProcessor,articleDao,attachmentDao,productDao,userDao,userRoleDao,org.springframework.aop.config.internalAutoProxyCreator,org.springframework.transaction.annotation.AnnotationTransactionAttributeSource#0,org.springframework.transaction.interceptor.TransactionInterceptor#0,org.springframework.transaction.config.internalTransactionAdvisor,dataSource,sessionFactory,transactionManager,jdbcTemplate,roleVoter,accessDecisionManager,org.springframework.security.filterChains,org.springframework.security.filterChainProxy,org.springframework.security.web.PortMapperImpl#0,org.springframework.security.authentication.ProviderManager#0,org.springframework.security.web.context.HttpSessionSecurityContextRepository#0,org.springframework.security.core.session.SessionRegistryImpl#0,org.springframework.security.web.authentication.session.ConcurrentSessionControlStrategy#0,org.springframework.security.web.savedrequest.HttpSessionRequestCache#0,org.springframework.security.web.access.intercept.FilterSecurityInterceptor#0,org.springframework.security.web.access.DefaultWebInvocationPrivilegeEvaluator#0,org.springframework.security.authentication.AnonymousAuthenticationProvider#0,org.springframework.security.web.authentication.UsernamePasswordAuthenticationFilter#0,org.springframework.security.userDetailsServiceFactory,org.springframework.security.web.DefaultSecurityFilterChain#0,org.springframework.security.provisioning.InMemoryUserDetailsManager#0,org.springframework.security.authentication.dao.DaoAuthenticationProvider#0,org.springframework.security.authentication.DefaultAuthenticationEventPublisher#0,in-memory-auth,org.springframework.security.authentication.dao.DaoAuthenticationProvider#1,org.springframework.security.authentication.DefaultAuthenticationEventPublisher#1,dao-auth,userDetailsService,org.springframework.security.provisioning.JdbcUserDetailsManager#0,org.springframework.security.authentication.dao.DaoAuthenticationProvider#2,org.springframework.security.authentication.DefaultAuthenticationEventPublisher#2,jdbc-auth,org.springframework.security.web.PortMapperImpl#1,org.springframework.security.authentication.ProviderManager#1,org.springframework.security.web.context.HttpSessionSecurityContextRepository#1,org.springframework.security.core.session.SessionRegistryImpl#1,org.springframework.security.web.authentication.session.ConcurrentSessionControlStrategy#1,org.springframework.security.web.savedrequest.HttpSessionRequestCache#1,org.springframework.security.web.access.intercept.FilterSecurityInterceptor#1,org.springframework.security.web.access.DefaultWebInvocationPrivilegeEvaluator#1,org.springframework.security.authentication.AnonymousAuthenticationProvider#1,org.springframework.security.web.authentication.UsernamePasswordAuthenticationFilter#1,org.springframework.security.web.DefaultSecurityFilterChain#1,org.springframework.security.provisioning.InMemoryUserDetailsManager#1,org.springframework.security.authentication.dao.DaoAuthenticationProvider#3,org.springframework.security.authentication.DefaultAuthenticationEventPublisher#3,org.springframework.security.authentication.dao.DaoAuthenticationProvider#4,org.springframework.security.authentication.DefaultAuthenticationEventPublisher#4,org.springframework.security.provisioning.JdbcUserDetailsManager#1,org.springframework.security.authentication.dao.DaoAuthenticationProvider#5,org.springframework.security.authentication.DefaultAuthenticationEventPublisher#5,org.springframework.context.annotation.ConfigurationClassPostProcessor$ImportAwareBeanPostProcessor#0]; root of factory hierarchy
Oct 29, 2014 5:17:07 PM org.springframework.orm.hibernate3.AbstractSessionFactoryBean destroy
INFO: Closing Hibernate SessionFactory
Oct 29, 2014 5:17:07 PM org.springframework.test.context.TestContextManager prepareTestInstance
SEVERE: Caught exception while allowing TestExecutionListener [org.springframework.test.context.support.DependencyInjectionTestExecutionListener@dd39d2] to prepare test instance [com.americanbanksystems.wiki.dao.UserRoleDaoTestCase@34b127]
java.lang.IllegalStateException: Failed to load ApplicationContext
	at org.springframework.test.context.TestContext.getApplicationContext(TestContext.java:157)
	at org.springframework.test.context.support.DependencyInjectionTestExecutionListener.injectDependencies(DependencyInjectionTestExecutionListener.java:109)
	at org.springframework.test.context.support.DependencyInjectionTestExecutionListener.prepareTestInstance(DependencyInjectionTestExecutionListener.java:75)
	at org.springframework.test.context.TestContextManager.prepareTestInstance(TestContextManager.java:321)
	at org.springframework.test.context.junit4.SpringJUnit4ClassRunner.createTest(SpringJUnit4ClassRunner.java:211)
	at org.springframework.test.context.junit4.SpringJUnit4ClassRunner$1.runReflectiveCall(SpringJUnit4ClassRunner.java:288)
	at org.junit.internal.runners.model.ReflectiveCallable.run(ReflectiveCallable.java:15)
	at org.springframework.test.context.junit4.SpringJUnit4ClassRunner.methodBlock(SpringJUnit4ClassRunner.java:290)
	at org.springframework.test.context.junit4.SpringJUnit4ClassRunner.runChild(SpringJUnit4ClassRunner.java:231)
	at org.junit.runners.BlockJUnit4ClassRunner.runChild(BlockJUnit4ClassRunner.java:47)
	at org.junit.runners.ParentRunner$3.run(ParentRunner.java:231)
	at org.junit.runners.ParentRunner$1.schedule(ParentRunner.java:60)
	at org.junit.runners.ParentRunner.runChildren(ParentRunner.java:229)
	at org.junit.runners.ParentRunner.access$000(ParentRunner.java:50)
	at org.junit.runners.ParentRunner$2.evaluate(ParentRunner.java:222)
	at org.springframework.test.context.junit4.statements.RunBeforeTestClassCallbacks.evaluate(RunBeforeTestClassCallbacks.java:61)
	at org.springframework.test.context.junit4.statements.RunAfterTestClassCallbacks.evaluate(RunAfterTestClassCallbacks.java:71)
	at org.junit.runners.ParentRunner.run(ParentRunner.java:300)
	at org.springframework.test.context.junit4.SpringJUnit4ClassRunner.run(SpringJUnit4ClassRunner.java:174)
	at org.apache.maven.surefire.junit4.JUnit4Provider.execute(JUnit4Provider.java:252)
	at org.apache.maven.surefire.junit4.JUnit4Provider.executeTestSet(JUnit4Provider.java:141)
	at org.apache.maven.surefire.junit4.JUnit4Provider.invoke(JUnit4Provider.java:112)
	at sun.reflect.NativeMethodAccessorImpl.invoke0(Native Method)
	at sun.reflect.NativeMethodAccessorImpl.invoke(NativeMethodAccessorImpl.java:62)
	at sun.reflect.DelegatingMethodAccessorImpl.invoke(DelegatingMethodAccessorImpl.java:43)
	at java.lang.reflect.Method.invoke(Method.java:483)
	at org.apache.maven.surefire.util.ReflectionUtils.invokeMethodWithArray(ReflectionUtils.java:189)
	at org.apache.maven.surefire.booter.ProviderFactory$ProviderProxy.invoke(ProviderFactory.java:165)
	at org.apache.maven.surefire.booter.ProviderFactory.invokeProvider(ProviderFactory.java:85)
	at org.apache.maven.surefire.booter.ForkedBooter.runSuitesInProcess(ForkedBooter.java:115)
	at org.apache.maven.surefire.booter.ForkedBooter.main(ForkedBooter.java:75)
Caused by: org.springframework.beans.factory.BeanCreationException: Error creating bean with name &apos;org.springframework.security.filterChainProxy&apos;: Invocation of init method failed; nested exception is java.lang.IllegalArgumentException: A universal match pattern (&apos;/**&apos;) is defined  before other patterns in the filter chain, causing them to be ignored. Please check the ordering in your &lt;security:http&gt; namespace or FilterChainProxy bean configuration
	at org.springframework.beans.factory.support.AbstractAutowireCapableBeanFactory.initializeBean(AbstractAutowireCapableBeanFactory.java:1455)
	at org.springframework.beans.factory.support.AbstractAutowireCapableBeanFactory.doCreateBean(AbstractAutowireCapableBeanFactory.java:519)
	at org.springframework.beans.factory.support.AbstractAutowireCapableBeanFactory.createBean(AbstractAutowireCapableBeanFactory.java:456)
	at org.springframework.beans.factory.support.AbstractBeanFactory$1.getObject(AbstractBeanFactory.java:294)
	at org.springframework.beans.factory.support.DefaultSingletonBeanRegistry.getSingleton(DefaultSingletonBeanRegistry.java:225)
	at org.springframework.beans.factory.support.AbstractBeanFactory.doGetBean(AbstractBeanFactory.java:291)
	at org.springframework.beans.factory.support.AbstractBeanFactory.getBean(AbstractBeanFactory.java:193)
	at org.springframework.beans.factory.support.DefaultListableBeanFactory.preInstantiateSingletons(DefaultListableBeanFactory.java:585)
	at org.springframework.context.support.AbstractApplicationContext.finishBeanFactoryInitialization(AbstractApplicationContext.java:913)
	at org.springframework.context.support.AbstractApplicationContext.refresh(AbstractApplicationContext.java:464)
	at org.springframework.test.context.support.AbstractGenericContextLoader.loadContext(AbstractGenericContextLoader.java:103)
	at org.springframework.test.context.support.AbstractGenericContextLoader.loadContext(AbstractGenericContextLoader.java:1)
	at org.springframework.test.context.support.DelegatingSmartContextLoader.loadContext(DelegatingSmartContextLoader.java:228)
	at org.springframework.test.context.TestContext.loadApplicationContext(TestContext.java:124)
	at org.springframework.test.context.TestContext.getApplicationContext(TestContext.java:148)
	... 30 more
Caused by: java.lang.IllegalArgumentException: A universal match pattern (&apos;/**&apos;) is defined  before other patterns in the filter chain, causing them to be ignored. Please check the ordering in your &lt;security:http&gt; namespace or FilterChainProxy bean configuration
	at org.springframework.security.config.http.DefaultFilterChainValidator.checkPathOrder(DefaultFilterChainValidator.java:49)
	at org.springframework.security.config.http.DefaultFilterChainValidator.validate(DefaultFilterChainValidator.java:39)
	at org.springframework.security.web.FilterChainProxy.afterPropertiesSet(FilterChainProxy.java:148)
	at org.springframework.beans.factory.support.AbstractAutowireCapableBeanFactory.invokeInitMethods(AbstractAutowireCapableBeanFactory.java:1514)
	at org.springframework.beans.factory.support.AbstractAutowireCapableBeanFactory.initializeBean(AbstractAutowireCapableBeanFactory.java:1452)
	... 44 more

</system-err>
  </testcase>
  <testcase classname="com.americanbanksystems.wiki.dao.UserRoleDaoTestCase" name="testUpdate" time="2.541">
    <error message="Failed to load ApplicationContext" type="java.lang.IllegalStateException">java.lang.IllegalStateException: Failed to load ApplicationContext
	at org.springframework.test.context.TestContext.getApplicationContext(TestContext.java:157)
	at org.springframework.test.context.support.DependencyInjectionTestExecutionListener.injectDependencies(DependencyInjectionTestExecutionListener.java:109)
	at org.springframework.test.context.support.DependencyInjectionTestExecutionListener.prepareTestInstance(DependencyInjectionTestExecutionListener.java:75)
	at org.springframework.test.context.TestContextManager.prepareTestInstance(TestContextManager.java:321)
	at org.springframework.test.context.junit4.SpringJUnit4ClassRunner.createTest(SpringJUnit4ClassRunner.java:211)
	at org.springframework.test.context.junit4.SpringJUnit4ClassRunner$1.runReflectiveCall(SpringJUnit4ClassRunner.java:288)
	at org.junit.internal.runners.model.ReflectiveCallable.run(ReflectiveCallable.java:15)
	at org.springframework.test.context.junit4.SpringJUnit4ClassRunner.methodBlock(SpringJUnit4ClassRunner.java:290)
	at org.springframework.test.context.junit4.SpringJUnit4ClassRunner.runChild(SpringJUnit4ClassRunner.java:231)
	at org.junit.runners.BlockJUnit4ClassRunner.runChild(BlockJUnit4ClassRunner.java:47)
	at org.junit.runners.ParentRunner$3.run(ParentRunner.java:231)
	at org.junit.runners.ParentRunner$1.schedule(ParentRunner.java:60)
	at org.junit.runners.ParentRunner.runChildren(ParentRunner.java:229)
	at org.junit.runners.ParentRunner.access$000(ParentRunner.java:50)
	at org.junit.runners.ParentRunner$2.evaluate(ParentRunner.java:222)
	at org.springframework.test.context.junit4.statements.RunBeforeTestClassCallbacks.evaluate(RunBeforeTestClassCallbacks.java:61)
	at org.springframework.test.context.junit4.statements.RunAfterTestClassCallbacks.evaluate(RunAfterTestClassCallbacks.java:71)
	at org.junit.runners.ParentRunner.run(ParentRunner.java:300)
	at org.springframework.test.context.junit4.SpringJUnit4ClassRunner.run(SpringJUnit4ClassRunner.java:174)
	at org.apache.maven.surefire.junit4.JUnit4Provider.execute(JUnit4Provider.java:252)
	at org.apache.maven.surefire.junit4.JUnit4Provider.executeTestSet(JUnit4Provider.java:141)
	at org.apache.maven.surefire.junit4.JUnit4Provider.invoke(JUnit4Provider.java:112)
	at sun.reflect.NativeMethodAccessorImpl.invoke0(Native Method)
	at sun.reflect.NativeMethodAccessorImpl.invoke(NativeMethodAccessorImpl.java:62)
	at sun.reflect.DelegatingMethodAccessorImpl.invoke(DelegatingMethodAccessorImpl.java:43)
	at java.lang.reflect.Method.invoke(Method.java:483)
	at org.apache.maven.surefire.util.ReflectionUtils.invokeMethodWithArray(ReflectionUtils.java:189)
	at org.apache.maven.surefire.booter.ProviderFactory$ProviderProxy.invoke(ProviderFactory.java:165)
	at org.apache.maven.surefire.booter.ProviderFactory.invokeProvider(ProviderFactory.java:85)
	at org.apache.maven.surefire.booter.ForkedBooter.runSuitesInProcess(ForkedBooter.java:115)
	at org.apache.maven.surefire.booter.ForkedBooter.main(ForkedBooter.java:75)
Caused by: org.springframework.beans.factory.BeanCreationException: Error creating bean with name &apos;org.springframework.security.filterChainProxy&apos;: Invocation of init method failed; nested exception is java.lang.IllegalArgumentException: A universal match pattern (&apos;/**&apos;) is defined  before other patterns in the filter chain, causing them to be ignored. Please check the ordering in your &lt;security:http&gt; namespace or FilterChainProxy bean configuration
	at org.springframework.beans.factory.support.AbstractAutowireCapableBeanFactory.initializeBean(AbstractAutowireCapableBeanFactory.java:1455)
	at org.springframework.beans.factory.support.AbstractAutowireCapableBeanFactory.doCreateBean(AbstractAutowireCapableBeanFactory.java:519)
	at org.springframework.beans.factory.support.AbstractAutowireCapableBeanFactory.createBean(AbstractAutowireCapableBeanFactory.java:456)
	at org.springframework.beans.factory.support.AbstractBeanFactory$1.getObject(AbstractBeanFactory.java:294)
	at org.springframework.beans.factory.support.DefaultSingletonBeanRegistry.getSingleton(DefaultSingletonBeanRegistry.java:225)
	at org.springframework.beans.factory.support.AbstractBeanFactory.doGetBean(AbstractBeanFactory.java:291)
	at org.springframework.beans.factory.support.AbstractBeanFactory.getBean(AbstractBeanFactory.java:193)
	at org.springframework.beans.factory.support.DefaultListableBeanFactory.preInstantiateSingletons(DefaultListableBeanFactory.java:585)
	at org.springframework.context.support.AbstractApplicationContext.finishBeanFactoryInitialization(AbstractApplicationContext.java:913)
	at org.springframework.context.support.AbstractApplicationContext.refresh(AbstractApplicationContext.java:464)
	at org.springframework.test.context.support.AbstractGenericContextLoader.loadContext(AbstractGenericContextLoader.java:103)
	at org.springframework.test.context.support.AbstractGenericContextLoader.loadContext(AbstractGenericContextLoader.java:1)
	at org.springframework.test.context.support.DelegatingSmartContextLoader.loadContext(DelegatingSmartContextLoader.java:228)
	at org.springframework.test.context.TestContext.loadApplicationContext(TestContext.java:124)
	at org.springframework.test.context.TestContext.getApplicationContext(TestContext.java:148)
	... 30 more
Caused by: java.lang.IllegalArgumentException: A universal match pattern (&apos;/**&apos;) is defined  before other patterns in the filter chain, causing them to be ignored. Please check the ordering in your &lt;security:http&gt; namespace or FilterChainProxy bean configuration
	at org.springframework.security.config.http.DefaultFilterChainValidator.checkPathOrder(DefaultFilterChainValidator.java:49)
	at org.springframework.security.config.http.DefaultFilterChainValidator.validate(DefaultFilterChainValidator.java:39)
	at org.springframework.security.web.FilterChainProxy.afterPropertiesSet(FilterChainProxy.java:148)
	at org.springframework.beans.factory.support.AbstractAutowireCapableBeanFactory.invokeInitMethods(AbstractAutowireCapableBeanFactory.java:1514)
	at org.springframework.beans.factory.support.AbstractAutowireCapableBeanFactory.initializeBean(AbstractAutowireCapableBeanFactory.java:1452)
	... 44 more
</error>
    <system-err>Oct 29, 2014 5:17:07 PM org.springframework.beans.factory.xml.XmlBeanDefinitionReader loadBeanDefinitions
INFO: Loading XML bean definitions from class path resource [persistence-beans.xml]
Oct 29, 2014 5:17:07 PM org.springframework.security.config.SecurityNamespaceHandler &lt;init&gt;
INFO: Spring Security &apos;config&apos; module version is 3.1.0.RELEASE
Oct 29, 2014 5:17:07 PM org.springframework.security.config.http.HttpSecurityBeanDefinitionParser checkFilterChainOrder
INFO: Checking sorted filter chain: [Root bean: class [org.springframework.security.web.session.ConcurrentSessionFilter]; scope=; abstract=false; lazyInit=false; autowireMode=0; dependencyCheck=0; autowireCandidate=true; primary=false; factoryBeanName=null; factoryMethodName=null; initMethodName=null; destroyMethodName=null, order = 200, Root bean: class [org.springframework.security.web.context.SecurityContextPersistenceFilter]; scope=; abstract=false; lazyInit=false; autowireMode=0; dependencyCheck=0; autowireCandidate=true; primary=false; factoryBeanName=null; factoryMethodName=null; initMethodName=null; destroyMethodName=null, order = 300, Root bean: class [org.springframework.security.web.authentication.logout.LogoutFilter]; scope=; abstract=false; lazyInit=false; autowireMode=0; dependencyCheck=0; autowireCandidate=true; primary=false; factoryBeanName=null; factoryMethodName=null; initMethodName=null; destroyMethodName=null, order = 400, &lt;org.springframework.security.web.authentication.UsernamePasswordAuthenticationFilter#0&gt;, order = 800, Root bean: class [org.springframework.security.web.savedrequest.RequestCacheAwareFilter]; scope=; abstract=false; lazyInit=false; autowireMode=0; dependencyCheck=0; autowireCandidate=true; primary=false; factoryBeanName=null; factoryMethodName=null; initMethodName=null; destroyMethodName=null, order = 1300, Root bean: class [org.springframework.security.web.servletapi.SecurityContextHolderAwareRequestFilter]; scope=; abstract=false; lazyInit=false; autowireMode=0; dependencyCheck=0; autowireCandidate=true; primary=false; factoryBeanName=null; factoryMethodName=null; initMethodName=null; destroyMethodName=null, order = 1400, Root bean: class [org.springframework.security.web.authentication.AnonymousAuthenticationFilter]; scope=; abstract=false; lazyInit=false; autowireMode=0; dependencyCheck=0; autowireCandidate=true; primary=false; factoryBeanName=null; factoryMethodName=null; initMethodName=null; destroyMethodName=null, order = 1700, Root bean: class [org.springframework.security.web.session.SessionManagementFilter]; scope=; abstract=false; lazyInit=false; autowireMode=0; dependencyCheck=0; autowireCandidate=true; primary=false; factoryBeanName=null; factoryMethodName=null; initMethodName=null; destroyMethodName=null, order = 1800, Root bean: class [org.springframework.security.web.access.ExceptionTranslationFilter]; scope=; abstract=false; lazyInit=false; autowireMode=0; dependencyCheck=0; autowireCandidate=true; primary=false; factoryBeanName=null; factoryMethodName=null; initMethodName=null; destroyMethodName=null, order = 1900, &lt;org.springframework.security.web.access.intercept.FilterSecurityInterceptor#0&gt;, order = 2000]
Oct 29, 2014 5:17:07 PM org.springframework.beans.factory.xml.XmlBeanDefinitionReader loadBeanDefinitions
INFO: Loading XML bean definitions from class path resource [persistence-beans.xml]
Oct 29, 2014 5:17:07 PM org.springframework.beans.factory.support.DefaultListableBeanFactory registerBeanDefinition
INFO: Overriding bean definition for bean &apos;dataSource&apos;: replacing [Generic bean: class [org.springframework.jdbc.datasource.DriverManagerDataSource]; scope=; abstract=false; lazyInit=false; autowireMode=0; dependencyCheck=0; autowireCandidate=true; primary=false; factoryBeanName=null; factoryMethodName=null; initMethodName=null; destroyMethodName=null; defined in class path resource [persistence-beans.xml]] with [Generic bean: class [org.springframework.jdbc.datasource.DriverManagerDataSource]; scope=; abstract=false; lazyInit=false; autowireMode=0; dependencyCheck=0; autowireCandidate=true; primary=false; factoryBeanName=null; factoryMethodName=null; initMethodName=null; destroyMethodName=null; defined in class path resource [persistence-beans.xml]]
Oct 29, 2014 5:17:07 PM org.springframework.beans.factory.support.DefaultListableBeanFactory registerBeanDefinition
INFO: Overriding bean definition for bean &apos;sessionFactory&apos;: replacing [Generic bean: class [org.springframework.orm.hibernate3.annotation.AnnotationSessionFactoryBean]; scope=; abstract=false; lazyInit=false; autowireMode=0; dependencyCheck=0; autowireCandidate=true; primary=false; factoryBeanName=null; factoryMethodName=null; initMethodName=null; destroyMethodName=null; defined in class path resource [persistence-beans.xml]] with [Generic bean: class [org.springframework.orm.hibernate3.annotation.AnnotationSessionFactoryBean]; scope=; abstract=false; lazyInit=false; autowireMode=0; dependencyCheck=0; autowireCandidate=true; primary=false; factoryBeanName=null; factoryMethodName=null; initMethodName=null; destroyMethodName=null; defined in class path resource [persistence-beans.xml]]
Oct 29, 2014 5:17:07 PM org.springframework.beans.factory.support.DefaultListableBeanFactory registerBeanDefinition
INFO: Overriding bean definition for bean &apos;transactionManager&apos;: replacing [Generic bean: class [org.springframework.orm.hibernate3.HibernateTransactionManager]; scope=; abstract=false; lazyInit=false; autowireMode=0; dependencyCheck=0; autowireCandidate=true; primary=false; factoryBeanName=null; factoryMethodName=null; initMethodName=null; destroyMethodName=null; defined in class path resource [persistence-beans.xml]] with [Generic bean: class [org.springframework.orm.hibernate3.HibernateTransactionManager]; scope=; abstract=false; lazyInit=false; autowireMode=0; dependencyCheck=0; autowireCandidate=true; primary=false; factoryBeanName=null; factoryMethodName=null; initMethodName=null; destroyMethodName=null; defined in class path resource [persistence-beans.xml]]
Oct 29, 2014 5:17:07 PM org.springframework.beans.factory.support.DefaultListableBeanFactory registerBeanDefinition
INFO: Overriding bean definition for bean &apos;jdbcTemplate&apos;: replacing [Generic bean: class [org.springframework.jdbc.core.simple.SimpleJdbcTemplate]; scope=; abstract=false; lazyInit=false; autowireMode=0; dependencyCheck=0; autowireCandidate=true; primary=false; factoryBeanName=null; factoryMethodName=null; initMethodName=null; destroyMethodName=null; defined in class path resource [persistence-beans.xml]] with [Generic bean: class [org.springframework.jdbc.core.simple.SimpleJdbcTemplate]; scope=; abstract=false; lazyInit=false; autowireMode=0; dependencyCheck=0; autowireCandidate=true; primary=false; factoryBeanName=null; factoryMethodName=null; initMethodName=null; destroyMethodName=null; defined in class path resource [persistence-beans.xml]]
Oct 29, 2014 5:17:07 PM org.springframework.beans.factory.support.DefaultListableBeanFactory registerBeanDefinition
INFO: Overriding bean definition for bean &apos;roleVoter&apos;: replacing [Generic bean: class [org.springframework.security.access.vote.RoleVoter]; scope=; abstract=false; lazyInit=false; autowireMode=0; dependencyCheck=0; autowireCandidate=true; primary=false; factoryBeanName=null; factoryMethodName=null; initMethodName=null; destroyMethodName=null; defined in class path resource [persistence-beans.xml]] with [Generic bean: class [org.springframework.security.access.vote.RoleVoter]; scope=; abstract=false; lazyInit=false; autowireMode=0; dependencyCheck=0; autowireCandidate=true; primary=false; factoryBeanName=null; factoryMethodName=null; initMethodName=null; destroyMethodName=null; defined in class path resource [persistence-beans.xml]]
Oct 29, 2014 5:17:07 PM org.springframework.beans.factory.support.DefaultListableBeanFactory registerBeanDefinition
INFO: Overriding bean definition for bean &apos;accessDecisionManager&apos;: replacing [Generic bean: class [org.springframework.security.access.vote.AffirmativeBased]; scope=; abstract=false; lazyInit=false; autowireMode=0; dependencyCheck=0; autowireCandidate=true; primary=false; factoryBeanName=null; factoryMethodName=null; initMethodName=null; destroyMethodName=null; defined in class path resource [persistence-beans.xml]] with [Generic bean: class [org.springframework.security.access.vote.AffirmativeBased]; scope=; abstract=false; lazyInit=false; autowireMode=0; dependencyCheck=0; autowireCandidate=true; primary=false; factoryBeanName=null; factoryMethodName=null; initMethodName=null; destroyMethodName=null; defined in class path resource [persistence-beans.xml]]
Oct 29, 2014 5:17:07 PM org.springframework.security.config.http.HttpSecurityBeanDefinitionParser checkFilterChainOrder
INFO: Checking sorted filter chain: [Root bean: class [org.springframework.security.web.session.ConcurrentSessionFilter]; scope=; abstract=false; lazyInit=false; autowireMode=0; dependencyCheck=0; autowireCandidate=true; primary=false; factoryBeanName=null; factoryMethodName=null; initMethodName=null; destroyMethodName=null, order = 200, Root bean: class [org.springframework.security.web.context.SecurityContextPersistenceFilter]; scope=; abstract=false; lazyInit=false; autowireMode=0; dependencyCheck=0; autowireCandidate=true; primary=false; factoryBeanName=null; factoryMethodName=null; initMethodName=null; destroyMethodName=null, order = 300, Root bean: class [org.springframework.security.web.authentication.logout.LogoutFilter]; scope=; abstract=false; lazyInit=false; autowireMode=0; dependencyCheck=0; autowireCandidate=true; primary=false; factoryBeanName=null; factoryMethodName=null; initMethodName=null; destroyMethodName=null, order = 400, &lt;org.springframework.security.web.authentication.UsernamePasswordAuthenticationFilter#1&gt;, order = 800, Root bean: class [org.springframework.security.web.savedrequest.RequestCacheAwareFilter]; scope=; abstract=false; lazyInit=false; autowireMode=0; dependencyCheck=0; autowireCandidate=true; primary=false; factoryBeanName=null; factoryMethodName=null; initMethodName=null; destroyMethodName=null, order = 1300, Root bean: class [org.springframework.security.web.servletapi.SecurityContextHolderAwareRequestFilter]; scope=; abstract=false; lazyInit=false; autowireMode=0; dependencyCheck=0; autowireCandidate=true; primary=false; factoryBeanName=null; factoryMethodName=null; initMethodName=null; destroyMethodName=null, order = 1400, Root bean: class [org.springframework.security.web.authentication.AnonymousAuthenticationFilter]; scope=; abstract=false; lazyInit=false; autowireMode=0; dependencyCheck=0; autowireCandidate=true; primary=false; factoryBeanName=null; factoryMethodName=null; initMethodName=null; destroyMethodName=null, order = 1700, Root bean: class [org.springframework.security.web.session.SessionManagementFilter]; scope=; abstract=false; lazyInit=false; autowireMode=0; dependencyCheck=0; autowireCandidate=true; primary=false; factoryBeanName=null; factoryMethodName=null; initMethodName=null; destroyMethodName=null, order = 1800, Root bean: class [org.springframework.security.web.access.ExceptionTranslationFilter]; scope=; abstract=false; lazyInit=false; autowireMode=0; dependencyCheck=0; autowireCandidate=true; primary=false; factoryBeanName=null; factoryMethodName=null; initMethodName=null; destroyMethodName=null, order = 1900, &lt;org.springframework.security.web.access.intercept.FilterSecurityInterceptor#1&gt;, order = 2000]
Oct 29, 2014 5:17:07 PM org.springframework.beans.factory.support.DefaultListableBeanFactory registerBeanDefinition
INFO: Overriding bean definition for bean &apos;in-memory-auth&apos;: replacing [Root bean: class [org.springframework.security.authentication.ProviderManager]; scope=; abstract=false; lazyInit=false; autowireMode=0; dependencyCheck=0; autowireCandidate=true; primary=false; factoryBeanName=null; factoryMethodName=null; initMethodName=null; destroyMethodName=null] with [Root bean: class [org.springframework.security.authentication.ProviderManager]; scope=; abstract=false; lazyInit=false; autowireMode=0; dependencyCheck=0; autowireCandidate=true; primary=false; factoryBeanName=null; factoryMethodName=null; initMethodName=null; destroyMethodName=null]
Oct 29, 2014 5:17:07 PM org.springframework.beans.factory.support.DefaultListableBeanFactory registerBeanDefinition
INFO: Overriding bean definition for bean &apos;dao-auth&apos;: replacing [Root bean: class [org.springframework.security.authentication.ProviderManager]; scope=; abstract=false; lazyInit=false; autowireMode=0; dependencyCheck=0; autowireCandidate=true; primary=false; factoryBeanName=null; factoryMethodName=null; initMethodName=null; destroyMethodName=null] with [Root bean: class [org.springframework.security.authentication.ProviderManager]; scope=; abstract=false; lazyInit=false; autowireMode=0; dependencyCheck=0; autowireCandidate=true; primary=false; factoryBeanName=null; factoryMethodName=null; initMethodName=null; destroyMethodName=null]
Oct 29, 2014 5:17:07 PM org.springframework.beans.factory.support.DefaultListableBeanFactory registerBeanDefinition
INFO: Overriding bean definition for bean &apos;userDetailsService&apos;: replacing [Generic bean: class [com.americanbanksystems.wiki.security.dao.implementation.UserDetailsServiceImpl]; scope=; abstract=false; lazyInit=false; autowireMode=0; dependencyCheck=0; autowireCandidate=true; primary=false; factoryBeanName=null; factoryMethodName=null; initMethodName=null; destroyMethodName=null; defined in class path resource [persistence-beans.xml]] with [Generic bean: class [com.americanbanksystems.wiki.security.dao.implementation.UserDetailsServiceImpl]; scope=; abstract=false; lazyInit=false; autowireMode=0; dependencyCheck=0; autowireCandidate=true; primary=false; factoryBeanName=null; factoryMethodName=null; initMethodName=null; destroyMethodName=null; defined in class path resource [persistence-beans.xml]]
Oct 29, 2014 5:17:07 PM org.springframework.beans.factory.support.DefaultListableBeanFactory registerBeanDefinition
INFO: Overriding bean definition for bean &apos;jdbc-auth&apos;: replacing [Root bean: class [org.springframework.security.authentication.ProviderManager]; scope=; abstract=false; lazyInit=false; autowireMode=0; dependencyCheck=0; autowireCandidate=true; primary=false; factoryBeanName=null; factoryMethodName=null; initMethodName=null; destroyMethodName=null] with [Root bean: class [org.springframework.security.authentication.ProviderManager]; scope=; abstract=false; lazyInit=false; autowireMode=0; dependencyCheck=0; autowireCandidate=true; primary=false; factoryBeanName=null; factoryMethodName=null; initMethodName=null; destroyMethodName=null]
Oct 29, 2014 5:17:07 PM org.springframework.context.support.AbstractApplicationContext prepareRefresh
INFO: Refreshing org.springframework.context.support.GenericApplicationContext@138856f: startup date [Wed Oct 29 17:17:07 CDT 2014]; root of context hierarchy
Oct 29, 2014 5:17:07 PM org.springframework.beans.factory.support.DefaultListableBeanFactory preInstantiateSingletons
INFO: Pre-instantiating singletons in org.springframework.beans.factory.support.DefaultListableBeanFactory@63d0ba: defining beans [org.springframework.context.annotation.internalConfigurationAnnotationProcessor,org.springframework.context.annotation.internalAutowiredAnnotationProcessor,org.springframework.context.annotation.internalRequiredAnnotationProcessor,org.springframework.context.annotation.internalCommonAnnotationProcessor,org.springframework.context.annotation.internalPersistenceAnnotationProcessor,articleDao,attachmentDao,productDao,userDao,userRoleDao,org.springframework.aop.config.internalAutoProxyCreator,org.springframework.transaction.annotation.AnnotationTransactionAttributeSource#0,org.springframework.transaction.interceptor.TransactionInterceptor#0,org.springframework.transaction.config.internalTransactionAdvisor,dataSource,sessionFactory,transactionManager,jdbcTemplate,roleVoter,accessDecisionManager,org.springframework.security.filterChains,org.springframework.security.filterChainProxy,org.springframework.security.web.PortMapperImpl#0,org.springframework.security.authentication.ProviderManager#0,org.springframework.security.web.context.HttpSessionSecurityContextRepository#0,org.springframework.security.core.session.SessionRegistryImpl#0,org.springframework.security.web.authentication.session.ConcurrentSessionControlStrategy#0,org.springframework.security.web.savedrequest.HttpSessionRequestCache#0,org.springframework.security.web.access.intercept.FilterSecurityInterceptor#0,org.springframework.security.web.access.DefaultWebInvocationPrivilegeEvaluator#0,org.springframework.security.authentication.AnonymousAuthenticationProvider#0,org.springframework.security.web.authentication.UsernamePasswordAuthenticationFilter#0,org.springframework.security.userDetailsServiceFactory,org.springframework.security.web.DefaultSecurityFilterChain#0,org.springframework.security.provisioning.InMemoryUserDetailsManager#0,org.springframework.security.authentication.dao.DaoAuthenticationProvider#0,org.springframework.security.authentication.DefaultAuthenticationEventPublisher#0,in-memory-auth,org.springframework.security.authentication.dao.DaoAuthenticationProvider#1,org.springframework.security.authentication.DefaultAuthenticationEventPublisher#1,dao-auth,userDetailsService,org.springframework.security.provisioning.JdbcUserDetailsManager#0,org.springframework.security.authentication.dao.DaoAuthenticationProvider#2,org.springframework.security.authentication.DefaultAuthenticationEventPublisher#2,jdbc-auth,org.springframework.security.web.PortMapperImpl#1,org.springframework.security.authentication.ProviderManager#1,org.springframework.security.web.context.HttpSessionSecurityContextRepository#1,org.springframework.security.core.session.SessionRegistryImpl#1,org.springframework.security.web.authentication.session.ConcurrentSessionControlStrategy#1,org.springframework.security.web.savedrequest.HttpSessionRequestCache#1,org.springframework.security.web.access.intercept.FilterSecurityInterceptor#1,org.springframework.security.web.access.DefaultWebInvocationPrivilegeEvaluator#1,org.springframework.security.authentication.AnonymousAuthenticationProvider#1,org.springframework.security.web.authentication.UsernamePasswordAuthenticationFilter#1,org.springframework.security.web.DefaultSecurityFilterChain#1,org.springframework.security.provisioning.InMemoryUserDetailsManager#1,org.springframework.security.authentication.dao.DaoAuthenticationProvider#3,org.springframework.security.authentication.DefaultAuthenticationEventPublisher#3,org.springframework.security.authentication.dao.DaoAuthenticationProvider#4,org.springframework.security.authentication.DefaultAuthenticationEventPublisher#4,org.springframework.security.provisioning.JdbcUserDetailsManager#1,org.springframework.security.authentication.dao.DaoAuthenticationProvider#5,org.springframework.security.authentication.DefaultAuthenticationEventPublisher#5,org.springframework.context.annotation.ConfigurationClassPostProcessor$ImportAwareBeanPostProcessor#0]; root of factory hierarchy
Oct 29, 2014 5:17:07 PM org.springframework.jdbc.datasource.DriverManagerDataSource setDriverClassName
INFO: Loaded JDBC driver: com.mysql.jdbc.jdbc2.optional.MysqlDataSource
Oct 29, 2014 5:17:07 PM org.springframework.orm.hibernate3.LocalSessionFactoryBean buildSessionFactory
INFO: Building new Hibernate SessionFactory
Oct 29, 2014 5:17:07 PM org.springframework.orm.hibernate3.HibernateTransactionManager afterPropertiesSet
INFO: Using DataSource [org.springframework.jdbc.datasource.DriverManagerDataSource@763e49] of Hibernate SessionFactory for HibernateTransactionManager
Oct 29, 2014 5:17:07 PM org.springframework.security.provisioning.JdbcUserDetailsManager initDao
INFO: No authentication manager set. Reauthentication of users when changing passwords will not be performed.
Oct 29, 2014 5:17:07 PM org.springframework.security.web.DefaultSecurityFilterChain &lt;init&gt;
INFO: Creating filter chain: org.springframework.security.web.util.AnyRequestMatcher@1, [org.springframework.security.web.session.ConcurrentSessionFilter@17f06c7, org.springframework.security.web.context.SecurityContextPersistenceFilter@11732fb, org.springframework.security.web.authentication.logout.LogoutFilter@9c8063, org.springframework.security.web.authentication.UsernamePasswordAuthenticationFilter@ed1802, org.springframework.security.web.savedrequest.RequestCacheAwareFilter@1c767e6, org.springframework.security.web.servletapi.SecurityContextHolderAwareRequestFilter@1eb098f, org.springframework.security.web.authentication.AnonymousAuthenticationFilter@1e21f89, org.springframework.security.web.session.SessionManagementFilter@1e739bf, org.springframework.security.web.access.ExceptionTranslationFilter@1079032, org.springframework.security.web.access.intercept.FilterSecurityInterceptor@7743ec]
Oct 29, 2014 5:17:07 PM org.springframework.security.web.DefaultSecurityFilterChain &lt;init&gt;
INFO: Creating filter chain: org.springframework.security.web.util.AnyRequestMatcher@1, [org.springframework.security.web.session.ConcurrentSessionFilter@1b77402, org.springframework.security.web.context.SecurityContextPersistenceFilter@1c48264, org.springframework.security.web.authentication.logout.LogoutFilter@f85555, org.springframework.security.web.authentication.UsernamePasswordAuthenticationFilter@1cec67e, org.springframework.security.web.savedrequest.RequestCacheAwareFilter@1afae61, org.springframework.security.web.servletapi.SecurityContextHolderAwareRequestFilter@2fce12, org.springframework.security.web.authentication.AnonymousAuthenticationFilter@e17eff, org.springframework.security.web.session.SessionManagementFilter@1b1b96b, org.springframework.security.web.access.ExceptionTranslationFilter@1bddada, org.springframework.security.web.access.intercept.FilterSecurityInterceptor@166d8e1]
Oct 29, 2014 5:17:07 PM org.springframework.security.config.http.DefaultFilterChainValidator checkLoginPageIsntProtected
INFO: Checking whether login URL &apos;/login&apos; is accessible with your configuration
Oct 29, 2014 5:17:07 PM org.springframework.security.config.http.DefaultFilterChainValidator checkLoginPageIsntProtected
INFO: Checking whether login URL &apos;/login&apos; is accessible with your configuration
Oct 29, 2014 5:17:07 PM org.springframework.beans.factory.support.DefaultSingletonBeanRegistry destroySingletons
INFO: Destroying singletons in org.springframework.beans.factory.support.DefaultListableBeanFactory@63d0ba: defining beans [org.springframework.context.annotation.internalConfigurationAnnotationProcessor,org.springframework.context.annotation.internalAutowiredAnnotationProcessor,org.springframework.context.annotation.internalRequiredAnnotationProcessor,org.springframework.context.annotation.internalCommonAnnotationProcessor,org.springframework.context.annotation.internalPersistenceAnnotationProcessor,articleDao,attachmentDao,productDao,userDao,userRoleDao,org.springframework.aop.config.internalAutoProxyCreator,org.springframework.transaction.annotation.AnnotationTransactionAttributeSource#0,org.springframework.transaction.interceptor.TransactionInterceptor#0,org.springframework.transaction.config.internalTransactionAdvisor,dataSource,sessionFactory,transactionManager,jdbcTemplate,roleVoter,accessDecisionManager,org.springframework.security.filterChains,org.springframework.security.filterChainProxy,org.springframework.security.web.PortMapperImpl#0,org.springframework.security.authentication.ProviderManager#0,org.springframework.security.web.context.HttpSessionSecurityContextRepository#0,org.springframework.security.core.session.SessionRegistryImpl#0,org.springframework.security.web.authentication.session.ConcurrentSessionControlStrategy#0,org.springframework.security.web.savedrequest.HttpSessionRequestCache#0,org.springframework.security.web.access.intercept.FilterSecurityInterceptor#0,org.springframework.security.web.access.DefaultWebInvocationPrivilegeEvaluator#0,org.springframework.security.authentication.AnonymousAuthenticationProvider#0,org.springframework.security.web.authentication.UsernamePasswordAuthenticationFilter#0,org.springframework.security.userDetailsServiceFactory,org.springframework.security.web.DefaultSecurityFilterChain#0,org.springframework.security.provisioning.InMemoryUserDetailsManager#0,org.springframework.security.authentication.dao.DaoAuthenticationProvider#0,org.springframework.security.authentication.DefaultAuthenticationEventPublisher#0,in-memory-auth,org.springframework.security.authentication.dao.DaoAuthenticationProvider#1,org.springframework.security.authentication.DefaultAuthenticationEventPublisher#1,dao-auth,userDetailsService,org.springframework.security.provisioning.JdbcUserDetailsManager#0,org.springframework.security.authentication.dao.DaoAuthenticationProvider#2,org.springframework.security.authentication.DefaultAuthenticationEventPublisher#2,jdbc-auth,org.springframework.security.web.PortMapperImpl#1,org.springframework.security.authentication.ProviderManager#1,org.springframework.security.web.context.HttpSessionSecurityContextRepository#1,org.springframework.security.core.session.SessionRegistryImpl#1,org.springframework.security.web.authentication.session.ConcurrentSessionControlStrategy#1,org.springframework.security.web.savedrequest.HttpSessionRequestCache#1,org.springframework.security.web.access.intercept.FilterSecurityInterceptor#1,org.springframework.security.web.access.DefaultWebInvocationPrivilegeEvaluator#1,org.springframework.security.authentication.AnonymousAuthenticationProvider#1,org.springframework.security.web.authentication.UsernamePasswordAuthenticationFilter#1,org.springframework.security.web.DefaultSecurityFilterChain#1,org.springframework.security.provisioning.InMemoryUserDetailsManager#1,org.springframework.security.authentication.dao.DaoAuthenticationProvider#3,org.springframework.security.authentication.DefaultAuthenticationEventPublisher#3,org.springframework.security.authentication.dao.DaoAuthenticationProvider#4,org.springframework.security.authentication.DefaultAuthenticationEventPublisher#4,org.springframework.security.provisioning.JdbcUserDetailsManager#1,org.springframework.security.authentication.dao.DaoAuthenticationProvider#5,org.springframework.security.authentication.DefaultAuthenticationEventPublisher#5,org.springframework.context.annotation.ConfigurationClassPostProcessor$ImportAwareBeanPostProcessor#0]; root of factory hierarchy
Oct 29, 2014 5:17:07 PM org.springframework.orm.hibernate3.AbstractSessionFactoryBean destroy
INFO: Closing Hibernate SessionFactory
Oct 29, 2014 5:17:07 PM org.springframework.test.context.TestContextManager prepareTestInstance
SEVERE: Caught exception while allowing TestExecutionListener [org.springframework.test.context.support.DependencyInjectionTestExecutionListener@dd39d2] to prepare test instance [com.americanbanksystems.wiki.dao.UserRoleDaoTestCase@173ce28]
java.lang.IllegalStateException: Failed to load ApplicationContext
	at org.springframework.test.context.TestContext.getApplicationContext(TestContext.java:157)
	at org.springframework.test.context.support.DependencyInjectionTestExecutionListener.injectDependencies(DependencyInjectionTestExecutionListener.java:109)
	at org.springframework.test.context.support.DependencyInjectionTestExecutionListener.prepareTestInstance(DependencyInjectionTestExecutionListener.java:75)
	at org.springframework.test.context.TestContextManager.prepareTestInstance(TestContextManager.java:321)
	at org.springframework.test.context.junit4.SpringJUnit4ClassRunner.createTest(SpringJUnit4ClassRunner.java:211)
	at org.springframework.test.context.junit4.SpringJUnit4ClassRunner$1.runReflectiveCall(SpringJUnit4ClassRunner.java:288)
	at org.junit.internal.runners.model.ReflectiveCallable.run(ReflectiveCallable.java:15)
	at org.springframework.test.context.junit4.SpringJUnit4ClassRunner.methodBlock(SpringJUnit4ClassRunner.java:290)
	at org.springframework.test.context.junit4.SpringJUnit4ClassRunner.runChild(SpringJUnit4ClassRunner.java:231)
	at org.junit.runners.BlockJUnit4ClassRunner.runChild(BlockJUnit4ClassRunner.java:47)
	at org.junit.runners.ParentRunner$3.run(ParentRunner.java:231)
	at org.junit.runners.ParentRunner$1.schedule(ParentRunner.java:60)
	at org.junit.runners.ParentRunner.runChildren(ParentRunner.java:229)
	at org.junit.runners.ParentRunner.access$000(ParentRunner.java:50)
	at org.junit.runners.ParentRunner$2.evaluate(ParentRunner.java:222)
	at org.springframework.test.context.junit4.statements.RunBeforeTestClassCallbacks.evaluate(RunBeforeTestClassCallbacks.java:61)
	at org.springframework.test.context.junit4.statements.RunAfterTestClassCallbacks.evaluate(RunAfterTestClassCallbacks.java:71)
	at org.junit.runners.ParentRunner.run(ParentRunner.java:300)
	at org.springframework.test.context.junit4.SpringJUnit4ClassRunner.run(SpringJUnit4ClassRunner.java:174)
	at org.apache.maven.surefire.junit4.JUnit4Provider.execute(JUnit4Provider.java:252)
	at org.apache.maven.surefire.junit4.JUnit4Provider.executeTestSet(JUnit4Provider.java:141)
	at org.apache.maven.surefire.junit4.JUnit4Provider.invoke(JUnit4Provider.java:112)
	at sun.reflect.NativeMethodAccessorImpl.invoke0(Native Method)
	at sun.reflect.NativeMethodAccessorImpl.invoke(NativeMethodAccessorImpl.java:62)
	at sun.reflect.DelegatingMethodAccessorImpl.invoke(DelegatingMethodAccessorImpl.java:43)
	at java.lang.reflect.Method.invoke(Method.java:483)
	at org.apache.maven.surefire.util.ReflectionUtils.invokeMethodWithArray(ReflectionUtils.java:189)
	at org.apache.maven.surefire.booter.ProviderFactory$ProviderProxy.invoke(ProviderFactory.java:165)
	at org.apache.maven.surefire.booter.ProviderFactory.invokeProvider(ProviderFactory.java:85)
	at org.apache.maven.surefire.booter.ForkedBooter.runSuitesInProcess(ForkedBooter.java:115)
	at org.apache.maven.surefire.booter.ForkedBooter.main(ForkedBooter.java:75)
Caused by: org.springframework.beans.factory.BeanCreationException: Error creating bean with name &apos;org.springframework.security.filterChainProxy&apos;: Invocation of init method failed; nested exception is java.lang.IllegalArgumentException: A universal match pattern (&apos;/**&apos;) is defined  before other patterns in the filter chain, causing them to be ignored. Please check the ordering in your &lt;security:http&gt; namespace or FilterChainProxy bean configuration
	at org.springframework.beans.factory.support.AbstractAutowireCapableBeanFactory.initializeBean(AbstractAutowireCapableBeanFactory.java:1455)
	at org.springframework.beans.factory.support.AbstractAutowireCapableBeanFactory.doCreateBean(AbstractAutowireCapableBeanFactory.java:519)
	at org.springframework.beans.factory.support.AbstractAutowireCapableBeanFactory.createBean(AbstractAutowireCapableBeanFactory.java:456)
	at org.springframework.beans.factory.support.AbstractBeanFactory$1.getObject(AbstractBeanFactory.java:294)
	at org.springframework.beans.factory.support.DefaultSingletonBeanRegistry.getSingleton(DefaultSingletonBeanRegistry.java:225)
	at org.springframework.beans.factory.support.AbstractBeanFactory.doGetBean(AbstractBeanFactory.java:291)
	at org.springframework.beans.factory.support.AbstractBeanFactory.getBean(AbstractBeanFactory.java:193)
	at org.springframework.beans.factory.support.DefaultListableBeanFactory.preInstantiateSingletons(DefaultListableBeanFactory.java:585)
	at org.springframework.context.support.AbstractApplicationContext.finishBeanFactoryInitialization(AbstractApplicationContext.java:913)
	at org.springframework.context.support.AbstractApplicationContext.refresh(AbstractApplicationContext.java:464)
	at org.springframework.test.context.support.AbstractGenericContextLoader.loadContext(AbstractGenericContextLoader.java:103)
	at org.springframework.test.context.support.AbstractGenericContextLoader.loadContext(AbstractGenericContextLoader.java:1)
	at org.springframework.test.context.support.DelegatingSmartContextLoader.loadContext(DelegatingSmartContextLoader.java:228)
	at org.springframework.test.context.TestContext.loadApplicationContext(TestContext.java:124)
	at org.springframework.test.context.TestContext.getApplicationContext(TestContext.java:148)
	... 30 more
Caused by: java.lang.IllegalArgumentException: A universal match pattern (&apos;/**&apos;) is defined  before other patterns in the filter chain, causing them to be ignored. Please check the ordering in your &lt;security:http&gt; namespace or FilterChainProxy bean configuration
	at org.springframework.security.config.http.DefaultFilterChainValidator.checkPathOrder(DefaultFilterChainValidator.java:49)
	at org.springframework.security.config.http.DefaultFilterChainValidator.validate(DefaultFilterChainValidator.java:39)
	at org.springframework.security.web.FilterChainProxy.afterPropertiesSet(FilterChainProxy.java:148)
	at org.springframework.beans.factory.support.AbstractAutowireCapableBeanFactory.invokeInitMethods(AbstractAutowireCapableBeanFactory.java:1514)
	at org.springframework.beans.factory.support.AbstractAutowireCapableBeanFactory.initializeBean(AbstractAutowireCapableBeanFactory.java:1452)
	... 44 more

</system-err>
  </testcase>
</testsuite>