<?xml version="1.0" encoding="UTF-8" ?>
<testsuite tests="5" failures="0" name="com.americanbanksystems.wiki.dao.UserRoleDaoTestCase" time="2.075" errors="5" skipped="0">
  <properties>
    <property name="java.runtime.name" value="Java(TM) SE Runtime Environment"/>
    <property name="sun.boot.library.path" value="C:\Program Files (x86)\Java\jdk1.8.0_20\jre\bin"/>
    <property name="java.vm.version" value="25.20-b23"/>
    <property name="java.vm.vendor" value="Oracle Corporation"/>
    <property name="java.vendor.url" value="http://java.oracle.com/"/>
    <property name="path.separator" value=";"/>
    <property name="guice.disable.misplaced.annotation.check" value="true"/>
    <property name="java.vm.name" value="Java HotSpot(TM) Client VM"/>
    <property name="file.encoding.pkg" value="sun.io"/>
    <property name="user.script" value=""/>
    <property name="user.country" value="US"/>
    <property name="sun.java.launcher" value="SUN_STANDARD"/>
    <property name="sun.os.patch.level" value=""/>
    <property name="java.vm.specification.name" value="Java Virtual Machine Specification"/>
    <property name="user.dir" value="C:\Users\Boris\Documents\workspace-sts_x86\wikiABS"/>
    <property name="java.runtime.version" value="1.8.0_20-b26"/>
    <property name="java.awt.graphicsenv" value="sun.awt.Win32GraphicsEnvironment"/>
    <property name="java.endorsed.dirs" value="C:\Program Files (x86)\Java\jdk1.8.0_20\jre\lib\endorsed"/>
    <property name="os.arch" value="x86"/>
    <property name="java.io.tmpdir" value="C:\Users\Boris\AppData\Local\Temp\"/>
    <property name="line.separator" value="
"/>
    <property name="java.vm.specification.vendor" value="Oracle Corporation"/>
    <property name="user.variant" value=""/>
    <property name="os.name" value="Windows 8.1"/>
    <property name="classworlds.conf" value="C:\Users\Boris\Documents\workspace-sts_x86\.metadata\.plugins\org.eclipse.m2e.launching\launches\m2conf5671196011475395329.tmp"/>
    <property name="sun.jnu.encoding" value="Cp1252"/>
    <property name="java.library.path" value="C:\Program Files (x86)\Java\jdk1.8.0_20\bin;C:\windows\Sun\Java\bin;C:\windows\system32;C:\windows;C:/Program Files (x86)/Java/jdk1.8.0_20/bin/../jre/bin/client;C:/Program Files (x86)/Java/jdk1.8.0_20/bin/../jre/bin;C:/Program Files (x86)/Java/jdk1.8.0_20/bin/../jre/lib/i386;C:\ProgramData\Oracle\Java\javapath;C:\Program Files (x86)\NVIDIA Corporation\PhysX\Common;C:\Program Files (x86)\Intel\iCLS Client\;C:\Program Files\Intel\iCLS Client\;C:\windows\system32;C:\windows;C:\windows\System32\Wbem;C:\windows\System32\WindowsPowerShell\v1.0\;C:\Program Files\Intel\Intel(R) Management Engine Components\DAL;C:\Program Files\Intel\Intel(R) Management Engine Components\IPT;C:\Program Files (x86)\Intel\Intel(R) Management Engine Components\DAL;C:\Program Files (x86)\Intel\Intel(R) Management Engine Components\IPT;C:\Program Files\Intel\WiFi\bin\;C:\Program Files\Common Files\Intel\WirelessCommon\;C:\Program Files\Condusiv Technologies\ExpressCache\;C:\Program Files (x86)\Java\jdk1.8.0_20\bin;C:\Boris\Development\Source_Control\Git\bin;C:\Boris\Development\apache-maven-3.2.3\bin;C:\Program Files (x86)\MySQL\MySQL Utilities 1.4\;C:\Program Files (x86)\MySQL\MySQL Utilities 1.4\Doctrine extensions for PHP\;C:\Ruby193\bin;C:\Boris\Development\IDEz\sts-bundle_x86\sts-3.6.1.RELEASE;;."/>
    <property name="java.specification.name" value="Java Platform API Specification"/>
    <property name="java.class.version" value="52.0"/>
    <property name="sun.management.compiler" value="HotSpot Client Compiler"/>
    <property name="os.version" value="6.3"/>
    <property name="user.home" value="C:\Users\Boris"/>
    <property name="user.timezone" value="America/Chicago"/>
    <property name="java.awt.printerjob" value="sun.awt.windows.WPrinterJob"/>
    <property name="java.specification.version" value="1.8"/>
    <property name="file.encoding" value="Cp1252"/>
    <property name="user.name" value="Boris"/>
    <property name="java.class.path" value="/C:/Boris/Development/IDEz/sts-bundle_x86/sts-3.6.1.RELEASE/plugins/org.eclipse.m2e.maven.runtime_1.5.0.20140605-2032/jars/plexus-classworlds-2.5.1.jar"/>
    <property name="org.slf4j.simpleLogger.defaultLogLevel" value="info"/>
    <property name="java.vm.specification.version" value="1.8"/>
    <property name="sun.arch.data.model" value="32"/>
    <property name="java.home" value="C:\Program Files (x86)\Java\jdk1.8.0_20\jre"/>
    <property name="sun.java.command" value="org.codehaus.plexus.classworlds.launcher.Launcher -B test"/>
    <property name="java.specification.vendor" value="Oracle Corporation"/>
    <property name="user.language" value="en"/>
    <property name="awt.toolkit" value="sun.awt.windows.WToolkit"/>
    <property name="java.vm.info" value="mixed mode, sharing"/>
    <property name="java.version" value="1.8.0_20"/>
    <property name="java.ext.dirs" value="C:\Program Files (x86)\Java\jdk1.8.0_20\jre\lib\ext;C:\windows\Sun\Java\lib\ext"/>
    <property name="sun.boot.class.path" value="C:\Program Files (x86)\Java\jdk1.8.0_20\jre\lib\resources.jar;C:\Program Files (x86)\Java\jdk1.8.0_20\jre\lib\rt.jar;C:\Program Files (x86)\Java\jdk1.8.0_20\jre\lib\sunrsasign.jar;C:\Program Files (x86)\Java\jdk1.8.0_20\jre\lib\jsse.jar;C:\Program Files (x86)\Java\jdk1.8.0_20\jre\lib\jce.jar;C:\Program Files (x86)\Java\jdk1.8.0_20\jre\lib\charsets.jar;C:\Program Files (x86)\Java\jdk1.8.0_20\jre\lib\jfr.jar;C:\Program Files (x86)\Java\jdk1.8.0_20\jre\classes"/>
    <property name="java.vendor" value="Oracle Corporation"/>
    <property name="maven.home" value="C:\Users\Boris\Documents\workspace-sts_x86\wikiABS\EMBEDDED"/>
    <property name="file.separator" value="\"/>
    <property name="java.vendor.url.bug" value="http://bugreport.sun.com/bugreport/"/>
    <property name="sun.cpu.endian" value="little"/>
    <property name="sun.io.unicode.encoding" value="UnicodeLittle"/>
    <property name="sun.desktop" value="windows"/>
    <property name="sun.cpu.isalist" value="pentium_pro+mmx pentium_pro pentium+mmx pentium i486 i386 i86"/>
  </properties>
  <testcase classname="com.americanbanksystems.wiki.dao.UserRoleDaoTestCase" name="testUpdate" time="0.001">
    <error message="Failed to load ApplicationContext" type="java.lang.IllegalStateException">java.lang.IllegalStateException: Failed to load ApplicationContext
	at org.springframework.test.context.TestContext.getApplicationContext(TestContext.java:157)
	at org.springframework.test.context.support.DependencyInjectionTestExecutionListener.injectDependencies(DependencyInjectionTestExecutionListener.java:109)
	at org.springframework.test.context.support.DependencyInjectionTestExecutionListener.prepareTestInstance(DependencyInjectionTestExecutionListener.java:75)
	at org.springframework.test.context.TestContextManager.prepareTestInstance(TestContextManager.java:321)
	at org.springframework.test.context.junit4.SpringJUnit4ClassRunner.createTest(SpringJUnit4ClassRunner.java:211)
	at org.springframework.test.context.junit4.SpringJUnit4ClassRunner$1.runReflectiveCall(SpringJUnit4ClassRunner.java:288)
	at org.junit.internal.runners.model.ReflectiveCallable.run(ReflectiveCallable.java:15)
	at org.springframework.test.context.junit4.SpringJUnit4ClassRunner.methodBlock(SpringJUnit4ClassRunner.java:290)
	at org.springframework.test.context.junit4.SpringJUnit4ClassRunner.runChild(SpringJUnit4ClassRunner.java:231)
	at org.junit.runners.BlockJUnit4ClassRunner.runChild(BlockJUnit4ClassRunner.java:47)
	at org.junit.runners.ParentRunner$3.run(ParentRunner.java:231)
	at org.junit.runners.ParentRunner$1.schedule(ParentRunner.java:60)
	at org.junit.runners.ParentRunner.runChildren(ParentRunner.java:229)
	at org.junit.runners.ParentRunner.access$000(ParentRunner.java:50)
	at org.junit.runners.ParentRunner$2.evaluate(ParentRunner.java:222)
	at org.springframework.test.context.junit4.statements.RunBeforeTestClassCallbacks.evaluate(RunBeforeTestClassCallbacks.java:61)
	at org.springframework.test.context.junit4.statements.RunAfterTestClassCallbacks.evaluate(RunAfterTestClassCallbacks.java:71)
	at org.junit.runners.ParentRunner.run(ParentRunner.java:300)
	at org.springframework.test.context.junit4.SpringJUnit4ClassRunner.run(SpringJUnit4ClassRunner.java:174)
	at org.apache.maven.surefire.junit4.JUnit4Provider.execute(JUnit4Provider.java:252)
	at org.apache.maven.surefire.junit4.JUnit4Provider.executeTestSet(JUnit4Provider.java:141)
	at org.apache.maven.surefire.junit4.JUnit4Provider.invoke(JUnit4Provider.java:112)
	at sun.reflect.NativeMethodAccessorImpl.invoke0(Native Method)
	at sun.reflect.NativeMethodAccessorImpl.invoke(NativeMethodAccessorImpl.java:62)
	at sun.reflect.DelegatingMethodAccessorImpl.invoke(DelegatingMethodAccessorImpl.java:43)
	at java.lang.reflect.Method.invoke(Method.java:483)
	at org.apache.maven.surefire.util.ReflectionUtils.invokeMethodWithArray(ReflectionUtils.java:189)
	at org.apache.maven.surefire.booter.ProviderFactory$ProviderProxy.invoke(ProviderFactory.java:165)
	at org.apache.maven.surefire.booter.ProviderFactory.invokeProvider(ProviderFactory.java:85)
	at org.apache.maven.surefire.booter.ForkedBooter.runSuitesInProcess(ForkedBooter.java:115)
	at org.apache.maven.surefire.booter.ForkedBooter.main(ForkedBooter.java:75)
Caused by: org.springframework.beans.factory.BeanCreationException: Error creating bean with name &apos;org.springframework.security.filterChainProxy&apos;: Invocation of init method failed; nested exception is java.lang.IllegalArgumentException: A universal match pattern (&apos;/**&apos;) is defined  before other patterns in the filter chain, causing them to be ignored. Please check the ordering in your &lt;security:http&gt; namespace or FilterChainProxy bean configuration
	at org.springframework.beans.factory.support.AbstractAutowireCapableBeanFactory.initializeBean(AbstractAutowireCapableBeanFactory.java:1455)
	at org.springframework.beans.factory.support.AbstractAutowireCapableBeanFactory.doCreateBean(AbstractAutowireCapableBeanFactory.java:519)
	at org.springframework.beans.factory.support.AbstractAutowireCapableBeanFactory.createBean(AbstractAutowireCapableBeanFactory.java:456)
	at org.springframework.beans.factory.support.AbstractBeanFactory$1.getObject(AbstractBeanFactory.java:294)
	at org.springframework.beans.factory.support.DefaultSingletonBeanRegistry.getSingleton(DefaultSingletonBeanRegistry.java:225)
	at org.springframework.beans.factory.support.AbstractBeanFactory.doGetBean(AbstractBeanFactory.java:291)
	at org.springframework.beans.factory.support.AbstractBeanFactory.getBean(AbstractBeanFactory.java:193)
	at org.springframework.beans.factory.support.DefaultListableBeanFactory.preInstantiateSingletons(DefaultListableBeanFactory.java:585)
	at org.springframework.context.support.AbstractApplicationContext.finishBeanFactoryInitialization(AbstractApplicationContext.java:913)
	at org.springframework.context.support.AbstractApplicationContext.refresh(AbstractApplicationContext.java:464)
	at org.springframework.test.context.support.AbstractGenericContextLoader.loadContext(AbstractGenericContextLoader.java:103)
	at org.springframework.test.context.support.AbstractGenericContextLoader.loadContext(AbstractGenericContextLoader.java:1)
	at org.springframework.test.context.support.DelegatingSmartContextLoader.loadContext(DelegatingSmartContextLoader.java:228)
	at org.springframework.test.context.TestContext.loadApplicationContext(TestContext.java:124)
	at org.springframework.test.context.TestContext.getApplicationContext(TestContext.java:148)
	... 30 more
Caused by: java.lang.IllegalArgumentException: A universal match pattern (&apos;/**&apos;) is defined  before other patterns in the filter chain, causing them to be ignored. Please check the ordering in your &lt;security:http&gt; namespace or FilterChainProxy bean configuration
	at org.springframework.security.config.http.DefaultFilterChainValidator.checkPathOrder(DefaultFilterChainValidator.java:49)
	at org.springframework.security.config.http.DefaultFilterChainValidator.validate(DefaultFilterChainValidator.java:39)
	at org.springframework.security.web.FilterChainProxy.afterPropertiesSet(FilterChainProxy.java:148)
	at org.springframework.beans.factory.support.AbstractAutowireCapableBeanFactory.invokeInitMethods(AbstractAutowireCapableBeanFactory.java:1514)
	at org.springframework.beans.factory.support.AbstractAutowireCapableBeanFactory.initializeBean(AbstractAutowireCapableBeanFactory.java:1452)
	... 44 more
</error>
    <system-err>Nov 11, 2014 5:28:25 PM org.springframework.beans.factory.xml.XmlBeanDefinitionReader loadBeanDefinitions
INFO: Loading XML bean definitions from class path resource [persistence-beans.xml]
Nov 11, 2014 5:28:25 PM org.springframework.security.config.SecurityNamespaceHandler &lt;init&gt;
INFO: Spring Security &apos;config&apos; module version is 3.1.0.RELEASE
Nov 11, 2014 5:28:25 PM org.springframework.security.config.http.HttpSecurityBeanDefinitionParser checkFilterChainOrder
INFO: Checking sorted filter chain: [Root bean: class [org.springframework.security.web.session.ConcurrentSessionFilter]; scope=; abstract=false; lazyInit=false; autowireMode=0; dependencyCheck=0; autowireCandidate=true; primary=false; factoryBeanName=null; factoryMethodName=null; initMethodName=null; destroyMethodName=null, order = 200, Root bean: class [org.springframework.security.web.context.SecurityContextPersistenceFilter]; scope=; abstract=false; lazyInit=false; autowireMode=0; dependencyCheck=0; autowireCandidate=true; primary=false; factoryBeanName=null; factoryMethodName=null; initMethodName=null; destroyMethodName=null, order = 300, Root bean: class [org.springframework.security.web.authentication.logout.LogoutFilter]; scope=; abstract=false; lazyInit=false; autowireMode=0; dependencyCheck=0; autowireCandidate=true; primary=false; factoryBeanName=null; factoryMethodName=null; initMethodName=null; destroyMethodName=null, order = 400, &lt;org.springframework.security.web.authentication.UsernamePasswordAuthenticationFilter#0&gt;, order = 800, Root bean: class [org.springframework.security.web.savedrequest.RequestCacheAwareFilter]; scope=; abstract=false; lazyInit=false; autowireMode=0; dependencyCheck=0; autowireCandidate=true; primary=false; factoryBeanName=null; factoryMethodName=null; initMethodName=null; destroyMethodName=null, order = 1300, Root bean: class [org.springframework.security.web.servletapi.SecurityContextHolderAwareRequestFilter]; scope=; abstract=false; lazyInit=false; autowireMode=0; dependencyCheck=0; autowireCandidate=true; primary=false; factoryBeanName=null; factoryMethodName=null; initMethodName=null; destroyMethodName=null, order = 1400, Root bean: class [org.springframework.security.web.authentication.AnonymousAuthenticationFilter]; scope=; abstract=false; lazyInit=false; autowireMode=0; dependencyCheck=0; autowireCandidate=true; primary=false; factoryBeanName=null; factoryMethodName=null; initMethodName=null; destroyMethodName=null, order = 1700, Root bean: class [org.springframework.security.web.session.SessionManagementFilter]; scope=; abstract=false; lazyInit=false; autowireMode=0; dependencyCheck=0; autowireCandidate=true; primary=false; factoryBeanName=null; factoryMethodName=null; initMethodName=null; destroyMethodName=null, order = 1800, Root bean: class [org.springframework.security.web.access.ExceptionTranslationFilter]; scope=; abstract=false; lazyInit=false; autowireMode=0; dependencyCheck=0; autowireCandidate=true; primary=false; factoryBeanName=null; factoryMethodName=null; initMethodName=null; destroyMethodName=null, order = 1900, &lt;org.springframework.security.web.access.intercept.FilterSecurityInterceptor#0&gt;, order = 2000]
Nov 11, 2014 5:28:25 PM org.springframework.beans.factory.xml.XmlBeanDefinitionReader loadBeanDefinitions
INFO: Loading XML bean definitions from class path resource [persistence-beans.xml]
Nov 11, 2014 5:28:25 PM org.springframework.beans.factory.support.DefaultListableBeanFactory registerBeanDefinition
INFO: Overriding bean definition for bean &apos;dataSource&apos;: replacing [Generic bean: class [org.springframework.jdbc.datasource.DriverManagerDataSource]; scope=; abstract=false; lazyInit=false; autowireMode=0; dependencyCheck=0; autowireCandidate=true; primary=false; factoryBeanName=null; factoryMethodName=null; initMethodName=null; destroyMethodName=null; defined in class path resource [persistence-beans.xml]] with [Generic bean: class [org.springframework.jdbc.datasource.DriverManagerDataSource]; scope=; abstract=false; lazyInit=false; autowireMode=0; dependencyCheck=0; autowireCandidate=true; primary=false; factoryBeanName=null; factoryMethodName=null; initMethodName=null; destroyMethodName=null; defined in class path resource [persistence-beans.xml]]
Nov 11, 2014 5:28:25 PM org.springframework.beans.factory.support.DefaultListableBeanFactory registerBeanDefinition
INFO: Overriding bean definition for bean &apos;sessionFactory&apos;: replacing [Generic bean: class [org.springframework.orm.hibernate3.annotation.AnnotationSessionFactoryBean]; scope=; abstract=false; lazyInit=false; autowireMode=0; dependencyCheck=0; autowireCandidate=true; primary=false; factoryBeanName=null; factoryMethodName=null; initMethodName=null; destroyMethodName=null; defined in class path resource [persistence-beans.xml]] with [Generic bean: class [org.springframework.orm.hibernate3.annotation.AnnotationSessionFactoryBean]; scope=; abstract=false; lazyInit=false; autowireMode=0; dependencyCheck=0; autowireCandidate=true; primary=false; factoryBeanName=null; factoryMethodName=null; initMethodName=null; destroyMethodName=null; defined in class path resource [persistence-beans.xml]]
Nov 11, 2014 5:28:25 PM org.springframework.beans.factory.support.DefaultListableBeanFactory registerBeanDefinition
INFO: Overriding bean definition for bean &apos;transactionManager&apos;: replacing [Generic bean: class [org.springframework.orm.hibernate3.HibernateTransactionManager]; scope=; abstract=false; lazyInit=false; autowireMode=0; dependencyCheck=0; autowireCandidate=true; primary=false; factoryBeanName=null; factoryMethodName=null; initMethodName=null; destroyMethodName=null; defined in class path resource [persistence-beans.xml]] with [Generic bean: class [org.springframework.orm.hibernate3.HibernateTransactionManager]; scope=; abstract=false; lazyInit=false; autowireMode=0; dependencyCheck=0; autowireCandidate=true; primary=false; factoryBeanName=null; factoryMethodName=null; initMethodName=null; destroyMethodName=null; defined in class path resource [persistence-beans.xml]]
Nov 11, 2014 5:28:25 PM org.springframework.beans.factory.support.DefaultListableBeanFactory registerBeanDefinition
INFO: Overriding bean definition for bean &apos;jdbcTemplate&apos;: replacing [Generic bean: class [org.springframework.jdbc.core.simple.SimpleJdbcTemplate]; scope=; abstract=false; lazyInit=false; autowireMode=0; dependencyCheck=0; autowireCandidate=true; primary=false; factoryBeanName=null; factoryMethodName=null; initMethodName=null; destroyMethodName=null; defined in class path resource [persistence-beans.xml]] with [Generic bean: class [org.springframework.jdbc.core.simple.SimpleJdbcTemplate]; scope=; abstract=false; lazyInit=false; autowireMode=0; dependencyCheck=0; autowireCandidate=true; primary=false; factoryBeanName=null; factoryMethodName=null; initMethodName=null; destroyMethodName=null; defined in class path resource [persistence-beans.xml]]
Nov 11, 2014 5:28:25 PM org.springframework.beans.factory.support.DefaultListableBeanFactory registerBeanDefinition
INFO: Overriding bean definition for bean &apos;roleVoter&apos;: replacing [Generic bean: class [org.springframework.security.access.vote.RoleVoter]; scope=; abstract=false; lazyInit=false; autowireMode=0; dependencyCheck=0; autowireCandidate=true; primary=false; factoryBeanName=null; factoryMethodName=null; initMethodName=null; destroyMethodName=null; defined in class path resource [persistence-beans.xml]] with [Generic bean: class [org.springframework.security.access.vote.RoleVoter]; scope=; abstract=false; lazyInit=false; autowireMode=0; dependencyCheck=0; autowireCandidate=true; primary=false; factoryBeanName=null; factoryMethodName=null; initMethodName=null; destroyMethodName=null; defined in class path resource [persistence-beans.xml]]
Nov 11, 2014 5:28:25 PM org.springframework.beans.factory.support.DefaultListableBeanFactory registerBeanDefinition
INFO: Overriding bean definition for bean &apos;accessDecisionManager&apos;: replacing [Generic bean: class [org.springframework.security.access.vote.AffirmativeBased]; scope=; abstract=false; lazyInit=false; autowireMode=0; dependencyCheck=0; autowireCandidate=true; primary=false; factoryBeanName=null; factoryMethodName=null; initMethodName=null; destroyMethodName=null; defined in class path resource [persistence-beans.xml]] with [Generic bean: class [org.springframework.security.access.vote.AffirmativeBased]; scope=; abstract=false; lazyInit=false; autowireMode=0; dependencyCheck=0; autowireCandidate=true; primary=false; factoryBeanName=null; factoryMethodName=null; initMethodName=null; destroyMethodName=null; defined in class path resource [persistence-beans.xml]]
Nov 11, 2014 5:28:25 PM org.springframework.security.config.http.HttpSecurityBeanDefinitionParser checkFilterChainOrder
INFO: Checking sorted filter chain: [Root bean: class [org.springframework.security.web.session.ConcurrentSessionFilter]; scope=; abstract=false; lazyInit=false; autowireMode=0; dependencyCheck=0; autowireCandidate=true; primary=false; factoryBeanName=null; factoryMethodName=null; initMethodName=null; destroyMethodName=null, order = 200, Root bean: class [org.springframework.security.web.context.SecurityContextPersistenceFilter]; scope=; abstract=false; lazyInit=false; autowireMode=0; dependencyCheck=0; autowireCandidate=true; primary=false; factoryBeanName=null; factoryMethodName=null; initMethodName=null; destroyMethodName=null, order = 300, Root bean: class [org.springframework.security.web.authentication.logout.LogoutFilter]; scope=; abstract=false; lazyInit=false; autowireMode=0; dependencyCheck=0; autowireCandidate=true; primary=false; factoryBeanName=null; factoryMethodName=null; initMethodName=null; destroyMethodName=null, order = 400, &lt;org.springframework.security.web.authentication.UsernamePasswordAuthenticationFilter#1&gt;, order = 800, Root bean: class [org.springframework.security.web.savedrequest.RequestCacheAwareFilter]; scope=; abstract=false; lazyInit=false; autowireMode=0; dependencyCheck=0; autowireCandidate=true; primary=false; factoryBeanName=null; factoryMethodName=null; initMethodName=null; destroyMethodName=null, order = 1300, Root bean: class [org.springframework.security.web.servletapi.SecurityContextHolderAwareRequestFilter]; scope=; abstract=false; lazyInit=false; autowireMode=0; dependencyCheck=0; autowireCandidate=true; primary=false; factoryBeanName=null; factoryMethodName=null; initMethodName=null; destroyMethodName=null, order = 1400, Root bean: class [org.springframework.security.web.authentication.AnonymousAuthenticationFilter]; scope=; abstract=false; lazyInit=false; autowireMode=0; dependencyCheck=0; autowireCandidate=true; primary=false; factoryBeanName=null; factoryMethodName=null; initMethodName=null; destroyMethodName=null, order = 1700, Root bean: class [org.springframework.security.web.session.SessionManagementFilter]; scope=; abstract=false; lazyInit=false; autowireMode=0; dependencyCheck=0; autowireCandidate=true; primary=false; factoryBeanName=null; factoryMethodName=null; initMethodName=null; destroyMethodName=null, order = 1800, Root bean: class [org.springframework.security.web.access.ExceptionTranslationFilter]; scope=; abstract=false; lazyInit=false; autowireMode=0; dependencyCheck=0; autowireCandidate=true; primary=false; factoryBeanName=null; factoryMethodName=null; initMethodName=null; destroyMethodName=null, order = 1900, &lt;org.springframework.security.web.access.intercept.FilterSecurityInterceptor#1&gt;, order = 2000]
Nov 11, 2014 5:28:25 PM org.springframework.beans.factory.support.DefaultListableBeanFactory registerBeanDefinition
INFO: Overriding bean definition for bean &apos;in-memory-auth&apos;: replacing [Root bean: class [org.springframework.security.authentication.ProviderManager]; scope=; abstract=false; lazyInit=false; autowireMode=0; dependencyCheck=0; autowireCandidate=true; primary=false; factoryBeanName=null; factoryMethodName=null; initMethodName=null; destroyMethodName=null] with [Root bean: class [org.springframework.security.authentication.ProviderManager]; scope=; abstract=false; lazyInit=false; autowireMode=0; dependencyCheck=0; autowireCandidate=true; primary=false; factoryBeanName=null; factoryMethodName=null; initMethodName=null; destroyMethodName=null]
Nov 11, 2014 5:28:25 PM org.springframework.beans.factory.support.DefaultListableBeanFactory registerBeanDefinition
INFO: Overriding bean definition for bean &apos;dao-auth&apos;: replacing [Root bean: class [org.springframework.security.authentication.ProviderManager]; scope=; abstract=false; lazyInit=false; autowireMode=0; dependencyCheck=0; autowireCandidate=true; primary=false; factoryBeanName=null; factoryMethodName=null; initMethodName=null; destroyMethodName=null] with [Root bean: class [org.springframework.security.authentication.ProviderManager]; scope=; abstract=false; lazyInit=false; autowireMode=0; dependencyCheck=0; autowireCandidate=true; primary=false; factoryBeanName=null; factoryMethodName=null; initMethodName=null; destroyMethodName=null]
Nov 11, 2014 5:28:25 PM org.springframework.beans.factory.support.DefaultListableBeanFactory registerBeanDefinition
INFO: Overriding bean definition for bean &apos;userDetailsService&apos;: replacing [Generic bean: class [com.americanbanksystems.wiki.security.dao.implementation.UserDetailsServiceImpl]; scope=; abstract=false; lazyInit=false; autowireMode=0; dependencyCheck=0; autowireCandidate=true; primary=false; factoryBeanName=null; factoryMethodName=null; initMethodName=null; destroyMethodName=null; defined in class path resource [persistence-beans.xml]] with [Generic bean: class [com.americanbanksystems.wiki.security.dao.implementation.UserDetailsServiceImpl]; scope=; abstract=false; lazyInit=false; autowireMode=0; dependencyCheck=0; autowireCandidate=true; primary=false; factoryBeanName=null; factoryMethodName=null; initMethodName=null; destroyMethodName=null; defined in class path resource [persistence-beans.xml]]
Nov 11, 2014 5:28:25 PM org.springframework.beans.factory.support.DefaultListableBeanFactory registerBeanDefinition
INFO: Overriding bean definition for bean &apos;jdbc-auth&apos;: replacing [Root bean: class [org.springframework.security.authentication.ProviderManager]; scope=; abstract=false; lazyInit=false; autowireMode=0; dependencyCheck=0; autowireCandidate=true; primary=false; factoryBeanName=null; factoryMethodName=null; initMethodName=null; destroyMethodName=null] with [Root bean: class [org.springframework.security.authentication.ProviderManager]; scope=; abstract=false; lazyInit=false; autowireMode=0; dependencyCheck=0; autowireCandidate=true; primary=false; factoryBeanName=null; factoryMethodName=null; initMethodName=null; destroyMethodName=null]
Nov 11, 2014 5:28:25 PM org.springframework.beans.factory.support.DefaultListableBeanFactory registerBeanDefinition
INFO: Overriding bean definition for bean &apos;encoder&apos;: replacing [Generic bean: class [org.springframework.security.crypto.bcrypt.BCryptPasswordEncoder]; scope=; abstract=false; lazyInit=false; autowireMode=0; dependencyCheck=0; autowireCandidate=true; primary=false; factoryBeanName=null; factoryMethodName=null; initMethodName=null; destroyMethodName=null; defined in class path resource [persistence-beans.xml]] with [Generic bean: class [org.springframework.security.crypto.bcrypt.BCryptPasswordEncoder]; scope=; abstract=false; lazyInit=false; autowireMode=0; dependencyCheck=0; autowireCandidate=true; primary=false; factoryBeanName=null; factoryMethodName=null; initMethodName=null; destroyMethodName=null; defined in class path resource [persistence-beans.xml]]
Nov 11, 2014 5:28:25 PM org.springframework.context.support.AbstractApplicationContext prepareRefresh
INFO: Refreshing org.springframework.context.support.GenericApplicationContext@1c2a9e3: startup date [Tue Nov 11 17:28:25 CST 2014]; root of context hierarchy
Nov 11, 2014 5:28:25 PM org.springframework.beans.factory.support.DefaultListableBeanFactory preInstantiateSingletons
INFO: Pre-instantiating singletons in org.springframework.beans.factory.support.DefaultListableBeanFactory@dc5b9c: defining beans [org.springframework.context.annotation.internalConfigurationAnnotationProcessor,org.springframework.context.annotation.internalAutowiredAnnotationProcessor,org.springframework.context.annotation.internalRequiredAnnotationProcessor,org.springframework.context.annotation.internalCommonAnnotationProcessor,org.springframework.context.annotation.internalPersistenceAnnotationProcessor,articleDao,attachmentDao,productDao,userDao,userRoleDao,org.springframework.aop.config.internalAutoProxyCreator,org.springframework.transaction.annotation.AnnotationTransactionAttributeSource#0,org.springframework.transaction.interceptor.TransactionInterceptor#0,org.springframework.transaction.config.internalTransactionAdvisor,dataSource,sessionFactory,transactionManager,jdbcTemplate,roleVoter,accessDecisionManager,org.springframework.security.filterChains,org.springframework.security.filterChainProxy,org.springframework.security.web.PortMapperImpl#0,org.springframework.security.authentication.ProviderManager#0,org.springframework.security.web.context.HttpSessionSecurityContextRepository#0,org.springframework.security.core.session.SessionRegistryImpl#0,org.springframework.security.web.authentication.session.ConcurrentSessionControlStrategy#0,org.springframework.security.web.savedrequest.HttpSessionRequestCache#0,org.springframework.security.web.access.intercept.FilterSecurityInterceptor#0,org.springframework.security.web.access.DefaultWebInvocationPrivilegeEvaluator#0,org.springframework.security.authentication.AnonymousAuthenticationProvider#0,org.springframework.security.web.authentication.UsernamePasswordAuthenticationFilter#0,org.springframework.security.userDetailsServiceFactory,org.springframework.security.web.DefaultSecurityFilterChain#0,org.springframework.security.provisioning.InMemoryUserDetailsManager#0,org.springframework.security.authentication.dao.DaoAuthenticationProvider#0,org.springframework.security.authentication.DefaultAuthenticationEventPublisher#0,in-memory-auth,org.springframework.security.authentication.dao.DaoAuthenticationProvider#1,org.springframework.security.authentication.DefaultAuthenticationEventPublisher#1,dao-auth,userDetailsService,org.springframework.security.provisioning.JdbcUserDetailsManager#0,org.springframework.security.authentication.dao.DaoAuthenticationProvider#2,org.springframework.security.authentication.DefaultAuthenticationEventPublisher#2,jdbc-auth,encoder,org.springframework.security.web.PortMapperImpl#1,org.springframework.security.authentication.ProviderManager#1,org.springframework.security.web.context.HttpSessionSecurityContextRepository#1,org.springframework.security.core.session.SessionRegistryImpl#1,org.springframework.security.web.authentication.session.ConcurrentSessionControlStrategy#1,org.springframework.security.web.savedrequest.HttpSessionRequestCache#1,org.springframework.security.web.access.intercept.FilterSecurityInterceptor#1,org.springframework.security.web.access.DefaultWebInvocationPrivilegeEvaluator#1,org.springframework.security.authentication.AnonymousAuthenticationProvider#1,org.springframework.security.web.authentication.UsernamePasswordAuthenticationFilter#1,org.springframework.security.web.DefaultSecurityFilterChain#1,org.springframework.security.provisioning.InMemoryUserDetailsManager#1,org.springframework.security.authentication.dao.DaoAuthenticationProvider#3,org.springframework.security.authentication.DefaultAuthenticationEventPublisher#3,org.springframework.security.authentication.dao.DaoAuthenticationProvider#4,org.springframework.security.authentication.DefaultAuthenticationEventPublisher#4,org.springframework.security.provisioning.JdbcUserDetailsManager#1,org.springframework.security.authentication.dao.DaoAuthenticationProvider#5,org.springframework.security.authentication.DefaultAuthenticationEventPublisher#5,org.springframework.context.annotation.ConfigurationClassPostProcessor$ImportAwareBeanPostProcessor#0]; root of factory hierarchy
Nov 11, 2014 5:28:25 PM org.springframework.jdbc.datasource.DriverManagerDataSource setDriverClassName
INFO: Loaded JDBC driver: com.mysql.jdbc.jdbc2.optional.MysqlDataSource
Nov 11, 2014 5:28:25 PM org.springframework.orm.hibernate3.LocalSessionFactoryBean buildSessionFactory
INFO: Building new Hibernate SessionFactory
Nov 11, 2014 5:28:26 PM org.springframework.orm.hibernate3.HibernateTransactionManager afterPropertiesSet
INFO: Using DataSource [org.springframework.jdbc.datasource.DriverManagerDataSource@b957b8] of Hibernate SessionFactory for HibernateTransactionManager
Nov 11, 2014 5:28:26 PM org.springframework.security.provisioning.JdbcUserDetailsManager initDao
INFO: No authentication manager set. Reauthentication of users when changing passwords will not be performed.
Nov 11, 2014 5:28:26 PM org.springframework.security.web.DefaultSecurityFilterChain &lt;init&gt;
INFO: Creating filter chain: org.springframework.security.web.util.AnyRequestMatcher@1, [org.springframework.security.web.session.ConcurrentSessionFilter@33b52e, org.springframework.security.web.context.SecurityContextPersistenceFilter@6a4ffd, org.springframework.security.web.authentication.logout.LogoutFilter@ed69dd, org.springframework.security.web.authentication.UsernamePasswordAuthenticationFilter@11a9a53, org.springframework.security.web.savedrequest.RequestCacheAwareFilter@a3d25b, org.springframework.security.web.servletapi.SecurityContextHolderAwareRequestFilter@287395, org.springframework.security.web.authentication.AnonymousAuthenticationFilter@15a518c, org.springframework.security.web.session.SessionManagementFilter@f981b6, org.springframework.security.web.access.ExceptionTranslationFilter@4aadf8, org.springframework.security.web.access.intercept.FilterSecurityInterceptor@1bfc5ff]
Nov 11, 2014 5:28:26 PM org.springframework.security.web.DefaultSecurityFilterChain &lt;init&gt;
INFO: Creating filter chain: org.springframework.security.web.util.AnyRequestMatcher@1, [org.springframework.security.web.session.ConcurrentSessionFilter@d52be7, org.springframework.security.web.context.SecurityContextPersistenceFilter@1ad71bf, org.springframework.security.web.authentication.logout.LogoutFilter@183b48a, org.springframework.security.web.authentication.UsernamePasswordAuthenticationFilter@9a9f26, org.springframework.security.web.savedrequest.RequestCacheAwareFilter@1791a81, org.springframework.security.web.servletapi.SecurityContextHolderAwareRequestFilter@191a2d8, org.springframework.security.web.authentication.AnonymousAuthenticationFilter@1b269c4, org.springframework.security.web.session.SessionManagementFilter@1e7adbb, org.springframework.security.web.access.ExceptionTranslationFilter@91c14, org.springframework.security.web.access.intercept.FilterSecurityInterceptor@40ffef]
Nov 11, 2014 5:28:26 PM org.springframework.security.config.http.DefaultFilterChainValidator checkLoginPageIsntProtected
INFO: Checking whether login URL &apos;/loginFull&apos; is accessible with your configuration
Nov 11, 2014 5:28:26 PM org.springframework.security.config.http.DefaultFilterChainValidator checkLoginPageIsntProtected
INFO: Checking whether login URL &apos;/loginFull&apos; is accessible with your configuration
Nov 11, 2014 5:28:26 PM org.springframework.beans.factory.support.DefaultSingletonBeanRegistry destroySingletons
INFO: Destroying singletons in org.springframework.beans.factory.support.DefaultListableBeanFactory@dc5b9c: defining beans [org.springframework.context.annotation.internalConfigurationAnnotationProcessor,org.springframework.context.annotation.internalAutowiredAnnotationProcessor,org.springframework.context.annotation.internalRequiredAnnotationProcessor,org.springframework.context.annotation.internalCommonAnnotationProcessor,org.springframework.context.annotation.internalPersistenceAnnotationProcessor,articleDao,attachmentDao,productDao,userDao,userRoleDao,org.springframework.aop.config.internalAutoProxyCreator,org.springframework.transaction.annotation.AnnotationTransactionAttributeSource#0,org.springframework.transaction.interceptor.TransactionInterceptor#0,org.springframework.transaction.config.internalTransactionAdvisor,dataSource,sessionFactory,transactionManager,jdbcTemplate,roleVoter,accessDecisionManager,org.springframework.security.filterChains,org.springframework.security.filterChainProxy,org.springframework.security.web.PortMapperImpl#0,org.springframework.security.authentication.ProviderManager#0,org.springframework.security.web.context.HttpSessionSecurityContextRepository#0,org.springframework.security.core.session.SessionRegistryImpl#0,org.springframework.security.web.authentication.session.ConcurrentSessionControlStrategy#0,org.springframework.security.web.savedrequest.HttpSessionRequestCache#0,org.springframework.security.web.access.intercept.FilterSecurityInterceptor#0,org.springframework.security.web.access.DefaultWebInvocationPrivilegeEvaluator#0,org.springframework.security.authentication.AnonymousAuthenticationProvider#0,org.springframework.security.web.authentication.UsernamePasswordAuthenticationFilter#0,org.springframework.security.userDetailsServiceFactory,org.springframework.security.web.DefaultSecurityFilterChain#0,org.springframework.security.provisioning.InMemoryUserDetailsManager#0,org.springframework.security.authentication.dao.DaoAuthenticationProvider#0,org.springframework.security.authentication.DefaultAuthenticationEventPublisher#0,in-memory-auth,org.springframework.security.authentication.dao.DaoAuthenticationProvider#1,org.springframework.security.authentication.DefaultAuthenticationEventPublisher#1,dao-auth,userDetailsService,org.springframework.security.provisioning.JdbcUserDetailsManager#0,org.springframework.security.authentication.dao.DaoAuthenticationProvider#2,org.springframework.security.authentication.DefaultAuthenticationEventPublisher#2,jdbc-auth,encoder,org.springframework.security.web.PortMapperImpl#1,org.springframework.security.authentication.ProviderManager#1,org.springframework.security.web.context.HttpSessionSecurityContextRepository#1,org.springframework.security.core.session.SessionRegistryImpl#1,org.springframework.security.web.authentication.session.ConcurrentSessionControlStrategy#1,org.springframework.security.web.savedrequest.HttpSessionRequestCache#1,org.springframework.security.web.access.intercept.FilterSecurityInterceptor#1,org.springframework.security.web.access.DefaultWebInvocationPrivilegeEvaluator#1,org.springframework.security.authentication.AnonymousAuthenticationProvider#1,org.springframework.security.web.authentication.UsernamePasswordAuthenticationFilter#1,org.springframework.security.web.DefaultSecurityFilterChain#1,org.springframework.security.provisioning.InMemoryUserDetailsManager#1,org.springframework.security.authentication.dao.DaoAuthenticationProvider#3,org.springframework.security.authentication.DefaultAuthenticationEventPublisher#3,org.springframework.security.authentication.dao.DaoAuthenticationProvider#4,org.springframework.security.authentication.DefaultAuthenticationEventPublisher#4,org.springframework.security.provisioning.JdbcUserDetailsManager#1,org.springframework.security.authentication.dao.DaoAuthenticationProvider#5,org.springframework.security.authentication.DefaultAuthenticationEventPublisher#5,org.springframework.context.annotation.ConfigurationClassPostProcessor$ImportAwareBeanPostProcessor#0]; root of factory hierarchy
Nov 11, 2014 5:28:26 PM org.springframework.orm.hibernate3.AbstractSessionFactoryBean destroy
INFO: Closing Hibernate SessionFactory
Nov 11, 2014 5:28:26 PM org.springframework.test.context.TestContextManager prepareTestInstance
SEVERE: Caught exception while allowing TestExecutionListener [org.springframework.test.context.support.DependencyInjectionTestExecutionListener@173bd6b] to prepare test instance [com.americanbanksystems.wiki.dao.UserRoleDaoTestCase@17d3a45]
java.lang.IllegalStateException: Failed to load ApplicationContext
	at org.springframework.test.context.TestContext.getApplicationContext(TestContext.java:157)
	at org.springframework.test.context.support.DependencyInjectionTestExecutionListener.injectDependencies(DependencyInjectionTestExecutionListener.java:109)
	at org.springframework.test.context.support.DependencyInjectionTestExecutionListener.prepareTestInstance(DependencyInjectionTestExecutionListener.java:75)
	at org.springframework.test.context.TestContextManager.prepareTestInstance(TestContextManager.java:321)
	at org.springframework.test.context.junit4.SpringJUnit4ClassRunner.createTest(SpringJUnit4ClassRunner.java:211)
	at org.springframework.test.context.junit4.SpringJUnit4ClassRunner$1.runReflectiveCall(SpringJUnit4ClassRunner.java:288)
	at org.junit.internal.runners.model.ReflectiveCallable.run(ReflectiveCallable.java:15)
	at org.springframework.test.context.junit4.SpringJUnit4ClassRunner.methodBlock(SpringJUnit4ClassRunner.java:290)
	at org.springframework.test.context.junit4.SpringJUnit4ClassRunner.runChild(SpringJUnit4ClassRunner.java:231)
	at org.junit.runners.BlockJUnit4ClassRunner.runChild(BlockJUnit4ClassRunner.java:47)
	at org.junit.runners.ParentRunner$3.run(ParentRunner.java:231)
	at org.junit.runners.ParentRunner$1.schedule(ParentRunner.java:60)
	at org.junit.runners.ParentRunner.runChildren(ParentRunner.java:229)
	at org.junit.runners.ParentRunner.access$000(ParentRunner.java:50)
	at org.junit.runners.ParentRunner$2.evaluate(ParentRunner.java:222)
	at org.springframework.test.context.junit4.statements.RunBeforeTestClassCallbacks.evaluate(RunBeforeTestClassCallbacks.java:61)
	at org.springframework.test.context.junit4.statements.RunAfterTestClassCallbacks.evaluate(RunAfterTestClassCallbacks.java:71)
	at org.junit.runners.ParentRunner.run(ParentRunner.java:300)
	at org.springframework.test.context.junit4.SpringJUnit4ClassRunner.run(SpringJUnit4ClassRunner.java:174)
	at org.apache.maven.surefire.junit4.JUnit4Provider.execute(JUnit4Provider.java:252)
	at org.apache.maven.surefire.junit4.JUnit4Provider.executeTestSet(JUnit4Provider.java:141)
	at org.apache.maven.surefire.junit4.JUnit4Provider.invoke(JUnit4Provider.java:112)
	at sun.reflect.NativeMethodAccessorImpl.invoke0(Native Method)
	at sun.reflect.NativeMethodAccessorImpl.invoke(NativeMethodAccessorImpl.java:62)
	at sun.reflect.DelegatingMethodAccessorImpl.invoke(DelegatingMethodAccessorImpl.java:43)
	at java.lang.reflect.Method.invoke(Method.java:483)
	at org.apache.maven.surefire.util.ReflectionUtils.invokeMethodWithArray(ReflectionUtils.java:189)
	at org.apache.maven.surefire.booter.ProviderFactory$ProviderProxy.invoke(ProviderFactory.java:165)
	at org.apache.maven.surefire.booter.ProviderFactory.invokeProvider(ProviderFactory.java:85)
	at org.apache.maven.surefire.booter.ForkedBooter.runSuitesInProcess(ForkedBooter.java:115)
	at org.apache.maven.surefire.booter.ForkedBooter.main(ForkedBooter.java:75)
Caused by: org.springframework.beans.factory.BeanCreationException: Error creating bean with name &apos;org.springframework.security.filterChainProxy&apos;: Invocation of init method failed; nested exception is java.lang.IllegalArgumentException: A universal match pattern (&apos;/**&apos;) is defined  before other patterns in the filter chain, causing them to be ignored. Please check the ordering in your &lt;security:http&gt; namespace or FilterChainProxy bean configuration
	at org.springframework.beans.factory.support.AbstractAutowireCapableBeanFactory.initializeBean(AbstractAutowireCapableBeanFactory.java:1455)
	at org.springframework.beans.factory.support.AbstractAutowireCapableBeanFactory.doCreateBean(AbstractAutowireCapableBeanFactory.java:519)
	at org.springframework.beans.factory.support.AbstractAutowireCapableBeanFactory.createBean(AbstractAutowireCapableBeanFactory.java:456)
	at org.springframework.beans.factory.support.AbstractBeanFactory$1.getObject(AbstractBeanFactory.java:294)
	at org.springframework.beans.factory.support.DefaultSingletonBeanRegistry.getSingleton(DefaultSingletonBeanRegistry.java:225)
	at org.springframework.beans.factory.support.AbstractBeanFactory.doGetBean(AbstractBeanFactory.java:291)
	at org.springframework.beans.factory.support.AbstractBeanFactory.getBean(AbstractBeanFactory.java:193)
	at org.springframework.beans.factory.support.DefaultListableBeanFactory.preInstantiateSingletons(DefaultListableBeanFactory.java:585)
	at org.springframework.context.support.AbstractApplicationContext.finishBeanFactoryInitialization(AbstractApplicationContext.java:913)
	at org.springframework.context.support.AbstractApplicationContext.refresh(AbstractApplicationContext.java:464)
	at org.springframework.test.context.support.AbstractGenericContextLoader.loadContext(AbstractGenericContextLoader.java:103)
	at org.springframework.test.context.support.AbstractGenericContextLoader.loadContext(AbstractGenericContextLoader.java:1)
	at org.springframework.test.context.support.DelegatingSmartContextLoader.loadContext(DelegatingSmartContextLoader.java:228)
	at org.springframework.test.context.TestContext.loadApplicationContext(TestContext.java:124)
	at org.springframework.test.context.TestContext.getApplicationContext(TestContext.java:148)
	... 30 more
Caused by: java.lang.IllegalArgumentException: A universal match pattern (&apos;/**&apos;) is defined  before other patterns in the filter chain, causing them to be ignored. Please check the ordering in your &lt;security:http&gt; namespace or FilterChainProxy bean configuration
	at org.springframework.security.config.http.DefaultFilterChainValidator.checkPathOrder(DefaultFilterChainValidator.java:49)
	at org.springframework.security.config.http.DefaultFilterChainValidator.validate(DefaultFilterChainValidator.java:39)
	at org.springframework.security.web.FilterChainProxy.afterPropertiesSet(FilterChainProxy.java:148)
	at org.springframework.beans.factory.support.AbstractAutowireCapableBeanFactory.invokeInitMethods(AbstractAutowireCapableBeanFactory.java:1514)
	at org.springframework.beans.factory.support.AbstractAutowireCapableBeanFactory.initializeBean(AbstractAutowireCapableBeanFactory.java:1452)
	... 44 more

</system-err>
  </testcase>
  <testcase classname="com.americanbanksystems.wiki.dao.UserRoleDaoTestCase" name="testRemove" time="0.001">
    <error message="Failed to load ApplicationContext" type="java.lang.IllegalStateException">java.lang.IllegalStateException: Failed to load ApplicationContext
	at org.springframework.test.context.TestContext.getApplicationContext(TestContext.java:157)
	at org.springframework.test.context.support.DependencyInjectionTestExecutionListener.injectDependencies(DependencyInjectionTestExecutionListener.java:109)
	at org.springframework.test.context.support.DependencyInjectionTestExecutionListener.prepareTestInstance(DependencyInjectionTestExecutionListener.java:75)
	at org.springframework.test.context.TestContextManager.prepareTestInstance(TestContextManager.java:321)
	at org.springframework.test.context.junit4.SpringJUnit4ClassRunner.createTest(SpringJUnit4ClassRunner.java:211)
	at org.springframework.test.context.junit4.SpringJUnit4ClassRunner$1.runReflectiveCall(SpringJUnit4ClassRunner.java:288)
	at org.junit.internal.runners.model.ReflectiveCallable.run(ReflectiveCallable.java:15)
	at org.springframework.test.context.junit4.SpringJUnit4ClassRunner.methodBlock(SpringJUnit4ClassRunner.java:290)
	at org.springframework.test.context.junit4.SpringJUnit4ClassRunner.runChild(SpringJUnit4ClassRunner.java:231)
	at org.junit.runners.BlockJUnit4ClassRunner.runChild(BlockJUnit4ClassRunner.java:47)
	at org.junit.runners.ParentRunner$3.run(ParentRunner.java:231)
	at org.junit.runners.ParentRunner$1.schedule(ParentRunner.java:60)
	at org.junit.runners.ParentRunner.runChildren(ParentRunner.java:229)
	at org.junit.runners.ParentRunner.access$000(ParentRunner.java:50)
	at org.junit.runners.ParentRunner$2.evaluate(ParentRunner.java:222)
	at org.springframework.test.context.junit4.statements.RunBeforeTestClassCallbacks.evaluate(RunBeforeTestClassCallbacks.java:61)
	at org.springframework.test.context.junit4.statements.RunAfterTestClassCallbacks.evaluate(RunAfterTestClassCallbacks.java:71)
	at org.junit.runners.ParentRunner.run(ParentRunner.java:300)
	at org.springframework.test.context.junit4.SpringJUnit4ClassRunner.run(SpringJUnit4ClassRunner.java:174)
	at org.apache.maven.surefire.junit4.JUnit4Provider.execute(JUnit4Provider.java:252)
	at org.apache.maven.surefire.junit4.JUnit4Provider.executeTestSet(JUnit4Provider.java:141)
	at org.apache.maven.surefire.junit4.JUnit4Provider.invoke(JUnit4Provider.java:112)
	at sun.reflect.NativeMethodAccessorImpl.invoke0(Native Method)
	at sun.reflect.NativeMethodAccessorImpl.invoke(NativeMethodAccessorImpl.java:62)
	at sun.reflect.DelegatingMethodAccessorImpl.invoke(DelegatingMethodAccessorImpl.java:43)
	at java.lang.reflect.Method.invoke(Method.java:483)
	at org.apache.maven.surefire.util.ReflectionUtils.invokeMethodWithArray(ReflectionUtils.java:189)
	at org.apache.maven.surefire.booter.ProviderFactory$ProviderProxy.invoke(ProviderFactory.java:165)
	at org.apache.maven.surefire.booter.ProviderFactory.invokeProvider(ProviderFactory.java:85)
	at org.apache.maven.surefire.booter.ForkedBooter.runSuitesInProcess(ForkedBooter.java:115)
	at org.apache.maven.surefire.booter.ForkedBooter.main(ForkedBooter.java:75)
Caused by: org.springframework.beans.factory.BeanCreationException: Error creating bean with name &apos;org.springframework.security.filterChainProxy&apos;: Invocation of init method failed; nested exception is java.lang.IllegalArgumentException: A universal match pattern (&apos;/**&apos;) is defined  before other patterns in the filter chain, causing them to be ignored. Please check the ordering in your &lt;security:http&gt; namespace or FilterChainProxy bean configuration
	at org.springframework.beans.factory.support.AbstractAutowireCapableBeanFactory.initializeBean(AbstractAutowireCapableBeanFactory.java:1455)
	at org.springframework.beans.factory.support.AbstractAutowireCapableBeanFactory.doCreateBean(AbstractAutowireCapableBeanFactory.java:519)
	at org.springframework.beans.factory.support.AbstractAutowireCapableBeanFactory.createBean(AbstractAutowireCapableBeanFactory.java:456)
	at org.springframework.beans.factory.support.AbstractBeanFactory$1.getObject(AbstractBeanFactory.java:294)
	at org.springframework.beans.factory.support.DefaultSingletonBeanRegistry.getSingleton(DefaultSingletonBeanRegistry.java:225)
	at org.springframework.beans.factory.support.AbstractBeanFactory.doGetBean(AbstractBeanFactory.java:291)
	at org.springframework.beans.factory.support.AbstractBeanFactory.getBean(AbstractBeanFactory.java:193)
	at org.springframework.beans.factory.support.DefaultListableBeanFactory.preInstantiateSingletons(DefaultListableBeanFactory.java:585)
	at org.springframework.context.support.AbstractApplicationContext.finishBeanFactoryInitialization(AbstractApplicationContext.java:913)
	at org.springframework.context.support.AbstractApplicationContext.refresh(AbstractApplicationContext.java:464)
	at org.springframework.test.context.support.AbstractGenericContextLoader.loadContext(AbstractGenericContextLoader.java:103)
	at org.springframework.test.context.support.AbstractGenericContextLoader.loadContext(AbstractGenericContextLoader.java:1)
	at org.springframework.test.context.support.DelegatingSmartContextLoader.loadContext(DelegatingSmartContextLoader.java:228)
	at org.springframework.test.context.TestContext.loadApplicationContext(TestContext.java:124)
	at org.springframework.test.context.TestContext.getApplicationContext(TestContext.java:148)
	... 30 more
Caused by: java.lang.IllegalArgumentException: A universal match pattern (&apos;/**&apos;) is defined  before other patterns in the filter chain, causing them to be ignored. Please check the ordering in your &lt;security:http&gt; namespace or FilterChainProxy bean configuration
	at org.springframework.security.config.http.DefaultFilterChainValidator.checkPathOrder(DefaultFilterChainValidator.java:49)
	at org.springframework.security.config.http.DefaultFilterChainValidator.validate(DefaultFilterChainValidator.java:39)
	at org.springframework.security.web.FilterChainProxy.afterPropertiesSet(FilterChainProxy.java:148)
	at org.springframework.beans.factory.support.AbstractAutowireCapableBeanFactory.invokeInitMethods(AbstractAutowireCapableBeanFactory.java:1514)
	at org.springframework.beans.factory.support.AbstractAutowireCapableBeanFactory.initializeBean(AbstractAutowireCapableBeanFactory.java:1452)
	... 44 more
</error>
    <system-err>Nov 11, 2014 5:28:26 PM org.springframework.beans.factory.xml.XmlBeanDefinitionReader loadBeanDefinitions
INFO: Loading XML bean definitions from class path resource [persistence-beans.xml]
Nov 11, 2014 5:28:26 PM org.springframework.security.config.SecurityNamespaceHandler &lt;init&gt;
INFO: Spring Security &apos;config&apos; module version is 3.1.0.RELEASE
Nov 11, 2014 5:28:26 PM org.springframework.security.config.http.HttpSecurityBeanDefinitionParser checkFilterChainOrder
INFO: Checking sorted filter chain: [Root bean: class [org.springframework.security.web.session.ConcurrentSessionFilter]; scope=; abstract=false; lazyInit=false; autowireMode=0; dependencyCheck=0; autowireCandidate=true; primary=false; factoryBeanName=null; factoryMethodName=null; initMethodName=null; destroyMethodName=null, order = 200, Root bean: class [org.springframework.security.web.context.SecurityContextPersistenceFilter]; scope=; abstract=false; lazyInit=false; autowireMode=0; dependencyCheck=0; autowireCandidate=true; primary=false; factoryBeanName=null; factoryMethodName=null; initMethodName=null; destroyMethodName=null, order = 300, Root bean: class [org.springframework.security.web.authentication.logout.LogoutFilter]; scope=; abstract=false; lazyInit=false; autowireMode=0; dependencyCheck=0; autowireCandidate=true; primary=false; factoryBeanName=null; factoryMethodName=null; initMethodName=null; destroyMethodName=null, order = 400, &lt;org.springframework.security.web.authentication.UsernamePasswordAuthenticationFilter#0&gt;, order = 800, Root bean: class [org.springframework.security.web.savedrequest.RequestCacheAwareFilter]; scope=; abstract=false; lazyInit=false; autowireMode=0; dependencyCheck=0; autowireCandidate=true; primary=false; factoryBeanName=null; factoryMethodName=null; initMethodName=null; destroyMethodName=null, order = 1300, Root bean: class [org.springframework.security.web.servletapi.SecurityContextHolderAwareRequestFilter]; scope=; abstract=false; lazyInit=false; autowireMode=0; dependencyCheck=0; autowireCandidate=true; primary=false; factoryBeanName=null; factoryMethodName=null; initMethodName=null; destroyMethodName=null, order = 1400, Root bean: class [org.springframework.security.web.authentication.AnonymousAuthenticationFilter]; scope=; abstract=false; lazyInit=false; autowireMode=0; dependencyCheck=0; autowireCandidate=true; primary=false; factoryBeanName=null; factoryMethodName=null; initMethodName=null; destroyMethodName=null, order = 1700, Root bean: class [org.springframework.security.web.session.SessionManagementFilter]; scope=; abstract=false; lazyInit=false; autowireMode=0; dependencyCheck=0; autowireCandidate=true; primary=false; factoryBeanName=null; factoryMethodName=null; initMethodName=null; destroyMethodName=null, order = 1800, Root bean: class [org.springframework.security.web.access.ExceptionTranslationFilter]; scope=; abstract=false; lazyInit=false; autowireMode=0; dependencyCheck=0; autowireCandidate=true; primary=false; factoryBeanName=null; factoryMethodName=null; initMethodName=null; destroyMethodName=null, order = 1900, &lt;org.springframework.security.web.access.intercept.FilterSecurityInterceptor#0&gt;, order = 2000]
Nov 11, 2014 5:28:26 PM org.springframework.beans.factory.xml.XmlBeanDefinitionReader loadBeanDefinitions
INFO: Loading XML bean definitions from class path resource [persistence-beans.xml]
Nov 11, 2014 5:28:26 PM org.springframework.beans.factory.support.DefaultListableBeanFactory registerBeanDefinition
INFO: Overriding bean definition for bean &apos;dataSource&apos;: replacing [Generic bean: class [org.springframework.jdbc.datasource.DriverManagerDataSource]; scope=; abstract=false; lazyInit=false; autowireMode=0; dependencyCheck=0; autowireCandidate=true; primary=false; factoryBeanName=null; factoryMethodName=null; initMethodName=null; destroyMethodName=null; defined in class path resource [persistence-beans.xml]] with [Generic bean: class [org.springframework.jdbc.datasource.DriverManagerDataSource]; scope=; abstract=false; lazyInit=false; autowireMode=0; dependencyCheck=0; autowireCandidate=true; primary=false; factoryBeanName=null; factoryMethodName=null; initMethodName=null; destroyMethodName=null; defined in class path resource [persistence-beans.xml]]
Nov 11, 2014 5:28:26 PM org.springframework.beans.factory.support.DefaultListableBeanFactory registerBeanDefinition
INFO: Overriding bean definition for bean &apos;sessionFactory&apos;: replacing [Generic bean: class [org.springframework.orm.hibernate3.annotation.AnnotationSessionFactoryBean]; scope=; abstract=false; lazyInit=false; autowireMode=0; dependencyCheck=0; autowireCandidate=true; primary=false; factoryBeanName=null; factoryMethodName=null; initMethodName=null; destroyMethodName=null; defined in class path resource [persistence-beans.xml]] with [Generic bean: class [org.springframework.orm.hibernate3.annotation.AnnotationSessionFactoryBean]; scope=; abstract=false; lazyInit=false; autowireMode=0; dependencyCheck=0; autowireCandidate=true; primary=false; factoryBeanName=null; factoryMethodName=null; initMethodName=null; destroyMethodName=null; defined in class path resource [persistence-beans.xml]]
Nov 11, 2014 5:28:26 PM org.springframework.beans.factory.support.DefaultListableBeanFactory registerBeanDefinition
INFO: Overriding bean definition for bean &apos;transactionManager&apos;: replacing [Generic bean: class [org.springframework.orm.hibernate3.HibernateTransactionManager]; scope=; abstract=false; lazyInit=false; autowireMode=0; dependencyCheck=0; autowireCandidate=true; primary=false; factoryBeanName=null; factoryMethodName=null; initMethodName=null; destroyMethodName=null; defined in class path resource [persistence-beans.xml]] with [Generic bean: class [org.springframework.orm.hibernate3.HibernateTransactionManager]; scope=; abstract=false; lazyInit=false; autowireMode=0; dependencyCheck=0; autowireCandidate=true; primary=false; factoryBeanName=null; factoryMethodName=null; initMethodName=null; destroyMethodName=null; defined in class path resource [persistence-beans.xml]]
Nov 11, 2014 5:28:26 PM org.springframework.beans.factory.support.DefaultListableBeanFactory registerBeanDefinition
INFO: Overriding bean definition for bean &apos;jdbcTemplate&apos;: replacing [Generic bean: class [org.springframework.jdbc.core.simple.SimpleJdbcTemplate]; scope=; abstract=false; lazyInit=false; autowireMode=0; dependencyCheck=0; autowireCandidate=true; primary=false; factoryBeanName=null; factoryMethodName=null; initMethodName=null; destroyMethodName=null; defined in class path resource [persistence-beans.xml]] with [Generic bean: class [org.springframework.jdbc.core.simple.SimpleJdbcTemplate]; scope=; abstract=false; lazyInit=false; autowireMode=0; dependencyCheck=0; autowireCandidate=true; primary=false; factoryBeanName=null; factoryMethodName=null; initMethodName=null; destroyMethodName=null; defined in class path resource [persistence-beans.xml]]
Nov 11, 2014 5:28:26 PM org.springframework.beans.factory.support.DefaultListableBeanFactory registerBeanDefinition
INFO: Overriding bean definition for bean &apos;roleVoter&apos;: replacing [Generic bean: class [org.springframework.security.access.vote.RoleVoter]; scope=; abstract=false; lazyInit=false; autowireMode=0; dependencyCheck=0; autowireCandidate=true; primary=false; factoryBeanName=null; factoryMethodName=null; initMethodName=null; destroyMethodName=null; defined in class path resource [persistence-beans.xml]] with [Generic bean: class [org.springframework.security.access.vote.RoleVoter]; scope=; abstract=false; lazyInit=false; autowireMode=0; dependencyCheck=0; autowireCandidate=true; primary=false; factoryBeanName=null; factoryMethodName=null; initMethodName=null; destroyMethodName=null; defined in class path resource [persistence-beans.xml]]
Nov 11, 2014 5:28:26 PM org.springframework.beans.factory.support.DefaultListableBeanFactory registerBeanDefinition
INFO: Overriding bean definition for bean &apos;accessDecisionManager&apos;: replacing [Generic bean: class [org.springframework.security.access.vote.AffirmativeBased]; scope=; abstract=false; lazyInit=false; autowireMode=0; dependencyCheck=0; autowireCandidate=true; primary=false; factoryBeanName=null; factoryMethodName=null; initMethodName=null; destroyMethodName=null; defined in class path resource [persistence-beans.xml]] with [Generic bean: class [org.springframework.security.access.vote.AffirmativeBased]; scope=; abstract=false; lazyInit=false; autowireMode=0; dependencyCheck=0; autowireCandidate=true; primary=false; factoryBeanName=null; factoryMethodName=null; initMethodName=null; destroyMethodName=null; defined in class path resource [persistence-beans.xml]]
Nov 11, 2014 5:28:26 PM org.springframework.security.config.http.HttpSecurityBeanDefinitionParser checkFilterChainOrder
INFO: Checking sorted filter chain: [Root bean: class [org.springframework.security.web.session.ConcurrentSessionFilter]; scope=; abstract=false; lazyInit=false; autowireMode=0; dependencyCheck=0; autowireCandidate=true; primary=false; factoryBeanName=null; factoryMethodName=null; initMethodName=null; destroyMethodName=null, order = 200, Root bean: class [org.springframework.security.web.context.SecurityContextPersistenceFilter]; scope=; abstract=false; lazyInit=false; autowireMode=0; dependencyCheck=0; autowireCandidate=true; primary=false; factoryBeanName=null; factoryMethodName=null; initMethodName=null; destroyMethodName=null, order = 300, Root bean: class [org.springframework.security.web.authentication.logout.LogoutFilter]; scope=; abstract=false; lazyInit=false; autowireMode=0; dependencyCheck=0; autowireCandidate=true; primary=false; factoryBeanName=null; factoryMethodName=null; initMethodName=null; destroyMethodName=null, order = 400, &lt;org.springframework.security.web.authentication.UsernamePasswordAuthenticationFilter#1&gt;, order = 800, Root bean: class [org.springframework.security.web.savedrequest.RequestCacheAwareFilter]; scope=; abstract=false; lazyInit=false; autowireMode=0; dependencyCheck=0; autowireCandidate=true; primary=false; factoryBeanName=null; factoryMethodName=null; initMethodName=null; destroyMethodName=null, order = 1300, Root bean: class [org.springframework.security.web.servletapi.SecurityContextHolderAwareRequestFilter]; scope=; abstract=false; lazyInit=false; autowireMode=0; dependencyCheck=0; autowireCandidate=true; primary=false; factoryBeanName=null; factoryMethodName=null; initMethodName=null; destroyMethodName=null, order = 1400, Root bean: class [org.springframework.security.web.authentication.AnonymousAuthenticationFilter]; scope=; abstract=false; lazyInit=false; autowireMode=0; dependencyCheck=0; autowireCandidate=true; primary=false; factoryBeanName=null; factoryMethodName=null; initMethodName=null; destroyMethodName=null, order = 1700, Root bean: class [org.springframework.security.web.session.SessionManagementFilter]; scope=; abstract=false; lazyInit=false; autowireMode=0; dependencyCheck=0; autowireCandidate=true; primary=false; factoryBeanName=null; factoryMethodName=null; initMethodName=null; destroyMethodName=null, order = 1800, Root bean: class [org.springframework.security.web.access.ExceptionTranslationFilter]; scope=; abstract=false; lazyInit=false; autowireMode=0; dependencyCheck=0; autowireCandidate=true; primary=false; factoryBeanName=null; factoryMethodName=null; initMethodName=null; destroyMethodName=null, order = 1900, &lt;org.springframework.security.web.access.intercept.FilterSecurityInterceptor#1&gt;, order = 2000]
Nov 11, 2014 5:28:26 PM org.springframework.beans.factory.support.DefaultListableBeanFactory registerBeanDefinition
INFO: Overriding bean definition for bean &apos;in-memory-auth&apos;: replacing [Root bean: class [org.springframework.security.authentication.ProviderManager]; scope=; abstract=false; lazyInit=false; autowireMode=0; dependencyCheck=0; autowireCandidate=true; primary=false; factoryBeanName=null; factoryMethodName=null; initMethodName=null; destroyMethodName=null] with [Root bean: class [org.springframework.security.authentication.ProviderManager]; scope=; abstract=false; lazyInit=false; autowireMode=0; dependencyCheck=0; autowireCandidate=true; primary=false; factoryBeanName=null; factoryMethodName=null; initMethodName=null; destroyMethodName=null]
Nov 11, 2014 5:28:26 PM org.springframework.beans.factory.support.DefaultListableBeanFactory registerBeanDefinition
INFO: Overriding bean definition for bean &apos;dao-auth&apos;: replacing [Root bean: class [org.springframework.security.authentication.ProviderManager]; scope=; abstract=false; lazyInit=false; autowireMode=0; dependencyCheck=0; autowireCandidate=true; primary=false; factoryBeanName=null; factoryMethodName=null; initMethodName=null; destroyMethodName=null] with [Root bean: class [org.springframework.security.authentication.ProviderManager]; scope=; abstract=false; lazyInit=false; autowireMode=0; dependencyCheck=0; autowireCandidate=true; primary=false; factoryBeanName=null; factoryMethodName=null; initMethodName=null; destroyMethodName=null]
Nov 11, 2014 5:28:26 PM org.springframework.beans.factory.support.DefaultListableBeanFactory registerBeanDefinition
INFO: Overriding bean definition for bean &apos;userDetailsService&apos;: replacing [Generic bean: class [com.americanbanksystems.wiki.security.dao.implementation.UserDetailsServiceImpl]; scope=; abstract=false; lazyInit=false; autowireMode=0; dependencyCheck=0; autowireCandidate=true; primary=false; factoryBeanName=null; factoryMethodName=null; initMethodName=null; destroyMethodName=null; defined in class path resource [persistence-beans.xml]] with [Generic bean: class [com.americanbanksystems.wiki.security.dao.implementation.UserDetailsServiceImpl]; scope=; abstract=false; lazyInit=false; autowireMode=0; dependencyCheck=0; autowireCandidate=true; primary=false; factoryBeanName=null; factoryMethodName=null; initMethodName=null; destroyMethodName=null; defined in class path resource [persistence-beans.xml]]
Nov 11, 2014 5:28:26 PM org.springframework.beans.factory.support.DefaultListableBeanFactory registerBeanDefinition
INFO: Overriding bean definition for bean &apos;jdbc-auth&apos;: replacing [Root bean: class [org.springframework.security.authentication.ProviderManager]; scope=; abstract=false; lazyInit=false; autowireMode=0; dependencyCheck=0; autowireCandidate=true; primary=false; factoryBeanName=null; factoryMethodName=null; initMethodName=null; destroyMethodName=null] with [Root bean: class [org.springframework.security.authentication.ProviderManager]; scope=; abstract=false; lazyInit=false; autowireMode=0; dependencyCheck=0; autowireCandidate=true; primary=false; factoryBeanName=null; factoryMethodName=null; initMethodName=null; destroyMethodName=null]
Nov 11, 2014 5:28:26 PM org.springframework.beans.factory.support.DefaultListableBeanFactory registerBeanDefinition
INFO: Overriding bean definition for bean &apos;encoder&apos;: replacing [Generic bean: class [org.springframework.security.crypto.bcrypt.BCryptPasswordEncoder]; scope=; abstract=false; lazyInit=false; autowireMode=0; dependencyCheck=0; autowireCandidate=true; primary=false; factoryBeanName=null; factoryMethodName=null; initMethodName=null; destroyMethodName=null; defined in class path resource [persistence-beans.xml]] with [Generic bean: class [org.springframework.security.crypto.bcrypt.BCryptPasswordEncoder]; scope=; abstract=false; lazyInit=false; autowireMode=0; dependencyCheck=0; autowireCandidate=true; primary=false; factoryBeanName=null; factoryMethodName=null; initMethodName=null; destroyMethodName=null; defined in class path resource [persistence-beans.xml]]
Nov 11, 2014 5:28:26 PM org.springframework.context.support.AbstractApplicationContext prepareRefresh
INFO: Refreshing org.springframework.context.support.GenericApplicationContext@1edc703: startup date [Tue Nov 11 17:28:26 CST 2014]; root of context hierarchy
Nov 11, 2014 5:28:26 PM org.springframework.beans.factory.support.DefaultListableBeanFactory preInstantiateSingletons
INFO: Pre-instantiating singletons in org.springframework.beans.factory.support.DefaultListableBeanFactory@1d2dd2d: defining beans [org.springframework.context.annotation.internalConfigurationAnnotationProcessor,org.springframework.context.annotation.internalAutowiredAnnotationProcessor,org.springframework.context.annotation.internalRequiredAnnotationProcessor,org.springframework.context.annotation.internalCommonAnnotationProcessor,org.springframework.context.annotation.internalPersistenceAnnotationProcessor,articleDao,attachmentDao,productDao,userDao,userRoleDao,org.springframework.aop.config.internalAutoProxyCreator,org.springframework.transaction.annotation.AnnotationTransactionAttributeSource#0,org.springframework.transaction.interceptor.TransactionInterceptor#0,org.springframework.transaction.config.internalTransactionAdvisor,dataSource,sessionFactory,transactionManager,jdbcTemplate,roleVoter,accessDecisionManager,org.springframework.security.filterChains,org.springframework.security.filterChainProxy,org.springframework.security.web.PortMapperImpl#0,org.springframework.security.authentication.ProviderManager#0,org.springframework.security.web.context.HttpSessionSecurityContextRepository#0,org.springframework.security.core.session.SessionRegistryImpl#0,org.springframework.security.web.authentication.session.ConcurrentSessionControlStrategy#0,org.springframework.security.web.savedrequest.HttpSessionRequestCache#0,org.springframework.security.web.access.intercept.FilterSecurityInterceptor#0,org.springframework.security.web.access.DefaultWebInvocationPrivilegeEvaluator#0,org.springframework.security.authentication.AnonymousAuthenticationProvider#0,org.springframework.security.web.authentication.UsernamePasswordAuthenticationFilter#0,org.springframework.security.userDetailsServiceFactory,org.springframework.security.web.DefaultSecurityFilterChain#0,org.springframework.security.provisioning.InMemoryUserDetailsManager#0,org.springframework.security.authentication.dao.DaoAuthenticationProvider#0,org.springframework.security.authentication.DefaultAuthenticationEventPublisher#0,in-memory-auth,org.springframework.security.authentication.dao.DaoAuthenticationProvider#1,org.springframework.security.authentication.DefaultAuthenticationEventPublisher#1,dao-auth,userDetailsService,org.springframework.security.provisioning.JdbcUserDetailsManager#0,org.springframework.security.authentication.dao.DaoAuthenticationProvider#2,org.springframework.security.authentication.DefaultAuthenticationEventPublisher#2,jdbc-auth,encoder,org.springframework.security.web.PortMapperImpl#1,org.springframework.security.authentication.ProviderManager#1,org.springframework.security.web.context.HttpSessionSecurityContextRepository#1,org.springframework.security.core.session.SessionRegistryImpl#1,org.springframework.security.web.authentication.session.ConcurrentSessionControlStrategy#1,org.springframework.security.web.savedrequest.HttpSessionRequestCache#1,org.springframework.security.web.access.intercept.FilterSecurityInterceptor#1,org.springframework.security.web.access.DefaultWebInvocationPrivilegeEvaluator#1,org.springframework.security.authentication.AnonymousAuthenticationProvider#1,org.springframework.security.web.authentication.UsernamePasswordAuthenticationFilter#1,org.springframework.security.web.DefaultSecurityFilterChain#1,org.springframework.security.provisioning.InMemoryUserDetailsManager#1,org.springframework.security.authentication.dao.DaoAuthenticationProvider#3,org.springframework.security.authentication.DefaultAuthenticationEventPublisher#3,org.springframework.security.authentication.dao.DaoAuthenticationProvider#4,org.springframework.security.authentication.DefaultAuthenticationEventPublisher#4,org.springframework.security.provisioning.JdbcUserDetailsManager#1,org.springframework.security.authentication.dao.DaoAuthenticationProvider#5,org.springframework.security.authentication.DefaultAuthenticationEventPublisher#5,org.springframework.context.annotation.ConfigurationClassPostProcessor$ImportAwareBeanPostProcessor#0]; root of factory hierarchy
Nov 11, 2014 5:28:26 PM org.springframework.jdbc.datasource.DriverManagerDataSource setDriverClassName
INFO: Loaded JDBC driver: com.mysql.jdbc.jdbc2.optional.MysqlDataSource
Nov 11, 2014 5:28:26 PM org.springframework.orm.hibernate3.LocalSessionFactoryBean buildSessionFactory
INFO: Building new Hibernate SessionFactory
Nov 11, 2014 5:28:26 PM org.springframework.orm.hibernate3.HibernateTransactionManager afterPropertiesSet
INFO: Using DataSource [org.springframework.jdbc.datasource.DriverManagerDataSource@16015fc] of Hibernate SessionFactory for HibernateTransactionManager
Nov 11, 2014 5:28:26 PM org.springframework.security.provisioning.JdbcUserDetailsManager initDao
INFO: No authentication manager set. Reauthentication of users when changing passwords will not be performed.
Nov 11, 2014 5:28:26 PM org.springframework.security.web.DefaultSecurityFilterChain &lt;init&gt;
INFO: Creating filter chain: org.springframework.security.web.util.AnyRequestMatcher@1, [org.springframework.security.web.session.ConcurrentSessionFilter@1a13920, org.springframework.security.web.context.SecurityContextPersistenceFilter@2e7eda, org.springframework.security.web.authentication.logout.LogoutFilter@161371d, org.springframework.security.web.authentication.UsernamePasswordAuthenticationFilter@a8042, org.springframework.security.web.savedrequest.RequestCacheAwareFilter@92d91a, org.springframework.security.web.servletapi.SecurityContextHolderAwareRequestFilter@121b93c, org.springframework.security.web.authentication.AnonymousAuthenticationFilter@1aea4da, org.springframework.security.web.session.SessionManagementFilter@1b02dfd, org.springframework.security.web.access.ExceptionTranslationFilter@1ce6dd8, org.springframework.security.web.access.intercept.FilterSecurityInterceptor@1f2cb04]
Nov 11, 2014 5:28:26 PM org.springframework.security.web.DefaultSecurityFilterChain &lt;init&gt;
INFO: Creating filter chain: org.springframework.security.web.util.AnyRequestMatcher@1, [org.springframework.security.web.session.ConcurrentSessionFilter@1fb5025, org.springframework.security.web.context.SecurityContextPersistenceFilter@7e4357, org.springframework.security.web.authentication.logout.LogoutFilter@192781e, org.springframework.security.web.authentication.UsernamePasswordAuthenticationFilter@1cbc766, org.springframework.security.web.savedrequest.RequestCacheAwareFilter@8cd2c2, org.springframework.security.web.servletapi.SecurityContextHolderAwareRequestFilter@e25d3f, org.springframework.security.web.authentication.AnonymousAuthenticationFilter@a096b5, org.springframework.security.web.session.SessionManagementFilter@1b18230, org.springframework.security.web.access.ExceptionTranslationFilter@14f5506, org.springframework.security.web.access.intercept.FilterSecurityInterceptor@1dee835]
Nov 11, 2014 5:28:26 PM org.springframework.security.config.http.DefaultFilterChainValidator checkLoginPageIsntProtected
INFO: Checking whether login URL &apos;/loginFull&apos; is accessible with your configuration
Nov 11, 2014 5:28:26 PM org.springframework.security.config.http.DefaultFilterChainValidator checkLoginPageIsntProtected
INFO: Checking whether login URL &apos;/loginFull&apos; is accessible with your configuration
Nov 11, 2014 5:28:26 PM org.springframework.beans.factory.support.DefaultSingletonBeanRegistry destroySingletons
INFO: Destroying singletons in org.springframework.beans.factory.support.DefaultListableBeanFactory@1d2dd2d: defining beans [org.springframework.context.annotation.internalConfigurationAnnotationProcessor,org.springframework.context.annotation.internalAutowiredAnnotationProcessor,org.springframework.context.annotation.internalRequiredAnnotationProcessor,org.springframework.context.annotation.internalCommonAnnotationProcessor,org.springframework.context.annotation.internalPersistenceAnnotationProcessor,articleDao,attachmentDao,productDao,userDao,userRoleDao,org.springframework.aop.config.internalAutoProxyCreator,org.springframework.transaction.annotation.AnnotationTransactionAttributeSource#0,org.springframework.transaction.interceptor.TransactionInterceptor#0,org.springframework.transaction.config.internalTransactionAdvisor,dataSource,sessionFactory,transactionManager,jdbcTemplate,roleVoter,accessDecisionManager,org.springframework.security.filterChains,org.springframework.security.filterChainProxy,org.springframework.security.web.PortMapperImpl#0,org.springframework.security.authentication.ProviderManager#0,org.springframework.security.web.context.HttpSessionSecurityContextRepository#0,org.springframework.security.core.session.SessionRegistryImpl#0,org.springframework.security.web.authentication.session.ConcurrentSessionControlStrategy#0,org.springframework.security.web.savedrequest.HttpSessionRequestCache#0,org.springframework.security.web.access.intercept.FilterSecurityInterceptor#0,org.springframework.security.web.access.DefaultWebInvocationPrivilegeEvaluator#0,org.springframework.security.authentication.AnonymousAuthenticationProvider#0,org.springframework.security.web.authentication.UsernamePasswordAuthenticationFilter#0,org.springframework.security.userDetailsServiceFactory,org.springframework.security.web.DefaultSecurityFilterChain#0,org.springframework.security.provisioning.InMemoryUserDetailsManager#0,org.springframework.security.authentication.dao.DaoAuthenticationProvider#0,org.springframework.security.authentication.DefaultAuthenticationEventPublisher#0,in-memory-auth,org.springframework.security.authentication.dao.DaoAuthenticationProvider#1,org.springframework.security.authentication.DefaultAuthenticationEventPublisher#1,dao-auth,userDetailsService,org.springframework.security.provisioning.JdbcUserDetailsManager#0,org.springframework.security.authentication.dao.DaoAuthenticationProvider#2,org.springframework.security.authentication.DefaultAuthenticationEventPublisher#2,jdbc-auth,encoder,org.springframework.security.web.PortMapperImpl#1,org.springframework.security.authentication.ProviderManager#1,org.springframework.security.web.context.HttpSessionSecurityContextRepository#1,org.springframework.security.core.session.SessionRegistryImpl#1,org.springframework.security.web.authentication.session.ConcurrentSessionControlStrategy#1,org.springframework.security.web.savedrequest.HttpSessionRequestCache#1,org.springframework.security.web.access.intercept.FilterSecurityInterceptor#1,org.springframework.security.web.access.DefaultWebInvocationPrivilegeEvaluator#1,org.springframework.security.authentication.AnonymousAuthenticationProvider#1,org.springframework.security.web.authentication.UsernamePasswordAuthenticationFilter#1,org.springframework.security.web.DefaultSecurityFilterChain#1,org.springframework.security.provisioning.InMemoryUserDetailsManager#1,org.springframework.security.authentication.dao.DaoAuthenticationProvider#3,org.springframework.security.authentication.DefaultAuthenticationEventPublisher#3,org.springframework.security.authentication.dao.DaoAuthenticationProvider#4,org.springframework.security.authentication.DefaultAuthenticationEventPublisher#4,org.springframework.security.provisioning.JdbcUserDetailsManager#1,org.springframework.security.authentication.dao.DaoAuthenticationProvider#5,org.springframework.security.authentication.DefaultAuthenticationEventPublisher#5,org.springframework.context.annotation.ConfigurationClassPostProcessor$ImportAwareBeanPostProcessor#0]; root of factory hierarchy
Nov 11, 2014 5:28:26 PM org.springframework.orm.hibernate3.AbstractSessionFactoryBean destroy
INFO: Closing Hibernate SessionFactory
Nov 11, 2014 5:28:26 PM org.springframework.test.context.TestContextManager prepareTestInstance
SEVERE: Caught exception while allowing TestExecutionListener [org.springframework.test.context.support.DependencyInjectionTestExecutionListener@173bd6b] to prepare test instance [com.americanbanksystems.wiki.dao.UserRoleDaoTestCase@1ccaaf]
java.lang.IllegalStateException: Failed to load ApplicationContext
	at org.springframework.test.context.TestContext.getApplicationContext(TestContext.java:157)
	at org.springframework.test.context.support.DependencyInjectionTestExecutionListener.injectDependencies(DependencyInjectionTestExecutionListener.java:109)
	at org.springframework.test.context.support.DependencyInjectionTestExecutionListener.prepareTestInstance(DependencyInjectionTestExecutionListener.java:75)
	at org.springframework.test.context.TestContextManager.prepareTestInstance(TestContextManager.java:321)
	at org.springframework.test.context.junit4.SpringJUnit4ClassRunner.createTest(SpringJUnit4ClassRunner.java:211)
	at org.springframework.test.context.junit4.SpringJUnit4ClassRunner$1.runReflectiveCall(SpringJUnit4ClassRunner.java:288)
	at org.junit.internal.runners.model.ReflectiveCallable.run(ReflectiveCallable.java:15)
	at org.springframework.test.context.junit4.SpringJUnit4ClassRunner.methodBlock(SpringJUnit4ClassRunner.java:290)
	at org.springframework.test.context.junit4.SpringJUnit4ClassRunner.runChild(SpringJUnit4ClassRunner.java:231)
	at org.junit.runners.BlockJUnit4ClassRunner.runChild(BlockJUnit4ClassRunner.java:47)
	at org.junit.runners.ParentRunner$3.run(ParentRunner.java:231)
	at org.junit.runners.ParentRunner$1.schedule(ParentRunner.java:60)
	at org.junit.runners.ParentRunner.runChildren(ParentRunner.java:229)
	at org.junit.runners.ParentRunner.access$000(ParentRunner.java:50)
	at org.junit.runners.ParentRunner$2.evaluate(ParentRunner.java:222)
	at org.springframework.test.context.junit4.statements.RunBeforeTestClassCallbacks.evaluate(RunBeforeTestClassCallbacks.java:61)
	at org.springframework.test.context.junit4.statements.RunAfterTestClassCallbacks.evaluate(RunAfterTestClassCallbacks.java:71)
	at org.junit.runners.ParentRunner.run(ParentRunner.java:300)
	at org.springframework.test.context.junit4.SpringJUnit4ClassRunner.run(SpringJUnit4ClassRunner.java:174)
	at org.apache.maven.surefire.junit4.JUnit4Provider.execute(JUnit4Provider.java:252)
	at org.apache.maven.surefire.junit4.JUnit4Provider.executeTestSet(JUnit4Provider.java:141)
	at org.apache.maven.surefire.junit4.JUnit4Provider.invoke(JUnit4Provider.java:112)
	at sun.reflect.NativeMethodAccessorImpl.invoke0(Native Method)
	at sun.reflect.NativeMethodAccessorImpl.invoke(NativeMethodAccessorImpl.java:62)
	at sun.reflect.DelegatingMethodAccessorImpl.invoke(DelegatingMethodAccessorImpl.java:43)
	at java.lang.reflect.Method.invoke(Method.java:483)
	at org.apache.maven.surefire.util.ReflectionUtils.invokeMethodWithArray(ReflectionUtils.java:189)
	at org.apache.maven.surefire.booter.ProviderFactory$ProviderProxy.invoke(ProviderFactory.java:165)
	at org.apache.maven.surefire.booter.ProviderFactory.invokeProvider(ProviderFactory.java:85)
	at org.apache.maven.surefire.booter.ForkedBooter.runSuitesInProcess(ForkedBooter.java:115)
	at org.apache.maven.surefire.booter.ForkedBooter.main(ForkedBooter.java:75)
Caused by: org.springframework.beans.factory.BeanCreationException: Error creating bean with name &apos;org.springframework.security.filterChainProxy&apos;: Invocation of init method failed; nested exception is java.lang.IllegalArgumentException: A universal match pattern (&apos;/**&apos;) is defined  before other patterns in the filter chain, causing them to be ignored. Please check the ordering in your &lt;security:http&gt; namespace or FilterChainProxy bean configuration
	at org.springframework.beans.factory.support.AbstractAutowireCapableBeanFactory.initializeBean(AbstractAutowireCapableBeanFactory.java:1455)
	at org.springframework.beans.factory.support.AbstractAutowireCapableBeanFactory.doCreateBean(AbstractAutowireCapableBeanFactory.java:519)
	at org.springframework.beans.factory.support.AbstractAutowireCapableBeanFactory.createBean(AbstractAutowireCapableBeanFactory.java:456)
	at org.springframework.beans.factory.support.AbstractBeanFactory$1.getObject(AbstractBeanFactory.java:294)
	at org.springframework.beans.factory.support.DefaultSingletonBeanRegistry.getSingleton(DefaultSingletonBeanRegistry.java:225)
	at org.springframework.beans.factory.support.AbstractBeanFactory.doGetBean(AbstractBeanFactory.java:291)
	at org.springframework.beans.factory.support.AbstractBeanFactory.getBean(AbstractBeanFactory.java:193)
	at org.springframework.beans.factory.support.DefaultListableBeanFactory.preInstantiateSingletons(DefaultListableBeanFactory.java:585)
	at org.springframework.context.support.AbstractApplicationContext.finishBeanFactoryInitialization(AbstractApplicationContext.java:913)
	at org.springframework.context.support.AbstractApplicationContext.refresh(AbstractApplicationContext.java:464)
	at org.springframework.test.context.support.AbstractGenericContextLoader.loadContext(AbstractGenericContextLoader.java:103)
	at org.springframework.test.context.support.AbstractGenericContextLoader.loadContext(AbstractGenericContextLoader.java:1)
	at org.springframework.test.context.support.DelegatingSmartContextLoader.loadContext(DelegatingSmartContextLoader.java:228)
	at org.springframework.test.context.TestContext.loadApplicationContext(TestContext.java:124)
	at org.springframework.test.context.TestContext.getApplicationContext(TestContext.java:148)
	... 30 more
Caused by: java.lang.IllegalArgumentException: A universal match pattern (&apos;/**&apos;) is defined  before other patterns in the filter chain, causing them to be ignored. Please check the ordering in your &lt;security:http&gt; namespace or FilterChainProxy bean configuration
	at org.springframework.security.config.http.DefaultFilterChainValidator.checkPathOrder(DefaultFilterChainValidator.java:49)
	at org.springframework.security.config.http.DefaultFilterChainValidator.validate(DefaultFilterChainValidator.java:39)
	at org.springframework.security.web.FilterChainProxy.afterPropertiesSet(FilterChainProxy.java:148)
	at org.springframework.beans.factory.support.AbstractAutowireCapableBeanFactory.invokeInitMethods(AbstractAutowireCapableBeanFactory.java:1514)
	at org.springframework.beans.factory.support.AbstractAutowireCapableBeanFactory.initializeBean(AbstractAutowireCapableBeanFactory.java:1452)
	... 44 more

</system-err>
  </testcase>
  <testcase classname="com.americanbanksystems.wiki.dao.UserRoleDaoTestCase" name="testAdd" time="0.001">
    <error message="Failed to load ApplicationContext" type="java.lang.IllegalStateException">java.lang.IllegalStateException: Failed to load ApplicationContext
	at org.springframework.test.context.TestContext.getApplicationContext(TestContext.java:157)
	at org.springframework.test.context.support.DependencyInjectionTestExecutionListener.injectDependencies(DependencyInjectionTestExecutionListener.java:109)
	at org.springframework.test.context.support.DependencyInjectionTestExecutionListener.prepareTestInstance(DependencyInjectionTestExecutionListener.java:75)
	at org.springframework.test.context.TestContextManager.prepareTestInstance(TestContextManager.java:321)
	at org.springframework.test.context.junit4.SpringJUnit4ClassRunner.createTest(SpringJUnit4ClassRunner.java:211)
	at org.springframework.test.context.junit4.SpringJUnit4ClassRunner$1.runReflectiveCall(SpringJUnit4ClassRunner.java:288)
	at org.junit.internal.runners.model.ReflectiveCallable.run(ReflectiveCallable.java:15)
	at org.springframework.test.context.junit4.SpringJUnit4ClassRunner.methodBlock(SpringJUnit4ClassRunner.java:290)
	at org.springframework.test.context.junit4.SpringJUnit4ClassRunner.runChild(SpringJUnit4ClassRunner.java:231)
	at org.junit.runners.BlockJUnit4ClassRunner.runChild(BlockJUnit4ClassRunner.java:47)
	at org.junit.runners.ParentRunner$3.run(ParentRunner.java:231)
	at org.junit.runners.ParentRunner$1.schedule(ParentRunner.java:60)
	at org.junit.runners.ParentRunner.runChildren(ParentRunner.java:229)
	at org.junit.runners.ParentRunner.access$000(ParentRunner.java:50)
	at org.junit.runners.ParentRunner$2.evaluate(ParentRunner.java:222)
	at org.springframework.test.context.junit4.statements.RunBeforeTestClassCallbacks.evaluate(RunBeforeTestClassCallbacks.java:61)
	at org.springframework.test.context.junit4.statements.RunAfterTestClassCallbacks.evaluate(RunAfterTestClassCallbacks.java:71)
	at org.junit.runners.ParentRunner.run(ParentRunner.java:300)
	at org.springframework.test.context.junit4.SpringJUnit4ClassRunner.run(SpringJUnit4ClassRunner.java:174)
	at org.apache.maven.surefire.junit4.JUnit4Provider.execute(JUnit4Provider.java:252)
	at org.apache.maven.surefire.junit4.JUnit4Provider.executeTestSet(JUnit4Provider.java:141)
	at org.apache.maven.surefire.junit4.JUnit4Provider.invoke(JUnit4Provider.java:112)
	at sun.reflect.NativeMethodAccessorImpl.invoke0(Native Method)
	at sun.reflect.NativeMethodAccessorImpl.invoke(NativeMethodAccessorImpl.java:62)
	at sun.reflect.DelegatingMethodAccessorImpl.invoke(DelegatingMethodAccessorImpl.java:43)
	at java.lang.reflect.Method.invoke(Method.java:483)
	at org.apache.maven.surefire.util.ReflectionUtils.invokeMethodWithArray(ReflectionUtils.java:189)
	at org.apache.maven.surefire.booter.ProviderFactory$ProviderProxy.invoke(ProviderFactory.java:165)
	at org.apache.maven.surefire.booter.ProviderFactory.invokeProvider(ProviderFactory.java:85)
	at org.apache.maven.surefire.booter.ForkedBooter.runSuitesInProcess(ForkedBooter.java:115)
	at org.apache.maven.surefire.booter.ForkedBooter.main(ForkedBooter.java:75)
Caused by: org.springframework.beans.factory.BeanCreationException: Error creating bean with name &apos;org.springframework.security.filterChainProxy&apos;: Invocation of init method failed; nested exception is java.lang.IllegalArgumentException: A universal match pattern (&apos;/**&apos;) is defined  before other patterns in the filter chain, causing them to be ignored. Please check the ordering in your &lt;security:http&gt; namespace or FilterChainProxy bean configuration
	at org.springframework.beans.factory.support.AbstractAutowireCapableBeanFactory.initializeBean(AbstractAutowireCapableBeanFactory.java:1455)
	at org.springframework.beans.factory.support.AbstractAutowireCapableBeanFactory.doCreateBean(AbstractAutowireCapableBeanFactory.java:519)
	at org.springframework.beans.factory.support.AbstractAutowireCapableBeanFactory.createBean(AbstractAutowireCapableBeanFactory.java:456)
	at org.springframework.beans.factory.support.AbstractBeanFactory$1.getObject(AbstractBeanFactory.java:294)
	at org.springframework.beans.factory.support.DefaultSingletonBeanRegistry.getSingleton(DefaultSingletonBeanRegistry.java:225)
	at org.springframework.beans.factory.support.AbstractBeanFactory.doGetBean(AbstractBeanFactory.java:291)
	at org.springframework.beans.factory.support.AbstractBeanFactory.getBean(AbstractBeanFactory.java:193)
	at org.springframework.beans.factory.support.DefaultListableBeanFactory.preInstantiateSingletons(DefaultListableBeanFactory.java:585)
	at org.springframework.context.support.AbstractApplicationContext.finishBeanFactoryInitialization(AbstractApplicationContext.java:913)
	at org.springframework.context.support.AbstractApplicationContext.refresh(AbstractApplicationContext.java:464)
	at org.springframework.test.context.support.AbstractGenericContextLoader.loadContext(AbstractGenericContextLoader.java:103)
	at org.springframework.test.context.support.AbstractGenericContextLoader.loadContext(AbstractGenericContextLoader.java:1)
	at org.springframework.test.context.support.DelegatingSmartContextLoader.loadContext(DelegatingSmartContextLoader.java:228)
	at org.springframework.test.context.TestContext.loadApplicationContext(TestContext.java:124)
	at org.springframework.test.context.TestContext.getApplicationContext(TestContext.java:148)
	... 30 more
Caused by: java.lang.IllegalArgumentException: A universal match pattern (&apos;/**&apos;) is defined  before other patterns in the filter chain, causing them to be ignored. Please check the ordering in your &lt;security:http&gt; namespace or FilterChainProxy bean configuration
	at org.springframework.security.config.http.DefaultFilterChainValidator.checkPathOrder(DefaultFilterChainValidator.java:49)
	at org.springframework.security.config.http.DefaultFilterChainValidator.validate(DefaultFilterChainValidator.java:39)
	at org.springframework.security.web.FilterChainProxy.afterPropertiesSet(FilterChainProxy.java:148)
	at org.springframework.beans.factory.support.AbstractAutowireCapableBeanFactory.invokeInitMethods(AbstractAutowireCapableBeanFactory.java:1514)
	at org.springframework.beans.factory.support.AbstractAutowireCapableBeanFactory.initializeBean(AbstractAutowireCapableBeanFactory.java:1452)
	... 44 more
</error>
    <system-err>Nov 11, 2014 5:28:26 PM org.springframework.beans.factory.xml.XmlBeanDefinitionReader loadBeanDefinitions
INFO: Loading XML bean definitions from class path resource [persistence-beans.xml]
Nov 11, 2014 5:28:26 PM org.springframework.security.config.SecurityNamespaceHandler &lt;init&gt;
INFO: Spring Security &apos;config&apos; module version is 3.1.0.RELEASE
Nov 11, 2014 5:28:26 PM org.springframework.security.config.http.HttpSecurityBeanDefinitionParser checkFilterChainOrder
INFO: Checking sorted filter chain: [Root bean: class [org.springframework.security.web.session.ConcurrentSessionFilter]; scope=; abstract=false; lazyInit=false; autowireMode=0; dependencyCheck=0; autowireCandidate=true; primary=false; factoryBeanName=null; factoryMethodName=null; initMethodName=null; destroyMethodName=null, order = 200, Root bean: class [org.springframework.security.web.context.SecurityContextPersistenceFilter]; scope=; abstract=false; lazyInit=false; autowireMode=0; dependencyCheck=0; autowireCandidate=true; primary=false; factoryBeanName=null; factoryMethodName=null; initMethodName=null; destroyMethodName=null, order = 300, Root bean: class [org.springframework.security.web.authentication.logout.LogoutFilter]; scope=; abstract=false; lazyInit=false; autowireMode=0; dependencyCheck=0; autowireCandidate=true; primary=false; factoryBeanName=null; factoryMethodName=null; initMethodName=null; destroyMethodName=null, order = 400, &lt;org.springframework.security.web.authentication.UsernamePasswordAuthenticationFilter#0&gt;, order = 800, Root bean: class [org.springframework.security.web.savedrequest.RequestCacheAwareFilter]; scope=; abstract=false; lazyInit=false; autowireMode=0; dependencyCheck=0; autowireCandidate=true; primary=false; factoryBeanName=null; factoryMethodName=null; initMethodName=null; destroyMethodName=null, order = 1300, Root bean: class [org.springframework.security.web.servletapi.SecurityContextHolderAwareRequestFilter]; scope=; abstract=false; lazyInit=false; autowireMode=0; dependencyCheck=0; autowireCandidate=true; primary=false; factoryBeanName=null; factoryMethodName=null; initMethodName=null; destroyMethodName=null, order = 1400, Root bean: class [org.springframework.security.web.authentication.AnonymousAuthenticationFilter]; scope=; abstract=false; lazyInit=false; autowireMode=0; dependencyCheck=0; autowireCandidate=true; primary=false; factoryBeanName=null; factoryMethodName=null; initMethodName=null; destroyMethodName=null, order = 1700, Root bean: class [org.springframework.security.web.session.SessionManagementFilter]; scope=; abstract=false; lazyInit=false; autowireMode=0; dependencyCheck=0; autowireCandidate=true; primary=false; factoryBeanName=null; factoryMethodName=null; initMethodName=null; destroyMethodName=null, order = 1800, Root bean: class [org.springframework.security.web.access.ExceptionTranslationFilter]; scope=; abstract=false; lazyInit=false; autowireMode=0; dependencyCheck=0; autowireCandidate=true; primary=false; factoryBeanName=null; factoryMethodName=null; initMethodName=null; destroyMethodName=null, order = 1900, &lt;org.springframework.security.web.access.intercept.FilterSecurityInterceptor#0&gt;, order = 2000]
Nov 11, 2014 5:28:26 PM org.springframework.beans.factory.xml.XmlBeanDefinitionReader loadBeanDefinitions
INFO: Loading XML bean definitions from class path resource [persistence-beans.xml]
Nov 11, 2014 5:28:26 PM org.springframework.beans.factory.support.DefaultListableBeanFactory registerBeanDefinition
INFO: Overriding bean definition for bean &apos;dataSource&apos;: replacing [Generic bean: class [org.springframework.jdbc.datasource.DriverManagerDataSource]; scope=; abstract=false; lazyInit=false; autowireMode=0; dependencyCheck=0; autowireCandidate=true; primary=false; factoryBeanName=null; factoryMethodName=null; initMethodName=null; destroyMethodName=null; defined in class path resource [persistence-beans.xml]] with [Generic bean: class [org.springframework.jdbc.datasource.DriverManagerDataSource]; scope=; abstract=false; lazyInit=false; autowireMode=0; dependencyCheck=0; autowireCandidate=true; primary=false; factoryBeanName=null; factoryMethodName=null; initMethodName=null; destroyMethodName=null; defined in class path resource [persistence-beans.xml]]
Nov 11, 2014 5:28:26 PM org.springframework.beans.factory.support.DefaultListableBeanFactory registerBeanDefinition
INFO: Overriding bean definition for bean &apos;sessionFactory&apos;: replacing [Generic bean: class [org.springframework.orm.hibernate3.annotation.AnnotationSessionFactoryBean]; scope=; abstract=false; lazyInit=false; autowireMode=0; dependencyCheck=0; autowireCandidate=true; primary=false; factoryBeanName=null; factoryMethodName=null; initMethodName=null; destroyMethodName=null; defined in class path resource [persistence-beans.xml]] with [Generic bean: class [org.springframework.orm.hibernate3.annotation.AnnotationSessionFactoryBean]; scope=; abstract=false; lazyInit=false; autowireMode=0; dependencyCheck=0; autowireCandidate=true; primary=false; factoryBeanName=null; factoryMethodName=null; initMethodName=null; destroyMethodName=null; defined in class path resource [persistence-beans.xml]]
Nov 11, 2014 5:28:26 PM org.springframework.beans.factory.support.DefaultListableBeanFactory registerBeanDefinition
INFO: Overriding bean definition for bean &apos;transactionManager&apos;: replacing [Generic bean: class [org.springframework.orm.hibernate3.HibernateTransactionManager]; scope=; abstract=false; lazyInit=false; autowireMode=0; dependencyCheck=0; autowireCandidate=true; primary=false; factoryBeanName=null; factoryMethodName=null; initMethodName=null; destroyMethodName=null; defined in class path resource [persistence-beans.xml]] with [Generic bean: class [org.springframework.orm.hibernate3.HibernateTransactionManager]; scope=; abstract=false; lazyInit=false; autowireMode=0; dependencyCheck=0; autowireCandidate=true; primary=false; factoryBeanName=null; factoryMethodName=null; initMethodName=null; destroyMethodName=null; defined in class path resource [persistence-beans.xml]]
Nov 11, 2014 5:28:26 PM org.springframework.beans.factory.support.DefaultListableBeanFactory registerBeanDefinition
INFO: Overriding bean definition for bean &apos;jdbcTemplate&apos;: replacing [Generic bean: class [org.springframework.jdbc.core.simple.SimpleJdbcTemplate]; scope=; abstract=false; lazyInit=false; autowireMode=0; dependencyCheck=0; autowireCandidate=true; primary=false; factoryBeanName=null; factoryMethodName=null; initMethodName=null; destroyMethodName=null; defined in class path resource [persistence-beans.xml]] with [Generic bean: class [org.springframework.jdbc.core.simple.SimpleJdbcTemplate]; scope=; abstract=false; lazyInit=false; autowireMode=0; dependencyCheck=0; autowireCandidate=true; primary=false; factoryBeanName=null; factoryMethodName=null; initMethodName=null; destroyMethodName=null; defined in class path resource [persistence-beans.xml]]
Nov 11, 2014 5:28:26 PM org.springframework.beans.factory.support.DefaultListableBeanFactory registerBeanDefinition
INFO: Overriding bean definition for bean &apos;roleVoter&apos;: replacing [Generic bean: class [org.springframework.security.access.vote.RoleVoter]; scope=; abstract=false; lazyInit=false; autowireMode=0; dependencyCheck=0; autowireCandidate=true; primary=false; factoryBeanName=null; factoryMethodName=null; initMethodName=null; destroyMethodName=null; defined in class path resource [persistence-beans.xml]] with [Generic bean: class [org.springframework.security.access.vote.RoleVoter]; scope=; abstract=false; lazyInit=false; autowireMode=0; dependencyCheck=0; autowireCandidate=true; primary=false; factoryBeanName=null; factoryMethodName=null; initMethodName=null; destroyMethodName=null; defined in class path resource [persistence-beans.xml]]
Nov 11, 2014 5:28:26 PM org.springframework.beans.factory.support.DefaultListableBeanFactory registerBeanDefinition
INFO: Overriding bean definition for bean &apos;accessDecisionManager&apos;: replacing [Generic bean: class [org.springframework.security.access.vote.AffirmativeBased]; scope=; abstract=false; lazyInit=false; autowireMode=0; dependencyCheck=0; autowireCandidate=true; primary=false; factoryBeanName=null; factoryMethodName=null; initMethodName=null; destroyMethodName=null; defined in class path resource [persistence-beans.xml]] with [Generic bean: class [org.springframework.security.access.vote.AffirmativeBased]; scope=; abstract=false; lazyInit=false; autowireMode=0; dependencyCheck=0; autowireCandidate=true; primary=false; factoryBeanName=null; factoryMethodName=null; initMethodName=null; destroyMethodName=null; defined in class path resource [persistence-beans.xml]]
Nov 11, 2014 5:28:26 PM org.springframework.security.config.http.HttpSecurityBeanDefinitionParser checkFilterChainOrder
INFO: Checking sorted filter chain: [Root bean: class [org.springframework.security.web.session.ConcurrentSessionFilter]; scope=; abstract=false; lazyInit=false; autowireMode=0; dependencyCheck=0; autowireCandidate=true; primary=false; factoryBeanName=null; factoryMethodName=null; initMethodName=null; destroyMethodName=null, order = 200, Root bean: class [org.springframework.security.web.context.SecurityContextPersistenceFilter]; scope=; abstract=false; lazyInit=false; autowireMode=0; dependencyCheck=0; autowireCandidate=true; primary=false; factoryBeanName=null; factoryMethodName=null; initMethodName=null; destroyMethodName=null, order = 300, Root bean: class [org.springframework.security.web.authentication.logout.LogoutFilter]; scope=; abstract=false; lazyInit=false; autowireMode=0; dependencyCheck=0; autowireCandidate=true; primary=false; factoryBeanName=null; factoryMethodName=null; initMethodName=null; destroyMethodName=null, order = 400, &lt;org.springframework.security.web.authentication.UsernamePasswordAuthenticationFilter#1&gt;, order = 800, Root bean: class [org.springframework.security.web.savedrequest.RequestCacheAwareFilter]; scope=; abstract=false; lazyInit=false; autowireMode=0; dependencyCheck=0; autowireCandidate=true; primary=false; factoryBeanName=null; factoryMethodName=null; initMethodName=null; destroyMethodName=null, order = 1300, Root bean: class [org.springframework.security.web.servletapi.SecurityContextHolderAwareRequestFilter]; scope=; abstract=false; lazyInit=false; autowireMode=0; dependencyCheck=0; autowireCandidate=true; primary=false; factoryBeanName=null; factoryMethodName=null; initMethodName=null; destroyMethodName=null, order = 1400, Root bean: class [org.springframework.security.web.authentication.AnonymousAuthenticationFilter]; scope=; abstract=false; lazyInit=false; autowireMode=0; dependencyCheck=0; autowireCandidate=true; primary=false; factoryBeanName=null; factoryMethodName=null; initMethodName=null; destroyMethodName=null, order = 1700, Root bean: class [org.springframework.security.web.session.SessionManagementFilter]; scope=; abstract=false; lazyInit=false; autowireMode=0; dependencyCheck=0; autowireCandidate=true; primary=false; factoryBeanName=null; factoryMethodName=null; initMethodName=null; destroyMethodName=null, order = 1800, Root bean: class [org.springframework.security.web.access.ExceptionTranslationFilter]; scope=; abstract=false; lazyInit=false; autowireMode=0; dependencyCheck=0; autowireCandidate=true; primary=false; factoryBeanName=null; factoryMethodName=null; initMethodName=null; destroyMethodName=null, order = 1900, &lt;org.springframework.security.web.access.intercept.FilterSecurityInterceptor#1&gt;, order = 2000]
Nov 11, 2014 5:28:26 PM org.springframework.beans.factory.support.DefaultListableBeanFactory registerBeanDefinition
INFO: Overriding bean definition for bean &apos;in-memory-auth&apos;: replacing [Root bean: class [org.springframework.security.authentication.ProviderManager]; scope=; abstract=false; lazyInit=false; autowireMode=0; dependencyCheck=0; autowireCandidate=true; primary=false; factoryBeanName=null; factoryMethodName=null; initMethodName=null; destroyMethodName=null] with [Root bean: class [org.springframework.security.authentication.ProviderManager]; scope=; abstract=false; lazyInit=false; autowireMode=0; dependencyCheck=0; autowireCandidate=true; primary=false; factoryBeanName=null; factoryMethodName=null; initMethodName=null; destroyMethodName=null]
Nov 11, 2014 5:28:26 PM org.springframework.beans.factory.support.DefaultListableBeanFactory registerBeanDefinition
INFO: Overriding bean definition for bean &apos;dao-auth&apos;: replacing [Root bean: class [org.springframework.security.authentication.ProviderManager]; scope=; abstract=false; lazyInit=false; autowireMode=0; dependencyCheck=0; autowireCandidate=true; primary=false; factoryBeanName=null; factoryMethodName=null; initMethodName=null; destroyMethodName=null] with [Root bean: class [org.springframework.security.authentication.ProviderManager]; scope=; abstract=false; lazyInit=false; autowireMode=0; dependencyCheck=0; autowireCandidate=true; primary=false; factoryBeanName=null; factoryMethodName=null; initMethodName=null; destroyMethodName=null]
Nov 11, 2014 5:28:26 PM org.springframework.beans.factory.support.DefaultListableBeanFactory registerBeanDefinition
INFO: Overriding bean definition for bean &apos;userDetailsService&apos;: replacing [Generic bean: class [com.americanbanksystems.wiki.security.dao.implementation.UserDetailsServiceImpl]; scope=; abstract=false; lazyInit=false; autowireMode=0; dependencyCheck=0; autowireCandidate=true; primary=false; factoryBeanName=null; factoryMethodName=null; initMethodName=null; destroyMethodName=null; defined in class path resource [persistence-beans.xml]] with [Generic bean: class [com.americanbanksystems.wiki.security.dao.implementation.UserDetailsServiceImpl]; scope=; abstract=false; lazyInit=false; autowireMode=0; dependencyCheck=0; autowireCandidate=true; primary=false; factoryBeanName=null; factoryMethodName=null; initMethodName=null; destroyMethodName=null; defined in class path resource [persistence-beans.xml]]
Nov 11, 2014 5:28:26 PM org.springframework.beans.factory.support.DefaultListableBeanFactory registerBeanDefinition
INFO: Overriding bean definition for bean &apos;jdbc-auth&apos;: replacing [Root bean: class [org.springframework.security.authentication.ProviderManager]; scope=; abstract=false; lazyInit=false; autowireMode=0; dependencyCheck=0; autowireCandidate=true; primary=false; factoryBeanName=null; factoryMethodName=null; initMethodName=null; destroyMethodName=null] with [Root bean: class [org.springframework.security.authentication.ProviderManager]; scope=; abstract=false; lazyInit=false; autowireMode=0; dependencyCheck=0; autowireCandidate=true; primary=false; factoryBeanName=null; factoryMethodName=null; initMethodName=null; destroyMethodName=null]
Nov 11, 2014 5:28:26 PM org.springframework.beans.factory.support.DefaultListableBeanFactory registerBeanDefinition
INFO: Overriding bean definition for bean &apos;encoder&apos;: replacing [Generic bean: class [org.springframework.security.crypto.bcrypt.BCryptPasswordEncoder]; scope=; abstract=false; lazyInit=false; autowireMode=0; dependencyCheck=0; autowireCandidate=true; primary=false; factoryBeanName=null; factoryMethodName=null; initMethodName=null; destroyMethodName=null; defined in class path resource [persistence-beans.xml]] with [Generic bean: class [org.springframework.security.crypto.bcrypt.BCryptPasswordEncoder]; scope=; abstract=false; lazyInit=false; autowireMode=0; dependencyCheck=0; autowireCandidate=true; primary=false; factoryBeanName=null; factoryMethodName=null; initMethodName=null; destroyMethodName=null; defined in class path resource [persistence-beans.xml]]
Nov 11, 2014 5:28:26 PM org.springframework.context.support.AbstractApplicationContext prepareRefresh
INFO: Refreshing org.springframework.context.support.GenericApplicationContext@1bd3e75: startup date [Tue Nov 11 17:28:26 CST 2014]; root of context hierarchy
Nov 11, 2014 5:28:26 PM org.springframework.beans.factory.support.DefaultListableBeanFactory preInstantiateSingletons
INFO: Pre-instantiating singletons in org.springframework.beans.factory.support.DefaultListableBeanFactory@1585351: defining beans [org.springframework.context.annotation.internalConfigurationAnnotationProcessor,org.springframework.context.annotation.internalAutowiredAnnotationProcessor,org.springframework.context.annotation.internalRequiredAnnotationProcessor,org.springframework.context.annotation.internalCommonAnnotationProcessor,org.springframework.context.annotation.internalPersistenceAnnotationProcessor,articleDao,attachmentDao,productDao,userDao,userRoleDao,org.springframework.aop.config.internalAutoProxyCreator,org.springframework.transaction.annotation.AnnotationTransactionAttributeSource#0,org.springframework.transaction.interceptor.TransactionInterceptor#0,org.springframework.transaction.config.internalTransactionAdvisor,dataSource,sessionFactory,transactionManager,jdbcTemplate,roleVoter,accessDecisionManager,org.springframework.security.filterChains,org.springframework.security.filterChainProxy,org.springframework.security.web.PortMapperImpl#0,org.springframework.security.authentication.ProviderManager#0,org.springframework.security.web.context.HttpSessionSecurityContextRepository#0,org.springframework.security.core.session.SessionRegistryImpl#0,org.springframework.security.web.authentication.session.ConcurrentSessionControlStrategy#0,org.springframework.security.web.savedrequest.HttpSessionRequestCache#0,org.springframework.security.web.access.intercept.FilterSecurityInterceptor#0,org.springframework.security.web.access.DefaultWebInvocationPrivilegeEvaluator#0,org.springframework.security.authentication.AnonymousAuthenticationProvider#0,org.springframework.security.web.authentication.UsernamePasswordAuthenticationFilter#0,org.springframework.security.userDetailsServiceFactory,org.springframework.security.web.DefaultSecurityFilterChain#0,org.springframework.security.provisioning.InMemoryUserDetailsManager#0,org.springframework.security.authentication.dao.DaoAuthenticationProvider#0,org.springframework.security.authentication.DefaultAuthenticationEventPublisher#0,in-memory-auth,org.springframework.security.authentication.dao.DaoAuthenticationProvider#1,org.springframework.security.authentication.DefaultAuthenticationEventPublisher#1,dao-auth,userDetailsService,org.springframework.security.provisioning.JdbcUserDetailsManager#0,org.springframework.security.authentication.dao.DaoAuthenticationProvider#2,org.springframework.security.authentication.DefaultAuthenticationEventPublisher#2,jdbc-auth,encoder,org.springframework.security.web.PortMapperImpl#1,org.springframework.security.authentication.ProviderManager#1,org.springframework.security.web.context.HttpSessionSecurityContextRepository#1,org.springframework.security.core.session.SessionRegistryImpl#1,org.springframework.security.web.authentication.session.ConcurrentSessionControlStrategy#1,org.springframework.security.web.savedrequest.HttpSessionRequestCache#1,org.springframework.security.web.access.intercept.FilterSecurityInterceptor#1,org.springframework.security.web.access.DefaultWebInvocationPrivilegeEvaluator#1,org.springframework.security.authentication.AnonymousAuthenticationProvider#1,org.springframework.security.web.authentication.UsernamePasswordAuthenticationFilter#1,org.springframework.security.web.DefaultSecurityFilterChain#1,org.springframework.security.provisioning.InMemoryUserDetailsManager#1,org.springframework.security.authentication.dao.DaoAuthenticationProvider#3,org.springframework.security.authentication.DefaultAuthenticationEventPublisher#3,org.springframework.security.authentication.dao.DaoAuthenticationProvider#4,org.springframework.security.authentication.DefaultAuthenticationEventPublisher#4,org.springframework.security.provisioning.JdbcUserDetailsManager#1,org.springframework.security.authentication.dao.DaoAuthenticationProvider#5,org.springframework.security.authentication.DefaultAuthenticationEventPublisher#5,org.springframework.context.annotation.ConfigurationClassPostProcessor$ImportAwareBeanPostProcessor#0]; root of factory hierarchy
Nov 11, 2014 5:28:26 PM org.springframework.jdbc.datasource.DriverManagerDataSource setDriverClassName
INFO: Loaded JDBC driver: com.mysql.jdbc.jdbc2.optional.MysqlDataSource
Nov 11, 2014 5:28:26 PM org.springframework.orm.hibernate3.LocalSessionFactoryBean buildSessionFactory
INFO: Building new Hibernate SessionFactory
Nov 11, 2014 5:28:26 PM org.springframework.orm.hibernate3.HibernateTransactionManager afterPropertiesSet
INFO: Using DataSource [org.springframework.jdbc.datasource.DriverManagerDataSource@1d019a4] of Hibernate SessionFactory for HibernateTransactionManager
Nov 11, 2014 5:28:26 PM org.springframework.security.provisioning.JdbcUserDetailsManager initDao
INFO: No authentication manager set. Reauthentication of users when changing passwords will not be performed.
Nov 11, 2014 5:28:26 PM org.springframework.security.web.DefaultSecurityFilterChain &lt;init&gt;
INFO: Creating filter chain: org.springframework.security.web.util.AnyRequestMatcher@1, [org.springframework.security.web.session.ConcurrentSessionFilter@1c09d57, org.springframework.security.web.context.SecurityContextPersistenceFilter@1963d70, org.springframework.security.web.authentication.logout.LogoutFilter@7045c4, org.springframework.security.web.authentication.UsernamePasswordAuthenticationFilter@1736cfe, org.springframework.security.web.savedrequest.RequestCacheAwareFilter@566922, org.springframework.security.web.servletapi.SecurityContextHolderAwareRequestFilter@f7a2a5, org.springframework.security.web.authentication.AnonymousAuthenticationFilter@ed89da, org.springframework.security.web.session.SessionManagementFilter@3719e5, org.springframework.security.web.access.ExceptionTranslationFilter@1c17e38, org.springframework.security.web.access.intercept.FilterSecurityInterceptor@180aaf]
Nov 11, 2014 5:28:26 PM org.springframework.security.web.DefaultSecurityFilterChain &lt;init&gt;
INFO: Creating filter chain: org.springframework.security.web.util.AnyRequestMatcher@1, [org.springframework.security.web.session.ConcurrentSessionFilter@518270, org.springframework.security.web.context.SecurityContextPersistenceFilter@17c58e7, org.springframework.security.web.authentication.logout.LogoutFilter@1627d27, org.springframework.security.web.authentication.UsernamePasswordAuthenticationFilter@171cf2f, org.springframework.security.web.savedrequest.RequestCacheAwareFilter@15b9333, org.springframework.security.web.servletapi.SecurityContextHolderAwareRequestFilter@b959df, org.springframework.security.web.authentication.AnonymousAuthenticationFilter@588dea, org.springframework.security.web.session.SessionManagementFilter@13d2579, org.springframework.security.web.access.ExceptionTranslationFilter@a8f6e6, org.springframework.security.web.access.intercept.FilterSecurityInterceptor@c730cd]
Nov 11, 2014 5:28:26 PM org.springframework.security.config.http.DefaultFilterChainValidator checkLoginPageIsntProtected
INFO: Checking whether login URL &apos;/loginFull&apos; is accessible with your configuration
Nov 11, 2014 5:28:26 PM org.springframework.security.config.http.DefaultFilterChainValidator checkLoginPageIsntProtected
INFO: Checking whether login URL &apos;/loginFull&apos; is accessible with your configuration
Nov 11, 2014 5:28:26 PM org.springframework.beans.factory.support.DefaultSingletonBeanRegistry destroySingletons
INFO: Destroying singletons in org.springframework.beans.factory.support.DefaultListableBeanFactory@1585351: defining beans [org.springframework.context.annotation.internalConfigurationAnnotationProcessor,org.springframework.context.annotation.internalAutowiredAnnotationProcessor,org.springframework.context.annotation.internalRequiredAnnotationProcessor,org.springframework.context.annotation.internalCommonAnnotationProcessor,org.springframework.context.annotation.internalPersistenceAnnotationProcessor,articleDao,attachmentDao,productDao,userDao,userRoleDao,org.springframework.aop.config.internalAutoProxyCreator,org.springframework.transaction.annotation.AnnotationTransactionAttributeSource#0,org.springframework.transaction.interceptor.TransactionInterceptor#0,org.springframework.transaction.config.internalTransactionAdvisor,dataSource,sessionFactory,transactionManager,jdbcTemplate,roleVoter,accessDecisionManager,org.springframework.security.filterChains,org.springframework.security.filterChainProxy,org.springframework.security.web.PortMapperImpl#0,org.springframework.security.authentication.ProviderManager#0,org.springframework.security.web.context.HttpSessionSecurityContextRepository#0,org.springframework.security.core.session.SessionRegistryImpl#0,org.springframework.security.web.authentication.session.ConcurrentSessionControlStrategy#0,org.springframework.security.web.savedrequest.HttpSessionRequestCache#0,org.springframework.security.web.access.intercept.FilterSecurityInterceptor#0,org.springframework.security.web.access.DefaultWebInvocationPrivilegeEvaluator#0,org.springframework.security.authentication.AnonymousAuthenticationProvider#0,org.springframework.security.web.authentication.UsernamePasswordAuthenticationFilter#0,org.springframework.security.userDetailsServiceFactory,org.springframework.security.web.DefaultSecurityFilterChain#0,org.springframework.security.provisioning.InMemoryUserDetailsManager#0,org.springframework.security.authentication.dao.DaoAuthenticationProvider#0,org.springframework.security.authentication.DefaultAuthenticationEventPublisher#0,in-memory-auth,org.springframework.security.authentication.dao.DaoAuthenticationProvider#1,org.springframework.security.authentication.DefaultAuthenticationEventPublisher#1,dao-auth,userDetailsService,org.springframework.security.provisioning.JdbcUserDetailsManager#0,org.springframework.security.authentication.dao.DaoAuthenticationProvider#2,org.springframework.security.authentication.DefaultAuthenticationEventPublisher#2,jdbc-auth,encoder,org.springframework.security.web.PortMapperImpl#1,org.springframework.security.authentication.ProviderManager#1,org.springframework.security.web.context.HttpSessionSecurityContextRepository#1,org.springframework.security.core.session.SessionRegistryImpl#1,org.springframework.security.web.authentication.session.ConcurrentSessionControlStrategy#1,org.springframework.security.web.savedrequest.HttpSessionRequestCache#1,org.springframework.security.web.access.intercept.FilterSecurityInterceptor#1,org.springframework.security.web.access.DefaultWebInvocationPrivilegeEvaluator#1,org.springframework.security.authentication.AnonymousAuthenticationProvider#1,org.springframework.security.web.authentication.UsernamePasswordAuthenticationFilter#1,org.springframework.security.web.DefaultSecurityFilterChain#1,org.springframework.security.provisioning.InMemoryUserDetailsManager#1,org.springframework.security.authentication.dao.DaoAuthenticationProvider#3,org.springframework.security.authentication.DefaultAuthenticationEventPublisher#3,org.springframework.security.authentication.dao.DaoAuthenticationProvider#4,org.springframework.security.authentication.DefaultAuthenticationEventPublisher#4,org.springframework.security.provisioning.JdbcUserDetailsManager#1,org.springframework.security.authentication.dao.DaoAuthenticationProvider#5,org.springframework.security.authentication.DefaultAuthenticationEventPublisher#5,org.springframework.context.annotation.ConfigurationClassPostProcessor$ImportAwareBeanPostProcessor#0]; root of factory hierarchy
Nov 11, 2014 5:28:26 PM org.springframework.orm.hibernate3.AbstractSessionFactoryBean destroy
INFO: Closing Hibernate SessionFactory
Nov 11, 2014 5:28:26 PM org.springframework.test.context.TestContextManager prepareTestInstance
SEVERE: Caught exception while allowing TestExecutionListener [org.springframework.test.context.support.DependencyInjectionTestExecutionListener@173bd6b] to prepare test instance [com.americanbanksystems.wiki.dao.UserRoleDaoTestCase@1608e1a]
java.lang.IllegalStateException: Failed to load ApplicationContext
	at org.springframework.test.context.TestContext.getApplicationContext(TestContext.java:157)
	at org.springframework.test.context.support.DependencyInjectionTestExecutionListener.injectDependencies(DependencyInjectionTestExecutionListener.java:109)
	at org.springframework.test.context.support.DependencyInjectionTestExecutionListener.prepareTestInstance(DependencyInjectionTestExecutionListener.java:75)
	at org.springframework.test.context.TestContextManager.prepareTestInstance(TestContextManager.java:321)
	at org.springframework.test.context.junit4.SpringJUnit4ClassRunner.createTest(SpringJUnit4ClassRunner.java:211)
	at org.springframework.test.context.junit4.SpringJUnit4ClassRunner$1.runReflectiveCall(SpringJUnit4ClassRunner.java:288)
	at org.junit.internal.runners.model.ReflectiveCallable.run(ReflectiveCallable.java:15)
	at org.springframework.test.context.junit4.SpringJUnit4ClassRunner.methodBlock(SpringJUnit4ClassRunner.java:290)
	at org.springframework.test.context.junit4.SpringJUnit4ClassRunner.runChild(SpringJUnit4ClassRunner.java:231)
	at org.junit.runners.BlockJUnit4ClassRunner.runChild(BlockJUnit4ClassRunner.java:47)
	at org.junit.runners.ParentRunner$3.run(ParentRunner.java:231)
	at org.junit.runners.ParentRunner$1.schedule(ParentRunner.java:60)
	at org.junit.runners.ParentRunner.runChildren(ParentRunner.java:229)
	at org.junit.runners.ParentRunner.access$000(ParentRunner.java:50)
	at org.junit.runners.ParentRunner$2.evaluate(ParentRunner.java:222)
	at org.springframework.test.context.junit4.statements.RunBeforeTestClassCallbacks.evaluate(RunBeforeTestClassCallbacks.java:61)
	at org.springframework.test.context.junit4.statements.RunAfterTestClassCallbacks.evaluate(RunAfterTestClassCallbacks.java:71)
	at org.junit.runners.ParentRunner.run(ParentRunner.java:300)
	at org.springframework.test.context.junit4.SpringJUnit4ClassRunner.run(SpringJUnit4ClassRunner.java:174)
	at org.apache.maven.surefire.junit4.JUnit4Provider.execute(JUnit4Provider.java:252)
	at org.apache.maven.surefire.junit4.JUnit4Provider.executeTestSet(JUnit4Provider.java:141)
	at org.apache.maven.surefire.junit4.JUnit4Provider.invoke(JUnit4Provider.java:112)
	at sun.reflect.NativeMethodAccessorImpl.invoke0(Native Method)
	at sun.reflect.NativeMethodAccessorImpl.invoke(NativeMethodAccessorImpl.java:62)
	at sun.reflect.DelegatingMethodAccessorImpl.invoke(DelegatingMethodAccessorImpl.java:43)
	at java.lang.reflect.Method.invoke(Method.java:483)
	at org.apache.maven.surefire.util.ReflectionUtils.invokeMethodWithArray(ReflectionUtils.java:189)
	at org.apache.maven.surefire.booter.ProviderFactory$ProviderProxy.invoke(ProviderFactory.java:165)
	at org.apache.maven.surefire.booter.ProviderFactory.invokeProvider(ProviderFactory.java:85)
	at org.apache.maven.surefire.booter.ForkedBooter.runSuitesInProcess(ForkedBooter.java:115)
	at org.apache.maven.surefire.booter.ForkedBooter.main(ForkedBooter.java:75)
Caused by: org.springframework.beans.factory.BeanCreationException: Error creating bean with name &apos;org.springframework.security.filterChainProxy&apos;: Invocation of init method failed; nested exception is java.lang.IllegalArgumentException: A universal match pattern (&apos;/**&apos;) is defined  before other patterns in the filter chain, causing them to be ignored. Please check the ordering in your &lt;security:http&gt; namespace or FilterChainProxy bean configuration
	at org.springframework.beans.factory.support.AbstractAutowireCapableBeanFactory.initializeBean(AbstractAutowireCapableBeanFactory.java:1455)
	at org.springframework.beans.factory.support.AbstractAutowireCapableBeanFactory.doCreateBean(AbstractAutowireCapableBeanFactory.java:519)
	at org.springframework.beans.factory.support.AbstractAutowireCapableBeanFactory.createBean(AbstractAutowireCapableBeanFactory.java:456)
	at org.springframework.beans.factory.support.AbstractBeanFactory$1.getObject(AbstractBeanFactory.java:294)
	at org.springframework.beans.factory.support.DefaultSingletonBeanRegistry.getSingleton(DefaultSingletonBeanRegistry.java:225)
	at org.springframework.beans.factory.support.AbstractBeanFactory.doGetBean(AbstractBeanFactory.java:291)
	at org.springframework.beans.factory.support.AbstractBeanFactory.getBean(AbstractBeanFactory.java:193)
	at org.springframework.beans.factory.support.DefaultListableBeanFactory.preInstantiateSingletons(DefaultListableBeanFactory.java:585)
	at org.springframework.context.support.AbstractApplicationContext.finishBeanFactoryInitialization(AbstractApplicationContext.java:913)
	at org.springframework.context.support.AbstractApplicationContext.refresh(AbstractApplicationContext.java:464)
	at org.springframework.test.context.support.AbstractGenericContextLoader.loadContext(AbstractGenericContextLoader.java:103)
	at org.springframework.test.context.support.AbstractGenericContextLoader.loadContext(AbstractGenericContextLoader.java:1)
	at org.springframework.test.context.support.DelegatingSmartContextLoader.loadContext(DelegatingSmartContextLoader.java:228)
	at org.springframework.test.context.TestContext.loadApplicationContext(TestContext.java:124)
	at org.springframework.test.context.TestContext.getApplicationContext(TestContext.java:148)
	... 30 more
Caused by: java.lang.IllegalArgumentException: A universal match pattern (&apos;/**&apos;) is defined  before other patterns in the filter chain, causing them to be ignored. Please check the ordering in your &lt;security:http&gt; namespace or FilterChainProxy bean configuration
	at org.springframework.security.config.http.DefaultFilterChainValidator.checkPathOrder(DefaultFilterChainValidator.java:49)
	at org.springframework.security.config.http.DefaultFilterChainValidator.validate(DefaultFilterChainValidator.java:39)
	at org.springframework.security.web.FilterChainProxy.afterPropertiesSet(FilterChainProxy.java:148)
	at org.springframework.beans.factory.support.AbstractAutowireCapableBeanFactory.invokeInitMethods(AbstractAutowireCapableBeanFactory.java:1514)
	at org.springframework.beans.factory.support.AbstractAutowireCapableBeanFactory.initializeBean(AbstractAutowireCapableBeanFactory.java:1452)
	... 44 more

</system-err>
  </testcase>
  <testcase classname="com.americanbanksystems.wiki.dao.UserRoleDaoTestCase" name="testFind" time="2.071">
    <error message="Failed to load ApplicationContext" type="java.lang.IllegalStateException">java.lang.IllegalStateException: Failed to load ApplicationContext
	at org.springframework.test.context.TestContext.getApplicationContext(TestContext.java:157)
	at org.springframework.test.context.support.DependencyInjectionTestExecutionListener.injectDependencies(DependencyInjectionTestExecutionListener.java:109)
	at org.springframework.test.context.support.DependencyInjectionTestExecutionListener.prepareTestInstance(DependencyInjectionTestExecutionListener.java:75)
	at org.springframework.test.context.TestContextManager.prepareTestInstance(TestContextManager.java:321)
	at org.springframework.test.context.junit4.SpringJUnit4ClassRunner.createTest(SpringJUnit4ClassRunner.java:211)
	at org.springframework.test.context.junit4.SpringJUnit4ClassRunner$1.runReflectiveCall(SpringJUnit4ClassRunner.java:288)
	at org.junit.internal.runners.model.ReflectiveCallable.run(ReflectiveCallable.java:15)
	at org.springframework.test.context.junit4.SpringJUnit4ClassRunner.methodBlock(SpringJUnit4ClassRunner.java:290)
	at org.springframework.test.context.junit4.SpringJUnit4ClassRunner.runChild(SpringJUnit4ClassRunner.java:231)
	at org.junit.runners.BlockJUnit4ClassRunner.runChild(BlockJUnit4ClassRunner.java:47)
	at org.junit.runners.ParentRunner$3.run(ParentRunner.java:231)
	at org.junit.runners.ParentRunner$1.schedule(ParentRunner.java:60)
	at org.junit.runners.ParentRunner.runChildren(ParentRunner.java:229)
	at org.junit.runners.ParentRunner.access$000(ParentRunner.java:50)
	at org.junit.runners.ParentRunner$2.evaluate(ParentRunner.java:222)
	at org.springframework.test.context.junit4.statements.RunBeforeTestClassCallbacks.evaluate(RunBeforeTestClassCallbacks.java:61)
	at org.springframework.test.context.junit4.statements.RunAfterTestClassCallbacks.evaluate(RunAfterTestClassCallbacks.java:71)
	at org.junit.runners.ParentRunner.run(ParentRunner.java:300)
	at org.springframework.test.context.junit4.SpringJUnit4ClassRunner.run(SpringJUnit4ClassRunner.java:174)
	at org.apache.maven.surefire.junit4.JUnit4Provider.execute(JUnit4Provider.java:252)
	at org.apache.maven.surefire.junit4.JUnit4Provider.executeTestSet(JUnit4Provider.java:141)
	at org.apache.maven.surefire.junit4.JUnit4Provider.invoke(JUnit4Provider.java:112)
	at sun.reflect.NativeMethodAccessorImpl.invoke0(Native Method)
	at sun.reflect.NativeMethodAccessorImpl.invoke(NativeMethodAccessorImpl.java:62)
	at sun.reflect.DelegatingMethodAccessorImpl.invoke(DelegatingMethodAccessorImpl.java:43)
	at java.lang.reflect.Method.invoke(Method.java:483)
	at org.apache.maven.surefire.util.ReflectionUtils.invokeMethodWithArray(ReflectionUtils.java:189)
	at org.apache.maven.surefire.booter.ProviderFactory$ProviderProxy.invoke(ProviderFactory.java:165)
	at org.apache.maven.surefire.booter.ProviderFactory.invokeProvider(ProviderFactory.java:85)
	at org.apache.maven.surefire.booter.ForkedBooter.runSuitesInProcess(ForkedBooter.java:115)
	at org.apache.maven.surefire.booter.ForkedBooter.main(ForkedBooter.java:75)
Caused by: org.springframework.beans.factory.BeanCreationException: Error creating bean with name &apos;org.springframework.security.filterChainProxy&apos;: Invocation of init method failed; nested exception is java.lang.IllegalArgumentException: A universal match pattern (&apos;/**&apos;) is defined  before other patterns in the filter chain, causing them to be ignored. Please check the ordering in your &lt;security:http&gt; namespace or FilterChainProxy bean configuration
	at org.springframework.beans.factory.support.AbstractAutowireCapableBeanFactory.initializeBean(AbstractAutowireCapableBeanFactory.java:1455)
	at org.springframework.beans.factory.support.AbstractAutowireCapableBeanFactory.doCreateBean(AbstractAutowireCapableBeanFactory.java:519)
	at org.springframework.beans.factory.support.AbstractAutowireCapableBeanFactory.createBean(AbstractAutowireCapableBeanFactory.java:456)
	at org.springframework.beans.factory.support.AbstractBeanFactory$1.getObject(AbstractBeanFactory.java:294)
	at org.springframework.beans.factory.support.DefaultSingletonBeanRegistry.getSingleton(DefaultSingletonBeanRegistry.java:225)
	at org.springframework.beans.factory.support.AbstractBeanFactory.doGetBean(AbstractBeanFactory.java:291)
	at org.springframework.beans.factory.support.AbstractBeanFactory.getBean(AbstractBeanFactory.java:193)
	at org.springframework.beans.factory.support.DefaultListableBeanFactory.preInstantiateSingletons(DefaultListableBeanFactory.java:585)
	at org.springframework.context.support.AbstractApplicationContext.finishBeanFactoryInitialization(AbstractApplicationContext.java:913)
	at org.springframework.context.support.AbstractApplicationContext.refresh(AbstractApplicationContext.java:464)
	at org.springframework.test.context.support.AbstractGenericContextLoader.loadContext(AbstractGenericContextLoader.java:103)
	at org.springframework.test.context.support.AbstractGenericContextLoader.loadContext(AbstractGenericContextLoader.java:1)
	at org.springframework.test.context.support.DelegatingSmartContextLoader.loadContext(DelegatingSmartContextLoader.java:228)
	at org.springframework.test.context.TestContext.loadApplicationContext(TestContext.java:124)
	at org.springframework.test.context.TestContext.getApplicationContext(TestContext.java:148)
	... 30 more
Caused by: java.lang.IllegalArgumentException: A universal match pattern (&apos;/**&apos;) is defined  before other patterns in the filter chain, causing them to be ignored. Please check the ordering in your &lt;security:http&gt; namespace or FilterChainProxy bean configuration
	at org.springframework.security.config.http.DefaultFilterChainValidator.checkPathOrder(DefaultFilterChainValidator.java:49)
	at org.springframework.security.config.http.DefaultFilterChainValidator.validate(DefaultFilterChainValidator.java:39)
	at org.springframework.security.web.FilterChainProxy.afterPropertiesSet(FilterChainProxy.java:148)
	at org.springframework.beans.factory.support.AbstractAutowireCapableBeanFactory.invokeInitMethods(AbstractAutowireCapableBeanFactory.java:1514)
	at org.springframework.beans.factory.support.AbstractAutowireCapableBeanFactory.initializeBean(AbstractAutowireCapableBeanFactory.java:1452)
	... 44 more
</error>
    <system-err>Nov 11, 2014 5:28:26 PM org.springframework.beans.factory.xml.XmlBeanDefinitionReader loadBeanDefinitions
INFO: Loading XML bean definitions from class path resource [persistence-beans.xml]
Nov 11, 2014 5:28:26 PM org.springframework.security.config.SecurityNamespaceHandler &lt;init&gt;
INFO: Spring Security &apos;config&apos; module version is 3.1.0.RELEASE
Nov 11, 2014 5:28:26 PM org.springframework.security.config.http.HttpSecurityBeanDefinitionParser checkFilterChainOrder
INFO: Checking sorted filter chain: [Root bean: class [org.springframework.security.web.session.ConcurrentSessionFilter]; scope=; abstract=false; lazyInit=false; autowireMode=0; dependencyCheck=0; autowireCandidate=true; primary=false; factoryBeanName=null; factoryMethodName=null; initMethodName=null; destroyMethodName=null, order = 200, Root bean: class [org.springframework.security.web.context.SecurityContextPersistenceFilter]; scope=; abstract=false; lazyInit=false; autowireMode=0; dependencyCheck=0; autowireCandidate=true; primary=false; factoryBeanName=null; factoryMethodName=null; initMethodName=null; destroyMethodName=null, order = 300, Root bean: class [org.springframework.security.web.authentication.logout.LogoutFilter]; scope=; abstract=false; lazyInit=false; autowireMode=0; dependencyCheck=0; autowireCandidate=true; primary=false; factoryBeanName=null; factoryMethodName=null; initMethodName=null; destroyMethodName=null, order = 400, &lt;org.springframework.security.web.authentication.UsernamePasswordAuthenticationFilter#0&gt;, order = 800, Root bean: class [org.springframework.security.web.savedrequest.RequestCacheAwareFilter]; scope=; abstract=false; lazyInit=false; autowireMode=0; dependencyCheck=0; autowireCandidate=true; primary=false; factoryBeanName=null; factoryMethodName=null; initMethodName=null; destroyMethodName=null, order = 1300, Root bean: class [org.springframework.security.web.servletapi.SecurityContextHolderAwareRequestFilter]; scope=; abstract=false; lazyInit=false; autowireMode=0; dependencyCheck=0; autowireCandidate=true; primary=false; factoryBeanName=null; factoryMethodName=null; initMethodName=null; destroyMethodName=null, order = 1400, Root bean: class [org.springframework.security.web.authentication.AnonymousAuthenticationFilter]; scope=; abstract=false; lazyInit=false; autowireMode=0; dependencyCheck=0; autowireCandidate=true; primary=false; factoryBeanName=null; factoryMethodName=null; initMethodName=null; destroyMethodName=null, order = 1700, Root bean: class [org.springframework.security.web.session.SessionManagementFilter]; scope=; abstract=false; lazyInit=false; autowireMode=0; dependencyCheck=0; autowireCandidate=true; primary=false; factoryBeanName=null; factoryMethodName=null; initMethodName=null; destroyMethodName=null, order = 1800, Root bean: class [org.springframework.security.web.access.ExceptionTranslationFilter]; scope=; abstract=false; lazyInit=false; autowireMode=0; dependencyCheck=0; autowireCandidate=true; primary=false; factoryBeanName=null; factoryMethodName=null; initMethodName=null; destroyMethodName=null, order = 1900, &lt;org.springframework.security.web.access.intercept.FilterSecurityInterceptor#0&gt;, order = 2000]
Nov 11, 2014 5:28:26 PM org.springframework.beans.factory.xml.XmlBeanDefinitionReader loadBeanDefinitions
INFO: Loading XML bean definitions from class path resource [persistence-beans.xml]
Nov 11, 2014 5:28:26 PM org.springframework.beans.factory.support.DefaultListableBeanFactory registerBeanDefinition
INFO: Overriding bean definition for bean &apos;dataSource&apos;: replacing [Generic bean: class [org.springframework.jdbc.datasource.DriverManagerDataSource]; scope=; abstract=false; lazyInit=false; autowireMode=0; dependencyCheck=0; autowireCandidate=true; primary=false; factoryBeanName=null; factoryMethodName=null; initMethodName=null; destroyMethodName=null; defined in class path resource [persistence-beans.xml]] with [Generic bean: class [org.springframework.jdbc.datasource.DriverManagerDataSource]; scope=; abstract=false; lazyInit=false; autowireMode=0; dependencyCheck=0; autowireCandidate=true; primary=false; factoryBeanName=null; factoryMethodName=null; initMethodName=null; destroyMethodName=null; defined in class path resource [persistence-beans.xml]]
Nov 11, 2014 5:28:26 PM org.springframework.beans.factory.support.DefaultListableBeanFactory registerBeanDefinition
INFO: Overriding bean definition for bean &apos;sessionFactory&apos;: replacing [Generic bean: class [org.springframework.orm.hibernate3.annotation.AnnotationSessionFactoryBean]; scope=; abstract=false; lazyInit=false; autowireMode=0; dependencyCheck=0; autowireCandidate=true; primary=false; factoryBeanName=null; factoryMethodName=null; initMethodName=null; destroyMethodName=null; defined in class path resource [persistence-beans.xml]] with [Generic bean: class [org.springframework.orm.hibernate3.annotation.AnnotationSessionFactoryBean]; scope=; abstract=false; lazyInit=false; autowireMode=0; dependencyCheck=0; autowireCandidate=true; primary=false; factoryBeanName=null; factoryMethodName=null; initMethodName=null; destroyMethodName=null; defined in class path resource [persistence-beans.xml]]
Nov 11, 2014 5:28:26 PM org.springframework.beans.factory.support.DefaultListableBeanFactory registerBeanDefinition
INFO: Overriding bean definition for bean &apos;transactionManager&apos;: replacing [Generic bean: class [org.springframework.orm.hibernate3.HibernateTransactionManager]; scope=; abstract=false; lazyInit=false; autowireMode=0; dependencyCheck=0; autowireCandidate=true; primary=false; factoryBeanName=null; factoryMethodName=null; initMethodName=null; destroyMethodName=null; defined in class path resource [persistence-beans.xml]] with [Generic bean: class [org.springframework.orm.hibernate3.HibernateTransactionManager]; scope=; abstract=false; lazyInit=false; autowireMode=0; dependencyCheck=0; autowireCandidate=true; primary=false; factoryBeanName=null; factoryMethodName=null; initMethodName=null; destroyMethodName=null; defined in class path resource [persistence-beans.xml]]
Nov 11, 2014 5:28:26 PM org.springframework.beans.factory.support.DefaultListableBeanFactory registerBeanDefinition
INFO: Overriding bean definition for bean &apos;jdbcTemplate&apos;: replacing [Generic bean: class [org.springframework.jdbc.core.simple.SimpleJdbcTemplate]; scope=; abstract=false; lazyInit=false; autowireMode=0; dependencyCheck=0; autowireCandidate=true; primary=false; factoryBeanName=null; factoryMethodName=null; initMethodName=null; destroyMethodName=null; defined in class path resource [persistence-beans.xml]] with [Generic bean: class [org.springframework.jdbc.core.simple.SimpleJdbcTemplate]; scope=; abstract=false; lazyInit=false; autowireMode=0; dependencyCheck=0; autowireCandidate=true; primary=false; factoryBeanName=null; factoryMethodName=null; initMethodName=null; destroyMethodName=null; defined in class path resource [persistence-beans.xml]]
Nov 11, 2014 5:28:26 PM org.springframework.beans.factory.support.DefaultListableBeanFactory registerBeanDefinition
INFO: Overriding bean definition for bean &apos;roleVoter&apos;: replacing [Generic bean: class [org.springframework.security.access.vote.RoleVoter]; scope=; abstract=false; lazyInit=false; autowireMode=0; dependencyCheck=0; autowireCandidate=true; primary=false; factoryBeanName=null; factoryMethodName=null; initMethodName=null; destroyMethodName=null; defined in class path resource [persistence-beans.xml]] with [Generic bean: class [org.springframework.security.access.vote.RoleVoter]; scope=; abstract=false; lazyInit=false; autowireMode=0; dependencyCheck=0; autowireCandidate=true; primary=false; factoryBeanName=null; factoryMethodName=null; initMethodName=null; destroyMethodName=null; defined in class path resource [persistence-beans.xml]]
Nov 11, 2014 5:28:26 PM org.springframework.beans.factory.support.DefaultListableBeanFactory registerBeanDefinition
INFO: Overriding bean definition for bean &apos;accessDecisionManager&apos;: replacing [Generic bean: class [org.springframework.security.access.vote.AffirmativeBased]; scope=; abstract=false; lazyInit=false; autowireMode=0; dependencyCheck=0; autowireCandidate=true; primary=false; factoryBeanName=null; factoryMethodName=null; initMethodName=null; destroyMethodName=null; defined in class path resource [persistence-beans.xml]] with [Generic bean: class [org.springframework.security.access.vote.AffirmativeBased]; scope=; abstract=false; lazyInit=false; autowireMode=0; dependencyCheck=0; autowireCandidate=true; primary=false; factoryBeanName=null; factoryMethodName=null; initMethodName=null; destroyMethodName=null; defined in class path resource [persistence-beans.xml]]
Nov 11, 2014 5:28:26 PM org.springframework.security.config.http.HttpSecurityBeanDefinitionParser checkFilterChainOrder
INFO: Checking sorted filter chain: [Root bean: class [org.springframework.security.web.session.ConcurrentSessionFilter]; scope=; abstract=false; lazyInit=false; autowireMode=0; dependencyCheck=0; autowireCandidate=true; primary=false; factoryBeanName=null; factoryMethodName=null; initMethodName=null; destroyMethodName=null, order = 200, Root bean: class [org.springframework.security.web.context.SecurityContextPersistenceFilter]; scope=; abstract=false; lazyInit=false; autowireMode=0; dependencyCheck=0; autowireCandidate=true; primary=false; factoryBeanName=null; factoryMethodName=null; initMethodName=null; destroyMethodName=null, order = 300, Root bean: class [org.springframework.security.web.authentication.logout.LogoutFilter]; scope=; abstract=false; lazyInit=false; autowireMode=0; dependencyCheck=0; autowireCandidate=true; primary=false; factoryBeanName=null; factoryMethodName=null; initMethodName=null; destroyMethodName=null, order = 400, &lt;org.springframework.security.web.authentication.UsernamePasswordAuthenticationFilter#1&gt;, order = 800, Root bean: class [org.springframework.security.web.savedrequest.RequestCacheAwareFilter]; scope=; abstract=false; lazyInit=false; autowireMode=0; dependencyCheck=0; autowireCandidate=true; primary=false; factoryBeanName=null; factoryMethodName=null; initMethodName=null; destroyMethodName=null, order = 1300, Root bean: class [org.springframework.security.web.servletapi.SecurityContextHolderAwareRequestFilter]; scope=; abstract=false; lazyInit=false; autowireMode=0; dependencyCheck=0; autowireCandidate=true; primary=false; factoryBeanName=null; factoryMethodName=null; initMethodName=null; destroyMethodName=null, order = 1400, Root bean: class [org.springframework.security.web.authentication.AnonymousAuthenticationFilter]; scope=; abstract=false; lazyInit=false; autowireMode=0; dependencyCheck=0; autowireCandidate=true; primary=false; factoryBeanName=null; factoryMethodName=null; initMethodName=null; destroyMethodName=null, order = 1700, Root bean: class [org.springframework.security.web.session.SessionManagementFilter]; scope=; abstract=false; lazyInit=false; autowireMode=0; dependencyCheck=0; autowireCandidate=true; primary=false; factoryBeanName=null; factoryMethodName=null; initMethodName=null; destroyMethodName=null, order = 1800, Root bean: class [org.springframework.security.web.access.ExceptionTranslationFilter]; scope=; abstract=false; lazyInit=false; autowireMode=0; dependencyCheck=0; autowireCandidate=true; primary=false; factoryBeanName=null; factoryMethodName=null; initMethodName=null; destroyMethodName=null, order = 1900, &lt;org.springframework.security.web.access.intercept.FilterSecurityInterceptor#1&gt;, order = 2000]
Nov 11, 2014 5:28:26 PM org.springframework.beans.factory.support.DefaultListableBeanFactory registerBeanDefinition
INFO: Overriding bean definition for bean &apos;in-memory-auth&apos;: replacing [Root bean: class [org.springframework.security.authentication.ProviderManager]; scope=; abstract=false; lazyInit=false; autowireMode=0; dependencyCheck=0; autowireCandidate=true; primary=false; factoryBeanName=null; factoryMethodName=null; initMethodName=null; destroyMethodName=null] with [Root bean: class [org.springframework.security.authentication.ProviderManager]; scope=; abstract=false; lazyInit=false; autowireMode=0; dependencyCheck=0; autowireCandidate=true; primary=false; factoryBeanName=null; factoryMethodName=null; initMethodName=null; destroyMethodName=null]
Nov 11, 2014 5:28:26 PM org.springframework.beans.factory.support.DefaultListableBeanFactory registerBeanDefinition
INFO: Overriding bean definition for bean &apos;dao-auth&apos;: replacing [Root bean: class [org.springframework.security.authentication.ProviderManager]; scope=; abstract=false; lazyInit=false; autowireMode=0; dependencyCheck=0; autowireCandidate=true; primary=false; factoryBeanName=null; factoryMethodName=null; initMethodName=null; destroyMethodName=null] with [Root bean: class [org.springframework.security.authentication.ProviderManager]; scope=; abstract=false; lazyInit=false; autowireMode=0; dependencyCheck=0; autowireCandidate=true; primary=false; factoryBeanName=null; factoryMethodName=null; initMethodName=null; destroyMethodName=null]
Nov 11, 2014 5:28:26 PM org.springframework.beans.factory.support.DefaultListableBeanFactory registerBeanDefinition
INFO: Overriding bean definition for bean &apos;userDetailsService&apos;: replacing [Generic bean: class [com.americanbanksystems.wiki.security.dao.implementation.UserDetailsServiceImpl]; scope=; abstract=false; lazyInit=false; autowireMode=0; dependencyCheck=0; autowireCandidate=true; primary=false; factoryBeanName=null; factoryMethodName=null; initMethodName=null; destroyMethodName=null; defined in class path resource [persistence-beans.xml]] with [Generic bean: class [com.americanbanksystems.wiki.security.dao.implementation.UserDetailsServiceImpl]; scope=; abstract=false; lazyInit=false; autowireMode=0; dependencyCheck=0; autowireCandidate=true; primary=false; factoryBeanName=null; factoryMethodName=null; initMethodName=null; destroyMethodName=null; defined in class path resource [persistence-beans.xml]]
Nov 11, 2014 5:28:26 PM org.springframework.beans.factory.support.DefaultListableBeanFactory registerBeanDefinition
INFO: Overriding bean definition for bean &apos;jdbc-auth&apos;: replacing [Root bean: class [org.springframework.security.authentication.ProviderManager]; scope=; abstract=false; lazyInit=false; autowireMode=0; dependencyCheck=0; autowireCandidate=true; primary=false; factoryBeanName=null; factoryMethodName=null; initMethodName=null; destroyMethodName=null] with [Root bean: class [org.springframework.security.authentication.ProviderManager]; scope=; abstract=false; lazyInit=false; autowireMode=0; dependencyCheck=0; autowireCandidate=true; primary=false; factoryBeanName=null; factoryMethodName=null; initMethodName=null; destroyMethodName=null]
Nov 11, 2014 5:28:26 PM org.springframework.beans.factory.support.DefaultListableBeanFactory registerBeanDefinition
INFO: Overriding bean definition for bean &apos;encoder&apos;: replacing [Generic bean: class [org.springframework.security.crypto.bcrypt.BCryptPasswordEncoder]; scope=; abstract=false; lazyInit=false; autowireMode=0; dependencyCheck=0; autowireCandidate=true; primary=false; factoryBeanName=null; factoryMethodName=null; initMethodName=null; destroyMethodName=null; defined in class path resource [persistence-beans.xml]] with [Generic bean: class [org.springframework.security.crypto.bcrypt.BCryptPasswordEncoder]; scope=; abstract=false; lazyInit=false; autowireMode=0; dependencyCheck=0; autowireCandidate=true; primary=false; factoryBeanName=null; factoryMethodName=null; initMethodName=null; destroyMethodName=null; defined in class path resource [persistence-beans.xml]]
Nov 11, 2014 5:28:26 PM org.springframework.context.support.AbstractApplicationContext prepareRefresh
INFO: Refreshing org.springframework.context.support.GenericApplicationContext@65a360: startup date [Tue Nov 11 17:28:26 CST 2014]; root of context hierarchy
Nov 11, 2014 5:28:26 PM org.springframework.beans.factory.support.DefaultListableBeanFactory preInstantiateSingletons
INFO: Pre-instantiating singletons in org.springframework.beans.factory.support.DefaultListableBeanFactory@83ccd2: defining beans [org.springframework.context.annotation.internalConfigurationAnnotationProcessor,org.springframework.context.annotation.internalAutowiredAnnotationProcessor,org.springframework.context.annotation.internalRequiredAnnotationProcessor,org.springframework.context.annotation.internalCommonAnnotationProcessor,org.springframework.context.annotation.internalPersistenceAnnotationProcessor,articleDao,attachmentDao,productDao,userDao,userRoleDao,org.springframework.aop.config.internalAutoProxyCreator,org.springframework.transaction.annotation.AnnotationTransactionAttributeSource#0,org.springframework.transaction.interceptor.TransactionInterceptor#0,org.springframework.transaction.config.internalTransactionAdvisor,dataSource,sessionFactory,transactionManager,jdbcTemplate,roleVoter,accessDecisionManager,org.springframework.security.filterChains,org.springframework.security.filterChainProxy,org.springframework.security.web.PortMapperImpl#0,org.springframework.security.authentication.ProviderManager#0,org.springframework.security.web.context.HttpSessionSecurityContextRepository#0,org.springframework.security.core.session.SessionRegistryImpl#0,org.springframework.security.web.authentication.session.ConcurrentSessionControlStrategy#0,org.springframework.security.web.savedrequest.HttpSessionRequestCache#0,org.springframework.security.web.access.intercept.FilterSecurityInterceptor#0,org.springframework.security.web.access.DefaultWebInvocationPrivilegeEvaluator#0,org.springframework.security.authentication.AnonymousAuthenticationProvider#0,org.springframework.security.web.authentication.UsernamePasswordAuthenticationFilter#0,org.springframework.security.userDetailsServiceFactory,org.springframework.security.web.DefaultSecurityFilterChain#0,org.springframework.security.provisioning.InMemoryUserDetailsManager#0,org.springframework.security.authentication.dao.DaoAuthenticationProvider#0,org.springframework.security.authentication.DefaultAuthenticationEventPublisher#0,in-memory-auth,org.springframework.security.authentication.dao.DaoAuthenticationProvider#1,org.springframework.security.authentication.DefaultAuthenticationEventPublisher#1,dao-auth,userDetailsService,org.springframework.security.provisioning.JdbcUserDetailsManager#0,org.springframework.security.authentication.dao.DaoAuthenticationProvider#2,org.springframework.security.authentication.DefaultAuthenticationEventPublisher#2,jdbc-auth,encoder,org.springframework.security.web.PortMapperImpl#1,org.springframework.security.authentication.ProviderManager#1,org.springframework.security.web.context.HttpSessionSecurityContextRepository#1,org.springframework.security.core.session.SessionRegistryImpl#1,org.springframework.security.web.authentication.session.ConcurrentSessionControlStrategy#1,org.springframework.security.web.savedrequest.HttpSessionRequestCache#1,org.springframework.security.web.access.intercept.FilterSecurityInterceptor#1,org.springframework.security.web.access.DefaultWebInvocationPrivilegeEvaluator#1,org.springframework.security.authentication.AnonymousAuthenticationProvider#1,org.springframework.security.web.authentication.UsernamePasswordAuthenticationFilter#1,org.springframework.security.web.DefaultSecurityFilterChain#1,org.springframework.security.provisioning.InMemoryUserDetailsManager#1,org.springframework.security.authentication.dao.DaoAuthenticationProvider#3,org.springframework.security.authentication.DefaultAuthenticationEventPublisher#3,org.springframework.security.authentication.dao.DaoAuthenticationProvider#4,org.springframework.security.authentication.DefaultAuthenticationEventPublisher#4,org.springframework.security.provisioning.JdbcUserDetailsManager#1,org.springframework.security.authentication.dao.DaoAuthenticationProvider#5,org.springframework.security.authentication.DefaultAuthenticationEventPublisher#5,org.springframework.context.annotation.ConfigurationClassPostProcessor$ImportAwareBeanPostProcessor#0]; root of factory hierarchy
Nov 11, 2014 5:28:26 PM org.springframework.jdbc.datasource.DriverManagerDataSource setDriverClassName
INFO: Loaded JDBC driver: com.mysql.jdbc.jdbc2.optional.MysqlDataSource
Nov 11, 2014 5:28:26 PM org.springframework.orm.hibernate3.LocalSessionFactoryBean buildSessionFactory
INFO: Building new Hibernate SessionFactory
Nov 11, 2014 5:28:26 PM org.springframework.orm.hibernate3.HibernateTransactionManager afterPropertiesSet
INFO: Using DataSource [org.springframework.jdbc.datasource.DriverManagerDataSource@1c78080] of Hibernate SessionFactory for HibernateTransactionManager
Nov 11, 2014 5:28:26 PM org.springframework.security.provisioning.JdbcUserDetailsManager initDao
INFO: No authentication manager set. Reauthentication of users when changing passwords will not be performed.
Nov 11, 2014 5:28:26 PM org.springframework.security.web.DefaultSecurityFilterChain &lt;init&gt;
INFO: Creating filter chain: org.springframework.security.web.util.AnyRequestMatcher@1, [org.springframework.security.web.session.ConcurrentSessionFilter@142a45c, org.springframework.security.web.context.SecurityContextPersistenceFilter@a492d9, org.springframework.security.web.authentication.logout.LogoutFilter@14fc9bd, org.springframework.security.web.authentication.UsernamePasswordAuthenticationFilter@d49a7f, org.springframework.security.web.savedrequest.RequestCacheAwareFilter@d6b1bd, org.springframework.security.web.servletapi.SecurityContextHolderAwareRequestFilter@3cdaa4, org.springframework.security.web.authentication.AnonymousAuthenticationFilter@141e1bf, org.springframework.security.web.session.SessionManagementFilter@19c93ca, org.springframework.security.web.access.ExceptionTranslationFilter@6e9d1d, org.springframework.security.web.access.intercept.FilterSecurityInterceptor@a5974e]
Nov 11, 2014 5:28:26 PM org.springframework.security.web.DefaultSecurityFilterChain &lt;init&gt;
INFO: Creating filter chain: org.springframework.security.web.util.AnyRequestMatcher@1, [org.springframework.security.web.session.ConcurrentSessionFilter@13f9078, org.springframework.security.web.context.SecurityContextPersistenceFilter@1503a3, org.springframework.security.web.authentication.logout.LogoutFilter@6495f1, org.springframework.security.web.authentication.UsernamePasswordAuthenticationFilter@1df5041, org.springframework.security.web.savedrequest.RequestCacheAwareFilter@ea492, org.springframework.security.web.servletapi.SecurityContextHolderAwareRequestFilter@52a26b, org.springframework.security.web.authentication.AnonymousAuthenticationFilter@e56b4d, org.springframework.security.web.session.SessionManagementFilter@1857e08, org.springframework.security.web.access.ExceptionTranslationFilter@70775e, org.springframework.security.web.access.intercept.FilterSecurityInterceptor@15ac0c1]
Nov 11, 2014 5:28:26 PM org.springframework.security.config.http.DefaultFilterChainValidator checkLoginPageIsntProtected
INFO: Checking whether login URL &apos;/loginFull&apos; is accessible with your configuration
Nov 11, 2014 5:28:26 PM org.springframework.security.config.http.DefaultFilterChainValidator checkLoginPageIsntProtected
INFO: Checking whether login URL &apos;/loginFull&apos; is accessible with your configuration
Nov 11, 2014 5:28:26 PM org.springframework.beans.factory.support.DefaultSingletonBeanRegistry destroySingletons
INFO: Destroying singletons in org.springframework.beans.factory.support.DefaultListableBeanFactory@83ccd2: defining beans [org.springframework.context.annotation.internalConfigurationAnnotationProcessor,org.springframework.context.annotation.internalAutowiredAnnotationProcessor,org.springframework.context.annotation.internalRequiredAnnotationProcessor,org.springframework.context.annotation.internalCommonAnnotationProcessor,org.springframework.context.annotation.internalPersistenceAnnotationProcessor,articleDao,attachmentDao,productDao,userDao,userRoleDao,org.springframework.aop.config.internalAutoProxyCreator,org.springframework.transaction.annotation.AnnotationTransactionAttributeSource#0,org.springframework.transaction.interceptor.TransactionInterceptor#0,org.springframework.transaction.config.internalTransactionAdvisor,dataSource,sessionFactory,transactionManager,jdbcTemplate,roleVoter,accessDecisionManager,org.springframework.security.filterChains,org.springframework.security.filterChainProxy,org.springframework.security.web.PortMapperImpl#0,org.springframework.security.authentication.ProviderManager#0,org.springframework.security.web.context.HttpSessionSecurityContextRepository#0,org.springframework.security.core.session.SessionRegistryImpl#0,org.springframework.security.web.authentication.session.ConcurrentSessionControlStrategy#0,org.springframework.security.web.savedrequest.HttpSessionRequestCache#0,org.springframework.security.web.access.intercept.FilterSecurityInterceptor#0,org.springframework.security.web.access.DefaultWebInvocationPrivilegeEvaluator#0,org.springframework.security.authentication.AnonymousAuthenticationProvider#0,org.springframework.security.web.authentication.UsernamePasswordAuthenticationFilter#0,org.springframework.security.userDetailsServiceFactory,org.springframework.security.web.DefaultSecurityFilterChain#0,org.springframework.security.provisioning.InMemoryUserDetailsManager#0,org.springframework.security.authentication.dao.DaoAuthenticationProvider#0,org.springframework.security.authentication.DefaultAuthenticationEventPublisher#0,in-memory-auth,org.springframework.security.authentication.dao.DaoAuthenticationProvider#1,org.springframework.security.authentication.DefaultAuthenticationEventPublisher#1,dao-auth,userDetailsService,org.springframework.security.provisioning.JdbcUserDetailsManager#0,org.springframework.security.authentication.dao.DaoAuthenticationProvider#2,org.springframework.security.authentication.DefaultAuthenticationEventPublisher#2,jdbc-auth,encoder,org.springframework.security.web.PortMapperImpl#1,org.springframework.security.authentication.ProviderManager#1,org.springframework.security.web.context.HttpSessionSecurityContextRepository#1,org.springframework.security.core.session.SessionRegistryImpl#1,org.springframework.security.web.authentication.session.ConcurrentSessionControlStrategy#1,org.springframework.security.web.savedrequest.HttpSessionRequestCache#1,org.springframework.security.web.access.intercept.FilterSecurityInterceptor#1,org.springframework.security.web.access.DefaultWebInvocationPrivilegeEvaluator#1,org.springframework.security.authentication.AnonymousAuthenticationProvider#1,org.springframework.security.web.authentication.UsernamePasswordAuthenticationFilter#1,org.springframework.security.web.DefaultSecurityFilterChain#1,org.springframework.security.provisioning.InMemoryUserDetailsManager#1,org.springframework.security.authentication.dao.DaoAuthenticationProvider#3,org.springframework.security.authentication.DefaultAuthenticationEventPublisher#3,org.springframework.security.authentication.dao.DaoAuthenticationProvider#4,org.springframework.security.authentication.DefaultAuthenticationEventPublisher#4,org.springframework.security.provisioning.JdbcUserDetailsManager#1,org.springframework.security.authentication.dao.DaoAuthenticationProvider#5,org.springframework.security.authentication.DefaultAuthenticationEventPublisher#5,org.springframework.context.annotation.ConfigurationClassPostProcessor$ImportAwareBeanPostProcessor#0]; root of factory hierarchy
Nov 11, 2014 5:28:26 PM org.springframework.orm.hibernate3.AbstractSessionFactoryBean destroy
INFO: Closing Hibernate SessionFactory
Nov 11, 2014 5:28:26 PM org.springframework.test.context.TestContextManager prepareTestInstance
SEVERE: Caught exception while allowing TestExecutionListener [org.springframework.test.context.support.DependencyInjectionTestExecutionListener@173bd6b] to prepare test instance [com.americanbanksystems.wiki.dao.UserRoleDaoTestCase@1f02280]
java.lang.IllegalStateException: Failed to load ApplicationContext
	at org.springframework.test.context.TestContext.getApplicationContext(TestContext.java:157)
	at org.springframework.test.context.support.DependencyInjectionTestExecutionListener.injectDependencies(DependencyInjectionTestExecutionListener.java:109)
	at org.springframework.test.context.support.DependencyInjectionTestExecutionListener.prepareTestInstance(DependencyInjectionTestExecutionListener.java:75)
	at org.springframework.test.context.TestContextManager.prepareTestInstance(TestContextManager.java:321)
	at org.springframework.test.context.junit4.SpringJUnit4ClassRunner.createTest(SpringJUnit4ClassRunner.java:211)
	at org.springframework.test.context.junit4.SpringJUnit4ClassRunner$1.runReflectiveCall(SpringJUnit4ClassRunner.java:288)
	at org.junit.internal.runners.model.ReflectiveCallable.run(ReflectiveCallable.java:15)
	at org.springframework.test.context.junit4.SpringJUnit4ClassRunner.methodBlock(SpringJUnit4ClassRunner.java:290)
	at org.springframework.test.context.junit4.SpringJUnit4ClassRunner.runChild(SpringJUnit4ClassRunner.java:231)
	at org.junit.runners.BlockJUnit4ClassRunner.runChild(BlockJUnit4ClassRunner.java:47)
	at org.junit.runners.ParentRunner$3.run(ParentRunner.java:231)
	at org.junit.runners.ParentRunner$1.schedule(ParentRunner.java:60)
	at org.junit.runners.ParentRunner.runChildren(ParentRunner.java:229)
	at org.junit.runners.ParentRunner.access$000(ParentRunner.java:50)
	at org.junit.runners.ParentRunner$2.evaluate(ParentRunner.java:222)
	at org.springframework.test.context.junit4.statements.RunBeforeTestClassCallbacks.evaluate(RunBeforeTestClassCallbacks.java:61)
	at org.springframework.test.context.junit4.statements.RunAfterTestClassCallbacks.evaluate(RunAfterTestClassCallbacks.java:71)
	at org.junit.runners.ParentRunner.run(ParentRunner.java:300)
	at org.springframework.test.context.junit4.SpringJUnit4ClassRunner.run(SpringJUnit4ClassRunner.java:174)
	at org.apache.maven.surefire.junit4.JUnit4Provider.execute(JUnit4Provider.java:252)
	at org.apache.maven.surefire.junit4.JUnit4Provider.executeTestSet(JUnit4Provider.java:141)
	at org.apache.maven.surefire.junit4.JUnit4Provider.invoke(JUnit4Provider.java:112)
	at sun.reflect.NativeMethodAccessorImpl.invoke0(Native Method)
	at sun.reflect.NativeMethodAccessorImpl.invoke(NativeMethodAccessorImpl.java:62)
	at sun.reflect.DelegatingMethodAccessorImpl.invoke(DelegatingMethodAccessorImpl.java:43)
	at java.lang.reflect.Method.invoke(Method.java:483)
	at org.apache.maven.surefire.util.ReflectionUtils.invokeMethodWithArray(ReflectionUtils.java:189)
	at org.apache.maven.surefire.booter.ProviderFactory$ProviderProxy.invoke(ProviderFactory.java:165)
	at org.apache.maven.surefire.booter.ProviderFactory.invokeProvider(ProviderFactory.java:85)
	at org.apache.maven.surefire.booter.ForkedBooter.runSuitesInProcess(ForkedBooter.java:115)
	at org.apache.maven.surefire.booter.ForkedBooter.main(ForkedBooter.java:75)
Caused by: org.springframework.beans.factory.BeanCreationException: Error creating bean with name &apos;org.springframework.security.filterChainProxy&apos;: Invocation of init method failed; nested exception is java.lang.IllegalArgumentException: A universal match pattern (&apos;/**&apos;) is defined  before other patterns in the filter chain, causing them to be ignored. Please check the ordering in your &lt;security:http&gt; namespace or FilterChainProxy bean configuration
	at org.springframework.beans.factory.support.AbstractAutowireCapableBeanFactory.initializeBean(AbstractAutowireCapableBeanFactory.java:1455)
	at org.springframework.beans.factory.support.AbstractAutowireCapableBeanFactory.doCreateBean(AbstractAutowireCapableBeanFactory.java:519)
	at org.springframework.beans.factory.support.AbstractAutowireCapableBeanFactory.createBean(AbstractAutowireCapableBeanFactory.java:456)
	at org.springframework.beans.factory.support.AbstractBeanFactory$1.getObject(AbstractBeanFactory.java:294)
	at org.springframework.beans.factory.support.DefaultSingletonBeanRegistry.getSingleton(DefaultSingletonBeanRegistry.java:225)
	at org.springframework.beans.factory.support.AbstractBeanFactory.doGetBean(AbstractBeanFactory.java:291)
	at org.springframework.beans.factory.support.AbstractBeanFactory.getBean(AbstractBeanFactory.java:193)
	at org.springframework.beans.factory.support.DefaultListableBeanFactory.preInstantiateSingletons(DefaultListableBeanFactory.java:585)
	at org.springframework.context.support.AbstractApplicationContext.finishBeanFactoryInitialization(AbstractApplicationContext.java:913)
	at org.springframework.context.support.AbstractApplicationContext.refresh(AbstractApplicationContext.java:464)
	at org.springframework.test.context.support.AbstractGenericContextLoader.loadContext(AbstractGenericContextLoader.java:103)
	at org.springframework.test.context.support.AbstractGenericContextLoader.loadContext(AbstractGenericContextLoader.java:1)
	at org.springframework.test.context.support.DelegatingSmartContextLoader.loadContext(DelegatingSmartContextLoader.java:228)
	at org.springframework.test.context.TestContext.loadApplicationContext(TestContext.java:124)
	at org.springframework.test.context.TestContext.getApplicationContext(TestContext.java:148)
	... 30 more
Caused by: java.lang.IllegalArgumentException: A universal match pattern (&apos;/**&apos;) is defined  before other patterns in the filter chain, causing them to be ignored. Please check the ordering in your &lt;security:http&gt; namespace or FilterChainProxy bean configuration
	at org.springframework.security.config.http.DefaultFilterChainValidator.checkPathOrder(DefaultFilterChainValidator.java:49)
	at org.springframework.security.config.http.DefaultFilterChainValidator.validate(DefaultFilterChainValidator.java:39)
	at org.springframework.security.web.FilterChainProxy.afterPropertiesSet(FilterChainProxy.java:148)
	at org.springframework.beans.factory.support.AbstractAutowireCapableBeanFactory.invokeInitMethods(AbstractAutowireCapableBeanFactory.java:1514)
	at org.springframework.beans.factory.support.AbstractAutowireCapableBeanFactory.initializeBean(AbstractAutowireCapableBeanFactory.java:1452)
	... 44 more

</system-err>
  </testcase>
  <testcase classname="com.americanbanksystems.wiki.dao.UserRoleDaoTestCase" name="testList" time="0.001">
    <error message="Failed to load ApplicationContext" type="java.lang.IllegalStateException">java.lang.IllegalStateException: Failed to load ApplicationContext
	at org.springframework.test.context.TestContext.getApplicationContext(TestContext.java:157)
	at org.springframework.test.context.support.DependencyInjectionTestExecutionListener.injectDependencies(DependencyInjectionTestExecutionListener.java:109)
	at org.springframework.test.context.support.DependencyInjectionTestExecutionListener.prepareTestInstance(DependencyInjectionTestExecutionListener.java:75)
	at org.springframework.test.context.TestContextManager.prepareTestInstance(TestContextManager.java:321)
	at org.springframework.test.context.junit4.SpringJUnit4ClassRunner.createTest(SpringJUnit4ClassRunner.java:211)
	at org.springframework.test.context.junit4.SpringJUnit4ClassRunner$1.runReflectiveCall(SpringJUnit4ClassRunner.java:288)
	at org.junit.internal.runners.model.ReflectiveCallable.run(ReflectiveCallable.java:15)
	at org.springframework.test.context.junit4.SpringJUnit4ClassRunner.methodBlock(SpringJUnit4ClassRunner.java:290)
	at org.springframework.test.context.junit4.SpringJUnit4ClassRunner.runChild(SpringJUnit4ClassRunner.java:231)
	at org.junit.runners.BlockJUnit4ClassRunner.runChild(BlockJUnit4ClassRunner.java:47)
	at org.junit.runners.ParentRunner$3.run(ParentRunner.java:231)
	at org.junit.runners.ParentRunner$1.schedule(ParentRunner.java:60)
	at org.junit.runners.ParentRunner.runChildren(ParentRunner.java:229)
	at org.junit.runners.ParentRunner.access$000(ParentRunner.java:50)
	at org.junit.runners.ParentRunner$2.evaluate(ParentRunner.java:222)
	at org.springframework.test.context.junit4.statements.RunBeforeTestClassCallbacks.evaluate(RunBeforeTestClassCallbacks.java:61)
	at org.springframework.test.context.junit4.statements.RunAfterTestClassCallbacks.evaluate(RunAfterTestClassCallbacks.java:71)
	at org.junit.runners.ParentRunner.run(ParentRunner.java:300)
	at org.springframework.test.context.junit4.SpringJUnit4ClassRunner.run(SpringJUnit4ClassRunner.java:174)
	at org.apache.maven.surefire.junit4.JUnit4Provider.execute(JUnit4Provider.java:252)
	at org.apache.maven.surefire.junit4.JUnit4Provider.executeTestSet(JUnit4Provider.java:141)
	at org.apache.maven.surefire.junit4.JUnit4Provider.invoke(JUnit4Provider.java:112)
	at sun.reflect.NativeMethodAccessorImpl.invoke0(Native Method)
	at sun.reflect.NativeMethodAccessorImpl.invoke(NativeMethodAccessorImpl.java:62)
	at sun.reflect.DelegatingMethodAccessorImpl.invoke(DelegatingMethodAccessorImpl.java:43)
	at java.lang.reflect.Method.invoke(Method.java:483)
	at org.apache.maven.surefire.util.ReflectionUtils.invokeMethodWithArray(ReflectionUtils.java:189)
	at org.apache.maven.surefire.booter.ProviderFactory$ProviderProxy.invoke(ProviderFactory.java:165)
	at org.apache.maven.surefire.booter.ProviderFactory.invokeProvider(ProviderFactory.java:85)
	at org.apache.maven.surefire.booter.ForkedBooter.runSuitesInProcess(ForkedBooter.java:115)
	at org.apache.maven.surefire.booter.ForkedBooter.main(ForkedBooter.java:75)
Caused by: org.springframework.beans.factory.BeanCreationException: Error creating bean with name &apos;org.springframework.security.filterChainProxy&apos;: Invocation of init method failed; nested exception is java.lang.IllegalArgumentException: A universal match pattern (&apos;/**&apos;) is defined  before other patterns in the filter chain, causing them to be ignored. Please check the ordering in your &lt;security:http&gt; namespace or FilterChainProxy bean configuration
	at org.springframework.beans.factory.support.AbstractAutowireCapableBeanFactory.initializeBean(AbstractAutowireCapableBeanFactory.java:1455)
	at org.springframework.beans.factory.support.AbstractAutowireCapableBeanFactory.doCreateBean(AbstractAutowireCapableBeanFactory.java:519)
	at org.springframework.beans.factory.support.AbstractAutowireCapableBeanFactory.createBean(AbstractAutowireCapableBeanFactory.java:456)
	at org.springframework.beans.factory.support.AbstractBeanFactory$1.getObject(AbstractBeanFactory.java:294)
	at org.springframework.beans.factory.support.DefaultSingletonBeanRegistry.getSingleton(DefaultSingletonBeanRegistry.java:225)
	at org.springframework.beans.factory.support.AbstractBeanFactory.doGetBean(AbstractBeanFactory.java:291)
	at org.springframework.beans.factory.support.AbstractBeanFactory.getBean(AbstractBeanFactory.java:193)
	at org.springframework.beans.factory.support.DefaultListableBeanFactory.preInstantiateSingletons(DefaultListableBeanFactory.java:585)
	at org.springframework.context.support.AbstractApplicationContext.finishBeanFactoryInitialization(AbstractApplicationContext.java:913)
	at org.springframework.context.support.AbstractApplicationContext.refresh(AbstractApplicationContext.java:464)
	at org.springframework.test.context.support.AbstractGenericContextLoader.loadContext(AbstractGenericContextLoader.java:103)
	at org.springframework.test.context.support.AbstractGenericContextLoader.loadContext(AbstractGenericContextLoader.java:1)
	at org.springframework.test.context.support.DelegatingSmartContextLoader.loadContext(DelegatingSmartContextLoader.java:228)
	at org.springframework.test.context.TestContext.loadApplicationContext(TestContext.java:124)
	at org.springframework.test.context.TestContext.getApplicationContext(TestContext.java:148)
	... 30 more
Caused by: java.lang.IllegalArgumentException: A universal match pattern (&apos;/**&apos;) is defined  before other patterns in the filter chain, causing them to be ignored. Please check the ordering in your &lt;security:http&gt; namespace or FilterChainProxy bean configuration
	at org.springframework.security.config.http.DefaultFilterChainValidator.checkPathOrder(DefaultFilterChainValidator.java:49)
	at org.springframework.security.config.http.DefaultFilterChainValidator.validate(DefaultFilterChainValidator.java:39)
	at org.springframework.security.web.FilterChainProxy.afterPropertiesSet(FilterChainProxy.java:148)
	at org.springframework.beans.factory.support.AbstractAutowireCapableBeanFactory.invokeInitMethods(AbstractAutowireCapableBeanFactory.java:1514)
	at org.springframework.beans.factory.support.AbstractAutowireCapableBeanFactory.initializeBean(AbstractAutowireCapableBeanFactory.java:1452)
	... 44 more
</error>
    <system-err>Nov 11, 2014 5:28:26 PM org.springframework.beans.factory.xml.XmlBeanDefinitionReader loadBeanDefinitions
INFO: Loading XML bean definitions from class path resource [persistence-beans.xml]
Nov 11, 2014 5:28:26 PM org.springframework.security.config.SecurityNamespaceHandler &lt;init&gt;
INFO: Spring Security &apos;config&apos; module version is 3.1.0.RELEASE
Nov 11, 2014 5:28:26 PM org.springframework.security.config.http.HttpSecurityBeanDefinitionParser checkFilterChainOrder
INFO: Checking sorted filter chain: [Root bean: class [org.springframework.security.web.session.ConcurrentSessionFilter]; scope=; abstract=false; lazyInit=false; autowireMode=0; dependencyCheck=0; autowireCandidate=true; primary=false; factoryBeanName=null; factoryMethodName=null; initMethodName=null; destroyMethodName=null, order = 200, Root bean: class [org.springframework.security.web.context.SecurityContextPersistenceFilter]; scope=; abstract=false; lazyInit=false; autowireMode=0; dependencyCheck=0; autowireCandidate=true; primary=false; factoryBeanName=null; factoryMethodName=null; initMethodName=null; destroyMethodName=null, order = 300, Root bean: class [org.springframework.security.web.authentication.logout.LogoutFilter]; scope=; abstract=false; lazyInit=false; autowireMode=0; dependencyCheck=0; autowireCandidate=true; primary=false; factoryBeanName=null; factoryMethodName=null; initMethodName=null; destroyMethodName=null, order = 400, &lt;org.springframework.security.web.authentication.UsernamePasswordAuthenticationFilter#0&gt;, order = 800, Root bean: class [org.springframework.security.web.savedrequest.RequestCacheAwareFilter]; scope=; abstract=false; lazyInit=false; autowireMode=0; dependencyCheck=0; autowireCandidate=true; primary=false; factoryBeanName=null; factoryMethodName=null; initMethodName=null; destroyMethodName=null, order = 1300, Root bean: class [org.springframework.security.web.servletapi.SecurityContextHolderAwareRequestFilter]; scope=; abstract=false; lazyInit=false; autowireMode=0; dependencyCheck=0; autowireCandidate=true; primary=false; factoryBeanName=null; factoryMethodName=null; initMethodName=null; destroyMethodName=null, order = 1400, Root bean: class [org.springframework.security.web.authentication.AnonymousAuthenticationFilter]; scope=; abstract=false; lazyInit=false; autowireMode=0; dependencyCheck=0; autowireCandidate=true; primary=false; factoryBeanName=null; factoryMethodName=null; initMethodName=null; destroyMethodName=null, order = 1700, Root bean: class [org.springframework.security.web.session.SessionManagementFilter]; scope=; abstract=false; lazyInit=false; autowireMode=0; dependencyCheck=0; autowireCandidate=true; primary=false; factoryBeanName=null; factoryMethodName=null; initMethodName=null; destroyMethodName=null, order = 1800, Root bean: class [org.springframework.security.web.access.ExceptionTranslationFilter]; scope=; abstract=false; lazyInit=false; autowireMode=0; dependencyCheck=0; autowireCandidate=true; primary=false; factoryBeanName=null; factoryMethodName=null; initMethodName=null; destroyMethodName=null, order = 1900, &lt;org.springframework.security.web.access.intercept.FilterSecurityInterceptor#0&gt;, order = 2000]
Nov 11, 2014 5:28:26 PM org.springframework.beans.factory.xml.XmlBeanDefinitionReader loadBeanDefinitions
INFO: Loading XML bean definitions from class path resource [persistence-beans.xml]
Nov 11, 2014 5:28:26 PM org.springframework.beans.factory.support.DefaultListableBeanFactory registerBeanDefinition
INFO: Overriding bean definition for bean &apos;dataSource&apos;: replacing [Generic bean: class [org.springframework.jdbc.datasource.DriverManagerDataSource]; scope=; abstract=false; lazyInit=false; autowireMode=0; dependencyCheck=0; autowireCandidate=true; primary=false; factoryBeanName=null; factoryMethodName=null; initMethodName=null; destroyMethodName=null; defined in class path resource [persistence-beans.xml]] with [Generic bean: class [org.springframework.jdbc.datasource.DriverManagerDataSource]; scope=; abstract=false; lazyInit=false; autowireMode=0; dependencyCheck=0; autowireCandidate=true; primary=false; factoryBeanName=null; factoryMethodName=null; initMethodName=null; destroyMethodName=null; defined in class path resource [persistence-beans.xml]]
Nov 11, 2014 5:28:26 PM org.springframework.beans.factory.support.DefaultListableBeanFactory registerBeanDefinition
INFO: Overriding bean definition for bean &apos;sessionFactory&apos;: replacing [Generic bean: class [org.springframework.orm.hibernate3.annotation.AnnotationSessionFactoryBean]; scope=; abstract=false; lazyInit=false; autowireMode=0; dependencyCheck=0; autowireCandidate=true; primary=false; factoryBeanName=null; factoryMethodName=null; initMethodName=null; destroyMethodName=null; defined in class path resource [persistence-beans.xml]] with [Generic bean: class [org.springframework.orm.hibernate3.annotation.AnnotationSessionFactoryBean]; scope=; abstract=false; lazyInit=false; autowireMode=0; dependencyCheck=0; autowireCandidate=true; primary=false; factoryBeanName=null; factoryMethodName=null; initMethodName=null; destroyMethodName=null; defined in class path resource [persistence-beans.xml]]
Nov 11, 2014 5:28:26 PM org.springframework.beans.factory.support.DefaultListableBeanFactory registerBeanDefinition
INFO: Overriding bean definition for bean &apos;transactionManager&apos;: replacing [Generic bean: class [org.springframework.orm.hibernate3.HibernateTransactionManager]; scope=; abstract=false; lazyInit=false; autowireMode=0; dependencyCheck=0; autowireCandidate=true; primary=false; factoryBeanName=null; factoryMethodName=null; initMethodName=null; destroyMethodName=null; defined in class path resource [persistence-beans.xml]] with [Generic bean: class [org.springframework.orm.hibernate3.HibernateTransactionManager]; scope=; abstract=false; lazyInit=false; autowireMode=0; dependencyCheck=0; autowireCandidate=true; primary=false; factoryBeanName=null; factoryMethodName=null; initMethodName=null; destroyMethodName=null; defined in class path resource [persistence-beans.xml]]
Nov 11, 2014 5:28:26 PM org.springframework.beans.factory.support.DefaultListableBeanFactory registerBeanDefinition
INFO: Overriding bean definition for bean &apos;jdbcTemplate&apos;: replacing [Generic bean: class [org.springframework.jdbc.core.simple.SimpleJdbcTemplate]; scope=; abstract=false; lazyInit=false; autowireMode=0; dependencyCheck=0; autowireCandidate=true; primary=false; factoryBeanName=null; factoryMethodName=null; initMethodName=null; destroyMethodName=null; defined in class path resource [persistence-beans.xml]] with [Generic bean: class [org.springframework.jdbc.core.simple.SimpleJdbcTemplate]; scope=; abstract=false; lazyInit=false; autowireMode=0; dependencyCheck=0; autowireCandidate=true; primary=false; factoryBeanName=null; factoryMethodName=null; initMethodName=null; destroyMethodName=null; defined in class path resource [persistence-beans.xml]]
Nov 11, 2014 5:28:26 PM org.springframework.beans.factory.support.DefaultListableBeanFactory registerBeanDefinition
INFO: Overriding bean definition for bean &apos;roleVoter&apos;: replacing [Generic bean: class [org.springframework.security.access.vote.RoleVoter]; scope=; abstract=false; lazyInit=false; autowireMode=0; dependencyCheck=0; autowireCandidate=true; primary=false; factoryBeanName=null; factoryMethodName=null; initMethodName=null; destroyMethodName=null; defined in class path resource [persistence-beans.xml]] with [Generic bean: class [org.springframework.security.access.vote.RoleVoter]; scope=; abstract=false; lazyInit=false; autowireMode=0; dependencyCheck=0; autowireCandidate=true; primary=false; factoryBeanName=null; factoryMethodName=null; initMethodName=null; destroyMethodName=null; defined in class path resource [persistence-beans.xml]]
Nov 11, 2014 5:28:26 PM org.springframework.beans.factory.support.DefaultListableBeanFactory registerBeanDefinition
INFO: Overriding bean definition for bean &apos;accessDecisionManager&apos;: replacing [Generic bean: class [org.springframework.security.access.vote.AffirmativeBased]; scope=; abstract=false; lazyInit=false; autowireMode=0; dependencyCheck=0; autowireCandidate=true; primary=false; factoryBeanName=null; factoryMethodName=null; initMethodName=null; destroyMethodName=null; defined in class path resource [persistence-beans.xml]] with [Generic bean: class [org.springframework.security.access.vote.AffirmativeBased]; scope=; abstract=false; lazyInit=false; autowireMode=0; dependencyCheck=0; autowireCandidate=true; primary=false; factoryBeanName=null; factoryMethodName=null; initMethodName=null; destroyMethodName=null; defined in class path resource [persistence-beans.xml]]
Nov 11, 2014 5:28:26 PM org.springframework.security.config.http.HttpSecurityBeanDefinitionParser checkFilterChainOrder
INFO: Checking sorted filter chain: [Root bean: class [org.springframework.security.web.session.ConcurrentSessionFilter]; scope=; abstract=false; lazyInit=false; autowireMode=0; dependencyCheck=0; autowireCandidate=true; primary=false; factoryBeanName=null; factoryMethodName=null; initMethodName=null; destroyMethodName=null, order = 200, Root bean: class [org.springframework.security.web.context.SecurityContextPersistenceFilter]; scope=; abstract=false; lazyInit=false; autowireMode=0; dependencyCheck=0; autowireCandidate=true; primary=false; factoryBeanName=null; factoryMethodName=null; initMethodName=null; destroyMethodName=null, order = 300, Root bean: class [org.springframework.security.web.authentication.logout.LogoutFilter]; scope=; abstract=false; lazyInit=false; autowireMode=0; dependencyCheck=0; autowireCandidate=true; primary=false; factoryBeanName=null; factoryMethodName=null; initMethodName=null; destroyMethodName=null, order = 400, &lt;org.springframework.security.web.authentication.UsernamePasswordAuthenticationFilter#1&gt;, order = 800, Root bean: class [org.springframework.security.web.savedrequest.RequestCacheAwareFilter]; scope=; abstract=false; lazyInit=false; autowireMode=0; dependencyCheck=0; autowireCandidate=true; primary=false; factoryBeanName=null; factoryMethodName=null; initMethodName=null; destroyMethodName=null, order = 1300, Root bean: class [org.springframework.security.web.servletapi.SecurityContextHolderAwareRequestFilter]; scope=; abstract=false; lazyInit=false; autowireMode=0; dependencyCheck=0; autowireCandidate=true; primary=false; factoryBeanName=null; factoryMethodName=null; initMethodName=null; destroyMethodName=null, order = 1400, Root bean: class [org.springframework.security.web.authentication.AnonymousAuthenticationFilter]; scope=; abstract=false; lazyInit=false; autowireMode=0; dependencyCheck=0; autowireCandidate=true; primary=false; factoryBeanName=null; factoryMethodName=null; initMethodName=null; destroyMethodName=null, order = 1700, Root bean: class [org.springframework.security.web.session.SessionManagementFilter]; scope=; abstract=false; lazyInit=false; autowireMode=0; dependencyCheck=0; autowireCandidate=true; primary=false; factoryBeanName=null; factoryMethodName=null; initMethodName=null; destroyMethodName=null, order = 1800, Root bean: class [org.springframework.security.web.access.ExceptionTranslationFilter]; scope=; abstract=false; lazyInit=false; autowireMode=0; dependencyCheck=0; autowireCandidate=true; primary=false; factoryBeanName=null; factoryMethodName=null; initMethodName=null; destroyMethodName=null, order = 1900, &lt;org.springframework.security.web.access.intercept.FilterSecurityInterceptor#1&gt;, order = 2000]
Nov 11, 2014 5:28:26 PM org.springframework.beans.factory.support.DefaultListableBeanFactory registerBeanDefinition
INFO: Overriding bean definition for bean &apos;in-memory-auth&apos;: replacing [Root bean: class [org.springframework.security.authentication.ProviderManager]; scope=; abstract=false; lazyInit=false; autowireMode=0; dependencyCheck=0; autowireCandidate=true; primary=false; factoryBeanName=null; factoryMethodName=null; initMethodName=null; destroyMethodName=null] with [Root bean: class [org.springframework.security.authentication.ProviderManager]; scope=; abstract=false; lazyInit=false; autowireMode=0; dependencyCheck=0; autowireCandidate=true; primary=false; factoryBeanName=null; factoryMethodName=null; initMethodName=null; destroyMethodName=null]
Nov 11, 2014 5:28:26 PM org.springframework.beans.factory.support.DefaultListableBeanFactory registerBeanDefinition
INFO: Overriding bean definition for bean &apos;dao-auth&apos;: replacing [Root bean: class [org.springframework.security.authentication.ProviderManager]; scope=; abstract=false; lazyInit=false; autowireMode=0; dependencyCheck=0; autowireCandidate=true; primary=false; factoryBeanName=null; factoryMethodName=null; initMethodName=null; destroyMethodName=null] with [Root bean: class [org.springframework.security.authentication.ProviderManager]; scope=; abstract=false; lazyInit=false; autowireMode=0; dependencyCheck=0; autowireCandidate=true; primary=false; factoryBeanName=null; factoryMethodName=null; initMethodName=null; destroyMethodName=null]
Nov 11, 2014 5:28:26 PM org.springframework.beans.factory.support.DefaultListableBeanFactory registerBeanDefinition
INFO: Overriding bean definition for bean &apos;userDetailsService&apos;: replacing [Generic bean: class [com.americanbanksystems.wiki.security.dao.implementation.UserDetailsServiceImpl]; scope=; abstract=false; lazyInit=false; autowireMode=0; dependencyCheck=0; autowireCandidate=true; primary=false; factoryBeanName=null; factoryMethodName=null; initMethodName=null; destroyMethodName=null; defined in class path resource [persistence-beans.xml]] with [Generic bean: class [com.americanbanksystems.wiki.security.dao.implementation.UserDetailsServiceImpl]; scope=; abstract=false; lazyInit=false; autowireMode=0; dependencyCheck=0; autowireCandidate=true; primary=false; factoryBeanName=null; factoryMethodName=null; initMethodName=null; destroyMethodName=null; defined in class path resource [persistence-beans.xml]]
Nov 11, 2014 5:28:26 PM org.springframework.beans.factory.support.DefaultListableBeanFactory registerBeanDefinition
INFO: Overriding bean definition for bean &apos;jdbc-auth&apos;: replacing [Root bean: class [org.springframework.security.authentication.ProviderManager]; scope=; abstract=false; lazyInit=false; autowireMode=0; dependencyCheck=0; autowireCandidate=true; primary=false; factoryBeanName=null; factoryMethodName=null; initMethodName=null; destroyMethodName=null] with [Root bean: class [org.springframework.security.authentication.ProviderManager]; scope=; abstract=false; lazyInit=false; autowireMode=0; dependencyCheck=0; autowireCandidate=true; primary=false; factoryBeanName=null; factoryMethodName=null; initMethodName=null; destroyMethodName=null]
Nov 11, 2014 5:28:26 PM org.springframework.beans.factory.support.DefaultListableBeanFactory registerBeanDefinition
INFO: Overriding bean definition for bean &apos;encoder&apos;: replacing [Generic bean: class [org.springframework.security.crypto.bcrypt.BCryptPasswordEncoder]; scope=; abstract=false; lazyInit=false; autowireMode=0; dependencyCheck=0; autowireCandidate=true; primary=false; factoryBeanName=null; factoryMethodName=null; initMethodName=null; destroyMethodName=null; defined in class path resource [persistence-beans.xml]] with [Generic bean: class [org.springframework.security.crypto.bcrypt.BCryptPasswordEncoder]; scope=; abstract=false; lazyInit=false; autowireMode=0; dependencyCheck=0; autowireCandidate=true; primary=false; factoryBeanName=null; factoryMethodName=null; initMethodName=null; destroyMethodName=null; defined in class path resource [persistence-beans.xml]]
Nov 11, 2014 5:28:26 PM org.springframework.context.support.AbstractApplicationContext prepareRefresh
INFO: Refreshing org.springframework.context.support.GenericApplicationContext@b528b6: startup date [Tue Nov 11 17:28:26 CST 2014]; root of context hierarchy
Nov 11, 2014 5:28:26 PM org.springframework.beans.factory.support.DefaultListableBeanFactory preInstantiateSingletons
INFO: Pre-instantiating singletons in org.springframework.beans.factory.support.DefaultListableBeanFactory@a765ce: defining beans [org.springframework.context.annotation.internalConfigurationAnnotationProcessor,org.springframework.context.annotation.internalAutowiredAnnotationProcessor,org.springframework.context.annotation.internalRequiredAnnotationProcessor,org.springframework.context.annotation.internalCommonAnnotationProcessor,org.springframework.context.annotation.internalPersistenceAnnotationProcessor,articleDao,attachmentDao,productDao,userDao,userRoleDao,org.springframework.aop.config.internalAutoProxyCreator,org.springframework.transaction.annotation.AnnotationTransactionAttributeSource#0,org.springframework.transaction.interceptor.TransactionInterceptor#0,org.springframework.transaction.config.internalTransactionAdvisor,dataSource,sessionFactory,transactionManager,jdbcTemplate,roleVoter,accessDecisionManager,org.springframework.security.filterChains,org.springframework.security.filterChainProxy,org.springframework.security.web.PortMapperImpl#0,org.springframework.security.authentication.ProviderManager#0,org.springframework.security.web.context.HttpSessionSecurityContextRepository#0,org.springframework.security.core.session.SessionRegistryImpl#0,org.springframework.security.web.authentication.session.ConcurrentSessionControlStrategy#0,org.springframework.security.web.savedrequest.HttpSessionRequestCache#0,org.springframework.security.web.access.intercept.FilterSecurityInterceptor#0,org.springframework.security.web.access.DefaultWebInvocationPrivilegeEvaluator#0,org.springframework.security.authentication.AnonymousAuthenticationProvider#0,org.springframework.security.web.authentication.UsernamePasswordAuthenticationFilter#0,org.springframework.security.userDetailsServiceFactory,org.springframework.security.web.DefaultSecurityFilterChain#0,org.springframework.security.provisioning.InMemoryUserDetailsManager#0,org.springframework.security.authentication.dao.DaoAuthenticationProvider#0,org.springframework.security.authentication.DefaultAuthenticationEventPublisher#0,in-memory-auth,org.springframework.security.authentication.dao.DaoAuthenticationProvider#1,org.springframework.security.authentication.DefaultAuthenticationEventPublisher#1,dao-auth,userDetailsService,org.springframework.security.provisioning.JdbcUserDetailsManager#0,org.springframework.security.authentication.dao.DaoAuthenticationProvider#2,org.springframework.security.authentication.DefaultAuthenticationEventPublisher#2,jdbc-auth,encoder,org.springframework.security.web.PortMapperImpl#1,org.springframework.security.authentication.ProviderManager#1,org.springframework.security.web.context.HttpSessionSecurityContextRepository#1,org.springframework.security.core.session.SessionRegistryImpl#1,org.springframework.security.web.authentication.session.ConcurrentSessionControlStrategy#1,org.springframework.security.web.savedrequest.HttpSessionRequestCache#1,org.springframework.security.web.access.intercept.FilterSecurityInterceptor#1,org.springframework.security.web.access.DefaultWebInvocationPrivilegeEvaluator#1,org.springframework.security.authentication.AnonymousAuthenticationProvider#1,org.springframework.security.web.authentication.UsernamePasswordAuthenticationFilter#1,org.springframework.security.web.DefaultSecurityFilterChain#1,org.springframework.security.provisioning.InMemoryUserDetailsManager#1,org.springframework.security.authentication.dao.DaoAuthenticationProvider#3,org.springframework.security.authentication.DefaultAuthenticationEventPublisher#3,org.springframework.security.authentication.dao.DaoAuthenticationProvider#4,org.springframework.security.authentication.DefaultAuthenticationEventPublisher#4,org.springframework.security.provisioning.JdbcUserDetailsManager#1,org.springframework.security.authentication.dao.DaoAuthenticationProvider#5,org.springframework.security.authentication.DefaultAuthenticationEventPublisher#5,org.springframework.context.annotation.ConfigurationClassPostProcessor$ImportAwareBeanPostProcessor#0]; root of factory hierarchy
Nov 11, 2014 5:28:26 PM org.springframework.jdbc.datasource.DriverManagerDataSource setDriverClassName
INFO: Loaded JDBC driver: com.mysql.jdbc.jdbc2.optional.MysqlDataSource
Nov 11, 2014 5:28:26 PM org.springframework.orm.hibernate3.LocalSessionFactoryBean buildSessionFactory
INFO: Building new Hibernate SessionFactory
Nov 11, 2014 5:28:26 PM org.springframework.orm.hibernate3.HibernateTransactionManager afterPropertiesSet
INFO: Using DataSource [org.springframework.jdbc.datasource.DriverManagerDataSource@1edd891] of Hibernate SessionFactory for HibernateTransactionManager
Nov 11, 2014 5:28:26 PM org.springframework.security.provisioning.JdbcUserDetailsManager initDao
INFO: No authentication manager set. Reauthentication of users when changing passwords will not be performed.
Nov 11, 2014 5:28:26 PM org.springframework.security.web.DefaultSecurityFilterChain &lt;init&gt;
INFO: Creating filter chain: org.springframework.security.web.util.AnyRequestMatcher@1, [org.springframework.security.web.session.ConcurrentSessionFilter@113d477, org.springframework.security.web.context.SecurityContextPersistenceFilter@2c3947, org.springframework.security.web.authentication.logout.LogoutFilter@62062a, org.springframework.security.web.authentication.UsernamePasswordAuthenticationFilter@c08115, org.springframework.security.web.savedrequest.RequestCacheAwareFilter@1dd42d6, org.springframework.security.web.servletapi.SecurityContextHolderAwareRequestFilter@76afeb, org.springframework.security.web.authentication.AnonymousAuthenticationFilter@7fa959, org.springframework.security.web.session.SessionManagementFilter@4d40ea, org.springframework.security.web.access.ExceptionTranslationFilter@13f6e07, org.springframework.security.web.access.intercept.FilterSecurityInterceptor@9d90fc]
Nov 11, 2014 5:28:26 PM org.springframework.security.web.DefaultSecurityFilterChain &lt;init&gt;
INFO: Creating filter chain: org.springframework.security.web.util.AnyRequestMatcher@1, [org.springframework.security.web.session.ConcurrentSessionFilter@10f28b5, org.springframework.security.web.context.SecurityContextPersistenceFilter@1f79ce, org.springframework.security.web.authentication.logout.LogoutFilter@a7e176, org.springframework.security.web.authentication.UsernamePasswordAuthenticationFilter@abed9d, org.springframework.security.web.savedrequest.RequestCacheAwareFilter@1b2dfd, org.springframework.security.web.servletapi.SecurityContextHolderAwareRequestFilter@12be039, org.springframework.security.web.authentication.AnonymousAuthenticationFilter@d2143b, org.springframework.security.web.session.SessionManagementFilter@118d539, org.springframework.security.web.access.ExceptionTranslationFilter@1d6622, org.springframework.security.web.access.intercept.FilterSecurityInterceptor@216830]
Nov 11, 2014 5:28:26 PM org.springframework.security.config.http.DefaultFilterChainValidator checkLoginPageIsntProtected
INFO: Checking whether login URL &apos;/loginFull&apos; is accessible with your configuration
Nov 11, 2014 5:28:26 PM org.springframework.security.config.http.DefaultFilterChainValidator checkLoginPageIsntProtected
INFO: Checking whether login URL &apos;/loginFull&apos; is accessible with your configuration
Nov 11, 2014 5:28:26 PM org.springframework.beans.factory.support.DefaultSingletonBeanRegistry destroySingletons
INFO: Destroying singletons in org.springframework.beans.factory.support.DefaultListableBeanFactory@a765ce: defining beans [org.springframework.context.annotation.internalConfigurationAnnotationProcessor,org.springframework.context.annotation.internalAutowiredAnnotationProcessor,org.springframework.context.annotation.internalRequiredAnnotationProcessor,org.springframework.context.annotation.internalCommonAnnotationProcessor,org.springframework.context.annotation.internalPersistenceAnnotationProcessor,articleDao,attachmentDao,productDao,userDao,userRoleDao,org.springframework.aop.config.internalAutoProxyCreator,org.springframework.transaction.annotation.AnnotationTransactionAttributeSource#0,org.springframework.transaction.interceptor.TransactionInterceptor#0,org.springframework.transaction.config.internalTransactionAdvisor,dataSource,sessionFactory,transactionManager,jdbcTemplate,roleVoter,accessDecisionManager,org.springframework.security.filterChains,org.springframework.security.filterChainProxy,org.springframework.security.web.PortMapperImpl#0,org.springframework.security.authentication.ProviderManager#0,org.springframework.security.web.context.HttpSessionSecurityContextRepository#0,org.springframework.security.core.session.SessionRegistryImpl#0,org.springframework.security.web.authentication.session.ConcurrentSessionControlStrategy#0,org.springframework.security.web.savedrequest.HttpSessionRequestCache#0,org.springframework.security.web.access.intercept.FilterSecurityInterceptor#0,org.springframework.security.web.access.DefaultWebInvocationPrivilegeEvaluator#0,org.springframework.security.authentication.AnonymousAuthenticationProvider#0,org.springframework.security.web.authentication.UsernamePasswordAuthenticationFilter#0,org.springframework.security.userDetailsServiceFactory,org.springframework.security.web.DefaultSecurityFilterChain#0,org.springframework.security.provisioning.InMemoryUserDetailsManager#0,org.springframework.security.authentication.dao.DaoAuthenticationProvider#0,org.springframework.security.authentication.DefaultAuthenticationEventPublisher#0,in-memory-auth,org.springframework.security.authentication.dao.DaoAuthenticationProvider#1,org.springframework.security.authentication.DefaultAuthenticationEventPublisher#1,dao-auth,userDetailsService,org.springframework.security.provisioning.JdbcUserDetailsManager#0,org.springframework.security.authentication.dao.DaoAuthenticationProvider#2,org.springframework.security.authentication.DefaultAuthenticationEventPublisher#2,jdbc-auth,encoder,org.springframework.security.web.PortMapperImpl#1,org.springframework.security.authentication.ProviderManager#1,org.springframework.security.web.context.HttpSessionSecurityContextRepository#1,org.springframework.security.core.session.SessionRegistryImpl#1,org.springframework.security.web.authentication.session.ConcurrentSessionControlStrategy#1,org.springframework.security.web.savedrequest.HttpSessionRequestCache#1,org.springframework.security.web.access.intercept.FilterSecurityInterceptor#1,org.springframework.security.web.access.DefaultWebInvocationPrivilegeEvaluator#1,org.springframework.security.authentication.AnonymousAuthenticationProvider#1,org.springframework.security.web.authentication.UsernamePasswordAuthenticationFilter#1,org.springframework.security.web.DefaultSecurityFilterChain#1,org.springframework.security.provisioning.InMemoryUserDetailsManager#1,org.springframework.security.authentication.dao.DaoAuthenticationProvider#3,org.springframework.security.authentication.DefaultAuthenticationEventPublisher#3,org.springframework.security.authentication.dao.DaoAuthenticationProvider#4,org.springframework.security.authentication.DefaultAuthenticationEventPublisher#4,org.springframework.security.provisioning.JdbcUserDetailsManager#1,org.springframework.security.authentication.dao.DaoAuthenticationProvider#5,org.springframework.security.authentication.DefaultAuthenticationEventPublisher#5,org.springframework.context.annotation.ConfigurationClassPostProcessor$ImportAwareBeanPostProcessor#0]; root of factory hierarchy
Nov 11, 2014 5:28:26 PM org.springframework.orm.hibernate3.AbstractSessionFactoryBean destroy
INFO: Closing Hibernate SessionFactory
Nov 11, 2014 5:28:26 PM org.springframework.test.context.TestContextManager prepareTestInstance
SEVERE: Caught exception while allowing TestExecutionListener [org.springframework.test.context.support.DependencyInjectionTestExecutionListener@173bd6b] to prepare test instance [com.americanbanksystems.wiki.dao.UserRoleDaoTestCase@b901c]
java.lang.IllegalStateException: Failed to load ApplicationContext
	at org.springframework.test.context.TestContext.getApplicationContext(TestContext.java:157)
	at org.springframework.test.context.support.DependencyInjectionTestExecutionListener.injectDependencies(DependencyInjectionTestExecutionListener.java:109)
	at org.springframework.test.context.support.DependencyInjectionTestExecutionListener.prepareTestInstance(DependencyInjectionTestExecutionListener.java:75)
	at org.springframework.test.context.TestContextManager.prepareTestInstance(TestContextManager.java:321)
	at org.springframework.test.context.junit4.SpringJUnit4ClassRunner.createTest(SpringJUnit4ClassRunner.java:211)
	at org.springframework.test.context.junit4.SpringJUnit4ClassRunner$1.runReflectiveCall(SpringJUnit4ClassRunner.java:288)
	at org.junit.internal.runners.model.ReflectiveCallable.run(ReflectiveCallable.java:15)
	at org.springframework.test.context.junit4.SpringJUnit4ClassRunner.methodBlock(SpringJUnit4ClassRunner.java:290)
	at org.springframework.test.context.junit4.SpringJUnit4ClassRunner.runChild(SpringJUnit4ClassRunner.java:231)
	at org.junit.runners.BlockJUnit4ClassRunner.runChild(BlockJUnit4ClassRunner.java:47)
	at org.junit.runners.ParentRunner$3.run(ParentRunner.java:231)
	at org.junit.runners.ParentRunner$1.schedule(ParentRunner.java:60)
	at org.junit.runners.ParentRunner.runChildren(ParentRunner.java:229)
	at org.junit.runners.ParentRunner.access$000(ParentRunner.java:50)
	at org.junit.runners.ParentRunner$2.evaluate(ParentRunner.java:222)
	at org.springframework.test.context.junit4.statements.RunBeforeTestClassCallbacks.evaluate(RunBeforeTestClassCallbacks.java:61)
	at org.springframework.test.context.junit4.statements.RunAfterTestClassCallbacks.evaluate(RunAfterTestClassCallbacks.java:71)
	at org.junit.runners.ParentRunner.run(ParentRunner.java:300)
	at org.springframework.test.context.junit4.SpringJUnit4ClassRunner.run(SpringJUnit4ClassRunner.java:174)
	at org.apache.maven.surefire.junit4.JUnit4Provider.execute(JUnit4Provider.java:252)
	at org.apache.maven.surefire.junit4.JUnit4Provider.executeTestSet(JUnit4Provider.java:141)
	at org.apache.maven.surefire.junit4.JUnit4Provider.invoke(JUnit4Provider.java:112)
	at sun.reflect.NativeMethodAccessorImpl.invoke0(Native Method)
	at sun.reflect.NativeMethodAccessorImpl.invoke(NativeMethodAccessorImpl.java:62)
	at sun.reflect.DelegatingMethodAccessorImpl.invoke(DelegatingMethodAccessorImpl.java:43)
	at java.lang.reflect.Method.invoke(Method.java:483)
	at org.apache.maven.surefire.util.ReflectionUtils.invokeMethodWithArray(ReflectionUtils.java:189)
	at org.apache.maven.surefire.booter.ProviderFactory$ProviderProxy.invoke(ProviderFactory.java:165)
	at org.apache.maven.surefire.booter.ProviderFactory.invokeProvider(ProviderFactory.java:85)
	at org.apache.maven.surefire.booter.ForkedBooter.runSuitesInProcess(ForkedBooter.java:115)
	at org.apache.maven.surefire.booter.ForkedBooter.main(ForkedBooter.java:75)
Caused by: org.springframework.beans.factory.BeanCreationException: Error creating bean with name &apos;org.springframework.security.filterChainProxy&apos;: Invocation of init method failed; nested exception is java.lang.IllegalArgumentException: A universal match pattern (&apos;/**&apos;) is defined  before other patterns in the filter chain, causing them to be ignored. Please check the ordering in your &lt;security:http&gt; namespace or FilterChainProxy bean configuration
	at org.springframework.beans.factory.support.AbstractAutowireCapableBeanFactory.initializeBean(AbstractAutowireCapableBeanFactory.java:1455)
	at org.springframework.beans.factory.support.AbstractAutowireCapableBeanFactory.doCreateBean(AbstractAutowireCapableBeanFactory.java:519)
	at org.springframework.beans.factory.support.AbstractAutowireCapableBeanFactory.createBean(AbstractAutowireCapableBeanFactory.java:456)
	at org.springframework.beans.factory.support.AbstractBeanFactory$1.getObject(AbstractBeanFactory.java:294)
	at org.springframework.beans.factory.support.DefaultSingletonBeanRegistry.getSingleton(DefaultSingletonBeanRegistry.java:225)
	at org.springframework.beans.factory.support.AbstractBeanFactory.doGetBean(AbstractBeanFactory.java:291)
	at org.springframework.beans.factory.support.AbstractBeanFactory.getBean(AbstractBeanFactory.java:193)
	at org.springframework.beans.factory.support.DefaultListableBeanFactory.preInstantiateSingletons(DefaultListableBeanFactory.java:585)
	at org.springframework.context.support.AbstractApplicationContext.finishBeanFactoryInitialization(AbstractApplicationContext.java:913)
	at org.springframework.context.support.AbstractApplicationContext.refresh(AbstractApplicationContext.java:464)
	at org.springframework.test.context.support.AbstractGenericContextLoader.loadContext(AbstractGenericContextLoader.java:103)
	at org.springframework.test.context.support.AbstractGenericContextLoader.loadContext(AbstractGenericContextLoader.java:1)
	at org.springframework.test.context.support.DelegatingSmartContextLoader.loadContext(DelegatingSmartContextLoader.java:228)
	at org.springframework.test.context.TestContext.loadApplicationContext(TestContext.java:124)
	at org.springframework.test.context.TestContext.getApplicationContext(TestContext.java:148)
	... 30 more
Caused by: java.lang.IllegalArgumentException: A universal match pattern (&apos;/**&apos;) is defined  before other patterns in the filter chain, causing them to be ignored. Please check the ordering in your &lt;security:http&gt; namespace or FilterChainProxy bean configuration
	at org.springframework.security.config.http.DefaultFilterChainValidator.checkPathOrder(DefaultFilterChainValidator.java:49)
	at org.springframework.security.config.http.DefaultFilterChainValidator.validate(DefaultFilterChainValidator.java:39)
	at org.springframework.security.web.FilterChainProxy.afterPropertiesSet(FilterChainProxy.java:148)
	at org.springframework.beans.factory.support.AbstractAutowireCapableBeanFactory.invokeInitMethods(AbstractAutowireCapableBeanFactory.java:1514)
	at org.springframework.beans.factory.support.AbstractAutowireCapableBeanFactory.initializeBean(AbstractAutowireCapableBeanFactory.java:1452)
	... 44 more

</system-err>
  </testcase>
</testsuite>